{
	"start":	{
		"connected":	[{
				"socket":	6,
				"local_host":	"192.168.94.26",
				"local_port":	48918,
				"remote_host":	"192.168.94.100",
				"remote_port":	5201
			}],
		"version":	"iperf 3.7",
		"system_info":	"Linux lab4-nz26 5.11.0-25-generic #27~20.04.1-Ubuntu SMP Tue Jul 13 17:41:23 UTC 2021 x86_64",
		"timestamp":	{
			"time":	"Fri, 08 Oct 2021 21:03:23 GMT",
			"timesecs":	1633727003
		},
		"connecting_to":	{
			"host":	"192.168.94.100",
			"port":	5201
		},
		"cookie":	"t7yxbk6yvp6wiq6ia3dqpu7fgivgmffxvdl7",
		"tcp_mss_default":	1460,
		"sock_bufsize":	0,
		"sndbuf_actual":	16384,
		"rcvbuf_actual":	131072,
		"test_start":	{
			"protocol":	"TCP",
			"num_streams":	1,
			"blksize":	131072,
			"omit":	0,
			"duration":	40,
			"bytes":	0,
			"blocks":	0,
			"reverse":	0,
			"tos":	0
		}
	},
	"intervals":	[{
			"streams":	[{
					"socket":	6,
					"start":	0,
					"end":	1.000139,
					"seconds":	1.0001389980316162,
					"bytes":	118752020,
					"bits_per_second":	949884127.97594786,
					"retransmits":	0,
					"snd_cwnd":	223380,
					"rtt":	1658,
					"rttvar":	131,
					"pmtu":	1500,
					"omitted":	false,
					"sender":	true
				}],
			"sum":	{
				"start":	0,
				"end":	1.000139,
				"seconds":	1.0001389980316162,
				"bytes":	118752020,
				"bits_per_second":	949884127.97594786,
				"retransmits":	0,
				"omitted":	false,
				"sender":	true
			}
		}, {
			"streams":	[{
					"socket":	6,
					"start":	1.000139,
					"end":	2.000093,
					"seconds":	0.9999539852142334,
					"bytes":	118008880,
					"bits_per_second":	944114483.22568476,
					"retransmits":	0,
					"snd_cwnd":	223380,
					"rtt":	1653,
					"rttvar":	159,
					"pmtu":	1500,
					"omitted":	false,
					"sender":	true
				}],
			"sum":	{
				"start":	1.000139,
				"end":	2.000093,
				"seconds":	0.9999539852142334,
				"bytes":	118008880,
				"bits_per_second":	944114483.22568476,
				"retransmits":	0,
				"omitted":	false,
				"sender":	true
			}
		}, {
			"streams":	[{
					"socket":	6,
					"start":	2.000093,
					"end":	3.000126,
					"seconds":	1.0000330209732056,
					"bytes":	117687680,
					"bits_per_second":	941470351.73274159,
					"retransmits":	0,
					"snd_cwnd":	223380,
					"rtt":	1620,
					"rttvar":	177,
					"pmtu":	1500,
					"omitted":	false,
					"sender":	true
				}],
			"sum":	{
				"start":	2.000093,
				"end":	3.000126,
				"seconds":	1.0000330209732056,
				"bytes":	117687680,
				"bits_per_second":	941470351.73274159,
				"retransmits":	0,
				"omitted":	false,
				"sender":	true
			}
		}, {
			"streams":	[{
					"socket":	6,
					"start":	3.000126,
					"end":	4.000133,
					"seconds":	1.0000070333480835,
					"bytes":	117816160,
					"bits_per_second":	942522650.91011953,
					"retransmits":	0,
					"snd_cwnd":	223380,
					"rtt":	1543,
					"rttvar":	158,
					"pmtu":	1500,
					"omitted":	false,
					"sender":	true
				}],
			"sum":	{
				"start":	3.000126,
				"end":	4.000133,
				"seconds":	1.0000070333480835,
				"bytes":	117816160,
				"bits_per_second":	942522650.91011953,
				"retransmits":	0,
				"omitted":	false,
				"sender":	true
			}
		}, {
			"streams":	[{
					"socket":	6,
					"start":	4.000133,
					"end":	5.000071,
					"seconds":	0.99993801116943359,
					"bytes":	117751920,
					"bits_per_second":	942073758.05056882,
					"retransmits":	0,
					"snd_cwnd":	223380,
					"rtt":	1723,
					"rttvar":	175,
					"pmtu":	1500,
					"omitted":	false,
					"sender":	true
				}],
			"sum":	{
				"start":	4.000133,
				"end":	5.000071,
				"seconds":	0.99993801116943359,
				"bytes":	117751920,
				"bits_per_second":	942073758.05056882,
				"retransmits":	0,
				"omitted":	false,
				"sender":	true
			}
		}, {
			"streams":	[{
					"socket":	6,
					"start":	5.000071,
					"end":	6.000142,
					"seconds":	1.0000710487365723,
					"bytes":	117430720,
					"bits_per_second":	939379018.30758679,
					"retransmits":	0,
					"snd_cwnd":	223380,
					"rtt":	1607,
					"rttvar":	150,
					"pmtu":	1500,
					"omitted":	false,
					"sender":	true
				}],
			"sum":	{
				"start":	5.000071,
				"end":	6.000142,
				"seconds":	1.0000710487365723,
				"bytes":	117430720,
				"bits_per_second":	939379018.30758679,
				"retransmits":	0,
				"omitted":	false,
				"sender":	true
			}
		}, {
			"streams":	[{
					"socket":	6,
					"start":	6.000142,
					"end":	7.000132,
					"seconds":	0.99998998641967773,
					"bytes":	118137360,
					"bits_per_second":	945108343.918315,
					"retransmits":	0,
					"snd_cwnd":	223380,
					"rtt":	1657,
					"rttvar":	196,
					"pmtu":	1500,
					"omitted":	false,
					"sender":	true
				}],
			"sum":	{
				"start":	6.000142,
				"end":	7.000132,
				"seconds":	0.99998998641967773,
				"bytes":	118137360,
				"bits_per_second":	945108343.918315,
				"retransmits":	0,
				"omitted":	false,
				"sender":	true
			}
		}, {
			"streams":	[{
					"socket":	6,
					"start":	7.000132,
					"end":	8.000135,
					"seconds":	1.0000029802322388,
					"bytes":	117687680,
					"bits_per_second":	941498634.11541784,
					"retransmits":	0,
					"snd_cwnd":	223380,
					"rtt":	1702,
					"rttvar":	217,
					"pmtu":	1500,
					"omitted":	false,
					"sender":	true
				}],
			"sum":	{
				"start":	7.000132,
				"end":	8.000135,
				"seconds":	1.0000029802322388,
				"bytes":	117687680,
				"bits_per_second":	941498634.11541784,
				"retransmits":	0,
				"omitted":	false,
				"sender":	true
			}
		}, {
			"streams":	[{
					"socket":	6,
					"start":	8.000135,
					"end":	9.000127,
					"seconds":	0.9999920129776001,
					"bytes":	117687680,
					"bits_per_second":	941508959.853152,
					"retransmits":	0,
					"snd_cwnd":	223380,
					"rtt":	1639,
					"rttvar":	235,
					"pmtu":	1500,
					"omitted":	false,
					"sender":	true
				}],
			"sum":	{
				"start":	8.000135,
				"end":	9.000127,
				"seconds":	0.9999920129776001,
				"bytes":	117687680,
				"bits_per_second":	941508959.853152,
				"retransmits":	0,
				"omitted":	false,
				"sender":	true
			}
		}, {
			"streams":	[{
					"socket":	6,
					"start":	9.000127,
					"end":	10.00014,
					"seconds":	1.000012993812561,
					"bytes":	117880400,
					"bits_per_second":	943030946.43264282,
					"retransmits":	0,
					"snd_cwnd":	223380,
					"rtt":	1600,
					"rttvar":	225,
					"pmtu":	1500,
					"omitted":	false,
					"sender":	true
				}],
			"sum":	{
				"start":	9.000127,
				"end":	10.00014,
				"seconds":	1.000012993812561,
				"bytes":	117880400,
				"bits_per_second":	943030946.43264282,
				"retransmits":	0,
				"omitted":	false,
				"sender":	true
			}
		}, {
			"streams":	[{
					"socket":	6,
					"start":	10.00014,
					"end":	11.000134,
					"seconds":	0.99999397993087769,
					"bytes":	117751920,
					"bits_per_second":	942021031.03172147,
					"retransmits":	0,
					"snd_cwnd":	223380,
					"rtt":	1684,
					"rttvar":	236,
					"pmtu":	1500,
					"omitted":	false,
					"sender":	true
				}],
			"sum":	{
				"start":	10.00014,
				"end":	11.000134,
				"seconds":	0.99999397993087769,
				"bytes":	117751920,
				"bits_per_second":	942021031.03172147,
				"retransmits":	0,
				"omitted":	false,
				"sender":	true
			}
		}, {
			"streams":	[{
					"socket":	6,
					"start":	11.000134,
					"end":	12.00014,
					"seconds":	1.0000059604644775,
					"bytes":	117430720,
					"bits_per_second":	939440160.50029457,
					"retransmits":	0,
					"snd_cwnd":	223380,
					"rtt":	1731,
					"rttvar":	208,
					"pmtu":	1500,
					"omitted":	false,
					"sender":	true
				}],
			"sum":	{
				"start":	11.000134,
				"end":	12.00014,
				"seconds":	1.0000059604644775,
				"bytes":	117430720,
				"bits_per_second":	939440160.50029457,
				"retransmits":	0,
				"omitted":	false,
				"sender":	true
			}
		}, {
			"streams":	[{
					"socket":	6,
					"start":	12.00014,
					"end":	13.000134,
					"seconds":	0.99999397993087769,
					"bytes":	118137360,
					"bits_per_second":	945104569.59483683,
					"retransmits":	0,
					"snd_cwnd":	223380,
					"rtt":	1657,
					"rttvar":	197,
					"pmtu":	1500,
					"omitted":	false,
					"sender":	true
				}],
			"sum":	{
				"start":	12.00014,
				"end":	13.000134,
				"seconds":	0.99999397993087769,
				"bytes":	118137360,
				"bits_per_second":	945104569.59483683,
				"retransmits":	0,
				"omitted":	false,
				"sender":	true
			}
		}, {
			"streams":	[{
					"socket":	6,
					"start":	13.000134,
					"end":	14.000132,
					"seconds":	0.99999797344207764,
					"bytes":	117559200,
					"bits_per_second":	940475505.92808735,
					"retransmits":	0,
					"snd_cwnd":	223380,
					"rtt":	1522,
					"rttvar":	117,
					"pmtu":	1500,
					"omitted":	false,
					"sender":	true
				}],
			"sum":	{
				"start":	13.000134,
				"end":	14.000132,
				"seconds":	0.99999797344207764,
				"bytes":	117559200,
				"bits_per_second":	940475505.92808735,
				"retransmits":	0,
				"omitted":	false,
				"sender":	true
			}
		}, {
			"streams":	[{
					"socket":	6,
					"start":	14.000132,
					"end":	15.000133,
					"seconds":	1.0000009536743164,
					"bytes":	117687680,
					"bits_per_second":	941500542.11511409,
					"retransmits":	0,
					"snd_cwnd":	223380,
					"rtt":	1670,
					"rttvar":	186,
					"pmtu":	1500,
					"omitted":	false,
					"sender":	true
				}],
			"sum":	{
				"start":	14.000132,
				"end":	15.000133,
				"seconds":	1.0000009536743164,
				"bytes":	117687680,
				"bits_per_second":	941500542.11511409,
				"retransmits":	0,
				"omitted":	false,
				"sender":	true
			}
		}, {
			"streams":	[{
					"socket":	6,
					"start":	15.000133,
					"end":	16.000136,
					"seconds":	1.0000029802322388,
					"bytes":	117944640,
					"bits_per_second":	943554307.98903227,
					"retransmits":	0,
					"snd_cwnd":	223380,
					"rtt":	1575,
					"rttvar":	192,
					"pmtu":	1500,
					"omitted":	false,
					"sender":	true
				}],
			"sum":	{
				"start":	15.000133,
				"end":	16.000136,
				"seconds":	1.0000029802322388,
				"bytes":	117944640,
				"bits_per_second":	943554307.98903227,
				"retransmits":	0,
				"omitted":	false,
				"sender":	true
			}
		}, {
			"streams":	[{
					"socket":	6,
					"start":	16.000136,
					"end":	17.00013,
					"seconds":	0.99999397993087769,
					"bytes":	117623440,
					"bits_per_second":	940993184.84401643,
					"retransmits":	0,
					"snd_cwnd":	223380,
					"rtt":	1593,
					"rttvar":	198,
					"pmtu":	1500,
					"omitted":	false,
					"sender":	true
				}],
			"sum":	{
				"start":	16.000136,
				"end":	17.00013,
				"seconds":	0.99999397993087769,
				"bytes":	117623440,
				"bits_per_second":	940993184.84401643,
				"retransmits":	0,
				"omitted":	false,
				"sender":	true
			}
		}, {
			"streams":	[{
					"socket":	6,
					"start":	17.00013,
					"end":	18.000136,
					"seconds":	1.0000059604644775,
					"bytes":	117751920,
					"bits_per_second":	942009745.18437636,
					"retransmits":	0,
					"snd_cwnd":	223380,
					"rtt":	1525,
					"rttvar":	99,
					"pmtu":	1500,
					"omitted":	false,
					"sender":	true
				}],
			"sum":	{
				"start":	17.00013,
				"end":	18.000136,
				"seconds":	1.0000059604644775,
				"bytes":	117751920,
				"bits_per_second":	942009745.18437636,
				"retransmits":	0,
				"omitted":	false,
				"sender":	true
			}
		}, {
			"streams":	[{
					"socket":	6,
					"start":	18.000136,
					"end":	19.000132,
					"seconds":	0.9999960064888,
					"bytes":	118073120,
					"bits_per_second":	944588732.22568154,
					"retransmits":	0,
					"snd_cwnd":	223380,
					"rtt":	1669,
					"rttvar":	209,
					"pmtu":	1500,
					"omitted":	false,
					"sender":	true
				}],
			"sum":	{
				"start":	18.000136,
				"end":	19.000132,
				"seconds":	0.9999960064888,
				"bytes":	118073120,
				"bits_per_second":	944588732.22568154,
				"retransmits":	0,
				"omitted":	false,
				"sender":	true
			}
		}, {
			"streams":	[{
					"socket":	6,
					"start":	19.000132,
					"end":	20.000133,
					"seconds":	1.0000009536743164,
					"bytes":	117751920,
					"bits_per_second":	942014461.62500226,
					"retransmits":	0,
					"snd_cwnd":	223380,
					"rtt":	1651,
					"rttvar":	178,
					"pmtu":	1500,
					"omitted":	false,
					"sender":	true
				}],
			"sum":	{
				"start":	19.000132,
				"end":	20.000133,
				"seconds":	1.0000009536743164,
				"bytes":	117751920,
				"bits_per_second":	942014461.62500226,
				"retransmits":	0,
				"omitted":	false,
				"sender":	true
			}
		}, {
			"streams":	[{
					"socket":	6,
					"start":	20.000133,
					"end":	21.00013,
					"seconds":	0.99999701976776123,
					"bytes":	117559200,
					"bits_per_second":	940476402.83809555,
					"retransmits":	0,
					"snd_cwnd":	223380,
					"rtt":	1618,
					"rttvar":	159,
					"pmtu":	1500,
					"omitted":	false,
					"sender":	true
				}],
			"sum":	{
				"start":	20.000133,
				"end":	21.00013,
				"seconds":	0.99999701976776123,
				"bytes":	117559200,
				"bits_per_second":	940476402.83809555,
				"retransmits":	0,
				"omitted":	false,
				"sender":	true
			}
		}, {
			"streams":	[{
					"socket":	6,
					"start":	21.00013,
					"end":	22.000005,
					"seconds":	0.999875009059906,
					"bytes":	118073120,
					"bits_per_second":	944703039.32099438,
					"retransmits":	0,
					"snd_cwnd":	223380,
					"rtt":	1712,
					"rttvar":	269,
					"pmtu":	1500,
					"omitted":	false,
					"sender":	true
				}],
			"sum":	{
				"start":	21.00013,
				"end":	22.000005,
				"seconds":	0.999875009059906,
				"bytes":	118073120,
				"bits_per_second":	944703039.32099438,
				"retransmits":	0,
				"omitted":	false,
				"sender":	true
			}
		}, {
			"streams":	[{
					"socket":	6,
					"start":	22.000005,
					"end":	23.000133,
					"seconds":	1.0001280307769775,
					"bytes":	117302240,
					"bits_per_second":	938297789.00503743,
					"retransmits":	0,
					"snd_cwnd":	223380,
					"rtt":	1713,
					"rttvar":	249,
					"pmtu":	1500,
					"omitted":	false,
					"sender":	true
				}],
			"sum":	{
				"start":	22.000005,
				"end":	23.000133,
				"seconds":	1.0001280307769775,
				"bytes":	117302240,
				"bits_per_second":	938297789.00503743,
				"retransmits":	0,
				"omitted":	false,
				"sender":	true
			}
		}, {
			"streams":	[{
					"socket":	6,
					"start":	23.000133,
					"end":	24.000142,
					"seconds":	1.0000089406967163,
					"bytes":	118008880,
					"bits_per_second":	944062599.42261732,
					"retransmits":	0,
					"snd_cwnd":	223380,
					"rtt":	1630,
					"rttvar":	165,
					"pmtu":	1500,
					"omitted":	false,
					"sender":	true
				}],
			"sum":	{
				"start":	23.000133,
				"end":	24.000142,
				"seconds":	1.0000089406967163,
				"bytes":	118008880,
				"bits_per_second":	944062599.42261732,
				"retransmits":	0,
				"omitted":	false,
				"sender":	true
			}
		}, {
			"streams":	[{
					"socket":	6,
					"start":	24.000142,
					"end":	25.000071,
					"seconds":	0.99992901086807251,
					"bytes":	118008880,
					"bits_per_second":	944138063.54155052,
					"retransmits":	0,
					"snd_cwnd":	223380,
					"rtt":	1578,
					"rttvar":	152,
					"pmtu":	1500,
					"omitted":	false,
					"sender":	true
				}],
			"sum":	{
				"start":	24.000142,
				"end":	25.000071,
				"seconds":	0.99992901086807251,
				"bytes":	118008880,
				"bits_per_second":	944138063.54155052,
				"retransmits":	0,
				"omitted":	false,
				"sender":	true
			}
		}, {
			"streams":	[{
					"socket":	6,
					"start":	25.000071,
					"end":	26.000136,
					"seconds":	1.0000649690628052,
					"bytes":	117430720,
					"bits_per_second":	939384729.0545398,
					"retransmits":	0,
					"snd_cwnd":	223380,
					"rtt":	1568,
					"rttvar":	127,
					"pmtu":	1500,
					"omitted":	false,
					"sender":	true
				}],
			"sum":	{
				"start":	25.000071,
				"end":	26.000136,
				"seconds":	1.0000649690628052,
				"bytes":	117430720,
				"bits_per_second":	939384729.0545398,
				"retransmits":	0,
				"omitted":	false,
				"sender":	true
			}
		}, {
			"streams":	[{
					"socket":	6,
					"start":	26.000136,
					"end":	27.000277,
					"seconds":	1.0001410245895386,
					"bytes":	118073120,
					"bits_per_second":	944451769.076927,
					"retransmits":	0,
					"snd_cwnd":	223380,
					"rtt":	1761,
					"rttvar":	218,
					"pmtu":	1500,
					"omitted":	false,
					"sender":	true
				}],
			"sum":	{
				"start":	26.000136,
				"end":	27.000277,
				"seconds":	1.0001410245895386,
				"bytes":	118073120,
				"bits_per_second":	944451769.076927,
				"retransmits":	0,
				"omitted":	false,
				"sender":	true
			}
		}, {
			"streams":	[{
					"socket":	6,
					"start":	27.000277,
					"end":	28.000126,
					"seconds":	0.99984902143478394,
					"bytes":	117623440,
					"bits_per_second":	941129610.39826024,
					"retransmits":	0,
					"snd_cwnd":	223380,
					"rtt":	1705,
					"rttvar":	124,
					"pmtu":	1500,
					"omitted":	false,
					"sender":	true
				}],
			"sum":	{
				"start":	27.000277,
				"end":	28.000126,
				"seconds":	0.99984902143478394,
				"bytes":	117623440,
				"bits_per_second":	941129610.39826024,
				"retransmits":	0,
				"omitted":	false,
				"sender":	true
			}
		}, {
			"streams":	[{
					"socket":	6,
					"start":	28.000126,
					"end":	29.000292,
					"seconds":	1.0001660585403442,
					"bytes":	117944640,
					"bits_per_second":	943400460.29660308,
					"retransmits":	0,
					"snd_cwnd":	223380,
					"rtt":	1692,
					"rttvar":	142,
					"pmtu":	1500,
					"omitted":	false,
					"sender":	true
				}],
			"sum":	{
				"start":	28.000126,
				"end":	29.000292,
				"seconds":	1.0001660585403442,
				"bytes":	117944640,
				"bits_per_second":	943400460.29660308,
				"retransmits":	0,
				"omitted":	false,
				"sender":	true
			}
		}, {
			"streams":	[{
					"socket":	6,
					"start":	29.000292,
					"end":	30.000128,
					"seconds":	0.9998360276222229,
					"bytes":	117559200,
					"bits_per_second":	940627836.98303342,
					"retransmits":	0,
					"snd_cwnd":	223380,
					"rtt":	1749,
					"rttvar":	238,
					"pmtu":	1500,
					"omitted":	false,
					"sender":	true
				}],
			"sum":	{
				"start":	29.000292,
				"end":	30.000128,
				"seconds":	0.9998360276222229,
				"bytes":	117559200,
				"bits_per_second":	940627836.98303342,
				"retransmits":	0,
				"omitted":	false,
				"sender":	true
			}
		}, {
			"streams":	[{
					"socket":	6,
					"start":	30.000128,
					"end":	31.000139,
					"seconds":	1.0000109672546387,
					"bytes":	117816160,
					"bits_per_second":	942518943.15474868,
					"retransmits":	0,
					"snd_cwnd":	223380,
					"rtt":	1667,
					"rttvar":	230,
					"pmtu":	1500,
					"omitted":	false,
					"sender":	true
				}],
			"sum":	{
				"start":	30.000128,
				"end":	31.000139,
				"seconds":	1.0000109672546387,
				"bytes":	117816160,
				"bits_per_second":	942518943.15474868,
				"retransmits":	0,
				"omitted":	false,
				"sender":	true
			}
		}, {
			"streams":	[{
					"socket":	6,
					"start":	31.000139,
					"end":	32.00014,
					"seconds":	1.0000009536743164,
					"bytes":	117816160,
					"bits_per_second":	942528381.13489044,
					"retransmits":	0,
					"snd_cwnd":	223380,
					"rtt":	1592,
					"rttvar":	149,
					"pmtu":	1500,
					"omitted":	false,
					"sender":	true
				}],
			"sum":	{
				"start":	31.000139,
				"end":	32.00014,
				"seconds":	1.0000009536743164,
				"bytes":	117816160,
				"bits_per_second":	942528381.13489044,
				"retransmits":	0,
				"omitted":	false,
				"sender":	true
			}
		}, {
			"streams":	[{
					"socket":	6,
					"start":	32.00014,
					"end":	33.000138,
					"seconds":	0.99999797344207764,
					"bytes":	117494960,
					"bits_per_second":	939961584.88659656,
					"retransmits":	0,
					"snd_cwnd":	223380,
					"rtt":	1652,
					"rttvar":	216,
					"pmtu":	1500,
					"omitted":	false,
					"sender":	true
				}],
			"sum":	{
				"start":	32.00014,
				"end":	33.000138,
				"seconds":	0.99999797344207764,
				"bytes":	117494960,
				"bits_per_second":	939961584.88659656,
				"retransmits":	0,
				"omitted":	false,
				"sender":	true
			}
		}, {
			"streams":	[{
					"socket":	6,
					"start":	33.000138,
					"end":	34.000112,
					"seconds":	0.99997401237487793,
					"bytes":	118137360,
					"bits_per_second":	945123441.51369214,
					"retransmits":	0,
					"snd_cwnd":	223380,
					"rtt":	1586,
					"rttvar":	168,
					"pmtu":	1500,
					"omitted":	false,
					"sender":	true
				}],
			"sum":	{
				"start":	33.000138,
				"end":	34.000112,
				"seconds":	0.99997401237487793,
				"bytes":	118137360,
				"bits_per_second":	945123441.51369214,
				"retransmits":	0,
				"omitted":	false,
				"sender":	true
			}
		}, {
			"streams":	[{
					"socket":	6,
					"start":	34.000112,
					"end":	35.000141,
					"seconds":	1.0000289678573608,
					"bytes":	117623440,
					"bits_per_second":	940960262.3973366,
					"retransmits":	0,
					"snd_cwnd":	223380,
					"rtt":	1582,
					"rttvar":	161,
					"pmtu":	1500,
					"omitted":	false,
					"sender":	true
				}],
			"sum":	{
				"start":	34.000112,
				"end":	35.000141,
				"seconds":	1.0000289678573608,
				"bytes":	117623440,
				"bits_per_second":	940960262.3973366,
				"retransmits":	0,
				"omitted":	false,
				"sender":	true
			}
		}, {
			"streams":	[{
					"socket":	6,
					"start":	35.000141,
					"end":	36.000135,
					"seconds":	0.99999397993087769,
					"bytes":	117687680,
					"bits_per_second":	941507107.937869,
					"retransmits":	0,
					"snd_cwnd":	223380,
					"rtt":	1540,
					"rttvar":	145,
					"pmtu":	1500,
					"omitted":	false,
					"sender":	true
				}],
			"sum":	{
				"start":	35.000141,
				"end":	36.000135,
				"seconds":	0.99999397993087769,
				"bytes":	117687680,
				"bits_per_second":	941507107.937869,
				"retransmits":	0,
				"omitted":	false,
				"sender":	true
			}
		}, {
			"streams":	[{
					"socket":	6,
					"start":	36.000135,
					"end":	37.000122,
					"seconds":	0.999987006187439,
					"bytes":	118008880,
					"bits_per_second":	944083307.24153626,
					"retransmits":	0,
					"snd_cwnd":	223380,
					"rtt":	1553,
					"rttvar":	164,
					"pmtu":	1500,
					"omitted":	false,
					"sender":	true
				}],
			"sum":	{
				"start":	36.000135,
				"end":	37.000122,
				"seconds":	0.999987006187439,
				"bytes":	118008880,
				"bits_per_second":	944083307.24153626,
				"retransmits":	0,
				"omitted":	false,
				"sender":	true
			}
		}, {
			"streams":	[{
					"socket":	6,
					"start":	37.000122,
					"end":	38.000131,
					"seconds":	1.0000089406967163,
					"bytes":	117366480,
					"bits_per_second":	938923445.37023509,
					"retransmits":	0,
					"snd_cwnd":	223380,
					"rtt":	1557,
					"rttvar":	122,
					"pmtu":	1500,
					"omitted":	false,
					"sender":	true
				}],
			"sum":	{
				"start":	37.000122,
				"end":	38.000131,
				"seconds":	1.0000089406967163,
				"bytes":	117366480,
				"bits_per_second":	938923445.37023509,
				"retransmits":	0,
				"omitted":	false,
				"sender":	true
			}
		}, {
			"streams":	[{
					"socket":	6,
					"start":	38.000131,
					"end":	39.000139,
					"seconds":	1.0000079870224,
					"bytes":	118008880,
					"bits_per_second":	944063499.7436806,
					"retransmits":	0,
					"snd_cwnd":	223380,
					"rtt":	1627,
					"rttvar":	220,
					"pmtu":	1500,
					"omitted":	false,
					"sender":	true
				}],
			"sum":	{
				"start":	38.000131,
				"end":	39.000139,
				"seconds":	1.0000079870224,
				"bytes":	118008880,
				"bits_per_second":	944063499.7436806,
				"retransmits":	0,
				"omitted":	false,
				"sender":	true
			}
		}, {
			"streams":	[{
					"socket":	6,
					"start":	39.000139,
					"end":	40.000147,
					"seconds":	1.0000079870224,
					"bytes":	117816160,
					"bits_per_second":	942521752.0576539,
					"retransmits":	0,
					"snd_cwnd":	223380,
					"rtt":	1797,
					"rttvar":	195,
					"pmtu":	1500,
					"omitted":	false,
					"sender":	true
				}],
			"sum":	{
				"start":	39.000139,
				"end":	40.000147,
				"seconds":	1.0000079870224,
				"bytes":	117816160,
				"bits_per_second":	942521752.0576539,
				"retransmits":	0,
				"omitted":	false,
				"sender":	true
			}
		}],
	"end":	{
		"streams":	[{
				"sender":	{
					"socket":	6,
					"start":	0,
					"end":	40.000147,
					"seconds":	40.000147,
					"bytes":	4711912020,
					"bits_per_second":	942378940.75739276,
					"retransmits":	0,
					"max_snd_cwnd":	223380,
					"max_rtt":	1797,
					"min_rtt":	1522,
					"mean_rtt":	1638,
					"sender":	true
				},
				"receiver":	{
					"socket":	6,
					"start":	0,
					"end":	40.000147,
					"seconds":	40.000147,
					"bytes":	4710977620,
					"bits_per_second":	942192061.44417429,
					"sender":	true
				}
			}],
		"sum_sent":	{
			"start":	0,
			"end":	40.000147,
			"seconds":	40.000147,
			"bytes":	4711912020,
			"bits_per_second":	942378940.75739276,
			"retransmits":	0,
			"sender":	true
		},
		"sum_received":	{
			"start":	0,
			"end":	40.000147,
			"seconds":	40.000147,
			"bytes":	4710977620,
			"bits_per_second":	942192061.44417429,
			"sender":	true
		},
		"cpu_utilization_percent":	{
			"host_total":	5.3620968041741062,
			"host_user":	0.25544756015921866,
			"host_system":	5.1066567341206452,
			"remote_total":	33.546686,
			"remote_user":	9.42186,
			"remote_system":	24.124825
		},
		"sender_tcp_congestion":	"cubic"
	}
}
