{
	"start":	{
		"connected":	[{
				"socket":	6,
				"local_host":	"192.168.94.22",
				"local_port":	43540,
				"remote_host":	"192.168.94.100",
				"remote_port":	5201
			}],
		"version":	"iperf 3.7",
		"system_info":	"Linux lab4-nz22 5.11.0-25-generic #27~20.04.1-Ubuntu SMP Tue Jul 13 17:41:23 UTC 2021 x86_64",
		"timestamp":	{
			"time":	"Fri, 08 Oct 2021 21:00:38 GMT",
			"timesecs":	1633726838
		},
		"connecting_to":	{
			"host":	"192.168.94.100",
			"port":	5201
		},
		"cookie":	"duzqmp6vjwn7sixhfcbbflal4apjlykjg4tv",
		"tcp_mss_default":	1460,
		"sock_bufsize":	0,
		"sndbuf_actual":	16384,
		"rcvbuf_actual":	131072,
		"test_start":	{
			"protocol":	"TCP",
			"num_streams":	1,
			"blksize":	131072,
			"omit":	0,
			"duration":	40,
			"bytes":	0,
			"blocks":	0,
			"reverse":	0,
			"tos":	0
		}
	},
	"intervals":	[{
			"streams":	[{
					"socket":	6,
					"start":	0,
					"end":	1.000124,
					"seconds":	1.0001239776611328,
					"bytes":	118880500,
					"bits_per_second":	950926106.40541768,
					"retransmits":	0,
					"snd_cwnd":	216080,
					"rtt":	1725,
					"rttvar":	169,
					"pmtu":	1500,
					"omitted":	false,
					"sender":	true
				}],
			"sum":	{
				"start":	0,
				"end":	1.000124,
				"seconds":	1.0001239776611328,
				"bytes":	118880500,
				"bits_per_second":	950926106.40541768,
				"retransmits":	0,
				"omitted":	false,
				"sender":	true
			}
		}, {
			"streams":	[{
					"socket":	6,
					"start":	1.000124,
					"end":	2.000064,
					"seconds":	0.99993997812271118,
					"bytes":	117880400,
					"bits_per_second":	943099806.62086415,
					"retransmits":	0,
					"snd_cwnd":	216080,
					"rtt":	1689,
					"rttvar":	155,
					"pmtu":	1500,
					"omitted":	false,
					"sender":	true
				}],
			"sum":	{
				"start":	1.000124,
				"end":	2.000064,
				"seconds":	0.99993997812271118,
				"bytes":	117880400,
				"bits_per_second":	943099806.62086415,
				"retransmits":	0,
				"omitted":	false,
				"sender":	true
			}
		}, {
			"streams":	[{
					"socket":	6,
					"start":	2.000064,
					"end":	3.000096,
					"seconds":	1.0000319480895996,
					"bytes":	117494960,
					"bits_per_second":	939929651.04329109,
					"retransmits":	0,
					"snd_cwnd":	216080,
					"rtt":	1598,
					"rttvar":	125,
					"pmtu":	1500,
					"omitted":	false,
					"sender":	true
				}],
			"sum":	{
				"start":	2.000064,
				"end":	3.000096,
				"seconds":	1.0000319480895996,
				"bytes":	117494960,
				"bits_per_second":	939929651.04329109,
				"retransmits":	0,
				"omitted":	false,
				"sender":	true
			}
		}, {
			"streams":	[{
					"socket":	6,
					"start":	3.000096,
					"end":	4.0001,
					"seconds":	1.0000040531158447,
					"bytes":	117751920,
					"bits_per_second":	942011541.91809356,
					"retransmits":	0,
					"snd_cwnd":	216080,
					"rtt":	1753,
					"rttvar":	180,
					"pmtu":	1500,
					"omitted":	false,
					"sender":	true
				}],
			"sum":	{
				"start":	3.000096,
				"end":	4.0001,
				"seconds":	1.0000040531158447,
				"bytes":	117751920,
				"bits_per_second":	942011541.91809356,
				"retransmits":	0,
				"omitted":	false,
				"sender":	true
			}
		}, {
			"streams":	[{
					"socket":	6,
					"start":	4.0001,
					"end":	5.000153,
					"seconds":	1.00005304813385,
					"bytes":	117816160,
					"bits_per_second":	942479283.23283207,
					"retransmits":	0,
					"snd_cwnd":	216080,
					"rtt":	1624,
					"rttvar":	187,
					"pmtu":	1500,
					"omitted":	false,
					"sender":	true
				}],
			"sum":	{
				"start":	4.0001,
				"end":	5.000153,
				"seconds":	1.00005304813385,
				"bytes":	117816160,
				"bits_per_second":	942479283.23283207,
				"retransmits":	0,
				"omitted":	false,
				"sender":	true
			}
		}, {
			"streams":	[{
					"socket":	6,
					"start":	5.000153,
					"end":	6.000133,
					"seconds":	0.99997997283935547,
					"bytes":	117816160,
					"bits_per_second":	942548156.56334674,
					"retransmits":	0,
					"snd_cwnd":	216080,
					"rtt":	1651,
					"rttvar":	117,
					"pmtu":	1500,
					"omitted":	false,
					"sender":	true
				}],
			"sum":	{
				"start":	5.000153,
				"end":	6.000133,
				"seconds":	0.99997997283935547,
				"bytes":	117816160,
				"bits_per_second":	942548156.56334674,
				"retransmits":	0,
				"omitted":	false,
				"sender":	true
			}
		}, {
			"streams":	[{
					"socket":	6,
					"start":	6.000133,
					"end":	7.000146,
					"seconds":	1.000012993812561,
					"bytes":	117687680,
					"bits_per_second":	941489206.46572292,
					"retransmits":	0,
					"snd_cwnd":	216080,
					"rtt":	1728,
					"rttvar":	208,
					"pmtu":	1500,
					"omitted":	false,
					"sender":	true
				}],
			"sum":	{
				"start":	6.000133,
				"end":	7.000146,
				"seconds":	1.000012993812561,
				"bytes":	117687680,
				"bits_per_second":	941489206.46572292,
				"retransmits":	0,
				"omitted":	false,
				"sender":	true
			}
		}, {
			"streams":	[{
					"socket":	6,
					"start":	7.000146,
					"end":	8.000148,
					"seconds":	1.0000020265579224,
					"bytes":	117623440,
					"bits_per_second":	940985613.038151,
					"retransmits":	0,
					"snd_cwnd":	216080,
					"rtt":	1685,
					"rttvar":	177,
					"pmtu":	1500,
					"omitted":	false,
					"sender":	true
				}],
			"sum":	{
				"start":	7.000146,
				"end":	8.000148,
				"seconds":	1.0000020265579224,
				"bytes":	117623440,
				"bits_per_second":	940985613.038151,
				"retransmits":	0,
				"omitted":	false,
				"sender":	true
			}
		}, {
			"streams":	[{
					"socket":	6,
					"start":	8.000148,
					"end":	9.000141,
					"seconds":	0.99999302625656128,
					"bytes":	117687680,
					"bits_per_second":	941508005.83527815,
					"retransmits":	0,
					"snd_cwnd":	216080,
					"rtt":	1694,
					"rttvar":	157,
					"pmtu":	1500,
					"omitted":	false,
					"sender":	true
				}],
			"sum":	{
				"start":	8.000148,
				"end":	9.000141,
				"seconds":	0.99999302625656128,
				"bytes":	117687680,
				"bits_per_second":	941508005.83527815,
				"retransmits":	0,
				"omitted":	false,
				"sender":	true
			}
		}, {
			"streams":	[{
					"socket":	6,
					"start":	9.000141,
					"end":	10.000125,
					"seconds":	0.9999840259552002,
					"bytes":	118137360,
					"bits_per_second":	945113977.29301417,
					"retransmits":	0,
					"snd_cwnd":	216080,
					"rtt":	1727,
					"rttvar":	197,
					"pmtu":	1500,
					"omitted":	false,
					"sender":	true
				}],
			"sum":	{
				"start":	9.000141,
				"end":	10.000125,
				"seconds":	0.9999840259552002,
				"bytes":	118137360,
				"bits_per_second":	945113977.29301417,
				"retransmits":	0,
				"omitted":	false,
				"sender":	true
			}
		}, {
			"streams":	[{
					"socket":	6,
					"start":	10.000125,
					"end":	11.000148,
					"seconds":	1.0000230073928833,
					"bytes":	117623440,
					"bits_per_second":	940965870.82852,
					"retransmits":	0,
					"snd_cwnd":	216080,
					"rtt":	1693,
					"rttvar":	160,
					"pmtu":	1500,
					"omitted":	false,
					"sender":	true
				}],
			"sum":	{
				"start":	10.000125,
				"end":	11.000148,
				"seconds":	1.0000230073928833,
				"bytes":	117623440,
				"bits_per_second":	940965870.82852,
				"retransmits":	0,
				"omitted":	false,
				"sender":	true
			}
		}, {
			"streams":	[{
					"socket":	6,
					"start":	11.000148,
					"end":	12.000135,
					"seconds":	0.999987006187439,
					"bytes":	117687680,
					"bits_per_second":	941513673.8522017,
					"retransmits":	0,
					"snd_cwnd":	216080,
					"rtt":	1614,
					"rttvar":	108,
					"pmtu":	1500,
					"omitted":	false,
					"sender":	true
				}],
			"sum":	{
				"start":	11.000148,
				"end":	12.000135,
				"seconds":	0.999987006187439,
				"bytes":	117687680,
				"bits_per_second":	941513673.8522017,
				"retransmits":	0,
				"omitted":	false,
				"sender":	true
			}
		}, {
			"streams":	[{
					"socket":	6,
					"start":	12.000135,
					"end":	13.000151,
					"seconds":	1.0000159740447998,
					"bytes":	117751920,
					"bits_per_second":	942000312.44480753,
					"retransmits":	0,
					"snd_cwnd":	216080,
					"rtt":	1692,
					"rttvar":	195,
					"pmtu":	1500,
					"omitted":	false,
					"sender":	true
				}],
			"sum":	{
				"start":	12.000135,
				"end":	13.000151,
				"seconds":	1.0000159740447998,
				"bytes":	117751920,
				"bits_per_second":	942000312.44480753,
				"retransmits":	0,
				"omitted":	false,
				"sender":	true
			}
		}, {
			"streams":	[{
					"socket":	6,
					"start":	13.000151,
					"end":	14.000145,
					"seconds":	0.99999397993087769,
					"bytes":	117816160,
					"bits_per_second":	942534954.125574,
					"retransmits":	0,
					"snd_cwnd":	216080,
					"rtt":	1634,
					"rttvar":	133,
					"pmtu":	1500,
					"omitted":	false,
					"sender":	true
				}],
			"sum":	{
				"start":	13.000151,
				"end":	14.000145,
				"seconds":	0.99999397993087769,
				"bytes":	117816160,
				"bits_per_second":	942534954.125574,
				"retransmits":	0,
				"omitted":	false,
				"sender":	true
			}
		}, {
			"streams":	[{
					"socket":	6,
					"start":	14.000145,
					"end":	15.00015,
					"seconds":	1.0000050067901611,
					"bytes":	117687680,
					"bits_per_second":	941496726.12345493,
					"retransmits":	0,
					"snd_cwnd":	216080,
					"rtt":	1715,
					"rttvar":	201,
					"pmtu":	1500,
					"omitted":	false,
					"sender":	true
				}],
			"sum":	{
				"start":	14.000145,
				"end":	15.00015,
				"seconds":	1.0000050067901611,
				"bytes":	117687680,
				"bits_per_second":	941496726.12345493,
				"retransmits":	0,
				"omitted":	false,
				"sender":	true
			}
		}, {
			"streams":	[{
					"socket":	6,
					"start":	15.00015,
					"end":	16.000151,
					"seconds":	1.0000009536743164,
					"bytes":	118008880,
					"bits_per_second":	944070139.664555,
					"retransmits":	0,
					"snd_cwnd":	216080,
					"rtt":	1760,
					"rttvar":	233,
					"pmtu":	1500,
					"omitted":	false,
					"sender":	true
				}],
			"sum":	{
				"start":	15.00015,
				"end":	16.000151,
				"seconds":	1.0000009536743164,
				"bytes":	118008880,
				"bits_per_second":	944070139.664555,
				"retransmits":	0,
				"omitted":	false,
				"sender":	true
			}
		}, {
			"streams":	[{
					"socket":	6,
					"start":	16.000151,
					"end":	17.000031,
					"seconds":	0.99988001585006714,
					"bytes":	117880400,
					"bits_per_second":	943156363.814566,
					"retransmits":	0,
					"snd_cwnd":	216080,
					"rtt":	1704,
					"rttvar":	244,
					"pmtu":	1500,
					"omitted":	false,
					"sender":	true
				}],
			"sum":	{
				"start":	16.000151,
				"end":	17.000031,
				"seconds":	0.99988001585006714,
				"bytes":	117880400,
				"bits_per_second":	943156363.814566,
				"retransmits":	0,
				"omitted":	false,
				"sender":	true
			}
		}, {
			"streams":	[{
					"socket":	6,
					"start":	17.000031,
					"end":	18.000145,
					"seconds":	1.0001139640808105,
					"bytes":	117623440,
					"bits_per_second":	940880293.44220507,
					"retransmits":	0,
					"snd_cwnd":	216080,
					"rtt":	1619,
					"rttvar":	142,
					"pmtu":	1500,
					"omitted":	false,
					"sender":	true
				}],
			"sum":	{
				"start":	17.000031,
				"end":	18.000145,
				"seconds":	1.0001139640808105,
				"bytes":	117623440,
				"bits_per_second":	940880293.44220507,
				"retransmits":	0,
				"omitted":	false,
				"sender":	true
			}
		}, {
			"streams":	[{
					"socket":	6,
					"start":	18.000145,
					"end":	19.000132,
					"seconds":	0.999987006187439,
					"bytes":	117880400,
					"bits_per_second":	943055453.88580251,
					"retransmits":	0,
					"snd_cwnd":	216080,
					"rtt":	1662,
					"rttvar":	165,
					"pmtu":	1500,
					"omitted":	false,
					"sender":	true
				}],
			"sum":	{
				"start":	18.000145,
				"end":	19.000132,
				"seconds":	0.999987006187439,
				"bytes":	117880400,
				"bits_per_second":	943055453.88580251,
				"retransmits":	0,
				"omitted":	false,
				"sender":	true
			}
		}, {
			"streams":	[{
					"socket":	6,
					"start":	19.000132,
					"end":	20.00011,
					"seconds":	0.99997800588607788,
					"bytes":	117816160,
					"bits_per_second":	942550010.55230939,
					"retransmits":	0,
					"snd_cwnd":	216080,
					"rtt":	1693,
					"rttvar":	210,
					"pmtu":	1500,
					"omitted":	false,
					"sender":	true
				}],
			"sum":	{
				"start":	19.000132,
				"end":	20.00011,
				"seconds":	0.99997800588607788,
				"bytes":	117816160,
				"bits_per_second":	942550010.55230939,
				"retransmits":	0,
				"omitted":	false,
				"sender":	true
			}
		}, {
			"streams":	[{
					"socket":	6,
					"start":	20.00011,
					"end":	21.000041,
					"seconds":	0.9999309778213501,
					"bytes":	117751920,
					"bits_per_second":	942080384.44059741,
					"retransmits":	0,
					"snd_cwnd":	216080,
					"rtt":	1757,
					"rttvar":	187,
					"pmtu":	1500,
					"omitted":	false,
					"sender":	true
				}],
			"sum":	{
				"start":	20.00011,
				"end":	21.000041,
				"seconds":	0.9999309778213501,
				"bytes":	117751920,
				"bits_per_second":	942080384.44059741,
				"retransmits":	0,
				"omitted":	false,
				"sender":	true
			}
		}, {
			"streams":	[{
					"socket":	6,
					"start":	21.000041,
					"end":	22.000077,
					"seconds":	1.0000360012054443,
					"bytes":	117751920,
					"bits_per_second":	941981447.53238261,
					"retransmits":	0,
					"snd_cwnd":	216080,
					"rtt":	1634,
					"rttvar":	138,
					"pmtu":	1500,
					"omitted":	false,
					"sender":	true
				}],
			"sum":	{
				"start":	21.000041,
				"end":	22.000077,
				"seconds":	1.0000360012054443,
				"bytes":	117751920,
				"bits_per_second":	941981447.53238261,
				"retransmits":	0,
				"omitted":	false,
				"sender":	true
			}
		}, {
			"streams":	[{
					"socket":	6,
					"start":	22.000077,
					"end":	23.000136,
					"seconds":	1.0000590085983276,
					"bytes":	117687680,
					"bits_per_second":	941445886.59783053,
					"retransmits":	0,
					"snd_cwnd":	216080,
					"rtt":	1724,
					"rttvar":	174,
					"pmtu":	1500,
					"omitted":	false,
					"sender":	true
				}],
			"sum":	{
				"start":	22.000077,
				"end":	23.000136,
				"seconds":	1.0000590085983276,
				"bytes":	117687680,
				"bits_per_second":	941445886.59783053,
				"retransmits":	0,
				"omitted":	false,
				"sender":	true
			}
		}, {
			"streams":	[{
					"socket":	6,
					"start":	23.000136,
					"end":	24.000147,
					"seconds":	1.0000109672546387,
					"bytes":	117751920,
					"bits_per_second":	942005028.79097831,
					"retransmits":	0,
					"snd_cwnd":	216080,
					"rtt":	1697,
					"rttvar":	227,
					"pmtu":	1500,
					"omitted":	false,
					"sender":	true
				}],
			"sum":	{
				"start":	23.000136,
				"end":	24.000147,
				"seconds":	1.0000109672546387,
				"bytes":	117751920,
				"bits_per_second":	942005028.79097831,
				"retransmits":	0,
				"omitted":	false,
				"sender":	true
			}
		}, {
			"streams":	[{
					"socket":	6,
					"start":	24.000147,
					"end":	25.000137,
					"seconds":	0.99998998641967773,
					"bytes":	117559200,
					"bits_per_second":	940483017.60223854,
					"retransmits":	0,
					"snd_cwnd":	216080,
					"rtt":	1705,
					"rttvar":	248,
					"pmtu":	1500,
					"omitted":	false,
					"sender":	true
				}],
			"sum":	{
				"start":	24.000147,
				"end":	25.000137,
				"seconds":	0.99998998641967773,
				"bytes":	117559200,
				"bits_per_second":	940483017.60223854,
				"retransmits":	0,
				"omitted":	false,
				"sender":	true
			}
		}, {
			"streams":	[{
					"socket":	6,
					"start":	25.000137,
					"end":	26.000139,
					"seconds":	1.0000020265579224,
					"bytes":	117816160,
					"bits_per_second":	942527369.9136914,
					"retransmits":	0,
					"snd_cwnd":	216080,
					"rtt":	1707,
					"rttvar":	192,
					"pmtu":	1500,
					"omitted":	false,
					"sender":	true
				}],
			"sum":	{
				"start":	25.000137,
				"end":	26.000139,
				"seconds":	1.0000020265579224,
				"bytes":	117816160,
				"bits_per_second":	942527369.9136914,
				"retransmits":	0,
				"omitted":	false,
				"sender":	true
			}
		}, {
			"streams":	[{
					"socket":	6,
					"start":	26.000139,
					"end":	27.000242,
					"seconds":	1.0001029968261719,
					"bytes":	118073120,
					"bits_per_second":	944487680.76652265,
					"retransmits":	0,
					"snd_cwnd":	216080,
					"rtt":	1781,
					"rttvar":	197,
					"pmtu":	1500,
					"omitted":	false,
					"sender":	true
				}],
			"sum":	{
				"start":	26.000139,
				"end":	27.000242,
				"seconds":	1.0001029968261719,
				"bytes":	118073120,
				"bits_per_second":	944487680.76652265,
				"retransmits":	0,
				"omitted":	false,
				"sender":	true
			}
		}, {
			"streams":	[{
					"socket":	6,
					"start":	27.000242,
					"end":	28.000073,
					"seconds":	0.99983102083206177,
					"bytes":	117751920,
					"bits_per_second":	942174567.874532,
					"retransmits":	0,
					"snd_cwnd":	216080,
					"rtt":	1734,
					"rttvar":	180,
					"pmtu":	1500,
					"omitted":	false,
					"sender":	true
				}],
			"sum":	{
				"start":	27.000242,
				"end":	28.000073,
				"seconds":	0.99983102083206177,
				"bytes":	117751920,
				"bits_per_second":	942174567.874532,
				"retransmits":	0,
				"omitted":	false,
				"sender":	true
			}
		}, {
			"streams":	[{
					"socket":	6,
					"start":	28.000073,
					"end":	29.000012,
					"seconds":	0.99993902444839478,
					"bytes":	117751920,
					"bits_per_second":	942072803.40884018,
					"retransmits":	0,
					"snd_cwnd":	216080,
					"rtt":	1654,
					"rttvar":	179,
					"pmtu":	1500,
					"omitted":	false,
					"sender":	true
				}],
			"sum":	{
				"start":	28.000073,
				"end":	29.000012,
				"seconds":	0.99993902444839478,
				"bytes":	117751920,
				"bits_per_second":	942072803.40884018,
				"retransmits":	0,
				"omitted":	false,
				"sender":	true
			}
		}, {
			"streams":	[{
					"socket":	6,
					"start":	29.000012,
					"end":	30.000122,
					"seconds":	1.0001100301742554,
					"bytes":	117751920,
					"bits_per_second":	941911721.28917336,
					"retransmits":	0,
					"snd_cwnd":	216080,
					"rtt":	1708,
					"rttvar":	165,
					"pmtu":	1500,
					"omitted":	false,
					"sender":	true
				}],
			"sum":	{
				"start":	29.000012,
				"end":	30.000122,
				"seconds":	1.0001100301742554,
				"bytes":	117751920,
				"bits_per_second":	941911721.28917336,
				"retransmits":	0,
				"omitted":	false,
				"sender":	true
			}
		}, {
			"streams":	[{
					"socket":	6,
					"start":	30.000122,
					"end":	31.000147,
					"seconds":	1.0000250339508057,
					"bytes":	117494960,
					"bits_per_second":	939936149.6846683,
					"retransmits":	0,
					"snd_cwnd":	216080,
					"rtt":	1674,
					"rttvar":	179,
					"pmtu":	1500,
					"omitted":	false,
					"sender":	true
				}],
			"sum":	{
				"start":	30.000122,
				"end":	31.000147,
				"seconds":	1.0000250339508057,
				"bytes":	117494960,
				"bits_per_second":	939936149.6846683,
				"retransmits":	0,
				"omitted":	false,
				"sender":	true
			}
		}, {
			"streams":	[{
					"socket":	6,
					"start":	31.000147,
					"end":	32.000136,
					"seconds":	0.99998897314071655,
					"bytes":	117816160,
					"bits_per_second":	942539673.252346,
					"retransmits":	0,
					"snd_cwnd":	216080,
					"rtt":	1649,
					"rttvar":	139,
					"pmtu":	1500,
					"omitted":	false,
					"sender":	true
				}],
			"sum":	{
				"start":	31.000147,
				"end":	32.000136,
				"seconds":	0.99998897314071655,
				"bytes":	117816160,
				"bits_per_second":	942539673.252346,
				"retransmits":	0,
				"omitted":	false,
				"sender":	true
			}
		}, {
			"streams":	[{
					"socket":	6,
					"start":	32.000136,
					"end":	33.000075,
					"seconds":	0.99993902444839478,
					"bytes":	118073120,
					"bits_per_second":	944642560.101172,
					"retransmits":	0,
					"snd_cwnd":	216080,
					"rtt":	1698,
					"rttvar":	197,
					"pmtu":	1500,
					"omitted":	false,
					"sender":	true
				}],
			"sum":	{
				"start":	32.000136,
				"end":	33.000075,
				"seconds":	0.99993902444839478,
				"bytes":	118073120,
				"bits_per_second":	944642560.101172,
				"retransmits":	0,
				"omitted":	false,
				"sender":	true
			}
		}, {
			"streams":	[{
					"socket":	6,
					"start":	33.000075,
					"end":	34.000142,
					"seconds":	1.0000669956207275,
					"bytes":	117494960,
					"bits_per_second":	939896711.0364244,
					"retransmits":	0,
					"snd_cwnd":	216080,
					"rtt":	1634,
					"rttvar":	119,
					"pmtu":	1500,
					"omitted":	false,
					"sender":	true
				}],
			"sum":	{
				"start":	33.000075,
				"end":	34.000142,
				"seconds":	1.0000669956207275,
				"bytes":	117494960,
				"bits_per_second":	939896711.0364244,
				"retransmits":	0,
				"omitted":	false,
				"sender":	true
			}
		}, {
			"streams":	[{
					"socket":	6,
					"start":	34.000142,
					"end":	35.000152,
					"seconds":	1.0000100135803223,
					"bytes":	117880400,
					"bits_per_second":	943033756.8557291,
					"retransmits":	0,
					"snd_cwnd":	216080,
					"rtt":	1643,
					"rttvar":	178,
					"pmtu":	1500,
					"omitted":	false,
					"sender":	true
				}],
			"sum":	{
				"start":	34.000142,
				"end":	35.000152,
				"seconds":	1.0000100135803223,
				"bytes":	117880400,
				"bits_per_second":	943033756.8557291,
				"retransmits":	0,
				"omitted":	false,
				"sender":	true
			}
		}, {
			"streams":	[{
					"socket":	6,
					"start":	35.000152,
					"end":	36.000143,
					"seconds":	0.99999099969863892,
					"bytes":	117559200,
					"bits_per_second":	940482064.6220063,
					"retransmits":	0,
					"snd_cwnd":	216080,
					"rtt":	1706,
					"rttvar":	200,
					"pmtu":	1500,
					"omitted":	false,
					"sender":	true
				}],
			"sum":	{
				"start":	35.000152,
				"end":	36.000143,
				"seconds":	0.99999099969863892,
				"bytes":	117559200,
				"bits_per_second":	940482064.6220063,
				"retransmits":	0,
				"omitted":	false,
				"sender":	true
			}
		}, {
			"streams":	[{
					"socket":	6,
					"start":	36.000143,
					"end":	37.000153,
					"seconds":	1.0000100135803223,
					"bytes":	118073120,
					"bits_per_second":	944575501.41734612,
					"retransmits":	0,
					"snd_cwnd":	216080,
					"rtt":	1674,
					"rttvar":	195,
					"pmtu":	1500,
					"omitted":	false,
					"sender":	true
				}],
			"sum":	{
				"start":	36.000143,
				"end":	37.000153,
				"seconds":	1.0000100135803223,
				"bytes":	118073120,
				"bits_per_second":	944575501.41734612,
				"retransmits":	0,
				"omitted":	false,
				"sender":	true
			}
		}, {
			"streams":	[{
					"socket":	6,
					"start":	37.000153,
					"end":	38.000144,
					"seconds":	0.99999099969863892,
					"bytes":	117751920,
					"bits_per_second":	942023838.49843585,
					"retransmits":	0,
					"snd_cwnd":	216080,
					"rtt":	1749,
					"rttvar":	197,
					"pmtu":	1500,
					"omitted":	false,
					"sender":	true
				}],
			"sum":	{
				"start":	37.000153,
				"end":	38.000144,
				"seconds":	0.99999099969863892,
				"bytes":	117751920,
				"bits_per_second":	942023838.49843585,
				"retransmits":	0,
				"omitted":	false,
				"sender":	true
			}
		}, {
			"streams":	[{
					"socket":	6,
					"start":	38.000144,
					"end":	39.000142,
					"seconds":	0.99999797344207764,
					"bytes":	117687680,
					"bits_per_second":	941503348.01106882,
					"retransmits":	0,
					"snd_cwnd":	216080,
					"rtt":	1658,
					"rttvar":	150,
					"pmtu":	1500,
					"omitted":	false,
					"sender":	true
				}],
			"sum":	{
				"start":	38.000144,
				"end":	39.000142,
				"seconds":	0.99999797344207764,
				"bytes":	117687680,
				"bits_per_second":	941503348.01106882,
				"retransmits":	0,
				"omitted":	false,
				"sender":	true
			}
		}, {
			"streams":	[{
					"socket":	6,
					"start":	39.000142,
					"end":	40.000168,
					"seconds":	1.0000259876251221,
					"bytes":	117623440,
					"bits_per_second":	940963066.60457134,
					"retransmits":	0,
					"snd_cwnd":	216080,
					"rtt":	1626,
					"rttvar":	134,
					"pmtu":	1500,
					"omitted":	false,
					"sender":	true
				}],
			"sum":	{
				"start":	39.000142,
				"end":	40.000168,
				"seconds":	1.0000259876251221,
				"bytes":	117623440,
				"bits_per_second":	940963066.60457134,
				"retransmits":	0,
				"omitted":	false,
				"sender":	true
			}
		}],
	"end":	{
		"streams":	[{
				"sender":	{
					"socket":	6,
					"start":	0,
					"end":	40.000168,
					"seconds":	40.000168,
					"bytes":	4711655060,
					"bits_per_second":	942327054.22637224,
					"retransmits":	0,
					"max_snd_cwnd":	216080,
					"max_rtt":	1781,
					"min_rtt":	1598,
					"mean_rtt":	1686,
					"sender":	true
				},
				"receiver":	{
					"socket":	6,
					"start":	0,
					"end":	40.000168,
					"seconds":	40.000168,
					"bytes":	4710965940,
					"bits_per_second":	942189230.80523062,
					"sender":	true
				}
			}],
		"sum_sent":	{
			"start":	0,
			"end":	40.000168,
			"seconds":	40.000168,
			"bytes":	4711655060,
			"bits_per_second":	942327054.22637224,
			"retransmits":	0,
			"sender":	true
		},
		"sum_received":	{
			"start":	0,
			"end":	40.000168,
			"seconds":	40.000168,
			"bytes":	4710965940,
			"bits_per_second":	942189230.80523062,
			"sender":	true
		},
		"cpu_utilization_percent":	{
			"host_total":	5.3169009505322409,
			"host_user":	0.23081548038532698,
			"host_system":	5.0860879662859482,
			"remote_total":	31.737417,
			"remote_user":	8.882492,
			"remote_system":	22.854925
		},
		"sender_tcp_congestion":	"cubic"
	}
}
