{
	"start":	{
		"connected":	[{
				"socket":	6,
				"local_host":	"192.168.94.16",
				"local_port":	44288,
				"remote_host":	"192.168.94.100",
				"remote_port":	5201
			}],
		"version":	"iperf 3.7",
		"system_info":	"Linux lab4-nz16 5.11.0-25-generic #27~20.04.1-Ubuntu SMP Tue Jul 13 17:41:23 UTC 2021 x86_64",
		"timestamp":	{
			"time":	"Fri, 08 Oct 2021 20:56:31 GMT",
			"timesecs":	1633726591
		},
		"connecting_to":	{
			"host":	"192.168.94.100",
			"port":	5201
		},
		"cookie":	"n5zggsx2zi5sxxkwsoumbplmws2wjvwcg3em",
		"tcp_mss_default":	1460,
		"sock_bufsize":	0,
		"sndbuf_actual":	16384,
		"rcvbuf_actual":	131072,
		"test_start":	{
			"protocol":	"TCP",
			"num_streams":	1,
			"blksize":	131072,
			"omit":	0,
			"duration":	40,
			"bytes":	0,
			"blocks":	0,
			"reverse":	0,
			"tos":	0
		}
	},
	"intervals":	[{
			"streams":	[{
					"socket":	6,
					"start":	0,
					"end":	1.000136,
					"seconds":	1.0001360177993774,
					"bytes":	118556380,
					"bits_per_second":	948322051.32147813,
					"retransmits":	0,
					"snd_cwnd":	226300,
					"rtt":	1666,
					"rttvar":	142,
					"pmtu":	1500,
					"omitted":	false,
					"sender":	true
				}],
			"sum":	{
				"start":	0,
				"end":	1.000136,
				"seconds":	1.0001360177993774,
				"bytes":	118556380,
				"bits_per_second":	948322051.32147813,
				"retransmits":	0,
				"omitted":	false,
				"sender":	true
			}
		}, {
			"streams":	[{
					"socket":	6,
					"start":	1.000136,
					"end":	2.000039,
					"seconds":	0.99990302324295044,
					"bytes":	118201600,
					"bits_per_second":	945704511.35663855,
					"retransmits":	0,
					"snd_cwnd":	226300,
					"rtt":	1669,
					"rttvar":	159,
					"pmtu":	1500,
					"omitted":	false,
					"sender":	true
				}],
			"sum":	{
				"start":	1.000136,
				"end":	2.000039,
				"seconds":	0.99990302324295044,
				"bytes":	118201600,
				"bits_per_second":	945704511.35663855,
				"retransmits":	0,
				"omitted":	false,
				"sender":	true
			}
		}, {
			"streams":	[{
					"socket":	6,
					"start":	2.000039,
					"end":	3.000144,
					"seconds":	1.0001050233840942,
					"bytes":	117430720,
					"bits_per_second":	939347106.588027,
					"retransmits":	0,
					"snd_cwnd":	226300,
					"rtt":	1682,
					"rttvar":	146,
					"pmtu":	1500,
					"omitted":	false,
					"sender":	true
				}],
			"sum":	{
				"start":	2.000039,
				"end":	3.000144,
				"seconds":	1.0001050233840942,
				"bytes":	117430720,
				"bits_per_second":	939347106.588027,
				"retransmits":	0,
				"omitted":	false,
				"sender":	true
			}
		}, {
			"streams":	[{
					"socket":	6,
					"start":	3.000144,
					"end":	4.000128,
					"seconds":	0.9999840259552002,
					"bytes":	117880400,
					"bits_per_second":	943058264.45496523,
					"retransmits":	0,
					"snd_cwnd":	226300,
					"rtt":	1672,
					"rttvar":	198,
					"pmtu":	1500,
					"omitted":	false,
					"sender":	true
				}],
			"sum":	{
				"start":	3.000144,
				"end":	4.000128,
				"seconds":	0.9999840259552002,
				"bytes":	117880400,
				"bits_per_second":	943058264.45496523,
				"retransmits":	0,
				"omitted":	false,
				"sender":	true
			}
		}, {
			"streams":	[{
					"socket":	6,
					"start":	4.000128,
					"end":	5.000142,
					"seconds":	1.0000139474868774,
					"bytes":	117430720,
					"bits_per_second":	939432657.27534044,
					"retransmits":	0,
					"snd_cwnd":	226300,
					"rtt":	1673,
					"rttvar":	179,
					"pmtu":	1500,
					"omitted":	false,
					"sender":	true
				}],
			"sum":	{
				"start":	4.000128,
				"end":	5.000142,
				"seconds":	1.0000139474868774,
				"bytes":	117430720,
				"bits_per_second":	939432657.27534044,
				"retransmits":	0,
				"omitted":	false,
				"sender":	true
			}
		}, {
			"streams":	[{
					"socket":	6,
					"start":	5.000142,
					"end":	6.000133,
					"seconds":	0.99999099969863892,
					"bytes":	118073120,
					"bits_per_second":	944593461.62581837,
					"retransmits":	0,
					"snd_cwnd":	226300,
					"rtt":	1699,
					"rttvar":	152,
					"pmtu":	1500,
					"omitted":	false,
					"sender":	true
				}],
			"sum":	{
				"start":	5.000142,
				"end":	6.000133,
				"seconds":	0.99999099969863892,
				"bytes":	118073120,
				"bits_per_second":	944593461.62581837,
				"retransmits":	0,
				"omitted":	false,
				"sender":	true
			}
		}, {
			"streams":	[{
					"socket":	6,
					"start":	6.000133,
					"end":	7.000135,
					"seconds":	1.0000020265579224,
					"bytes":	117623440,
					"bits_per_second":	940985613.038151,
					"retransmits":	0,
					"snd_cwnd":	226300,
					"rtt":	1760,
					"rttvar":	238,
					"pmtu":	1500,
					"omitted":	false,
					"sender":	true
				}],
			"sum":	{
				"start":	6.000133,
				"end":	7.000135,
				"seconds":	1.0000020265579224,
				"bytes":	117623440,
				"bits_per_second":	940985613.038151,
				"retransmits":	0,
				"omitted":	false,
				"sender":	true
			}
		}, {
			"streams":	[{
					"socket":	6,
					"start":	7.000135,
					"end":	8.000136,
					"seconds":	1.0000009536743164,
					"bytes":	117623440,
					"bits_per_second":	940986622.60522592,
					"retransmits":	0,
					"snd_cwnd":	226300,
					"rtt":	1741,
					"rttvar":	156,
					"pmtu":	1500,
					"omitted":	false,
					"sender":	true
				}],
			"sum":	{
				"start":	7.000135,
				"end":	8.000136,
				"seconds":	1.0000009536743164,
				"bytes":	117623440,
				"bits_per_second":	940986622.60522592,
				"retransmits":	0,
				"omitted":	false,
				"sender":	true
			}
		}, {
			"streams":	[{
					"socket":	6,
					"start":	8.000136,
					"end":	9.000137,
					"seconds":	1.0000009536743164,
					"bytes":	117880400,
					"bits_per_second":	943042300.64477861,
					"retransmits":	0,
					"snd_cwnd":	226300,
					"rtt":	1730,
					"rttvar":	235,
					"pmtu":	1500,
					"omitted":	false,
					"sender":	true
				}],
			"sum":	{
				"start":	8.000136,
				"end":	9.000137,
				"seconds":	1.0000009536743164,
				"bytes":	117880400,
				"bits_per_second":	943042300.64477861,
				"retransmits":	0,
				"omitted":	false,
				"sender":	true
			}
		}, {
			"streams":	[{
					"socket":	6,
					"start":	9.000137,
					"end":	10.000134,
					"seconds":	0.99999701976776123,
					"bytes":	117816160,
					"bits_per_second":	942532088.96451759,
					"retransmits":	0,
					"snd_cwnd":	226300,
					"rtt":	1697,
					"rttvar":	166,
					"pmtu":	1500,
					"omitted":	false,
					"sender":	true
				}],
			"sum":	{
				"start":	9.000137,
				"end":	10.000134,
				"seconds":	0.99999701976776123,
				"bytes":	117816160,
				"bits_per_second":	942532088.96451759,
				"retransmits":	0,
				"omitted":	false,
				"sender":	true
			}
		}, {
			"streams":	[{
					"socket":	6,
					"start":	10.000134,
					"end":	11.000131,
					"seconds":	0.99999701976776123,
					"bytes":	117880400,
					"bits_per_second":	943046010.49612308,
					"retransmits":	0,
					"snd_cwnd":	226300,
					"rtt":	1691,
					"rttvar":	213,
					"pmtu":	1500,
					"omitted":	false,
					"sender":	true
				}],
			"sum":	{
				"start":	10.000134,
				"end":	11.000131,
				"seconds":	0.99999701976776123,
				"bytes":	117880400,
				"bits_per_second":	943046010.49612308,
				"retransmits":	0,
				"omitted":	false,
				"sender":	true
			}
		}, {
			"streams":	[{
					"socket":	6,
					"start":	11.000131,
					"end":	12.000144,
					"seconds":	1.000012993812561,
					"bytes":	117816160,
					"bits_per_second":	942517033.11033618,
					"retransmits":	0,
					"snd_cwnd":	226300,
					"rtt":	1714,
					"rttvar":	138,
					"pmtu":	1500,
					"omitted":	false,
					"sender":	true
				}],
			"sum":	{
				"start":	11.000131,
				"end":	12.000144,
				"seconds":	1.000012993812561,
				"bytes":	117816160,
				"bits_per_second":	942517033.11033618,
				"retransmits":	0,
				"omitted":	false,
				"sender":	true
			}
		}, {
			"streams":	[{
					"socket":	6,
					"start":	12.000144,
					"end":	13.000139,
					"seconds":	0.99999499320983887,
					"bytes":	117687680,
					"bits_per_second":	941506153.92374814,
					"retransmits":	0,
					"snd_cwnd":	226300,
					"rtt":	1795,
					"rttvar":	324,
					"pmtu":	1500,
					"omitted":	false,
					"sender":	true
				}],
			"sum":	{
				"start":	12.000144,
				"end":	13.000139,
				"seconds":	0.99999499320983887,
				"bytes":	117687680,
				"bits_per_second":	941506153.92374814,
				"retransmits":	0,
				"omitted":	false,
				"sender":	true
			}
		}, {
			"streams":	[{
					"socket":	6,
					"start":	13.000139,
					"end":	14.000073,
					"seconds":	0.99993401765823364,
					"bytes":	117944640,
					"bits_per_second":	943619382.21657479,
					"retransmits":	0,
					"snd_cwnd":	226300,
					"rtt":	1695,
					"rttvar":	241,
					"pmtu":	1500,
					"omitted":	false,
					"sender":	true
				}],
			"sum":	{
				"start":	13.000139,
				"end":	14.000073,
				"seconds":	0.99993401765823364,
				"bytes":	117944640,
				"bits_per_second":	943619382.21657479,
				"retransmits":	0,
				"omitted":	false,
				"sender":	true
			}
		}, {
			"streams":	[{
					"socket":	6,
					"start":	14.000073,
					"end":	15.000145,
					"seconds":	1.0000720024108887,
					"bytes":	117302240,
					"bits_per_second":	938350356.51207292,
					"retransmits":	0,
					"snd_cwnd":	226300,
					"rtt":	1769,
					"rttvar":	181,
					"pmtu":	1500,
					"omitted":	false,
					"sender":	true
				}],
			"sum":	{
				"start":	14.000073,
				"end":	15.000145,
				"seconds":	1.0000720024108887,
				"bytes":	117302240,
				"bits_per_second":	938350356.51207292,
				"retransmits":	0,
				"omitted":	false,
				"sender":	true
			}
		}, {
			"streams":	[{
					"socket":	6,
					"start":	15.000145,
					"end":	16.00014,
					"seconds":	0.99999499320983887,
					"bytes":	118137360,
					"bits_per_second":	945103611.93546546,
					"retransmits":	0,
					"snd_cwnd":	226300,
					"rtt":	1609,
					"rttvar":	186,
					"pmtu":	1500,
					"omitted":	false,
					"sender":	true
				}],
			"sum":	{
				"start":	15.000145,
				"end":	16.00014,
				"seconds":	0.99999499320983887,
				"bytes":	118137360,
				"bits_per_second":	945103611.93546546,
				"retransmits":	0,
				"omitted":	false,
				"sender":	true
			}
		}, {
			"streams":	[{
					"socket":	6,
					"start":	16.00014,
					"end":	17.000132,
					"seconds":	0.9999920129776001,
					"bytes":	117559200,
					"bits_per_second":	940481111.64370537,
					"retransmits":	0,
					"snd_cwnd":	226300,
					"rtt":	1734,
					"rttvar":	217,
					"pmtu":	1500,
					"omitted":	false,
					"sender":	true
				}],
			"sum":	{
				"start":	16.00014,
				"end":	17.000132,
				"seconds":	0.9999920129776001,
				"bytes":	117559200,
				"bits_per_second":	940481111.64370537,
				"retransmits":	0,
				"omitted":	false,
				"sender":	true
			}
		}, {
			"streams":	[{
					"socket":	6,
					"start":	17.000132,
					"end":	18.000146,
					"seconds":	1.0000139474868774,
					"bytes":	117559200,
					"bits_per_second":	940460482.93975544,
					"retransmits":	0,
					"snd_cwnd":	226300,
					"rtt":	1694,
					"rttvar":	232,
					"pmtu":	1500,
					"omitted":	false,
					"sender":	true
				}],
			"sum":	{
				"start":	17.000132,
				"end":	18.000146,
				"seconds":	1.0000139474868774,
				"bytes":	117559200,
				"bits_per_second":	940460482.93975544,
				"retransmits":	0,
				"omitted":	false,
				"sender":	true
			}
		}, {
			"streams":	[{
					"socket":	6,
					"start":	18.000146,
					"end":	19.000133,
					"seconds":	0.999987006187439,
					"bytes":	117687680,
					"bits_per_second":	941513673.8522017,
					"retransmits":	0,
					"snd_cwnd":	226300,
					"rtt":	1711,
					"rttvar":	154,
					"pmtu":	1500,
					"omitted":	false,
					"sender":	true
				}],
			"sum":	{
				"start":	18.000146,
				"end":	19.000133,
				"seconds":	0.999987006187439,
				"bytes":	117687680,
				"bits_per_second":	941513673.8522017,
				"retransmits":	0,
				"omitted":	false,
				"sender":	true
			}
		}, {
			"streams":	[{
					"socket":	6,
					"start":	19.000133,
					"end":	20.000162,
					"seconds":	1.0000289678573608,
					"bytes":	118137360,
					"bits_per_second":	945071503.30349648,
					"retransmits":	0,
					"snd_cwnd":	226300,
					"rtt":	1833,
					"rttvar":	256,
					"pmtu":	1500,
					"omitted":	false,
					"sender":	true
				}],
			"sum":	{
				"start":	19.000133,
				"end":	20.000162,
				"seconds":	1.0000289678573608,
				"bytes":	118137360,
				"bits_per_second":	945071503.30349648,
				"retransmits":	0,
				"omitted":	false,
				"sender":	true
			}
		}, {
			"streams":	[{
					"socket":	6,
					"start":	20.000162,
					"end":	21.000135,
					"seconds":	0.99997299909591675,
					"bytes":	117366480,
					"bits_per_second":	938957192.69309819,
					"retransmits":	0,
					"snd_cwnd":	226300,
					"rtt":	1775,
					"rttvar":	192,
					"pmtu":	1500,
					"omitted":	false,
					"sender":	true
				}],
			"sum":	{
				"start":	20.000162,
				"end":	21.000135,
				"seconds":	0.99997299909591675,
				"bytes":	117366480,
				"bits_per_second":	938957192.69309819,
				"retransmits":	0,
				"omitted":	false,
				"sender":	true
			}
		}, {
			"streams":	[{
					"socket":	6,
					"start":	21.000135,
					"end":	22.000135,
					"seconds":	1,
					"bytes":	118008880,
					"bits_per_second":	944071040,
					"retransmits":	0,
					"snd_cwnd":	226300,
					"rtt":	1787,
					"rttvar":	264,
					"pmtu":	1500,
					"omitted":	false,
					"sender":	true
				}],
			"sum":	{
				"start":	21.000135,
				"end":	22.000135,
				"seconds":	1,
				"bytes":	118008880,
				"bits_per_second":	944071040,
				"retransmits":	0,
				"omitted":	false,
				"sender":	true
			}
		}, {
			"streams":	[{
					"socket":	6,
					"start":	22.000135,
					"end":	23.000137,
					"seconds":	1.0000020265579224,
					"bytes":	117816160,
					"bits_per_second":	942527369.9136914,
					"retransmits":	0,
					"snd_cwnd":	226300,
					"rtt":	1708,
					"rttvar":	216,
					"pmtu":	1500,
					"omitted":	false,
					"sender":	true
				}],
			"sum":	{
				"start":	22.000135,
				"end":	23.000137,
				"seconds":	1.0000020265579224,
				"bytes":	117816160,
				"bits_per_second":	942527369.9136914,
				"retransmits":	0,
				"omitted":	false,
				"sender":	true
			}
		}, {
			"streams":	[{
					"socket":	6,
					"start":	23.000137,
					"end":	24.000136,
					"seconds":	0.99999898672103882,
					"bytes":	117559200,
					"bits_per_second":	940474552.963078,
					"retransmits":	0,
					"snd_cwnd":	226300,
					"rtt":	1644,
					"rttvar":	222,
					"pmtu":	1500,
					"omitted":	false,
					"sender":	true
				}],
			"sum":	{
				"start":	23.000137,
				"end":	24.000136,
				"seconds":	0.99999898672103882,
				"bytes":	117559200,
				"bits_per_second":	940474552.963078,
				"retransmits":	0,
				"omitted":	false,
				"sender":	true
			}
		}, {
			"streams":	[{
					"socket":	6,
					"start":	24.000136,
					"end":	25.000144,
					"seconds":	1.0000079870224,
					"bytes":	117880400,
					"bits_per_second":	943035667.95299613,
					"retransmits":	0,
					"snd_cwnd":	226300,
					"rtt":	1729,
					"rttvar":	282,
					"pmtu":	1500,
					"omitted":	false,
					"sender":	true
				}],
			"sum":	{
				"start":	24.000136,
				"end":	25.000144,
				"seconds":	1.0000079870224,
				"bytes":	117880400,
				"bits_per_second":	943035667.95299613,
				"retransmits":	0,
				"omitted":	false,
				"sender":	true
			}
		}, {
			"streams":	[{
					"socket":	6,
					"start":	25.000144,
					"end":	26.000133,
					"seconds":	0.99998897314071655,
					"bytes":	117944640,
					"bits_per_second":	943567524.586318,
					"retransmits":	0,
					"snd_cwnd":	226300,
					"rtt":	1648,
					"rttvar":	287,
					"pmtu":	1500,
					"omitted":	false,
					"sender":	true
				}],
			"sum":	{
				"start":	25.000144,
				"end":	26.000133,
				"seconds":	0.99998897314071655,
				"bytes":	117944640,
				"bits_per_second":	943567524.586318,
				"retransmits":	0,
				"omitted":	false,
				"sender":	true
			}
		}, {
			"streams":	[{
					"socket":	6,
					"start":	26.000133,
					"end":	27.00008,
					"seconds":	0.99994701147079468,
					"bytes":	117816160,
					"bits_per_second":	942579225.88683927,
					"retransmits":	0,
					"snd_cwnd":	226300,
					"rtt":	1699,
					"rttvar":	209,
					"pmtu":	1500,
					"omitted":	false,
					"sender":	true
				}],
			"sum":	{
				"start":	26.000133,
				"end":	27.00008,
				"seconds":	0.99994701147079468,
				"bytes":	117816160,
				"bits_per_second":	942579225.88683927,
				"retransmits":	0,
				"omitted":	false,
				"sender":	true
			}
		}, {
			"streams":	[{
					"socket":	6,
					"start":	27.00008,
					"end":	28.000142,
					"seconds":	1.0000619888305664,
					"bytes":	117302240,
					"bits_per_second":	938359752.176312,
					"retransmits":	0,
					"snd_cwnd":	226300,
					"rtt":	1699,
					"rttvar":	211,
					"pmtu":	1500,
					"omitted":	false,
					"sender":	true
				}],
			"sum":	{
				"start":	27.00008,
				"end":	28.000142,
				"seconds":	1.0000619888305664,
				"bytes":	117302240,
				"bits_per_second":	938359752.176312,
				"retransmits":	0,
				"omitted":	false,
				"sender":	true
			}
		}, {
			"streams":	[{
					"socket":	6,
					"start":	28.000142,
					"end":	29.000143,
					"seconds":	1.0000009536743164,
					"bytes":	118008880,
					"bits_per_second":	944070139.664555,
					"retransmits":	0,
					"snd_cwnd":	226300,
					"rtt":	1710,
					"rttvar":	209,
					"pmtu":	1500,
					"omitted":	false,
					"sender":	true
				}],
			"sum":	{
				"start":	28.000142,
				"end":	29.000143,
				"seconds":	1.0000009536743164,
				"bytes":	118008880,
				"bits_per_second":	944070139.664555,
				"retransmits":	0,
				"omitted":	false,
				"sender":	true
			}
		}, {
			"streams":	[{
					"socket":	6,
					"start":	29.000143,
					"end":	30.000142,
					"seconds":	0.99999898672103882,
					"bytes":	117559200,
					"bits_per_second":	940474552.963078,
					"retransmits":	0,
					"snd_cwnd":	226300,
					"rtt":	1493,
					"rttvar":	138,
					"pmtu":	1500,
					"omitted":	false,
					"sender":	true
				}],
			"sum":	{
				"start":	29.000143,
				"end":	30.000142,
				"seconds":	0.99999898672103882,
				"bytes":	117559200,
				"bits_per_second":	940474552.963078,
				"retransmits":	0,
				"omitted":	false,
				"sender":	true
			}
		}, {
			"streams":	[{
					"socket":	6,
					"start":	30.000142,
					"end":	31.000132,
					"seconds":	0.99998998641967773,
					"bytes":	117944640,
					"bits_per_second":	943566568.47962284,
					"retransmits":	0,
					"snd_cwnd":	226300,
					"rtt":	1815,
					"rttvar":	200,
					"pmtu":	1500,
					"omitted":	false,
					"sender":	true
				}],
			"sum":	{
				"start":	30.000142,
				"end":	31.000132,
				"seconds":	0.99998998641967773,
				"bytes":	117944640,
				"bits_per_second":	943566568.47962284,
				"retransmits":	0,
				"omitted":	false,
				"sender":	true
			}
		}, {
			"streams":	[{
					"socket":	6,
					"start":	31.000132,
					"end":	32.000141,
					"seconds":	1.0000089406967163,
					"bytes":	117880400,
					"bits_per_second":	943034768.61214089,
					"retransmits":	0,
					"snd_cwnd":	226300,
					"rtt":	1779,
					"rttvar":	246,
					"pmtu":	1500,
					"omitted":	false,
					"sender":	true
				}],
			"sum":	{
				"start":	31.000132,
				"end":	32.000141,
				"seconds":	1.0000089406967163,
				"bytes":	117880400,
				"bits_per_second":	943034768.61214089,
				"retransmits":	0,
				"omitted":	false,
				"sender":	true
			}
		}, {
			"streams":	[{
					"socket":	6,
					"start":	32.000141,
					"end":	33.000078,
					"seconds":	0.99993699789047241,
					"bytes":	117816160,
					"bits_per_second":	942588665.0743165,
					"retransmits":	0,
					"snd_cwnd":	226300,
					"rtt":	1666,
					"rttvar":	140,
					"pmtu":	1500,
					"omitted":	false,
					"sender":	true
				}],
			"sum":	{
				"start":	32.000141,
				"end":	33.000078,
				"seconds":	0.99993699789047241,
				"bytes":	117816160,
				"bits_per_second":	942588665.0743165,
				"retransmits":	0,
				"omitted":	false,
				"sender":	true
			}
		}, {
			"streams":	[{
					"socket":	6,
					"start":	33.000078,
					"end":	34.000138,
					"seconds":	1.000059962272644,
					"bytes":	117366480,
					"bits_per_second":	938875542.88871849,
					"retransmits":	0,
					"snd_cwnd":	226300,
					"rtt":	1731,
					"rttvar":	186,
					"pmtu":	1500,
					"omitted":	false,
					"sender":	true
				}],
			"sum":	{
				"start":	33.000078,
				"end":	34.000138,
				"seconds":	1.000059962272644,
				"bytes":	117366480,
				"bits_per_second":	938875542.88871849,
				"retransmits":	0,
				"omitted":	false,
				"sender":	true
			}
		}, {
			"streams":	[{
					"socket":	6,
					"start":	34.000138,
					"end":	35.000137,
					"seconds":	0.99999898672103882,
					"bytes":	118073120,
					"bits_per_second":	944585917.1290369,
					"retransmits":	0,
					"snd_cwnd":	226300,
					"rtt":	1691,
					"rttvar":	255,
					"pmtu":	1500,
					"omitted":	false,
					"sender":	true
				}],
			"sum":	{
				"start":	34.000138,
				"end":	35.000137,
				"seconds":	0.99999898672103882,
				"bytes":	118073120,
				"bits_per_second":	944585917.1290369,
				"retransmits":	0,
				"omitted":	false,
				"sender":	true
			}
		}, {
			"streams":	[{
					"socket":	6,
					"start":	35.000137,
					"end":	36.000144,
					"seconds":	1.0000070333480835,
					"bytes":	117430720,
					"bits_per_second":	939439152.59743655,
					"retransmits":	0,
					"snd_cwnd":	226300,
					"rtt":	1689,
					"rttvar":	167,
					"pmtu":	1500,
					"omitted":	false,
					"sender":	true
				}],
			"sum":	{
				"start":	35.000137,
				"end":	36.000144,
				"seconds":	1.0000070333480835,
				"bytes":	117430720,
				"bits_per_second":	939439152.59743655,
				"retransmits":	0,
				"omitted":	false,
				"sender":	true
			}
		}, {
			"streams":	[{
					"socket":	6,
					"start":	36.000144,
					"end":	37.000134,
					"seconds":	0.99998998641967773,
					"bytes":	118137360,
					"bits_per_second":	945108343.918315,
					"retransmits":	0,
					"snd_cwnd":	226300,
					"rtt":	1685,
					"rttvar":	165,
					"pmtu":	1500,
					"omitted":	false,
					"sender":	true
				}],
			"sum":	{
				"start":	36.000144,
				"end":	37.000134,
				"seconds":	0.99998998641967773,
				"bytes":	118137360,
				"bits_per_second":	945108343.918315,
				"retransmits":	0,
				"omitted":	false,
				"sender":	true
			}
		}, {
			"streams":	[{
					"socket":	6,
					"start":	37.000134,
					"end":	38.000139,
					"seconds":	1.0000050067901611,
					"bytes":	117751920,
					"bits_per_second":	942010643.5503782,
					"retransmits":	0,
					"snd_cwnd":	226300,
					"rtt":	1689,
					"rttvar":	184,
					"pmtu":	1500,
					"omitted":	false,
					"sender":	true
				}],
			"sum":	{
				"start":	37.000134,
				"end":	38.000139,
				"seconds":	1.0000050067901611,
				"bytes":	117751920,
				"bits_per_second":	942010643.5503782,
				"retransmits":	0,
				"omitted":	false,
				"sender":	true
			}
		}, {
			"streams":	[{
					"socket":	6,
					"start":	38.000139,
					"end":	39.000142,
					"seconds":	1.0000029802322388,
					"bytes":	117430720,
					"bits_per_second":	939442960.24180341,
					"retransmits":	0,
					"snd_cwnd":	226300,
					"rtt":	1655,
					"rttvar":	182,
					"pmtu":	1500,
					"omitted":	false,
					"sender":	true
				}],
			"sum":	{
				"start":	38.000139,
				"end":	39.000142,
				"seconds":	1.0000029802322388,
				"bytes":	117430720,
				"bits_per_second":	939442960.24180341,
				"retransmits":	0,
				"omitted":	false,
				"sender":	true
			}
		}, {
			"streams":	[{
					"socket":	6,
					"start":	39.000142,
					"end":	40.000147,
					"seconds":	1.0000050067901611,
					"bytes":	118073120,
					"bits_per_second":	944580230.68499458,
					"retransmits":	0,
					"snd_cwnd":	226300,
					"rtt":	1616,
					"rttvar":	130,
					"pmtu":	1500,
					"omitted":	false,
					"sender":	true
				}],
			"sum":	{
				"start":	39.000142,
				"end":	40.000147,
				"seconds":	1.0000050067901611,
				"bytes":	118073120,
				"bits_per_second":	944580230.68499458,
				"retransmits":	0,
				"omitted":	false,
				"sender":	true
			}
		}],
	"end":	{
		"streams":	[{
				"sender":	{
					"socket":	6,
					"start":	0,
					"end":	40.000147,
					"seconds":	40.000147,
					"bytes":	4711395180,
					"bits_per_second":	942275573.13726878,
					"retransmits":	0,
					"max_snd_cwnd":	226300,
					"max_rtt":	1833,
					"min_rtt":	1493,
					"mean_rtt":	1703,
					"sender":	true
				},
				"receiver":	{
					"socket":	6,
					"start":	0,
					"end":	40.000147,
					"seconds":	40.000147,
					"bytes":	4710479760,
					"bits_per_second":	942092489.8101,
					"sender":	true
				}
			}],
		"sum_sent":	{
			"start":	0,
			"end":	40.000147,
			"seconds":	40.000147,
			"bytes":	4711395180,
			"bits_per_second":	942275573.13726878,
			"retransmits":	0,
			"sender":	true
		},
		"sum_received":	{
			"start":	0,
			"end":	40.000147,
			"seconds":	40.000147,
			"bytes":	4710479760,
			"bits_per_second":	942092489.8101,
			"sender":	true
		},
		"cpu_utilization_percent":	{
			"host_total":	5.30699452717617,
			"host_user":	0.1970859635801116,
			"host_system":	5.1099110599350528,
			"remote_total":	37.831516,
			"remote_user":	9.638804,
			"remote_system":	28.192712
		},
		"sender_tcp_congestion":	"cubic"
	}
}
