{
	"start":	{
		"connected":	[{
				"socket":	6,
				"local_host":	"192.168.94.17",
				"local_port":	41952,
				"remote_host":	"192.168.94.100",
				"remote_port":	5201
			}],
		"version":	"iperf 3.7",
		"system_info":	"Linux lab4-nz17 5.11.0-25-generic #27~20.04.1-Ubuntu SMP Tue Jul 13 17:41:23 UTC 2021 x86_64",
		"timestamp":	{
			"time":	"Fri, 08 Oct 2021 20:57:12 GMT",
			"timesecs":	1633726632
		},
		"connecting_to":	{
			"host":	"192.168.94.100",
			"port":	5201
		},
		"cookie":	"6rfi7oaz6frmmd2ul24aeupxdyhj63ng7qhb",
		"tcp_mss_default":	1460,
		"sock_bufsize":	0,
		"sndbuf_actual":	16384,
		"rcvbuf_actual":	131072,
		"test_start":	{
			"protocol":	"TCP",
			"num_streams":	1,
			"blksize":	131072,
			"omit":	0,
			"duration":	40,
			"bytes":	0,
			"blocks":	0,
			"reverse":	0,
			"tos":	0
		}
	},
	"intervals":	[{
			"streams":	[{
					"socket":	6,
					"start":	0,
					"end":	1.000132,
					"seconds":	1.0001319646835327,
					"bytes":	118378260,
					"bits_per_second":	946901122.49303341,
					"retransmits":	0,
					"snd_cwnd":	220460,
					"rtt":	1663,
					"rttvar":	158,
					"pmtu":	1500,
					"omitted":	false,
					"sender":	true
				}],
			"sum":	{
				"start":	0,
				"end":	1.000132,
				"seconds":	1.0001319646835327,
				"bytes":	118378260,
				"bits_per_second":	946901122.49303341,
				"retransmits":	0,
				"omitted":	false,
				"sender":	true
			}
		}, {
			"streams":	[{
					"socket":	6,
					"start":	1.000132,
					"end":	2.000134,
					"seconds":	1.0000020265579224,
					"bytes":	118137360,
					"bits_per_second":	945096964.70625877,
					"retransmits":	0,
					"snd_cwnd":	220460,
					"rtt":	1666,
					"rttvar":	145,
					"pmtu":	1500,
					"omitted":	false,
					"sender":	true
				}],
			"sum":	{
				"start":	1.000132,
				"end":	2.000134,
				"seconds":	1.0000020265579224,
				"bytes":	118137360,
				"bits_per_second":	945096964.70625877,
				"retransmits":	0,
				"omitted":	false,
				"sender":	true
			}
		}, {
			"streams":	[{
					"socket":	6,
					"start":	2.000134,
					"end":	3.000126,
					"seconds":	0.9999920129776001,
					"bytes":	117816160,
					"bits_per_second":	942536808.06259871,
					"retransmits":	0,
					"snd_cwnd":	220460,
					"rtt":	1661,
					"rttvar":	133,
					"pmtu":	1500,
					"omitted":	false,
					"sender":	true
				}],
			"sum":	{
				"start":	2.000134,
				"end":	3.000126,
				"seconds":	0.9999920129776001,
				"bytes":	117816160,
				"bits_per_second":	942536808.06259871,
				"retransmits":	0,
				"omitted":	false,
				"sender":	true
			}
		}, {
			"streams":	[{
					"socket":	6,
					"start":	3.000126,
					"end":	4.000144,
					"seconds":	1.0000180006027222,
					"bytes":	117430720,
					"bits_per_second":	939428849.71449053,
					"retransmits":	0,
					"snd_cwnd":	220460,
					"rtt":	1767,
					"rttvar":	229,
					"pmtu":	1500,
					"omitted":	false,
					"sender":	true
				}],
			"sum":	{
				"start":	3.000126,
				"end":	4.000144,
				"seconds":	1.0000180006027222,
				"bytes":	117430720,
				"bits_per_second":	939428849.71449053,
				"retransmits":	0,
				"omitted":	false,
				"sender":	true
			}
		}, {
			"streams":	[{
					"socket":	6,
					"start":	4.000144,
					"end":	5.00014,
					"seconds":	0.9999960064888,
					"bytes":	118073120,
					"bits_per_second":	944588732.22568154,
					"retransmits":	0,
					"snd_cwnd":	220460,
					"rtt":	1671,
					"rttvar":	177,
					"pmtu":	1500,
					"omitted":	false,
					"sender":	true
				}],
			"sum":	{
				"start":	4.000144,
				"end":	5.00014,
				"seconds":	0.9999960064888,
				"bytes":	118073120,
				"bits_per_second":	944588732.22568154,
				"retransmits":	0,
				"omitted":	false,
				"sender":	true
			}
		}, {
			"streams":	[{
					"socket":	6,
					"start":	5.00014,
					"end":	6.000157,
					"seconds":	1.0000170469284058,
					"bytes":	117687680,
					"bits_per_second":	941485390.565952,
					"retransmits":	0,
					"snd_cwnd":	220460,
					"rtt":	1588,
					"rttvar":	104,
					"pmtu":	1500,
					"omitted":	false,
					"sender":	true
				}],
			"sum":	{
				"start":	5.00014,
				"end":	6.000157,
				"seconds":	1.0000170469284058,
				"bytes":	117687680,
				"bits_per_second":	941485390.565952,
				"retransmits":	0,
				"omitted":	false,
				"sender":	true
			}
		}, {
			"streams":	[{
					"socket":	6,
					"start":	6.000157,
					"end":	7.000076,
					"seconds":	0.99991899728775024,
					"bytes":	117880400,
					"bits_per_second":	943119595.24519074,
					"retransmits":	0,
					"snd_cwnd":	220460,
					"rtt":	1651,
					"rttvar":	150,
					"pmtu":	1500,
					"omitted":	false,
					"sender":	true
				}],
			"sum":	{
				"start":	6.000157,
				"end":	7.000076,
				"seconds":	0.99991899728775024,
				"bytes":	117880400,
				"bits_per_second":	943119595.24519074,
				"retransmits":	0,
				"omitted":	false,
				"sender":	true
			}
		}, {
			"streams":	[{
					"socket":	6,
					"start":	7.000076,
					"end":	8.00014,
					"seconds":	1.0000640153884888,
					"bytes":	117559200,
					"bits_per_second":	940413399.07091844,
					"retransmits":	0,
					"snd_cwnd":	220460,
					"rtt":	1679,
					"rttvar":	202,
					"pmtu":	1500,
					"omitted":	false,
					"sender":	true
				}],
			"sum":	{
				"start":	7.000076,
				"end":	8.00014,
				"seconds":	1.0000640153884888,
				"bytes":	117559200,
				"bits_per_second":	940413399.07091844,
				"retransmits":	0,
				"omitted":	false,
				"sender":	true
			}
		}, {
			"streams":	[{
					"socket":	6,
					"start":	8.00014,
					"end":	9.000142,
					"seconds":	1.0000020265579224,
					"bytes":	117687680,
					"bits_per_second":	941499531.99666452,
					"retransmits":	0,
					"snd_cwnd":	220460,
					"rtt":	1754,
					"rttvar":	184,
					"pmtu":	1500,
					"omitted":	false,
					"sender":	true
				}],
			"sum":	{
				"start":	8.00014,
				"end":	9.000142,
				"seconds":	1.0000020265579224,
				"bytes":	117687680,
				"bits_per_second":	941499531.99666452,
				"retransmits":	0,
				"omitted":	false,
				"sender":	true
			}
		}, {
			"streams":	[{
					"socket":	6,
					"start":	9.000142,
					"end":	10.000136,
					"seconds":	0.99999397993087769,
					"bytes":	117816160,
					"bits_per_second":	942534954.125574,
					"retransmits":	0,
					"snd_cwnd":	220460,
					"rtt":	1647,
					"rttvar":	196,
					"pmtu":	1500,
					"omitted":	false,
					"sender":	true
				}],
			"sum":	{
				"start":	9.000142,
				"end":	10.000136,
				"seconds":	0.99999397993087769,
				"bytes":	117816160,
				"bits_per_second":	942534954.125574,
				"retransmits":	0,
				"omitted":	false,
				"sender":	true
			}
		}, {
			"streams":	[{
					"socket":	6,
					"start":	10.000136,
					"end":	11.000142,
					"seconds":	1.0000059604644775,
					"bytes":	117880400,
					"bits_per_second":	943037579.058009,
					"retransmits":	0,
					"snd_cwnd":	220460,
					"rtt":	1659,
					"rttvar":	255,
					"pmtu":	1500,
					"omitted":	false,
					"sender":	true
				}],
			"sum":	{
				"start":	10.000136,
				"end":	11.000142,
				"seconds":	1.0000059604644775,
				"bytes":	117880400,
				"bits_per_second":	943037579.058009,
				"retransmits":	0,
				"omitted":	false,
				"sender":	true
			}
		}, {
			"streams":	[{
					"socket":	6,
					"start":	11.000142,
					"end":	12.000141,
					"seconds":	0.99999898672103882,
					"bytes":	117559200,
					"bits_per_second":	940474552.963078,
					"retransmits":	0,
					"snd_cwnd":	220460,
					"rtt":	1588,
					"rttvar":	133,
					"pmtu":	1500,
					"omitted":	false,
					"sender":	true
				}],
			"sum":	{
				"start":	11.000142,
				"end":	12.000141,
				"seconds":	0.99999898672103882,
				"bytes":	117559200,
				"bits_per_second":	940474552.963078,
				"retransmits":	0,
				"omitted":	false,
				"sender":	true
			}
		}, {
			"streams":	[{
					"socket":	6,
					"start":	12.000141,
					"end":	13.000134,
					"seconds":	0.99999302625656128,
					"bytes":	118008880,
					"bits_per_second":	944077623.75513434,
					"retransmits":	0,
					"snd_cwnd":	220460,
					"rtt":	1674,
					"rttvar":	176,
					"pmtu":	1500,
					"omitted":	false,
					"sender":	true
				}],
			"sum":	{
				"start":	12.000141,
				"end":	13.000134,
				"seconds":	0.99999302625656128,
				"bytes":	118008880,
				"bits_per_second":	944077623.75513434,
				"retransmits":	0,
				"omitted":	false,
				"sender":	true
			}
		}, {
			"streams":	[{
					"socket":	6,
					"start":	13.000134,
					"end":	14.000142,
					"seconds":	1.0000079870224,
					"bytes":	117623440,
					"bits_per_second":	940980004.37162721,
					"retransmits":	0,
					"snd_cwnd":	220460,
					"rtt":	1667,
					"rttvar":	167,
					"pmtu":	1500,
					"omitted":	false,
					"sender":	true
				}],
			"sum":	{
				"start":	13.000134,
				"end":	14.000142,
				"seconds":	1.0000079870224,
				"bytes":	117623440,
				"bits_per_second":	940980004.37162721,
				"retransmits":	0,
				"omitted":	false,
				"sender":	true
			}
		}, {
			"streams":	[{
					"socket":	6,
					"start":	14.000142,
					"end":	15.000133,
					"seconds":	0.99999099969863892,
					"bytes":	117880400,
					"bits_per_second":	943051687.74938881,
					"retransmits":	0,
					"snd_cwnd":	220460,
					"rtt":	1625,
					"rttvar":	222,
					"pmtu":	1500,
					"omitted":	false,
					"sender":	true
				}],
			"sum":	{
				"start":	14.000142,
				"end":	15.000133,
				"seconds":	0.99999099969863892,
				"bytes":	117880400,
				"bits_per_second":	943051687.74938881,
				"retransmits":	0,
				"omitted":	false,
				"sender":	true
			}
		}, {
			"streams":	[{
					"socket":	6,
					"start":	15.000133,
					"end":	16.000154,
					"seconds":	1.0000209808349609,
					"bytes":	117559200,
					"bits_per_second":	940453868.49259675,
					"retransmits":	0,
					"snd_cwnd":	220460,
					"rtt":	1662,
					"rttvar":	147,
					"pmtu":	1500,
					"omitted":	false,
					"sender":	true
				}],
			"sum":	{
				"start":	15.000133,
				"end":	16.000154,
				"seconds":	1.0000209808349609,
				"bytes":	117559200,
				"bits_per_second":	940453868.49259675,
				"retransmits":	0,
				"omitted":	false,
				"sender":	true
			}
		}, {
			"streams":	[{
					"socket":	6,
					"start":	16.000154,
					"end":	17.000148,
					"seconds":	0.99999397993087769,
					"bytes":	117944640,
					"bits_per_second":	943562800.31327915,
					"retransmits":	0,
					"snd_cwnd":	220460,
					"rtt":	1619,
					"rttvar":	203,
					"pmtu":	1500,
					"omitted":	false,
					"sender":	true
				}],
			"sum":	{
				"start":	16.000154,
				"end":	17.000148,
				"seconds":	0.99999397993087769,
				"bytes":	117944640,
				"bits_per_second":	943562800.31327915,
				"retransmits":	0,
				"omitted":	false,
				"sender":	true
			}
		}, {
			"streams":	[{
					"socket":	6,
					"start":	17.000148,
					"end":	18.000149,
					"seconds":	1.0000009536743164,
					"bytes":	117880400,
					"bits_per_second":	943042300.64477861,
					"retransmits":	0,
					"snd_cwnd":	220460,
					"rtt":	1698,
					"rttvar":	204,
					"pmtu":	1500,
					"omitted":	false,
					"sender":	true
				}],
			"sum":	{
				"start":	17.000148,
				"end":	18.000149,
				"seconds":	1.0000009536743164,
				"bytes":	117880400,
				"bits_per_second":	943042300.64477861,
				"retransmits":	0,
				"omitted":	false,
				"sender":	true
			}
		}, {
			"streams":	[{
					"socket":	6,
					"start":	18.000149,
					"end":	19.000139,
					"seconds":	0.99998998641967773,
					"bytes":	117751920,
					"bits_per_second":	942024793.04093063,
					"retransmits":	0,
					"snd_cwnd":	220460,
					"rtt":	1627,
					"rttvar":	188,
					"pmtu":	1500,
					"omitted":	false,
					"sender":	true
				}],
			"sum":	{
				"start":	18.000149,
				"end":	19.000139,
				"seconds":	0.99998998641967773,
				"bytes":	117751920,
				"bits_per_second":	942024793.04093063,
				"retransmits":	0,
				"omitted":	false,
				"sender":	true
			}
		}, {
			"streams":	[{
					"socket":	6,
					"start":	19.000139,
					"end":	20.000135,
					"seconds":	0.9999960064888,
					"bytes":	117751920,
					"bits_per_second":	942019121.96391416,
					"retransmits":	0,
					"snd_cwnd":	220460,
					"rtt":	1602,
					"rttvar":	138,
					"pmtu":	1500,
					"omitted":	false,
					"sender":	true
				}],
			"sum":	{
				"start":	19.000139,
				"end":	20.000135,
				"seconds":	0.9999960064888,
				"bytes":	117751920,
				"bits_per_second":	942019121.96391416,
				"retransmits":	0,
				"omitted":	false,
				"sender":	true
			}
		}, {
			"streams":	[{
					"socket":	6,
					"start":	20.000135,
					"end":	21.000133,
					"seconds":	0.99999797344207764,
					"bytes":	117623440,
					"bits_per_second":	940989426.969578,
					"retransmits":	0,
					"snd_cwnd":	220460,
					"rtt":	1732,
					"rttvar":	192,
					"pmtu":	1500,
					"omitted":	false,
					"sender":	true
				}],
			"sum":	{
				"start":	20.000135,
				"end":	21.000133,
				"seconds":	0.99999797344207764,
				"bytes":	117623440,
				"bits_per_second":	940989426.969578,
				"retransmits":	0,
				"omitted":	false,
				"sender":	true
			}
		}, {
			"streams":	[{
					"socket":	6,
					"start":	21.000133,
					"end":	22.000144,
					"seconds":	1.0000109672546387,
					"bytes":	117687680,
					"bits_per_second":	941491114.42720807,
					"retransmits":	0,
					"snd_cwnd":	220460,
					"rtt":	1612,
					"rttvar":	122,
					"pmtu":	1500,
					"omitted":	false,
					"sender":	true
				}],
			"sum":	{
				"start":	21.000133,
				"end":	22.000144,
				"seconds":	1.0000109672546387,
				"bytes":	117687680,
				"bits_per_second":	941491114.42720807,
				"retransmits":	0,
				"omitted":	false,
				"sender":	true
			}
		}, {
			"streams":	[{
					"socket":	6,
					"start":	22.000144,
					"end":	23.00015,
					"seconds":	1.0000059604644775,
					"bytes":	117816160,
					"bits_per_second":	942523662.12119269,
					"retransmits":	0,
					"snd_cwnd":	220460,
					"rtt":	1722,
					"rttvar":	205,
					"pmtu":	1500,
					"omitted":	false,
					"sender":	true
				}],
			"sum":	{
				"start":	22.000144,
				"end":	23.00015,
				"seconds":	1.0000059604644775,
				"bytes":	117816160,
				"bits_per_second":	942523662.12119269,
				"retransmits":	0,
				"omitted":	false,
				"sender":	true
			}
		}, {
			"streams":	[{
					"socket":	6,
					"start":	23.00015,
					"end":	24.000287,
					"seconds":	1.0001369714736938,
					"bytes":	118137360,
					"bits_per_second":	944969446.14236617,
					"retransmits":	0,
					"snd_cwnd":	220460,
					"rtt":	1597,
					"rttvar":	206,
					"pmtu":	1500,
					"omitted":	false,
					"sender":	true
				}],
			"sum":	{
				"start":	23.00015,
				"end":	24.000287,
				"seconds":	1.0001369714736938,
				"bytes":	118137360,
				"bits_per_second":	944969446.14236617,
				"retransmits":	0,
				"omitted":	false,
				"sender":	true
			}
		}, {
			"streams":	[{
					"socket":	6,
					"start":	24.000287,
					"end":	25.000277,
					"seconds":	0.99998998641967773,
					"bytes":	117751920,
					"bits_per_second":	942024793.04093063,
					"retransmits":	0,
					"snd_cwnd":	220460,
					"rtt":	1599,
					"rttvar":	259,
					"pmtu":	1500,
					"omitted":	false,
					"sender":	true
				}],
			"sum":	{
				"start":	24.000287,
				"end":	25.000277,
				"seconds":	0.99998998641967773,
				"bytes":	117751920,
				"bits_per_second":	942024793.04093063,
				"retransmits":	0,
				"omitted":	false,
				"sender":	true
			}
		}, {
			"streams":	[{
					"socket":	6,
					"start":	25.000277,
					"end":	26.000133,
					"seconds":	0.99985599517822266,
					"bytes":	117366480,
					"bits_per_second":	939067070.18607914,
					"retransmits":	0,
					"snd_cwnd":	220460,
					"rtt":	1733,
					"rttvar":	251,
					"pmtu":	1500,
					"omitted":	false,
					"sender":	true
				}],
			"sum":	{
				"start":	25.000277,
				"end":	26.000133,
				"seconds":	0.99985599517822266,
				"bytes":	117366480,
				"bits_per_second":	939067070.18607914,
				"retransmits":	0,
				"omitted":	false,
				"sender":	true
			}
		}, {
			"streams":	[{
					"socket":	6,
					"start":	26.000133,
					"end":	27.000267,
					"seconds":	1.0001339912414551,
					"bytes":	118137360,
					"bits_per_second":	944972261.99347484,
					"retransmits":	0,
					"snd_cwnd":	220460,
					"rtt":	1635,
					"rttvar":	272,
					"pmtu":	1500,
					"omitted":	false,
					"sender":	true
				}],
			"sum":	{
				"start":	26.000133,
				"end":	27.000267,
				"seconds":	1.0001339912414551,
				"bytes":	118137360,
				"bits_per_second":	944972261.99347484,
				"retransmits":	0,
				"omitted":	false,
				"sender":	true
			}
		}, {
			"streams":	[{
					"socket":	6,
					"start":	27.000267,
					"end":	28.000083,
					"seconds":	0.99981600046157837,
					"bytes":	117687680,
					"bits_per_second":	941674707.71156228,
					"retransmits":	0,
					"snd_cwnd":	220460,
					"rtt":	1630,
					"rttvar":	241,
					"pmtu":	1500,
					"omitted":	false,
					"sender":	true
				}],
			"sum":	{
				"start":	27.000267,
				"end":	28.000083,
				"seconds":	0.99981600046157837,
				"bytes":	117687680,
				"bits_per_second":	941674707.71156228,
				"retransmits":	0,
				"omitted":	false,
				"sender":	true
			}
		}, {
			"streams":	[{
					"socket":	6,
					"start":	28.000083,
					"end":	29.000144,
					"seconds":	1.00006103515625,
					"bytes":	117751920,
					"bits_per_second":	941957867.454379,
					"retransmits":	0,
					"snd_cwnd":	220460,
					"rtt":	1598,
					"rttvar":	170,
					"pmtu":	1500,
					"omitted":	false,
					"sender":	true
				}],
			"sum":	{
				"start":	28.000083,
				"end":	29.000144,
				"seconds":	1.00006103515625,
				"bytes":	117751920,
				"bits_per_second":	941957867.454379,
				"retransmits":	0,
				"omitted":	false,
				"sender":	true
			}
		}, {
			"streams":	[{
					"socket":	6,
					"start":	29.000144,
					"end":	30.000144,
					"seconds":	1,
					"bytes":	117559200,
					"bits_per_second":	940473600,
					"retransmits":	0,
					"snd_cwnd":	220460,
					"rtt":	1601,
					"rttvar":	206,
					"pmtu":	1500,
					"omitted":	false,
					"sender":	true
				}],
			"sum":	{
				"start":	29.000144,
				"end":	30.000144,
				"seconds":	1,
				"bytes":	117559200,
				"bits_per_second":	940473600,
				"retransmits":	0,
				"omitted":	false,
				"sender":	true
			}
		}, {
			"streams":	[{
					"socket":	6,
					"start":	30.000144,
					"end":	31.000137,
					"seconds":	0.99999302625656128,
					"bytes":	117816160,
					"bits_per_second":	942535853.00322068,
					"retransmits":	0,
					"snd_cwnd":	220460,
					"rtt":	1683,
					"rttvar":	267,
					"pmtu":	1500,
					"omitted":	false,
					"sender":	true
				}],
			"sum":	{
				"start":	30.000144,
				"end":	31.000137,
				"seconds":	0.99999302625656128,
				"bytes":	117816160,
				"bits_per_second":	942535853.00322068,
				"retransmits":	0,
				"omitted":	false,
				"sender":	true
			}
		}, {
			"streams":	[{
					"socket":	6,
					"start":	31.000137,
					"end":	32.000167,
					"seconds":	1.0000300407409668,
					"bytes":	118073120,
					"bits_per_second":	944556584.8203069,
					"retransmits":	0,
					"snd_cwnd":	220460,
					"rtt":	1704,
					"rttvar":	235,
					"pmtu":	1500,
					"omitted":	false,
					"sender":	true
				}],
			"sum":	{
				"start":	31.000137,
				"end":	32.000167,
				"seconds":	1.0000300407409668,
				"bytes":	118073120,
				"bits_per_second":	944556584.8203069,
				"retransmits":	0,
				"omitted":	false,
				"sender":	true
			}
		}, {
			"streams":	[{
					"socket":	6,
					"start":	32.000167,
					"end":	33.000136,
					"seconds":	0.9999690055847168,
					"bytes":	117494960,
					"bits_per_second":	939988814.4036752,
					"retransmits":	0,
					"snd_cwnd":	220460,
					"rtt":	1699,
					"rttvar":	179,
					"pmtu":	1500,
					"omitted":	false,
					"sender":	true
				}],
			"sum":	{
				"start":	32.000167,
				"end":	33.000136,
				"seconds":	0.9999690055847168,
				"bytes":	117494960,
				"bits_per_second":	939988814.4036752,
				"retransmits":	0,
				"omitted":	false,
				"sender":	true
			}
		}, {
			"streams":	[{
					"socket":	6,
					"start":	33.000136,
					"end":	34.000142,
					"seconds":	1.0000059604644775,
					"bytes":	117880400,
					"bits_per_second":	943037579.058009,
					"retransmits":	0,
					"snd_cwnd":	220460,
					"rtt":	1676,
					"rttvar":	194,
					"pmtu":	1500,
					"omitted":	false,
					"sender":	true
				}],
			"sum":	{
				"start":	33.000136,
				"end":	34.000142,
				"seconds":	1.0000059604644775,
				"bytes":	117880400,
				"bits_per_second":	943037579.058009,
				"retransmits":	0,
				"omitted":	false,
				"sender":	true
			}
		}, {
			"streams":	[{
					"socket":	6,
					"start":	34.000142,
					"end":	35.000138,
					"seconds":	0.9999960064888,
					"bytes":	117816160,
					"bits_per_second":	942533044.01626766,
					"retransmits":	0,
					"snd_cwnd":	220460,
					"rtt":	1694,
					"rttvar":	247,
					"pmtu":	1500,
					"omitted":	false,
					"sender":	true
				}],
			"sum":	{
				"start":	34.000142,
				"end":	35.000138,
				"seconds":	0.9999960064888,
				"bytes":	117816160,
				"bits_per_second":	942533044.01626766,
				"retransmits":	0,
				"omitted":	false,
				"sender":	true
			}
		}, {
			"streams":	[{
					"socket":	6,
					"start":	35.000138,
					"end":	36.000134,
					"seconds":	0.9999960064888,
					"bytes":	117559200,
					"bits_per_second":	940477355.80685377,
					"retransmits":	0,
					"snd_cwnd":	220460,
					"rtt":	1647,
					"rttvar":	158,
					"pmtu":	1500,
					"omitted":	false,
					"sender":	true
				}],
			"sum":	{
				"start":	35.000138,
				"end":	36.000134,
				"seconds":	0.9999960064888,
				"bytes":	117559200,
				"bits_per_second":	940477355.80685377,
				"retransmits":	0,
				"omitted":	false,
				"sender":	true
			}
		}, {
			"streams":	[{
					"socket":	6,
					"start":	36.000134,
					"end":	37.000139,
					"seconds":	1.0000050067901611,
					"bytes":	117985352,
					"bits_per_second":	943878090.20046473,
					"retransmits":	0,
					"snd_cwnd":	220460,
					"rtt":	1691,
					"rttvar":	167,
					"pmtu":	1500,
					"omitted":	false,
					"sender":	true
				}],
			"sum":	{
				"start":	36.000134,
				"end":	37.000139,
				"seconds":	1.0000050067901611,
				"bytes":	117985352,
				"bits_per_second":	943878090.20046473,
				"retransmits":	0,
				"omitted":	false,
				"sender":	true
			}
		}, {
			"streams":	[{
					"socket":	6,
					"start":	37.000139,
					"end":	38.000137,
					"seconds":	0.99999797344207764,
					"bytes":	117687680,
					"bits_per_second":	941503348.01106882,
					"retransmits":	0,
					"snd_cwnd":	220460,
					"rtt":	1752,
					"rttvar":	238,
					"pmtu":	1500,
					"omitted":	false,
					"sender":	true
				}],
			"sum":	{
				"start":	37.000139,
				"end":	38.000137,
				"seconds":	0.99999797344207764,
				"bytes":	117687680,
				"bits_per_second":	941503348.01106882,
				"retransmits":	0,
				"omitted":	false,
				"sender":	true
			}
		}, {
			"streams":	[{
					"socket":	6,
					"start":	38.000137,
					"end":	39.000139,
					"seconds":	1.0000020265579224,
					"bytes":	117751920,
					"bits_per_second":	942013450.955178,
					"retransmits":	0,
					"snd_cwnd":	220460,
					"rtt":	1634,
					"rttvar":	204,
					"pmtu":	1500,
					"omitted":	false,
					"sender":	true
				}],
			"sum":	{
				"start":	38.000137,
				"end":	39.000139,
				"seconds":	1.0000020265579224,
				"bytes":	117751920,
				"bits_per_second":	942013450.955178,
				"retransmits":	0,
				"omitted":	false,
				"sender":	true
			}
		}, {
			"streams":	[{
					"socket":	6,
					"start":	39.000139,
					"end":	40.00015,
					"seconds":	1.0000109672546387,
					"bytes":	117687680,
					"bits_per_second":	941491114.42720807,
					"retransmits":	0,
					"snd_cwnd":	220460,
					"rtt":	1692,
					"rttvar":	265,
					"pmtu":	1500,
					"omitted":	false,
					"sender":	true
				}],
			"sum":	{
				"start":	39.000139,
				"end":	40.00015,
				"seconds":	1.0000109672546387,
				"bytes":	117687680,
				"bits_per_second":	941491114.42720807,
				"retransmits":	0,
				"omitted":	false,
				"sender":	true
			}
		}],
	"end":	{
		"streams":	[{
				"sender":	{
					"socket":	6,
					"start":	0,
					"end":	40.00015,
					"seconds":	40.00015,
					"bytes":	4711578972,
					"bits_per_second":	942312260.72902226,
					"retransmits":	0,
					"max_snd_cwnd":	220460,
					"max_rtt":	1767,
					"min_rtt":	1588,
					"mean_rtt":	1662,
					"sender":	true
				},
				"receiver":	{
					"socket":	6,
					"start":	0,
					"end":	40.00015,
					"seconds":	40.00015,
					"bytes":	4710742392,
					"bits_per_second":	942144945.356455,
					"sender":	true
				}
			}],
		"sum_sent":	{
			"start":	0,
			"end":	40.00015,
			"seconds":	40.00015,
			"bytes":	4711578972,
			"bits_per_second":	942312260.72902226,
			"retransmits":	0,
			"sender":	true
		},
		"sum_received":	{
			"start":	0,
			"end":	40.00015,
			"seconds":	40.00015,
			"bytes":	4710742392,
			"bits_per_second":	942144945.356455,
			"sender":	true
		},
		"cpu_utilization_percent":	{
			"host_total":	5.3799069605008931,
			"host_user":	0.229411779538895,
			"host_system":	5.1504976776076923,
			"remote_total":	8.878184,
			"remote_user":	2.048998,
			"remote_system":	6.829186
		},
		"sender_tcp_congestion":	"cubic"
	}
}
