{
	"start":	{
		"connected":	[{
				"socket":	6,
				"local_host":	"192.168.94.2",
				"local_port":	45674,
				"remote_host":	"192.168.94.100",
				"remote_port":	5201
			}],
		"version":	"iperf 3.7",
		"system_info":	"Linux lab4-nz02 5.11.0-25-generic #27~20.04.1-Ubuntu SMP Tue Jul 13 17:41:23 UTC 2021 x86_64",
		"timestamp":	{
			"time":	"Fri, 08 Oct 2021 20:46:53 GMT",
			"timesecs":	1633726013
		},
		"connecting_to":	{
			"host":	"192.168.94.100",
			"port":	5201
		},
		"cookie":	"sbna23ousv4cv6v4alninl4qebqqv3ehsgev",
		"tcp_mss_default":	1460,
		"sock_bufsize":	0,
		"sndbuf_actual":	16384,
		"rcvbuf_actual":	131072,
		"test_start":	{
			"protocol":	"TCP",
			"num_streams":	1,
			"blksize":	131072,
			"omit":	0,
			"duration":	40,
			"bytes":	0,
			"blocks":	0,
			"reverse":	0,
			"tos":	0
		}
	},
	"intervals":	[{
			"streams":	[{
					"socket":	6,
					"start":	0,
					"end":	1.000147,
					"seconds":	1.0001469850540161,
					"bytes":	118229340,
					"bits_per_second":	945695716.863974,
					"retransmits":	0,
					"snd_cwnd":	214620,
					"rtt":	1668,
					"rttvar":	142,
					"pmtu":	1500,
					"omitted":	false,
					"sender":	true
				}],
			"sum":	{
				"start":	0,
				"end":	1.000147,
				"seconds":	1.0001469850540161,
				"bytes":	118229340,
				"bits_per_second":	945695716.863974,
				"retransmits":	0,
				"omitted":	false,
				"sender":	true
			}
		}, {
			"streams":	[{
					"socket":	6,
					"start":	1.000147,
					"end":	2.00012,
					"seconds":	0.99997299909591675,
					"bytes":	117816160,
					"bits_per_second":	942554729.8298533,
					"retransmits":	0,
					"snd_cwnd":	214620,
					"rtt":	1666,
					"rttvar":	164,
					"pmtu":	1500,
					"omitted":	false,
					"sender":	true
				}],
			"sum":	{
				"start":	1.000147,
				"end":	2.00012,
				"seconds":	0.99997299909591675,
				"bytes":	117816160,
				"bits_per_second":	942554729.8298533,
				"retransmits":	0,
				"omitted":	false,
				"sender":	true
			}
		}, {
			"streams":	[{
					"socket":	6,
					"start":	2.00012,
					"end":	3.000144,
					"seconds":	1.0000239610671997,
					"bytes":	117816160,
					"bits_per_second":	942506696.53370821,
					"retransmits":	0,
					"snd_cwnd":	214620,
					"rtt":	1520,
					"rttvar":	189,
					"pmtu":	1500,
					"omitted":	false,
					"sender":	true
				}],
			"sum":	{
				"start":	2.00012,
				"end":	3.000144,
				"seconds":	1.0000239610671997,
				"bytes":	117816160,
				"bits_per_second":	942506696.53370821,
				"retransmits":	0,
				"omitted":	false,
				"sender":	true
			}
		}, {
			"streams":	[{
					"socket":	6,
					"start":	3.000144,
					"end":	4.00014,
					"seconds":	0.9999960064888,
					"bytes":	117559200,
					"bits_per_second":	940477355.80685377,
					"retransmits":	0,
					"snd_cwnd":	214620,
					"rtt":	1524,
					"rttvar":	120,
					"pmtu":	1500,
					"omitted":	false,
					"sender":	true
				}],
			"sum":	{
				"start":	3.000144,
				"end":	4.00014,
				"seconds":	0.9999960064888,
				"bytes":	117559200,
				"bits_per_second":	940477355.80685377,
				"retransmits":	0,
				"omitted":	false,
				"sender":	true
			}
		}, {
			"streams":	[{
					"socket":	6,
					"start":	4.00014,
					"end":	5.000128,
					"seconds":	0.99998801946640015,
					"bytes":	117816160,
					"bits_per_second":	942540572.13899374,
					"retransmits":	0,
					"snd_cwnd":	214620,
					"rtt":	1534,
					"rttvar":	245,
					"pmtu":	1500,
					"omitted":	false,
					"sender":	true
				}],
			"sum":	{
				"start":	4.00014,
				"end":	5.000128,
				"seconds":	0.99998801946640015,
				"bytes":	117816160,
				"bits_per_second":	942540572.13899374,
				"retransmits":	0,
				"omitted":	false,
				"sender":	true
			}
		}, {
			"streams":	[{
					"socket":	6,
					"start":	5.000128,
					"end":	6.00014,
					"seconds":	1.0000120401382446,
					"bytes":	117751920,
					"bits_per_second":	942004018.14139462,
					"retransmits":	0,
					"snd_cwnd":	214620,
					"rtt":	1641,
					"rttvar":	217,
					"pmtu":	1500,
					"omitted":	false,
					"sender":	true
				}],
			"sum":	{
				"start":	5.000128,
				"end":	6.00014,
				"seconds":	1.0000120401382446,
				"bytes":	117751920,
				"bits_per_second":	942004018.14139462,
				"retransmits":	0,
				"omitted":	false,
				"sender":	true
			}
		}, {
			"streams":	[{
					"socket":	6,
					"start":	6.00014,
					"end":	7.000132,
					"seconds":	0.9999920129776001,
					"bytes":	117687680,
					"bits_per_second":	941508959.853152,
					"retransmits":	0,
					"snd_cwnd":	214620,
					"rtt":	1530,
					"rttvar":	134,
					"pmtu":	1500,
					"omitted":	false,
					"sender":	true
				}],
			"sum":	{
				"start":	6.00014,
				"end":	7.000132,
				"seconds":	0.9999920129776001,
				"bytes":	117687680,
				"bits_per_second":	941508959.853152,
				"retransmits":	0,
				"omitted":	false,
				"sender":	true
			}
		}, {
			"streams":	[{
					"socket":	6,
					"start":	7.000132,
					"end":	8.00006,
					"seconds":	0.99992799758911133,
					"bytes":	118148872,
					"bits_per_second":	945259036.92957318,
					"retransmits":	0,
					"snd_cwnd":	214620,
					"rtt":	1714,
					"rttvar":	258,
					"pmtu":	1500,
					"omitted":	false,
					"sender":	true
				}],
			"sum":	{
				"start":	7.000132,
				"end":	8.00006,
				"seconds":	0.99992799758911133,
				"bytes":	118148872,
				"bits_per_second":	945259036.92957318,
				"retransmits":	0,
				"omitted":	false,
				"sender":	true
			}
		}, {
			"streams":	[{
					"socket":	6,
					"start":	8.00006,
					"end":	9.000101,
					"seconds":	1.0000410079956055,
					"bytes":	117559200,
					"bits_per_second":	940435034.644232,
					"retransmits":	0,
					"snd_cwnd":	214620,
					"rtt":	1605,
					"rttvar":	181,
					"pmtu":	1500,
					"omitted":	false,
					"sender":	true
				}],
			"sum":	{
				"start":	8.00006,
				"end":	9.000101,
				"seconds":	1.0000410079956055,
				"bytes":	117559200,
				"bits_per_second":	940435034.644232,
				"retransmits":	0,
				"omitted":	false,
				"sender":	true
			}
		}, {
			"streams":	[{
					"socket":	6,
					"start":	9.000101,
					"end":	10.000134,
					"seconds":	1.0000330209732056,
					"bytes":	117687680,
					"bits_per_second":	941470351.73274159,
					"retransmits":	0,
					"snd_cwnd":	214620,
					"rtt":	1620,
					"rttvar":	239,
					"pmtu":	1500,
					"omitted":	false,
					"sender":	true
				}],
			"sum":	{
				"start":	9.000101,
				"end":	10.000134,
				"seconds":	1.0000330209732056,
				"bytes":	117687680,
				"bits_per_second":	941470351.73274159,
				"retransmits":	0,
				"omitted":	false,
				"sender":	true
			}
		}, {
			"streams":	[{
					"socket":	6,
					"start":	10.000134,
					"end":	11.000141,
					"seconds":	1.0000070333480835,
					"bytes":	117751920,
					"bits_per_second":	942008734.52467239,
					"retransmits":	0,
					"snd_cwnd":	214620,
					"rtt":	1770,
					"rttvar":	219,
					"pmtu":	1500,
					"omitted":	false,
					"sender":	true
				}],
			"sum":	{
				"start":	10.000134,
				"end":	11.000141,
				"seconds":	1.0000070333480835,
				"bytes":	117751920,
				"bits_per_second":	942008734.52467239,
				"retransmits":	0,
				"omitted":	false,
				"sender":	true
			}
		}, {
			"streams":	[{
					"socket":	6,
					"start":	11.000141,
					"end":	12.000145,
					"seconds":	1.0000040531158447,
					"bytes":	118008880,
					"bits_per_second":	944067213.58621812,
					"retransmits":	0,
					"snd_cwnd":	214620,
					"rtt":	1647,
					"rttvar":	199,
					"pmtu":	1500,
					"omitted":	false,
					"sender":	true
				}],
			"sum":	{
				"start":	11.000141,
				"end":	12.000145,
				"seconds":	1.0000040531158447,
				"bytes":	118008880,
				"bits_per_second":	944067213.58621812,
				"retransmits":	0,
				"omitted":	false,
				"sender":	true
			}
		}, {
			"streams":	[{
					"socket":	6,
					"start":	12.000145,
					"end":	13.000014,
					"seconds":	0.99986898899078369,
					"bytes":	117687680,
					"bits_per_second":	941624803.21577239,
					"retransmits":	0,
					"snd_cwnd":	214620,
					"rtt":	1691,
					"rttvar":	188,
					"pmtu":	1500,
					"omitted":	false,
					"sender":	true
				}],
			"sum":	{
				"start":	12.000145,
				"end":	13.000014,
				"seconds":	0.99986898899078369,
				"bytes":	117687680,
				"bits_per_second":	941624803.21577239,
				"retransmits":	0,
				"omitted":	false,
				"sender":	true
			}
		}, {
			"streams":	[{
					"socket":	6,
					"start":	13.000014,
					"end":	14.000141,
					"seconds":	1.0001269578933716,
					"bytes":	117559200,
					"bits_per_second":	940354214.60989,
					"retransmits":	0,
					"snd_cwnd":	214620,
					"rtt":	1710,
					"rttvar":	157,
					"pmtu":	1500,
					"omitted":	false,
					"sender":	true
				}],
			"sum":	{
				"start":	13.000014,
				"end":	14.000141,
				"seconds":	1.0001269578933716,
				"bytes":	117559200,
				"bits_per_second":	940354214.60989,
				"retransmits":	0,
				"omitted":	false,
				"sender":	true
			}
		}, {
			"streams":	[{
					"socket":	6,
					"start":	14.000141,
					"end":	15.000143,
					"seconds":	1.0000020265579224,
					"bytes":	117751920,
					"bits_per_second":	942013450.955178,
					"retransmits":	0,
					"snd_cwnd":	214620,
					"rtt":	1627,
					"rttvar":	130,
					"pmtu":	1500,
					"omitted":	false,
					"sender":	true
				}],
			"sum":	{
				"start":	14.000141,
				"end":	15.000143,
				"seconds":	1.0000020265579224,
				"bytes":	117751920,
				"bits_per_second":	942013450.955178,
				"retransmits":	0,
				"omitted":	false,
				"sender":	true
			}
		}, {
			"streams":	[{
					"socket":	6,
					"start":	15.000143,
					"end":	16.000126,
					"seconds":	0.999983012676239,
					"bytes":	117751920,
					"bits_per_second":	942031362.59174931,
					"retransmits":	0,
					"snd_cwnd":	214620,
					"rtt":	1707,
					"rttvar":	208,
					"pmtu":	1500,
					"omitted":	false,
					"sender":	true
				}],
			"sum":	{
				"start":	15.000143,
				"end":	16.000126,
				"seconds":	0.999983012676239,
				"bytes":	117751920,
				"bits_per_second":	942031362.59174931,
				"retransmits":	0,
				"omitted":	false,
				"sender":	true
			}
		}, {
			"streams":	[{
					"socket":	6,
					"start":	16.000126,
					"end":	17.000045,
					"seconds":	0.99991899728775024,
					"bytes":	118008880,
					"bits_per_second":	944147518.50976312,
					"retransmits":	0,
					"snd_cwnd":	214620,
					"rtt":	1747,
					"rttvar":	245,
					"pmtu":	1500,
					"omitted":	false,
					"sender":	true
				}],
			"sum":	{
				"start":	16.000126,
				"end":	17.000045,
				"seconds":	0.99991899728775024,
				"bytes":	118008880,
				"bits_per_second":	944147518.50976312,
				"retransmits":	0,
				"omitted":	false,
				"sender":	true
			}
		}, {
			"streams":	[{
					"socket":	6,
					"start":	17.000045,
					"end":	18.000141,
					"seconds":	1.0000959634780884,
					"bytes":	117623440,
					"bits_per_second":	940897228.22945535,
					"retransmits":	0,
					"snd_cwnd":	214620,
					"rtt":	1648,
					"rttvar":	196,
					"pmtu":	1500,
					"omitted":	false,
					"sender":	true
				}],
			"sum":	{
				"start":	17.000045,
				"end":	18.000141,
				"seconds":	1.0000959634780884,
				"bytes":	117623440,
				"bits_per_second":	940897228.22945535,
				"retransmits":	0,
				"omitted":	false,
				"sender":	true
			}
		}, {
			"streams":	[{
					"socket":	6,
					"start":	18.000141,
					"end":	19.00014,
					"seconds":	0.99999898672103882,
					"bytes":	117494960,
					"bits_per_second":	939960632.44233322,
					"retransmits":	0,
					"snd_cwnd":	214620,
					"rtt":	1663,
					"rttvar":	142,
					"pmtu":	1500,
					"omitted":	false,
					"sender":	true
				}],
			"sum":	{
				"start":	18.000141,
				"end":	19.00014,
				"seconds":	0.99999898672103882,
				"bytes":	117494960,
				"bits_per_second":	939960632.44233322,
				"retransmits":	0,
				"omitted":	false,
				"sender":	true
			}
		}, {
			"streams":	[{
					"socket":	6,
					"start":	19.00014,
					"end":	20.000141,
					"seconds":	1.0000009536743164,
					"bytes":	118137360,
					"bits_per_second":	945097978.6843313,
					"retransmits":	0,
					"snd_cwnd":	214620,
					"rtt":	1688,
					"rttvar":	115,
					"pmtu":	1500,
					"omitted":	false,
					"sender":	true
				}],
			"sum":	{
				"start":	19.00014,
				"end":	20.000141,
				"seconds":	1.0000009536743164,
				"bytes":	118137360,
				"bits_per_second":	945097978.6843313,
				"retransmits":	0,
				"omitted":	false,
				"sender":	true
			}
		}, {
			"streams":	[{
					"socket":	6,
					"start":	20.000141,
					"end":	21.000125,
					"seconds":	0.9999840259552002,
					"bytes":	117687680,
					"bits_per_second":	941516479.82642853,
					"retransmits":	0,
					"snd_cwnd":	214620,
					"rtt":	1573,
					"rttvar":	234,
					"pmtu":	1500,
					"omitted":	false,
					"sender":	true
				}],
			"sum":	{
				"start":	20.000141,
				"end":	21.000125,
				"seconds":	0.9999840259552002,
				"bytes":	117687680,
				"bits_per_second":	941516479.82642853,
				"retransmits":	0,
				"omitted":	false,
				"sender":	true
			}
		}, {
			"streams":	[{
					"socket":	6,
					"start":	21.000125,
					"end":	22.000133,
					"seconds":	1.0000079870224,
					"bytes":	117687680,
					"bits_per_second":	941493920.26696944,
					"retransmits":	0,
					"snd_cwnd":	214620,
					"rtt":	1599,
					"rttvar":	118,
					"pmtu":	1500,
					"omitted":	false,
					"sender":	true
				}],
			"sum":	{
				"start":	21.000125,
				"end":	22.000133,
				"seconds":	1.0000079870224,
				"bytes":	117687680,
				"bits_per_second":	941493920.26696944,
				"retransmits":	0,
				"omitted":	false,
				"sender":	true
			}
		}, {
			"streams":	[{
					"socket":	6,
					"start":	22.000133,
					"end":	23.000152,
					"seconds":	1.0000189542770386,
					"bytes":	117880400,
					"bits_per_second":	943025325.63672352,
					"retransmits":	0,
					"snd_cwnd":	214620,
					"rtt":	1655,
					"rttvar":	232,
					"pmtu":	1500,
					"omitted":	false,
					"sender":	true
				}],
			"sum":	{
				"start":	22.000133,
				"end":	23.000152,
				"seconds":	1.0000189542770386,
				"bytes":	117880400,
				"bits_per_second":	943025325.63672352,
				"retransmits":	0,
				"omitted":	false,
				"sender":	true
			}
		}, {
			"streams":	[{
					"socket":	6,
					"start":	23.000152,
					"end":	24.000095,
					"seconds":	0.99994301795959473,
					"bytes":	117751920,
					"bits_per_second":	942069041.01615977,
					"retransmits":	0,
					"snd_cwnd":	214620,
					"rtt":	1614,
					"rttvar":	215,
					"pmtu":	1500,
					"omitted":	false,
					"sender":	true
				}],
			"sum":	{
				"start":	23.000152,
				"end":	24.000095,
				"seconds":	0.99994301795959473,
				"bytes":	117751920,
				"bits_per_second":	942069041.01615977,
				"retransmits":	0,
				"omitted":	false,
				"sender":	true
			}
		}, {
			"streams":	[{
					"socket":	6,
					"start":	24.000095,
					"end":	25.000092,
					"seconds":	0.99999701976776123,
					"bytes":	117687680,
					"bits_per_second":	941504245.90130663,
					"retransmits":	0,
					"snd_cwnd":	214620,
					"rtt":	1655,
					"rttvar":	293,
					"pmtu":	1500,
					"omitted":	false,
					"sender":	true
				}],
			"sum":	{
				"start":	24.000095,
				"end":	25.000092,
				"seconds":	0.99999701976776123,
				"bytes":	117687680,
				"bits_per_second":	941504245.90130663,
				"retransmits":	0,
				"omitted":	false,
				"sender":	true
			}
		}, {
			"streams":	[{
					"socket":	6,
					"start":	25.000092,
					"end":	26.000098,
					"seconds":	1.0000059604644775,
					"bytes":	117687680,
					"bits_per_second":	941495828.24756,
					"retransmits":	0,
					"snd_cwnd":	214620,
					"rtt":	1617,
					"rttvar":	145,
					"pmtu":	1500,
					"omitted":	false,
					"sender":	true
				}],
			"sum":	{
				"start":	25.000092,
				"end":	26.000098,
				"seconds":	1.0000059604644775,
				"bytes":	117687680,
				"bits_per_second":	941495828.24756,
				"retransmits":	0,
				"omitted":	false,
				"sender":	true
			}
		}, {
			"streams":	[{
					"socket":	6,
					"start":	26.000098,
					"end":	27.000097,
					"seconds":	0.99999898672103882,
					"bytes":	117944640,
					"bits_per_second":	943558076.08754718,
					"retransmits":	0,
					"snd_cwnd":	214620,
					"rtt":	1640,
					"rttvar":	225,
					"pmtu":	1500,
					"omitted":	false,
					"sender":	true
				}],
			"sum":	{
				"start":	26.000098,
				"end":	27.000097,
				"seconds":	0.99999898672103882,
				"bytes":	117944640,
				"bits_per_second":	943558076.08754718,
				"retransmits":	0,
				"omitted":	false,
				"sender":	true
			}
		}, {
			"streams":	[{
					"socket":	6,
					"start":	27.000097,
					"end":	28.000096,
					"seconds":	0.99999898672103882,
					"bytes":	117816160,
					"bits_per_second":	942530235.04605746,
					"retransmits":	0,
					"snd_cwnd":	214620,
					"rtt":	1628,
					"rttvar":	225,
					"pmtu":	1500,
					"omitted":	false,
					"sender":	true
				}],
			"sum":	{
				"start":	27.000097,
				"end":	28.000096,
				"seconds":	0.99999898672103882,
				"bytes":	117816160,
				"bits_per_second":	942530235.04605746,
				"retransmits":	0,
				"omitted":	false,
				"sender":	true
			}
		}, {
			"streams":	[{
					"socket":	6,
					"start":	28.000096,
					"end":	29.000095,
					"seconds":	0.99999898672103882,
					"bytes":	117687680,
					"bits_per_second":	941502394.00456774,
					"retransmits":	0,
					"snd_cwnd":	214620,
					"rtt":	1582,
					"rttvar":	169,
					"pmtu":	1500,
					"omitted":	false,
					"sender":	true
				}],
			"sum":	{
				"start":	28.000096,
				"end":	29.000095,
				"seconds":	0.99999898672103882,
				"bytes":	117687680,
				"bits_per_second":	941502394.00456774,
				"retransmits":	0,
				"omitted":	false,
				"sender":	true
			}
		}, {
			"streams":	[{
					"socket":	6,
					"start":	29.000095,
					"end":	30.000099,
					"seconds":	1.0000040531158447,
					"bytes":	117816160,
					"bits_per_second":	942525459.83512473,
					"retransmits":	0,
					"snd_cwnd":	214620,
					"rtt":	1603,
					"rttvar":	230,
					"pmtu":	1500,
					"omitted":	false,
					"sender":	true
				}],
			"sum":	{
				"start":	29.000095,
				"end":	30.000099,
				"seconds":	1.0000040531158447,
				"bytes":	117816160,
				"bits_per_second":	942525459.83512473,
				"retransmits":	0,
				"omitted":	false,
				"sender":	true
			}
		}, {
			"streams":	[{
					"socket":	6,
					"start":	30.000099,
					"end":	31.000095,
					"seconds":	0.9999960064888,
					"bytes":	117687680,
					"bits_per_second":	941505199.91156065,
					"retransmits":	0,
					"snd_cwnd":	214620,
					"rtt":	1671,
					"rttvar":	221,
					"pmtu":	1500,
					"omitted":	false,
					"sender":	true
				}],
			"sum":	{
				"start":	30.000099,
				"end":	31.000095,
				"seconds":	0.9999960064888,
				"bytes":	117687680,
				"bits_per_second":	941505199.91156065,
				"retransmits":	0,
				"omitted":	false,
				"sender":	true
			}
		}, {
			"streams":	[{
					"socket":	6,
					"start":	31.000095,
					"end":	32.000066,
					"seconds":	0.99997097253799438,
					"bytes":	118008880,
					"bits_per_second":	944098444.78173542,
					"retransmits":	0,
					"snd_cwnd":	214620,
					"rtt":	1690,
					"rttvar":	188,
					"pmtu":	1500,
					"omitted":	false,
					"sender":	true
				}],
			"sum":	{
				"start":	31.000095,
				"end":	32.000066,
				"seconds":	0.99997097253799438,
				"bytes":	118008880,
				"bits_per_second":	944098444.78173542,
				"retransmits":	0,
				"omitted":	false,
				"sender":	true
			}
		}, {
			"streams":	[{
					"socket":	6,
					"start":	32.000066,
					"end":	33.000095,
					"seconds":	1.0000289678573608,
					"bytes":	117623440,
					"bits_per_second":	940960262.3973366,
					"retransmits":	0,
					"snd_cwnd":	214620,
					"rtt":	1546,
					"rttvar":	118,
					"pmtu":	1500,
					"omitted":	false,
					"sender":	true
				}],
			"sum":	{
				"start":	32.000066,
				"end":	33.000095,
				"seconds":	1.0000289678573608,
				"bytes":	117623440,
				"bits_per_second":	940960262.3973366,
				"retransmits":	0,
				"omitted":	false,
				"sender":	true
			}
		}, {
			"streams":	[{
					"socket":	6,
					"start":	33.000095,
					"end":	34.000095,
					"seconds":	1,
					"bytes":	117623440,
					"bits_per_second":	940987520,
					"retransmits":	0,
					"snd_cwnd":	214620,
					"rtt":	1603,
					"rttvar":	199,
					"pmtu":	1500,
					"omitted":	false,
					"sender":	true
				}],
			"sum":	{
				"start":	33.000095,
				"end":	34.000095,
				"seconds":	1,
				"bytes":	117623440,
				"bits_per_second":	940987520,
				"retransmits":	0,
				"omitted":	false,
				"sender":	true
			}
		}, {
			"streams":	[{
					"socket":	6,
					"start":	34.000095,
					"end":	35.000135,
					"seconds":	1.0000400543212891,
					"bytes":	118008880,
					"bits_per_second":	944033227.38980258,
					"retransmits":	0,
					"snd_cwnd":	214620,
					"rtt":	1711,
					"rttvar":	263,
					"pmtu":	1500,
					"omitted":	false,
					"sender":	true
				}],
			"sum":	{
				"start":	34.000095,
				"end":	35.000135,
				"seconds":	1.0000400543212891,
				"bytes":	118008880,
				"bits_per_second":	944033227.38980258,
				"retransmits":	0,
				"omitted":	false,
				"sender":	true
			}
		}, {
			"streams":	[{
					"socket":	6,
					"start":	35.000135,
					"end":	36.00014,
					"seconds":	1.0000050067901611,
					"bytes":	117687680,
					"bits_per_second":	941496726.12345493,
					"retransmits":	0,
					"snd_cwnd":	214620,
					"rtt":	1748,
					"rttvar":	232,
					"pmtu":	1500,
					"omitted":	false,
					"sender":	true
				}],
			"sum":	{
				"start":	35.000135,
				"end":	36.00014,
				"seconds":	1.0000050067901611,
				"bytes":	117687680,
				"bits_per_second":	941496726.12345493,
				"retransmits":	0,
				"omitted":	false,
				"sender":	true
			}
		}, {
			"streams":	[{
					"socket":	6,
					"start":	36.00014,
					"end":	37.00016,
					"seconds":	1.0000200271606445,
					"bytes":	117623440,
					"bits_per_second":	940968675.06918287,
					"retransmits":	0,
					"snd_cwnd":	214620,
					"rtt":	1684,
					"rttvar":	168,
					"pmtu":	1500,
					"omitted":	false,
					"sender":	true
				}],
			"sum":	{
				"start":	36.00014,
				"end":	37.00016,
				"seconds":	1.0000200271606445,
				"bytes":	117623440,
				"bits_per_second":	940968675.06918287,
				"retransmits":	0,
				"omitted":	false,
				"sender":	true
			}
		}, {
			"streams":	[{
					"socket":	6,
					"start":	37.00016,
					"end":	38.000144,
					"seconds":	0.9999840259552002,
					"bytes":	118008880,
					"bits_per_second":	944086120.8739897,
					"retransmits":	0,
					"snd_cwnd":	214620,
					"rtt":	1577,
					"rttvar":	112,
					"pmtu":	1500,
					"omitted":	false,
					"sender":	true
				}],
			"sum":	{
				"start":	37.00016,
				"end":	38.000144,
				"seconds":	0.9999840259552002,
				"bytes":	118008880,
				"bits_per_second":	944086120.8739897,
				"retransmits":	0,
				"omitted":	false,
				"sender":	true
			}
		}, {
			"streams":	[{
					"socket":	6,
					"start":	38.000144,
					"end":	39.00014,
					"seconds":	0.9999960064888,
					"bytes":	117751920,
					"bits_per_second":	942019121.96391416,
					"retransmits":	0,
					"snd_cwnd":	214620,
					"rtt":	1621,
					"rttvar":	179,
					"pmtu":	1500,
					"omitted":	false,
					"sender":	true
				}],
			"sum":	{
				"start":	38.000144,
				"end":	39.00014,
				"seconds":	0.9999960064888,
				"bytes":	117751920,
				"bits_per_second":	942019121.96391416,
				"retransmits":	0,
				"omitted":	false,
				"sender":	true
			}
		}, {
			"streams":	[{
					"socket":	6,
					"start":	39.00014,
					"end":	40.000162,
					"seconds":	1.0000220537185669,
					"bytes":	117559200,
					"bits_per_second":	940452859.51731074,
					"retransmits":	0,
					"snd_cwnd":	214620,
					"rtt":	1647,
					"rttvar":	218,
					"pmtu":	1500,
					"omitted":	false,
					"sender":	true
				}],
			"sum":	{
				"start":	39.00014,
				"end":	40.000162,
				"seconds":	1.0000220537185669,
				"bytes":	117559200,
				"bits_per_second":	940452859.51731074,
				"retransmits":	0,
				"omitted":	false,
				"sender":	true
			}
		}],
	"end":	{
		"streams":	[{
				"sender":	{
					"socket":	6,
					"start":	0,
					"end":	40.000162,
					"seconds":	40.000162,
					"bytes":	4711079652,
					"bits_per_second":	942212114.44093645,
					"retransmits":	0,
					"max_snd_cwnd":	214620,
					"max_rtt":	1770,
					"min_rtt":	1520,
					"mean_rtt":	1639,
					"sender":	true
				},
				"receiver":	{
					"socket":	6,
					"start":	0,
					"end":	40.000162,
					"seconds":	40.000162,
					"bytes":	4710241612,
					"bits_per_second":	942044507.11974609,
					"sender":	true
				}
			}],
		"sum_sent":	{
			"start":	0,
			"end":	40.000162,
			"seconds":	40.000162,
			"bytes":	4711079652,
			"bits_per_second":	942212114.44093645,
			"retransmits":	0,
			"sender":	true
		},
		"sum_received":	{
			"start":	0,
			"end":	40.000162,
			"seconds":	40.000162,
			"bytes":	4710241612,
			"bits_per_second":	942044507.11974609,
			"sender":	true
		},
		"cpu_utilization_percent":	{
			"host_total":	4.297182056587582,
			"host_user":	0.17600442245755507,
			"host_system":	4.1211851247424169,
			"remote_total":	30.730395,
			"remote_user":	8.597754,
			"remote_system":	22.132641
		},
		"sender_tcp_congestion":	"cubic"
	}
}
