{
	"start":	{
		"connected":	[{
				"socket":	6,
				"local_host":	"192.168.94.13",
				"local_port":	57014,
				"remote_host":	"192.168.94.100",
				"remote_port":	5201
			}],
		"version":	"iperf 3.7",
		"system_info":	"Linux lab4-nz13 5.11.0-25-generic #27~20.04.1-Ubuntu SMP Tue Jul 13 17:41:23 UTC 2021 x86_64",
		"timestamp":	{
			"time":	"Fri, 08 Oct 2021 20:54:27 GMT",
			"timesecs":	1633726467
		},
		"connecting_to":	{
			"host":	"192.168.94.100",
			"port":	5201
		},
		"cookie":	"vwohl34xtgxz77ffbp3a542pr7iksu57tcp3",
		"tcp_mss_default":	1460,
		"sock_bufsize":	0,
		"sndbuf_actual":	16384,
		"rcvbuf_actual":	131072,
		"test_start":	{
			"protocol":	"TCP",
			"num_streams":	1,
			"blksize":	131072,
			"omit":	0,
			"duration":	40,
			"bytes":	0,
			"blocks":	0,
			"reverse":	0,
			"tos":	0
		}
	},
	"intervals":	[{
			"streams":	[{
					"socket":	6,
					"start":	0,
					"end":	1.00014,
					"seconds":	1.0001399517059326,
					"bytes":	118086260,
					"bits_per_second":	944557887.5122906,
					"retransmits":	0,
					"snd_cwnd":	221920,
					"rtt":	1673,
					"rttvar":	131,
					"pmtu":	1500,
					"omitted":	false,
					"sender":	true
				}],
			"sum":	{
				"start":	0,
				"end":	1.00014,
				"seconds":	1.0001399517059326,
				"bytes":	118086260,
				"bits_per_second":	944557887.5122906,
				"retransmits":	0,
				"omitted":	false,
				"sender":	true
			}
		}, {
			"streams":	[{
					"socket":	6,
					"start":	1.00014,
					"end":	2.000142,
					"seconds":	1.0000020265579224,
					"bytes":	118008880,
					"bits_per_second":	944069126.7892319,
					"retransmits":	0,
					"snd_cwnd":	221920,
					"rtt":	1616,
					"rttvar":	85,
					"pmtu":	1500,
					"omitted":	false,
					"sender":	true
				}],
			"sum":	{
				"start":	1.00014,
				"end":	2.000142,
				"seconds":	1.0000020265579224,
				"bytes":	118008880,
				"bits_per_second":	944069126.7892319,
				"retransmits":	0,
				"omitted":	false,
				"sender":	true
			}
		}, {
			"streams":	[{
					"socket":	6,
					"start":	2.000142,
					"end":	3.000134,
					"seconds":	0.9999920129776001,
					"bytes":	117816160,
					"bits_per_second":	942536808.06259871,
					"retransmits":	0,
					"snd_cwnd":	221920,
					"rtt":	1652,
					"rttvar":	128,
					"pmtu":	1500,
					"omitted":	false,
					"sender":	true
				}],
			"sum":	{
				"start":	2.000142,
				"end":	3.000134,
				"seconds":	0.9999920129776001,
				"bytes":	117816160,
				"bits_per_second":	942536808.06259871,
				"retransmits":	0,
				"omitted":	false,
				"sender":	true
			}
		}, {
			"streams":	[{
					"socket":	6,
					"start":	3.000134,
					"end":	4.000143,
					"seconds":	1.0000089406967163,
					"bytes":	117494960,
					"bits_per_second":	939951276.18071151,
					"retransmits":	0,
					"snd_cwnd":	221920,
					"rtt":	1649,
					"rttvar":	154,
					"pmtu":	1500,
					"omitted":	false,
					"sender":	true
				}],
			"sum":	{
				"start":	3.000134,
				"end":	4.000143,
				"seconds":	1.0000089406967163,
				"bytes":	117494960,
				"bits_per_second":	939951276.18071151,
				"retransmits":	0,
				"omitted":	false,
				"sender":	true
			}
		}, {
			"streams":	[{
					"socket":	6,
					"start":	4.000143,
					"end":	5.000162,
					"seconds":	1.0000189542770386,
					"bytes":	117880400,
					"bits_per_second":	943025325.63672352,
					"retransmits":	0,
					"snd_cwnd":	221920,
					"rtt":	1678,
					"rttvar":	199,
					"pmtu":	1500,
					"omitted":	false,
					"sender":	true
				}],
			"sum":	{
				"start":	4.000143,
				"end":	5.000162,
				"seconds":	1.0000189542770386,
				"bytes":	117880400,
				"bits_per_second":	943025325.63672352,
				"retransmits":	0,
				"omitted":	false,
				"sender":	true
			}
		}, {
			"streams":	[{
					"socket":	6,
					"start":	5.000162,
					"end":	6.000145,
					"seconds":	0.999983012676239,
					"bytes":	117623440,
					"bits_per_second":	941003505.13120186,
					"retransmits":	0,
					"snd_cwnd":	221920,
					"rtt":	1611,
					"rttvar":	137,
					"pmtu":	1500,
					"omitted":	false,
					"sender":	true
				}],
			"sum":	{
				"start":	5.000162,
				"end":	6.000145,
				"seconds":	0.999983012676239,
				"bytes":	117623440,
				"bits_per_second":	941003505.13120186,
				"retransmits":	0,
				"omitted":	false,
				"sender":	true
			}
		}, {
			"streams":	[{
					"socket":	6,
					"start":	6.000145,
					"end":	7.000186,
					"seconds":	1.0000410079956055,
					"bytes":	118201600,
					"bits_per_second":	945574023.9045831,
					"retransmits":	0,
					"snd_cwnd":	221920,
					"rtt":	1664,
					"rttvar":	164,
					"pmtu":	1500,
					"omitted":	false,
					"sender":	true
				}],
			"sum":	{
				"start":	6.000145,
				"end":	7.000186,
				"seconds":	1.0000410079956055,
				"bytes":	118201600,
				"bits_per_second":	945574023.9045831,
				"retransmits":	0,
				"omitted":	false,
				"sender":	true
			}
		}, {
			"streams":	[{
					"socket":	6,
					"start":	7.000186,
					"end":	8.000153,
					"seconds":	0.99996697902679443,
					"bytes":	117623440,
					"bits_per_second":	941018593.349757,
					"retransmits":	0,
					"snd_cwnd":	221920,
					"rtt":	1598,
					"rttvar":	227,
					"pmtu":	1500,
					"omitted":	false,
					"sender":	true
				}],
			"sum":	{
				"start":	7.000186,
				"end":	8.000153,
				"seconds":	0.99996697902679443,
				"bytes":	117623440,
				"bits_per_second":	941018593.349757,
				"retransmits":	0,
				"omitted":	false,
				"sender":	true
			}
		}, {
			"streams":	[{
					"socket":	6,
					"start":	8.000153,
					"end":	9.000145,
					"seconds":	0.9999920129776001,
					"bytes":	117880400,
					"bits_per_second":	943050732.167322,
					"retransmits":	0,
					"snd_cwnd":	221920,
					"rtt":	1636,
					"rttvar":	194,
					"pmtu":	1500,
					"omitted":	false,
					"sender":	true
				}],
			"sum":	{
				"start":	8.000153,
				"end":	9.000145,
				"seconds":	0.9999920129776001,
				"bytes":	117880400,
				"bits_per_second":	943050732.167322,
				"retransmits":	0,
				"omitted":	false,
				"sender":	true
			}
		}, {
			"streams":	[{
					"socket":	6,
					"start":	9.000145,
					"end":	10.000132,
					"seconds":	0.999987006187439,
					"bytes":	117559200,
					"bits_per_second":	940485820.49646783,
					"retransmits":	0,
					"snd_cwnd":	221920,
					"rtt":	1658,
					"rttvar":	156,
					"pmtu":	1500,
					"omitted":	false,
					"sender":	true
				}],
			"sum":	{
				"start":	9.000145,
				"end":	10.000132,
				"seconds":	0.999987006187439,
				"bytes":	117559200,
				"bits_per_second":	940485820.49646783,
				"retransmits":	0,
				"omitted":	false,
				"sender":	true
			}
		}, {
			"streams":	[{
					"socket":	6,
					"start":	10.000132,
					"end":	11.000156,
					"seconds":	1.0000239610671997,
					"bytes":	117494960,
					"bits_per_second":	939937158.10259116,
					"retransmits":	0,
					"snd_cwnd":	221920,
					"rtt":	1684,
					"rttvar":	197,
					"pmtu":	1500,
					"omitted":	false,
					"sender":	true
				}],
			"sum":	{
				"start":	10.000132,
				"end":	11.000156,
				"seconds":	1.0000239610671997,
				"bytes":	117494960,
				"bits_per_second":	939937158.10259116,
				"retransmits":	0,
				"omitted":	false,
				"sender":	true
			}
		}, {
			"streams":	[{
					"socket":	6,
					"start":	11.000156,
					"end":	12.000147,
					"seconds":	0.99999099969863892,
					"bytes":	117665612,
					"bits_per_second":	941333368.28399575,
					"retransmits":	0,
					"snd_cwnd":	221920,
					"rtt":	1735,
					"rttvar":	202,
					"pmtu":	1500,
					"omitted":	false,
					"sender":	true
				}],
			"sum":	{
				"start":	11.000156,
				"end":	12.000147,
				"seconds":	0.99999099969863892,
				"bytes":	117665612,
				"bits_per_second":	941333368.28399575,
				"retransmits":	0,
				"omitted":	false,
				"sender":	true
			}
		}, {
			"streams":	[{
					"socket":	6,
					"start":	12.000147,
					"end":	13.000077,
					"seconds":	0.99993002414703369,
					"bytes":	118137360,
					"bits_per_second":	945165018.72837949,
					"retransmits":	0,
					"snd_cwnd":	221920,
					"rtt":	1682,
					"rttvar":	230,
					"pmtu":	1500,
					"omitted":	false,
					"sender":	true
				}],
			"sum":	{
				"start":	12.000147,
				"end":	13.000077,
				"seconds":	0.99993002414703369,
				"bytes":	118137360,
				"bits_per_second":	945165018.72837949,
				"retransmits":	0,
				"omitted":	false,
				"sender":	true
			}
		}, {
			"streams":	[{
					"socket":	6,
					"start":	13.000077,
					"end":	14.00028,
					"seconds":	1.000203013420105,
					"bytes":	117816160,
					"bits_per_second":	942337972.74525821,
					"retransmits":	0,
					"snd_cwnd":	221920,
					"rtt":	1685,
					"rttvar":	186,
					"pmtu":	1500,
					"omitted":	false,
					"sender":	true
				}],
			"sum":	{
				"start":	13.000077,
				"end":	14.00028,
				"seconds":	1.000203013420105,
				"bytes":	117816160,
				"bits_per_second":	942337972.74525821,
				"retransmits":	0,
				"omitted":	false,
				"sender":	true
			}
		}, {
			"streams":	[{
					"socket":	6,
					"start":	14.00028,
					"end":	15.000143,
					"seconds":	0.99986302852630615,
					"bytes":	117559200,
					"bits_per_second":	940602435.701778,
					"retransmits":	0,
					"snd_cwnd":	221920,
					"rtt":	1710,
					"rttvar":	168,
					"pmtu":	1500,
					"omitted":	false,
					"sender":	true
				}],
			"sum":	{
				"start":	14.00028,
				"end":	15.000143,
				"seconds":	0.99986302852630615,
				"bytes":	117559200,
				"bits_per_second":	940602435.701778,
				"retransmits":	0,
				"omitted":	false,
				"sender":	true
			}
		}, {
			"streams":	[{
					"socket":	6,
					"start":	15.000143,
					"end":	16.000147,
					"seconds":	1.0000040531158447,
					"bytes":	117623440,
					"bits_per_second":	940983706.08403122,
					"retransmits":	0,
					"snd_cwnd":	221920,
					"rtt":	1708,
					"rttvar":	268,
					"pmtu":	1500,
					"omitted":	false,
					"sender":	true
				}],
			"sum":	{
				"start":	15.000143,
				"end":	16.000147,
				"seconds":	1.0000040531158447,
				"bytes":	117623440,
				"bits_per_second":	940983706.08403122,
				"retransmits":	0,
				"omitted":	false,
				"sender":	true
			}
		}, {
			"streams":	[{
					"socket":	6,
					"start":	16.000147,
					"end":	17.000146,
					"seconds":	0.99999898672103882,
					"bytes":	118008880,
					"bits_per_second":	944071996.608292,
					"retransmits":	0,
					"snd_cwnd":	221920,
					"rtt":	1619,
					"rttvar":	222,
					"pmtu":	1500,
					"omitted":	false,
					"sender":	true
				}],
			"sum":	{
				"start":	16.000147,
				"end":	17.000146,
				"seconds":	0.99999898672103882,
				"bytes":	118008880,
				"bits_per_second":	944071996.608292,
				"retransmits":	0,
				"omitted":	false,
				"sender":	true
			}
		}, {
			"streams":	[{
					"socket":	6,
					"start":	17.000146,
					"end":	18.000148,
					"seconds":	1.0000020265579224,
					"bytes":	117751920,
					"bits_per_second":	942013450.955178,
					"retransmits":	0,
					"snd_cwnd":	221920,
					"rtt":	1677,
					"rttvar":	188,
					"pmtu":	1500,
					"omitted":	false,
					"sender":	true
				}],
			"sum":	{
				"start":	17.000146,
				"end":	18.000148,
				"seconds":	1.0000020265579224,
				"bytes":	117751920,
				"bits_per_second":	942013450.955178,
				"retransmits":	0,
				"omitted":	false,
				"sender":	true
			}
		}, {
			"streams":	[{
					"socket":	6,
					"start":	18.000148,
					"end":	19.000141,
					"seconds":	0.99999302625656128,
					"bytes":	117751920,
					"bits_per_second":	942021929.41924942,
					"retransmits":	0,
					"snd_cwnd":	221920,
					"rtt":	1719,
					"rttvar":	209,
					"pmtu":	1500,
					"omitted":	false,
					"sender":	true
				}],
			"sum":	{
				"start":	18.000148,
				"end":	19.000141,
				"seconds":	0.99999302625656128,
				"bytes":	117751920,
				"bits_per_second":	942021929.41924942,
				"retransmits":	0,
				"omitted":	false,
				"sender":	true
			}
		}, {
			"streams":	[{
					"socket":	6,
					"start":	19.000141,
					"end":	20.000143,
					"seconds":	1.0000020265579224,
					"bytes":	117751920,
					"bits_per_second":	942013450.955178,
					"retransmits":	0,
					"snd_cwnd":	221920,
					"rtt":	1660,
					"rttvar":	186,
					"pmtu":	1500,
					"omitted":	false,
					"sender":	true
				}],
			"sum":	{
				"start":	19.000141,
				"end":	20.000143,
				"seconds":	1.0000020265579224,
				"bytes":	117751920,
				"bits_per_second":	942013450.955178,
				"retransmits":	0,
				"omitted":	false,
				"sender":	true
			}
		}, {
			"streams":	[{
					"socket":	6,
					"start":	20.000143,
					"end":	21.000141,
					"seconds":	0.99999797344207764,
					"bytes":	117880400,
					"bits_per_second":	943045111.13554108,
					"retransmits":	0,
					"snd_cwnd":	221920,
					"rtt":	1669,
					"rttvar":	202,
					"pmtu":	1500,
					"omitted":	false,
					"sender":	true
				}],
			"sum":	{
				"start":	20.000143,
				"end":	21.000141,
				"seconds":	0.99999797344207764,
				"bytes":	117880400,
				"bits_per_second":	943045111.13554108,
				"retransmits":	0,
				"omitted":	false,
				"sender":	true
			}
		}, {
			"streams":	[{
					"socket":	6,
					"start":	21.000141,
					"end":	22.000144,
					"seconds":	1.0000029802322388,
					"bytes":	117366480,
					"bits_per_second":	938929041.77339983,
					"retransmits":	0,
					"snd_cwnd":	221920,
					"rtt":	1698,
					"rttvar":	203,
					"pmtu":	1500,
					"omitted":	false,
					"sender":	true
				}],
			"sum":	{
				"start":	21.000141,
				"end":	22.000144,
				"seconds":	1.0000029802322388,
				"bytes":	117366480,
				"bits_per_second":	938929041.77339983,
				"retransmits":	0,
				"omitted":	false,
				"sender":	true
			}
		}, {
			"streams":	[{
					"socket":	6,
					"start":	22.000144,
					"end":	23.000292,
					"seconds":	1.0001480579376221,
					"bytes":	118265840,
					"bits_per_second":	945986659.16622591,
					"retransmits":	0,
					"snd_cwnd":	221920,
					"rtt":	1605,
					"rttvar":	134,
					"pmtu":	1500,
					"omitted":	false,
					"sender":	true
				}],
			"sum":	{
				"start":	22.000144,
				"end":	23.000292,
				"seconds":	1.0001480579376221,
				"bytes":	118265840,
				"bits_per_second":	945986659.16622591,
				"retransmits":	0,
				"omitted":	false,
				"sender":	true
			}
		}, {
			"streams":	[{
					"socket":	6,
					"start":	23.000292,
					"end":	24.000143,
					"seconds":	0.99985098838806152,
					"bytes":	117687680,
					"bits_per_second":	941641755.555864,
					"retransmits":	0,
					"snd_cwnd":	221920,
					"rtt":	1697,
					"rttvar":	225,
					"pmtu":	1500,
					"omitted":	false,
					"sender":	true
				}],
			"sum":	{
				"start":	23.000292,
				"end":	24.000143,
				"seconds":	0.99985098838806152,
				"bytes":	117687680,
				"bits_per_second":	941641755.555864,
				"retransmits":	0,
				"omitted":	false,
				"sender":	true
			}
		}, {
			"streams":	[{
					"socket":	6,
					"start":	24.000143,
					"end":	25.000149,
					"seconds":	1.0000059604644775,
					"bytes":	117430720,
					"bits_per_second":	939440160.50029457,
					"retransmits":	0,
					"snd_cwnd":	221920,
					"rtt":	1667,
					"rttvar":	180,
					"pmtu":	1500,
					"omitted":	false,
					"sender":	true
				}],
			"sum":	{
				"start":	24.000143,
				"end":	25.000149,
				"seconds":	1.0000059604644775,
				"bytes":	117430720,
				"bits_per_second":	939440160.50029457,
				"retransmits":	0,
				"omitted":	false,
				"sender":	true
			}
		}, {
			"streams":	[{
					"socket":	6,
					"start":	25.000149,
					"end":	26.000144,
					"seconds":	0.99999499320983887,
					"bytes":	117880400,
					"bits_per_second":	943047921.64305556,
					"retransmits":	0,
					"snd_cwnd":	221920,
					"rtt":	1727,
					"rttvar":	197,
					"pmtu":	1500,
					"omitted":	false,
					"sender":	true
				}],
			"sum":	{
				"start":	25.000149,
				"end":	26.000144,
				"seconds":	0.99999499320983887,
				"bytes":	117880400,
				"bits_per_second":	943047921.64305556,
				"retransmits":	0,
				"omitted":	false,
				"sender":	true
			}
		}, {
			"streams":	[{
					"socket":	6,
					"start":	26.000144,
					"end":	27.000073,
					"seconds":	0.99992901086807251,
					"bytes":	118073120,
					"bits_per_second":	944652020.02687526,
					"retransmits":	0,
					"snd_cwnd":	221920,
					"rtt":	1690,
					"rttvar":	245,
					"pmtu":	1500,
					"omitted":	false,
					"sender":	true
				}],
			"sum":	{
				"start":	26.000144,
				"end":	27.000073,
				"seconds":	0.99992901086807251,
				"bytes":	118073120,
				"bits_per_second":	944652020.02687526,
				"retransmits":	0,
				"omitted":	false,
				"sender":	true
			}
		}, {
			"streams":	[{
					"socket":	6,
					"start":	27.000073,
					"end":	28.000154,
					"seconds":	1.000080943107605,
					"bytes":	117687680,
					"bits_per_second":	941425238.1156491,
					"retransmits":	0,
					"snd_cwnd":	221920,
					"rtt":	1795,
					"rttvar":	257,
					"pmtu":	1500,
					"omitted":	false,
					"sender":	true
				}],
			"sum":	{
				"start":	27.000073,
				"end":	28.000154,
				"seconds":	1.000080943107605,
				"bytes":	117687680,
				"bits_per_second":	941425238.1156491,
				"retransmits":	0,
				"omitted":	false,
				"sender":	true
			}
		}, {
			"streams":	[{
					"socket":	6,
					"start":	28.000154,
					"end":	29.000146,
					"seconds":	0.9999920129776001,
					"bytes":	117751920,
					"bits_per_second":	942022883.95787537,
					"retransmits":	0,
					"snd_cwnd":	221920,
					"rtt":	1626,
					"rttvar":	192,
					"pmtu":	1500,
					"omitted":	false,
					"sender":	true
				}],
			"sum":	{
				"start":	28.000154,
				"end":	29.000146,
				"seconds":	0.9999920129776001,
				"bytes":	117751920,
				"bits_per_second":	942022883.95787537,
				"retransmits":	0,
				"omitted":	false,
				"sender":	true
			}
		}, {
			"streams":	[{
					"socket":	6,
					"start":	29.000146,
					"end":	30.000142,
					"seconds":	0.9999960064888,
					"bytes":	117494960,
					"bits_per_second":	939963433.75450027,
					"retransmits":	0,
					"snd_cwnd":	221920,
					"rtt":	1681,
					"rttvar":	246,
					"pmtu":	1500,
					"omitted":	false,
					"sender":	true
				}],
			"sum":	{
				"start":	29.000146,
				"end":	30.000142,
				"seconds":	0.9999960064888,
				"bytes":	117494960,
				"bits_per_second":	939963433.75450027,
				"retransmits":	0,
				"omitted":	false,
				"sender":	true
			}
		}, {
			"streams":	[{
					"socket":	6,
					"start":	30.000142,
					"end":	31.000143,
					"seconds":	1.0000009536743164,
					"bytes":	118073120,
					"bits_per_second":	944584059.17444313,
					"retransmits":	0,
					"snd_cwnd":	221920,
					"rtt":	1765,
					"rttvar":	242,
					"pmtu":	1500,
					"omitted":	false,
					"sender":	true
				}],
			"sum":	{
				"start":	30.000142,
				"end":	31.000143,
				"seconds":	1.0000009536743164,
				"bytes":	118073120,
				"bits_per_second":	944584059.17444313,
				"retransmits":	0,
				"omitted":	false,
				"sender":	true
			}
		}, {
			"streams":	[{
					"socket":	6,
					"start":	31.000143,
					"end":	32.000142,
					"seconds":	0.99999898672103882,
					"bytes":	117687680,
					"bits_per_second":	941502394.00456774,
					"retransmits":	0,
					"snd_cwnd":	221920,
					"rtt":	1669,
					"rttvar":	212,
					"pmtu":	1500,
					"omitted":	false,
					"sender":	true
				}],
			"sum":	{
				"start":	31.000143,
				"end":	32.000142,
				"seconds":	0.99999898672103882,
				"bytes":	117687680,
				"bits_per_second":	941502394.00456774,
				"retransmits":	0,
				"omitted":	false,
				"sender":	true
			}
		}, {
			"streams":	[{
					"socket":	6,
					"start":	32.000142,
					"end":	33.000159,
					"seconds":	1.0000170469284058,
					"bytes":	117687680,
					"bits_per_second":	941485390.565952,
					"retransmits":	0,
					"snd_cwnd":	221920,
					"rtt":	1752,
					"rttvar":	167,
					"pmtu":	1500,
					"omitted":	false,
					"sender":	true
				}],
			"sum":	{
				"start":	32.000142,
				"end":	33.000159,
				"seconds":	1.0000170469284058,
				"bytes":	117687680,
				"bits_per_second":	941485390.565952,
				"retransmits":	0,
				"omitted":	false,
				"sender":	true
			}
		}, {
			"streams":	[{
					"socket":	6,
					"start":	33.000159,
					"end":	34.000146,
					"seconds":	0.999987006187439,
					"bytes":	117623440,
					"bits_per_second":	940999747.17433476,
					"retransmits":	0,
					"snd_cwnd":	221920,
					"rtt":	1593,
					"rttvar":	131,
					"pmtu":	1500,
					"omitted":	false,
					"sender":	true
				}],
			"sum":	{
				"start":	33.000159,
				"end":	34.000146,
				"seconds":	0.999987006187439,
				"bytes":	117623440,
				"bits_per_second":	940999747.17433476,
				"retransmits":	0,
				"omitted":	false,
				"sender":	true
			}
		}, {
			"streams":	[{
					"socket":	6,
					"start":	34.000146,
					"end":	35.000149,
					"seconds":	1.0000029802322388,
					"bytes":	117816160,
					"bits_per_second":	942526471.05222511,
					"retransmits":	0,
					"snd_cwnd":	221920,
					"rtt":	1737,
					"rttvar":	244,
					"pmtu":	1500,
					"omitted":	false,
					"sender":	true
				}],
			"sum":	{
				"start":	34.000146,
				"end":	35.000149,
				"seconds":	1.0000029802322388,
				"bytes":	117816160,
				"bits_per_second":	942526471.05222511,
				"retransmits":	0,
				"omitted":	false,
				"sender":	true
			}
		}, {
			"streams":	[{
					"socket":	6,
					"start":	35.000149,
					"end":	36.000153,
					"seconds":	1.0000040531158447,
					"bytes":	117751920,
					"bits_per_second":	942011541.91809356,
					"retransmits":	0,
					"snd_cwnd":	221920,
					"rtt":	1733,
					"rttvar":	204,
					"pmtu":	1500,
					"omitted":	false,
					"sender":	true
				}],
			"sum":	{
				"start":	35.000149,
				"end":	36.000153,
				"seconds":	1.0000040531158447,
				"bytes":	117751920,
				"bits_per_second":	942011541.91809356,
				"retransmits":	0,
				"omitted":	false,
				"sender":	true
			}
		}, {
			"streams":	[{
					"socket":	6,
					"start":	36.000153,
					"end":	37.00016,
					"seconds":	1.0000070333480835,
					"bytes":	117751920,
					"bits_per_second":	942008734.52467239,
					"retransmits":	0,
					"snd_cwnd":	221920,
					"rtt":	1730,
					"rttvar":	217,
					"pmtu":	1500,
					"omitted":	false,
					"sender":	true
				}],
			"sum":	{
				"start":	36.000153,
				"end":	37.00016,
				"seconds":	1.0000070333480835,
				"bytes":	117751920,
				"bits_per_second":	942008734.52467239,
				"retransmits":	0,
				"omitted":	false,
				"sender":	true
			}
		}, {
			"streams":	[{
					"socket":	6,
					"start":	37.00016,
					"end":	38.000142,
					"seconds":	0.99998199939727783,
					"bytes":	118008880,
					"bits_per_second":	944088034.15363753,
					"retransmits":	0,
					"snd_cwnd":	221920,
					"rtt":	1670,
					"rttvar":	159,
					"pmtu":	1500,
					"omitted":	false,
					"sender":	true
				}],
			"sum":	{
				"start":	37.00016,
				"end":	38.000142,
				"seconds":	0.99998199939727783,
				"bytes":	118008880,
				"bits_per_second":	944088034.15363753,
				"retransmits":	0,
				"omitted":	false,
				"sender":	true
			}
		}, {
			"streams":	[{
					"socket":	6,
					"start":	38.000142,
					"end":	39.000142,
					"seconds":	1,
					"bytes":	117430720,
					"bits_per_second":	939445760,
					"retransmits":	0,
					"snd_cwnd":	221920,
					"rtt":	1648,
					"rttvar":	188,
					"pmtu":	1500,
					"omitted":	false,
					"sender":	true
				}],
			"sum":	{
				"start":	38.000142,
				"end":	39.000142,
				"seconds":	1,
				"bytes":	117430720,
				"bits_per_second":	939445760,
				"retransmits":	0,
				"omitted":	false,
				"sender":	true
			}
		}, {
			"streams":	[{
					"socket":	6,
					"start":	39.000142,
					"end":	40.000265,
					"seconds":	1.0001230239868164,
					"bytes":	118201600,
					"bits_per_second":	945496481.25335538,
					"retransmits":	0,
					"snd_cwnd":	221920,
					"rtt":	1607,
					"rttvar":	137,
					"pmtu":	1500,
					"omitted":	false,
					"sender":	true
				}],
			"sum":	{
				"start":	39.000142,
				"end":	40.000265,
				"seconds":	1.0001230239868164,
				"bytes":	118201600,
				"bits_per_second":	945496481.25335538,
				"retransmits":	0,
				"omitted":	false,
				"sender":	true
			}
		}],
	"end":	{
		"streams":	[{
				"sender":	{
					"socket":	6,
					"start":	0,
					"end":	40.000265,
					"seconds":	40.000265,
					"bytes":	4711288432,
					"bits_per_second":	942251443.98418367,
					"retransmits":	0,
					"max_snd_cwnd":	221920,
					"max_rtt":	1795,
					"min_rtt":	1593,
					"mean_rtt":	1676,
					"sender":	true
				},
				"receiver":	{
					"socket":	6,
					"start":	0,
					"end":	40.000265,
					"seconds":	40.000265,
					"bytes":	4710286872,
					"bits_per_second":	942051133.31124187,
					"sender":	true
				}
			}],
		"sum_sent":	{
			"start":	0,
			"end":	40.000265,
			"seconds":	40.000265,
			"bytes":	4711288432,
			"bits_per_second":	942251443.98418367,
			"retransmits":	0,
			"sender":	true
		},
		"sum_received":	{
			"start":	0,
			"end":	40.000265,
			"seconds":	40.000265,
			"bytes":	4710286872,
			"bits_per_second":	942051133.31124187,
			"sender":	true
		},
		"cpu_utilization_percent":	{
			"host_total":	5.3895817356897773,
			"host_user":	0.24159540683416436,
			"host_system":	5.1479838327000671,
			"remote_total":	8.725189,
			"remote_user":	1.667837,
			"remote_system":	7.057352
		},
		"sender_tcp_congestion":	"cubic"
	}
}
