{
	"start":	{
		"connected":	[{
				"socket":	6,
				"local_host":	"192.168.94.3",
				"local_port":	52890,
				"remote_host":	"192.168.94.100",
				"remote_port":	5201
			}],
		"version":	"iperf 3.7",
		"system_info":	"Linux lab4-nz03 5.11.0-25-generic #27~20.04.1-Ubuntu SMP Tue Jul 13 17:41:23 UTC 2021 x86_64",
		"timestamp":	{
			"time":	"Fri, 08 Oct 2021 20:47:35 GMT",
			"timesecs":	1633726055
		},
		"connecting_to":	{
			"host":	"192.168.94.100",
			"port":	5201
		},
		"cookie":	"xhh2cf3jsn2xng2ubmsaxm3t62so6wi3xzpz",
		"tcp_mss_default":	1460,
		"sock_bufsize":	0,
		"sndbuf_actual":	16384,
		"rcvbuf_actual":	131072,
		"test_start":	{
			"protocol":	"TCP",
			"num_streams":	1,
			"blksize":	131072,
			"omit":	0,
			"duration":	40,
			"bytes":	0,
			"blocks":	0,
			"reverse":	0,
			"tos":	0
		}
	},
	"intervals":	[{
			"streams":	[{
					"socket":	6,
					"start":	0,
					"end":	1.00012,
					"seconds":	1.0001200437545776,
					"bytes":	118538860,
					"bits_per_second":	948197054.86545444,
					"retransmits":	0,
					"snd_cwnd":	214620,
					"rtt":	1647,
					"rttvar":	145,
					"pmtu":	1500,
					"omitted":	false,
					"sender":	true
				}],
			"sum":	{
				"start":	0,
				"end":	1.00012,
				"seconds":	1.0001200437545776,
				"bytes":	118538860,
				"bits_per_second":	948197054.86545444,
				"retransmits":	0,
				"omitted":	false,
				"sender":	true
			}
		}, {
			"streams":	[{
					"socket":	6,
					"start":	1.00012,
					"end":	2.000095,
					"seconds":	0.99997502565383911,
					"bytes":	117816160,
					"bits_per_second":	942552819.64039266,
					"retransmits":	0,
					"snd_cwnd":	214620,
					"rtt":	1665,
					"rttvar":	155,
					"pmtu":	1500,
					"omitted":	false,
					"sender":	true
				}],
			"sum":	{
				"start":	1.00012,
				"end":	2.000095,
				"seconds":	0.99997502565383911,
				"bytes":	117816160,
				"bits_per_second":	942552819.64039266,
				"retransmits":	0,
				"omitted":	false,
				"sender":	true
			}
		}, {
			"streams":	[{
					"socket":	6,
					"start":	2.000095,
					"end":	3.000119,
					"seconds":	1.0000239610671997,
					"bytes":	117430720,
					"bits_per_second":	939423250.41636777,
					"retransmits":	0,
					"snd_cwnd":	214620,
					"rtt":	1660,
					"rttvar":	152,
					"pmtu":	1500,
					"omitted":	false,
					"sender":	true
				}],
			"sum":	{
				"start":	2.000095,
				"end":	3.000119,
				"seconds":	1.0000239610671997,
				"bytes":	117430720,
				"bits_per_second":	939423250.41636777,
				"retransmits":	0,
				"omitted":	false,
				"sender":	true
			}
		}, {
			"streams":	[{
					"socket":	6,
					"start":	3.000119,
					"end":	4.00007,
					"seconds":	0.99995100498199463,
					"bytes":	118008880,
					"bits_per_second":	944117297.04396784,
					"retransmits":	0,
					"snd_cwnd":	214620,
					"rtt":	1759,
					"rttvar":	263,
					"pmtu":	1500,
					"omitted":	false,
					"sender":	true
				}],
			"sum":	{
				"start":	3.000119,
				"end":	4.00007,
				"seconds":	0.99995100498199463,
				"bytes":	118008880,
				"bits_per_second":	944117297.04396784,
				"retransmits":	0,
				"omitted":	false,
				"sender":	true
			}
		}, {
			"streams":	[{
					"socket":	6,
					"start":	4.00007,
					"end":	5.000138,
					"seconds":	1.0000679492950439,
					"bytes":	117623440,
					"bits_per_second":	940923584.90571547,
					"retransmits":	0,
					"snd_cwnd":	214620,
					"rtt":	1689,
					"rttvar":	209,
					"pmtu":	1500,
					"omitted":	false,
					"sender":	true
				}],
			"sum":	{
				"start":	4.00007,
				"end":	5.000138,
				"seconds":	1.0000679492950439,
				"bytes":	117623440,
				"bits_per_second":	940923584.90571547,
				"retransmits":	0,
				"omitted":	false,
				"sender":	true
			}
		}, {
			"streams":	[{
					"socket":	6,
					"start":	5.000138,
					"end":	6.000132,
					"seconds":	0.99999397993087769,
					"bytes":	117751920,
					"bits_per_second":	942021031.03172147,
					"retransmits":	0,
					"snd_cwnd":	214620,
					"rtt":	1669,
					"rttvar":	170,
					"pmtu":	1500,
					"omitted":	false,
					"sender":	true
				}],
			"sum":	{
				"start":	5.000138,
				"end":	6.000132,
				"seconds":	0.99999397993087769,
				"bytes":	117751920,
				"bits_per_second":	942021031.03172147,
				"retransmits":	0,
				"omitted":	false,
				"sender":	true
			}
		}, {
			"streams":	[{
					"socket":	6,
					"start":	6.000132,
					"end":	7.000137,
					"seconds":	1.0000050067901611,
					"bytes":	117816160,
					"bits_per_second":	942524560.97730148,
					"retransmits":	0,
					"snd_cwnd":	214620,
					"rtt":	1701,
					"rttvar":	165,
					"pmtu":	1500,
					"omitted":	false,
					"sender":	true
				}],
			"sum":	{
				"start":	6.000132,
				"end":	7.000137,
				"seconds":	1.0000050067901611,
				"bytes":	117816160,
				"bits_per_second":	942524560.97730148,
				"retransmits":	0,
				"omitted":	false,
				"sender":	true
			}
		}, {
			"streams":	[{
					"socket":	6,
					"start":	7.000137,
					"end":	8.000134,
					"seconds":	0.99999701976776123,
					"bytes":	117494960,
					"bits_per_second":	939962481.30649006,
					"retransmits":	0,
					"snd_cwnd":	214620,
					"rtt":	1681,
					"rttvar":	174,
					"pmtu":	1500,
					"omitted":	false,
					"sender":	true
				}],
			"sum":	{
				"start":	7.000137,
				"end":	8.000134,
				"seconds":	0.99999701976776123,
				"bytes":	117494960,
				"bits_per_second":	939962481.30649006,
				"retransmits":	0,
				"omitted":	false,
				"sender":	true
			}
		}, {
			"streams":	[{
					"socket":	6,
					"start":	8.000134,
					"end":	9.000139,
					"seconds":	1.0000050067901611,
					"bytes":	118137360,
					"bits_per_second":	945094148.11191785,
					"retransmits":	0,
					"snd_cwnd":	214620,
					"rtt":	1668,
					"rttvar":	183,
					"pmtu":	1500,
					"omitted":	false,
					"sender":	true
				}],
			"sum":	{
				"start":	8.000134,
				"end":	9.000139,
				"seconds":	1.0000050067901611,
				"bytes":	118137360,
				"bits_per_second":	945094148.11191785,
				"retransmits":	0,
				"omitted":	false,
				"sender":	true
			}
		}, {
			"streams":	[{
					"socket":	6,
					"start":	9.000139,
					"end":	10.000125,
					"seconds":	0.99998599290847778,
					"bytes":	117366480,
					"bits_per_second":	938944991.88843572,
					"retransmits":	0,
					"snd_cwnd":	214620,
					"rtt":	1563,
					"rttvar":	233,
					"pmtu":	1500,
					"omitted":	false,
					"sender":	true
				}],
			"sum":	{
				"start":	9.000139,
				"end":	10.000125,
				"seconds":	0.99998599290847778,
				"bytes":	117366480,
				"bits_per_second":	938944991.88843572,
				"retransmits":	0,
				"omitted":	false,
				"sender":	true
			}
		}, {
			"streams":	[{
					"socket":	6,
					"start":	10.000125,
					"end":	11.000142,
					"seconds":	1.0000170469284058,
					"bytes":	118008880,
					"bits_per_second":	944054946.76291144,
					"retransmits":	0,
					"snd_cwnd":	214620,
					"rtt":	1655,
					"rttvar":	153,
					"pmtu":	1500,
					"omitted":	false,
					"sender":	true
				}],
			"sum":	{
				"start":	10.000125,
				"end":	11.000142,
				"seconds":	1.0000170469284058,
				"bytes":	118008880,
				"bits_per_second":	944054946.76291144,
				"retransmits":	0,
				"omitted":	false,
				"sender":	true
			}
		}, {
			"streams":	[{
					"socket":	6,
					"start":	11.000142,
					"end":	12.000133,
					"seconds":	0.99999099969863892,
					"bytes":	117816160,
					"bits_per_second":	942537763.12391233,
					"retransmits":	0,
					"snd_cwnd":	214620,
					"rtt":	1709,
					"rttvar":	272,
					"pmtu":	1500,
					"omitted":	false,
					"sender":	true
				}],
			"sum":	{
				"start":	11.000142,
				"end":	12.000133,
				"seconds":	0.99999099969863892,
				"bytes":	117816160,
				"bits_per_second":	942537763.12391233,
				"retransmits":	0,
				"omitted":	false,
				"sender":	true
			}
		}, {
			"streams":	[{
					"socket":	6,
					"start":	12.000133,
					"end":	13.000132,
					"seconds":	0.99999898672103882,
					"bytes":	117623440,
					"bits_per_second":	940988473.483823,
					"retransmits":	0,
					"snd_cwnd":	214620,
					"rtt":	1667,
					"rttvar":	158,
					"pmtu":	1500,
					"omitted":	false,
					"sender":	true
				}],
			"sum":	{
				"start":	12.000133,
				"end":	13.000132,
				"seconds":	0.99999898672103882,
				"bytes":	117623440,
				"bits_per_second":	940988473.483823,
				"retransmits":	0,
				"omitted":	false,
				"sender":	true
			}
		}, {
			"streams":	[{
					"socket":	6,
					"start":	13.000132,
					"end":	14.000132,
					"seconds":	1,
					"bytes":	117687680,
					"bits_per_second":	941501440,
					"retransmits":	0,
					"snd_cwnd":	214620,
					"rtt":	1620,
					"rttvar":	148,
					"pmtu":	1500,
					"omitted":	false,
					"sender":	true
				}],
			"sum":	{
				"start":	13.000132,
				"end":	14.000132,
				"seconds":	1,
				"bytes":	117687680,
				"bits_per_second":	941501440,
				"retransmits":	0,
				"omitted":	false,
				"sender":	true
			}
		}, {
			"streams":	[{
					"socket":	6,
					"start":	14.000132,
					"end":	15.000136,
					"seconds":	1.0000040531158447,
					"bytes":	117687680,
					"bits_per_second":	941497624.00106239,
					"retransmits":	0,
					"snd_cwnd":	214620,
					"rtt":	1677,
					"rttvar":	150,
					"pmtu":	1500,
					"omitted":	false,
					"sender":	true
				}],
			"sum":	{
				"start":	14.000132,
				"end":	15.000136,
				"seconds":	1.0000040531158447,
				"bytes":	117687680,
				"bits_per_second":	941497624.00106239,
				"retransmits":	0,
				"omitted":	false,
				"sender":	true
			}
		}, {
			"streams":	[{
					"socket":	6,
					"start":	15.000136,
					"end":	16.000134,
					"seconds":	0.99999797344207764,
					"bytes":	117880400,
					"bits_per_second":	943045111.13554108,
					"retransmits":	0,
					"snd_cwnd":	214620,
					"rtt":	1670,
					"rttvar":	242,
					"pmtu":	1500,
					"omitted":	false,
					"sender":	true
				}],
			"sum":	{
				"start":	15.000136,
				"end":	16.000134,
				"seconds":	0.99999797344207764,
				"bytes":	117880400,
				"bits_per_second":	943045111.13554108,
				"retransmits":	0,
				"omitted":	false,
				"sender":	true
			}
		}, {
			"streams":	[{
					"socket":	6,
					"start":	16.000134,
					"end":	17.000128,
					"seconds":	0.99999397993087769,
					"bytes":	117687680,
					"bits_per_second":	941507107.937869,
					"retransmits":	0,
					"snd_cwnd":	214620,
					"rtt":	1619,
					"rttvar":	120,
					"pmtu":	1500,
					"omitted":	false,
					"sender":	true
				}],
			"sum":	{
				"start":	16.000134,
				"end":	17.000128,
				"seconds":	0.99999397993087769,
				"bytes":	117687680,
				"bits_per_second":	941507107.937869,
				"retransmits":	0,
				"omitted":	false,
				"sender":	true
			}
		}, {
			"streams":	[{
					"socket":	6,
					"start":	17.000128,
					"end":	18.000135,
					"seconds":	1.0000070333480835,
					"bytes":	117816160,
					"bits_per_second":	942522650.91011953,
					"retransmits":	0,
					"snd_cwnd":	214620,
					"rtt":	1724,
					"rttvar":	208,
					"pmtu":	1500,
					"omitted":	false,
					"sender":	true
				}],
			"sum":	{
				"start":	17.000128,
				"end":	18.000135,
				"seconds":	1.0000070333480835,
				"bytes":	117816160,
				"bits_per_second":	942522650.91011953,
				"retransmits":	0,
				"omitted":	false,
				"sender":	true
			}
		}, {
			"streams":	[{
					"socket":	6,
					"start":	18.000135,
					"end":	19.00014,
					"seconds":	1.0000050067901611,
					"bytes":	117880400,
					"bits_per_second":	943038478.40422475,
					"retransmits":	0,
					"snd_cwnd":	214620,
					"rtt":	1730,
					"rttvar":	188,
					"pmtu":	1500,
					"omitted":	false,
					"sender":	true
				}],
			"sum":	{
				"start":	18.000135,
				"end":	19.00014,
				"seconds":	1.0000050067901611,
				"bytes":	117880400,
				"bits_per_second":	943038478.40422475,
				"retransmits":	0,
				"omitted":	false,
				"sender":	true
			}
		}, {
			"streams":	[{
					"socket":	6,
					"start":	19.00014,
					"end":	20.000131,
					"seconds":	0.99999099969863892,
					"bytes":	117816160,
					"bits_per_second":	942537763.12391233,
					"retransmits":	0,
					"snd_cwnd":	214620,
					"rtt":	1651,
					"rttvar":	142,
					"pmtu":	1500,
					"omitted":	false,
					"sender":	true
				}],
			"sum":	{
				"start":	19.00014,
				"end":	20.000131,
				"seconds":	0.99999099969863892,
				"bytes":	117816160,
				"bits_per_second":	942537763.12391233,
				"retransmits":	0,
				"omitted":	false,
				"sender":	true
			}
		}, {
			"streams":	[{
					"socket":	6,
					"start":	20.000131,
					"end":	21.000136,
					"seconds":	1.0000050067901611,
					"bytes":	117494960,
					"bits_per_second":	939954973.8426851,
					"retransmits":	0,
					"snd_cwnd":	214620,
					"rtt":	1670,
					"rttvar":	85,
					"pmtu":	1500,
					"omitted":	false,
					"sender":	true
				}],
			"sum":	{
				"start":	20.000131,
				"end":	21.000136,
				"seconds":	1.0000050067901611,
				"bytes":	117494960,
				"bits_per_second":	939954973.8426851,
				"retransmits":	0,
				"omitted":	false,
				"sender":	true
			}
		}, {
			"streams":	[{
					"socket":	6,
					"start":	21.000136,
					"end":	22.000125,
					"seconds":	0.99998897314071655,
					"bytes":	118073120,
					"bits_per_second":	944595375.92029011,
					"retransmits":	0,
					"snd_cwnd":	214620,
					"rtt":	1719,
					"rttvar":	132,
					"pmtu":	1500,
					"omitted":	false,
					"sender":	true
				}],
			"sum":	{
				"start":	21.000136,
				"end":	22.000125,
				"seconds":	0.99998897314071655,
				"bytes":	118073120,
				"bits_per_second":	944595375.92029011,
				"retransmits":	0,
				"omitted":	false,
				"sender":	true
			}
		}, {
			"streams":	[{
					"socket":	6,
					"start":	22.000125,
					"end":	23.000133,
					"seconds":	1.0000079870224,
					"bytes":	117623440,
					"bits_per_second":	940980004.37162721,
					"retransmits":	0,
					"snd_cwnd":	214620,
					"rtt":	1765,
					"rttvar":	158,
					"pmtu":	1500,
					"omitted":	false,
					"sender":	true
				}],
			"sum":	{
				"start":	22.000125,
				"end":	23.000133,
				"seconds":	1.0000079870224,
				"bytes":	117623440,
				"bits_per_second":	940980004.37162721,
				"retransmits":	0,
				"omitted":	false,
				"sender":	true
			}
		}, {
			"streams":	[{
					"socket":	6,
					"start":	23.000133,
					"end":	24.000135,
					"seconds":	1.0000020265579224,
					"bytes":	117751920,
					"bits_per_second":	942013450.955178,
					"retransmits":	0,
					"snd_cwnd":	214620,
					"rtt":	1578,
					"rttvar":	175,
					"pmtu":	1500,
					"omitted":	false,
					"sender":	true
				}],
			"sum":	{
				"start":	23.000133,
				"end":	24.000135,
				"seconds":	1.0000020265579224,
				"bytes":	117751920,
				"bits_per_second":	942013450.955178,
				"retransmits":	0,
				"omitted":	false,
				"sender":	true
			}
		}, {
			"streams":	[{
					"socket":	6,
					"start":	24.000135,
					"end":	25.000135,
					"seconds":	1,
					"bytes":	117623440,
					"bits_per_second":	940987520,
					"retransmits":	0,
					"snd_cwnd":	214620,
					"rtt":	1580,
					"rttvar":	105,
					"pmtu":	1500,
					"omitted":	false,
					"sender":	true
				}],
			"sum":	{
				"start":	24.000135,
				"end":	25.000135,
				"seconds":	1,
				"bytes":	117623440,
				"bits_per_second":	940987520,
				"retransmits":	0,
				"omitted":	false,
				"sender":	true
			}
		}, {
			"streams":	[{
					"socket":	6,
					"start":	25.000135,
					"end":	26.000076,
					"seconds":	0.99994099140167236,
					"bytes":	118265840,
					"bits_per_second":	946182552.90620911,
					"retransmits":	0,
					"snd_cwnd":	214620,
					"rtt":	1677,
					"rttvar":	212,
					"pmtu":	1500,
					"omitted":	false,
					"sender":	true
				}],
			"sum":	{
				"start":	25.000135,
				"end":	26.000076,
				"seconds":	0.99994099140167236,
				"bytes":	118265840,
				"bits_per_second":	946182552.90620911,
				"retransmits":	0,
				"omitted":	false,
				"sender":	true
			}
		}, {
			"streams":	[{
					"socket":	6,
					"start":	26.000076,
					"end":	27.000132,
					"seconds":	1.0000560283660889,
					"bytes":	117623440,
					"bits_per_second":	940934800.96050608,
					"retransmits":	0,
					"snd_cwnd":	214620,
					"rtt":	1639,
					"rttvar":	119,
					"pmtu":	1500,
					"omitted":	false,
					"sender":	true
				}],
			"sum":	{
				"start":	26.000076,
				"end":	27.000132,
				"seconds":	1.0000560283660889,
				"bytes":	117623440,
				"bits_per_second":	940934800.96050608,
				"retransmits":	0,
				"omitted":	false,
				"sender":	true
			}
		}, {
			"streams":	[{
					"socket":	6,
					"start":	27.000132,
					"end":	28.00014,
					"seconds":	1.0000079870224,
					"bytes":	117559200,
					"bits_per_second":	940466088.476285,
					"retransmits":	0,
					"snd_cwnd":	214620,
					"rtt":	1653,
					"rttvar":	281,
					"pmtu":	1500,
					"omitted":	false,
					"sender":	true
				}],
			"sum":	{
				"start":	27.000132,
				"end":	28.00014,
				"seconds":	1.0000079870224,
				"bytes":	117559200,
				"bits_per_second":	940466088.476285,
				"retransmits":	0,
				"omitted":	false,
				"sender":	true
			}
		}, {
			"streams":	[{
					"socket":	6,
					"start":	28.00014,
					"end":	29.000135,
					"seconds":	0.99999499320983887,
					"bytes":	117880400,
					"bits_per_second":	943047921.64305556,
					"retransmits":	0,
					"snd_cwnd":	214620,
					"rtt":	1582,
					"rttvar":	105,
					"pmtu":	1500,
					"omitted":	false,
					"sender":	true
				}],
			"sum":	{
				"start":	28.00014,
				"end":	29.000135,
				"seconds":	0.99999499320983887,
				"bytes":	117880400,
				"bits_per_second":	943047921.64305556,
				"retransmits":	0,
				"omitted":	false,
				"sender":	true
			}
		}, {
			"streams":	[{
					"socket":	6,
					"start":	29.000135,
					"end":	30.000126,
					"seconds":	0.99999099969863892,
					"bytes":	117687680,
					"bits_per_second":	941509913.87295926,
					"retransmits":	0,
					"snd_cwnd":	214620,
					"rtt":	1693,
					"rttvar":	259,
					"pmtu":	1500,
					"omitted":	false,
					"sender":	true
				}],
			"sum":	{
				"start":	29.000135,
				"end":	30.000126,
				"seconds":	0.99999099969863892,
				"bytes":	117687680,
				"bits_per_second":	941509913.87295926,
				"retransmits":	0,
				"omitted":	false,
				"sender":	true
			}
		}, {
			"streams":	[{
					"socket":	6,
					"start":	30.000126,
					"end":	31.000137,
					"seconds":	1.0000109672546387,
					"bytes":	117687680,
					"bits_per_second":	941491114.42720807,
					"retransmits":	0,
					"snd_cwnd":	214620,
					"rtt":	1638,
					"rttvar":	146,
					"pmtu":	1500,
					"omitted":	false,
					"sender":	true
				}],
			"sum":	{
				"start":	30.000126,
				"end":	31.000137,
				"seconds":	1.0000109672546387,
				"bytes":	117687680,
				"bits_per_second":	941491114.42720807,
				"retransmits":	0,
				"omitted":	false,
				"sender":	true
			}
		}, {
			"streams":	[{
					"socket":	6,
					"start":	31.000137,
					"end":	32.000133,
					"seconds":	0.9999960064888,
					"bytes":	117880400,
					"bits_per_second":	943046966.068621,
					"retransmits":	0,
					"snd_cwnd":	214620,
					"rtt":	1581,
					"rttvar":	120,
					"pmtu":	1500,
					"omitted":	false,
					"sender":	true
				}],
			"sum":	{
				"start":	31.000137,
				"end":	32.000133,
				"seconds":	0.9999960064888,
				"bytes":	117880400,
				"bits_per_second":	943046966.068621,
				"retransmits":	0,
				"omitted":	false,
				"sender":	true
			}
		}, {
			"streams":	[{
					"socket":	6,
					"start":	32.000133,
					"end":	33.000124,
					"seconds":	0.99999099969863892,
					"bytes":	117687680,
					"bits_per_second":	941509913.87295926,
					"retransmits":	0,
					"snd_cwnd":	214620,
					"rtt":	1664,
					"rttvar":	211,
					"pmtu":	1500,
					"omitted":	false,
					"sender":	true
				}],
			"sum":	{
				"start":	32.000133,
				"end":	33.000124,
				"seconds":	0.99999099969863892,
				"bytes":	117687680,
				"bits_per_second":	941509913.87295926,
				"retransmits":	0,
				"omitted":	false,
				"sender":	true
			}
		}, {
			"streams":	[{
					"socket":	6,
					"start":	33.000124,
					"end":	34.000135,
					"seconds":	1.0000109672546387,
					"bytes":	117494960,
					"bits_per_second":	939949371.33589709,
					"retransmits":	0,
					"snd_cwnd":	214620,
					"rtt":	1726,
					"rttvar":	267,
					"pmtu":	1500,
					"omitted":	false,
					"sender":	true
				}],
			"sum":	{
				"start":	33.000124,
				"end":	34.000135,
				"seconds":	1.0000109672546387,
				"bytes":	117494960,
				"bits_per_second":	939949371.33589709,
				"retransmits":	0,
				"omitted":	false,
				"sender":	true
			}
		}, {
			"streams":	[{
					"socket":	6,
					"start":	34.000135,
					"end":	35.000133,
					"seconds":	0.99999797344207764,
					"bytes":	117623440,
					"bits_per_second":	940989426.969578,
					"retransmits":	0,
					"snd_cwnd":	214620,
					"rtt":	1775,
					"rttvar":	202,
					"pmtu":	1500,
					"omitted":	false,
					"sender":	true
				}],
			"sum":	{
				"start":	34.000135,
				"end":	35.000133,
				"seconds":	0.99999797344207764,
				"bytes":	117623440,
				"bits_per_second":	940989426.969578,
				"retransmits":	0,
				"omitted":	false,
				"sender":	true
			}
		}, {
			"streams":	[{
					"socket":	6,
					"start":	35.000133,
					"end":	36.000138,
					"seconds":	1.0000050067901611,
					"bytes":	118008880,
					"bits_per_second":	944066313.2580713,
					"retransmits":	0,
					"snd_cwnd":	214620,
					"rtt":	1678,
					"rttvar":	195,
					"pmtu":	1500,
					"omitted":	false,
					"sender":	true
				}],
			"sum":	{
				"start":	35.000133,
				"end":	36.000138,
				"seconds":	1.0000050067901611,
				"bytes":	118008880,
				"bits_per_second":	944066313.2580713,
				"retransmits":	0,
				"omitted":	false,
				"sender":	true
			}
		}, {
			"streams":	[{
					"socket":	6,
					"start":	36.000138,
					"end":	37.000055,
					"seconds":	0.99991697072982788,
					"bytes":	118008880,
					"bits_per_second":	944149432.0382756,
					"retransmits":	0,
					"snd_cwnd":	214620,
					"rtt":	1747,
					"rttvar":	190,
					"pmtu":	1500,
					"omitted":	false,
					"sender":	true
				}],
			"sum":	{
				"start":	36.000138,
				"end":	37.000055,
				"seconds":	0.99991697072982788,
				"bytes":	118008880,
				"bits_per_second":	944149432.0382756,
				"retransmits":	0,
				"omitted":	false,
				"sender":	true
			}
		}, {
			"streams":	[{
					"socket":	6,
					"start":	37.000055,
					"end":	38.000132,
					"seconds":	1.0000770092010498,
					"bytes":	117751920,
					"bits_per_second":	941942821.73586357,
					"retransmits":	0,
					"snd_cwnd":	214620,
					"rtt":	1668,
					"rttvar":	229,
					"pmtu":	1500,
					"omitted":	false,
					"sender":	true
				}],
			"sum":	{
				"start":	37.000055,
				"end":	38.000132,
				"seconds":	1.0000770092010498,
				"bytes":	117751920,
				"bits_per_second":	941942821.73586357,
				"retransmits":	0,
				"omitted":	false,
				"sender":	true
			}
		}, {
			"streams":	[{
					"socket":	6,
					"start":	38.000132,
					"end":	39.000139,
					"seconds":	1.0000070333480835,
					"bytes":	117559200,
					"bits_per_second":	940466985.36833084,
					"retransmits":	0,
					"snd_cwnd":	214620,
					"rtt":	1623,
					"rttvar":	135,
					"pmtu":	1500,
					"omitted":	false,
					"sender":	true
				}],
			"sum":	{
				"start":	38.000132,
				"end":	39.000139,
				"seconds":	1.0000070333480835,
				"bytes":	117559200,
				"bits_per_second":	940466985.36833084,
				"retransmits":	0,
				"omitted":	false,
				"sender":	true
			}
		}, {
			"streams":	[{
					"socket":	6,
					"start":	39.000139,
					"end":	40.000146,
					"seconds":	1.0000070333480835,
					"bytes":	117687680,
					"bits_per_second":	941494818.13922524,
					"retransmits":	0,
					"snd_cwnd":	214620,
					"rtt":	1782,
					"rttvar":	244,
					"pmtu":	1500,
					"omitted":	false,
					"sender":	true
				}],
			"sum":	{
				"start":	39.000139,
				"end":	40.000146,
				"seconds":	1.0000070333480835,
				"bytes":	117687680,
				"bits_per_second":	941494818.13922524,
				"retransmits":	0,
				"omitted":	false,
				"sender":	true
			}
		}],
	"end":	{
		"streams":	[{
				"sender":	{
					"socket":	6,
					"start":	0,
					"end":	40.000146,
					"seconds":	40.000146,
					"bytes":	4710863740,
					"bits_per_second":	942169309.08202183,
					"retransmits":	0,
					"max_snd_cwnd":	214620,
					"max_rtt":	1782,
					"min_rtt":	1563,
					"mean_rtt":	1671,
					"sender":	true
				},
				"receiver":	{
					"socket":	6,
					"start":	0,
					"end":	40.000146,
					"seconds":	40.000146,
					"bytes":	4710047600,
					"bits_per_second":	942006081.67780185,
					"sender":	true
				}
			}],
		"sum_sent":	{
			"start":	0,
			"end":	40.000146,
			"seconds":	40.000146,
			"bytes":	4710863740,
			"bits_per_second":	942169309.08202183,
			"retransmits":	0,
			"sender":	true
		},
		"sum_received":	{
			"start":	0,
			"end":	40.000146,
			"seconds":	40.000146,
			"bytes":	4710047600,
			"bits_per_second":	942006081.67780185,
			"sender":	true
		},
		"cpu_utilization_percent":	{
			"host_total":	5.41559688687558,
			"host_user":	0.31960377381432747,
			"host_system":	5.0959931130612519,
			"remote_total":	9.347661,
			"remote_user":	2.194605,
			"remote_system":	7.153056
		},
		"sender_tcp_congestion":	"cubic"
	}
}
