{
	"start":	{
		"connected":	[{
				"socket":	6,
				"local_host":	"192.168.94.12",
				"local_port":	38000,
				"remote_host":	"192.168.94.100",
				"remote_port":	5201
			}],
		"version":	"iperf 3.7",
		"system_info":	"Linux lab4-nz12 5.11.0-25-generic #27~20.04.1-Ubuntu SMP Tue Jul 13 17:41:23 UTC 2021 x86_64",
		"timestamp":	{
			"time":	"Fri, 08 Oct 2021 20:53:46 GMT",
			"timesecs":	1633726426
		},
		"connecting_to":	{
			"host":	"192.168.94.100",
			"port":	5201
		},
		"cookie":	"sarfruju2w2aukuhpxksz534f2piv4kquriz",
		"tcp_mss_default":	1460,
		"sock_bufsize":	0,
		"sndbuf_actual":	16384,
		"rcvbuf_actual":	131072,
		"test_start":	{
			"protocol":	"TCP",
			"num_streams":	1,
			"blksize":	131072,
			"omit":	0,
			"duration":	40,
			"bytes":	0,
			"blocks":	0,
			"reverse":	0,
			"tos":	0
		}
	},
	"intervals":	[{
			"streams":	[{
					"socket":	6,
					"start":	0,
					"end":	1.000156,
					"seconds":	1.000156044960022,
					"bytes":	118417512,
					"bits_per_second":	947192291.4167527,
					"retransmits":	0,
					"snd_cwnd":	224840,
					"rtt":	1678,
					"rttvar":	157,
					"pmtu":	1500,
					"omitted":	false,
					"sender":	true
				}],
			"sum":	{
				"start":	0,
				"end":	1.000156,
				"seconds":	1.000156044960022,
				"bytes":	118417512,
				"bits_per_second":	947192291.4167527,
				"retransmits":	0,
				"omitted":	false,
				"sender":	true
			}
		}, {
			"streams":	[{
					"socket":	6,
					"start":	1.000156,
					"end":	2.000125,
					"seconds":	0.9999690055847168,
					"bytes":	117623440,
					"bits_per_second":	941016686.26196241,
					"retransmits":	0,
					"snd_cwnd":	224840,
					"rtt":	1647,
					"rttvar":	140,
					"pmtu":	1500,
					"omitted":	false,
					"sender":	true
				}],
			"sum":	{
				"start":	1.000156,
				"end":	2.000125,
				"seconds":	0.9999690055847168,
				"bytes":	117623440,
				"bits_per_second":	941016686.26196241,
				"retransmits":	0,
				"omitted":	false,
				"sender":	true
			}
		}, {
			"streams":	[{
					"socket":	6,
					"start":	2.000125,
					"end":	3.000121,
					"seconds":	0.9999960064888,
					"bytes":	117751920,
					"bits_per_second":	942019121.96391416,
					"retransmits":	0,
					"snd_cwnd":	224840,
					"rtt":	1656,
					"rttvar":	149,
					"pmtu":	1500,
					"omitted":	false,
					"sender":	true
				}],
			"sum":	{
				"start":	2.000125,
				"end":	3.000121,
				"seconds":	0.9999960064888,
				"bytes":	117751920,
				"bits_per_second":	942019121.96391416,
				"retransmits":	0,
				"omitted":	false,
				"sender":	true
			}
		}, {
			"streams":	[{
					"socket":	6,
					"start":	3.000121,
					"end":	4.000141,
					"seconds":	1.0000200271606445,
					"bytes":	117687680,
					"bits_per_second":	941482584.77703059,
					"retransmits":	0,
					"snd_cwnd":	224840,
					"rtt":	1697,
					"rttvar":	192,
					"pmtu":	1500,
					"omitted":	false,
					"sender":	true
				}],
			"sum":	{
				"start":	3.000121,
				"end":	4.000141,
				"seconds":	1.0000200271606445,
				"bytes":	117687680,
				"bits_per_second":	941482584.77703059,
				"retransmits":	0,
				"omitted":	false,
				"sender":	true
			}
		}, {
			"streams":	[{
					"socket":	6,
					"start":	4.000141,
					"end":	5.000136,
					"seconds":	0.99999499320983887,
					"bytes":	117944640,
					"bits_per_second":	943561844.216158,
					"retransmits":	0,
					"snd_cwnd":	224840,
					"rtt":	1725,
					"rttvar":	209,
					"pmtu":	1500,
					"omitted":	false,
					"sender":	true
				}],
			"sum":	{
				"start":	4.000141,
				"end":	5.000136,
				"seconds":	0.99999499320983887,
				"bytes":	117944640,
				"bits_per_second":	943561844.216158,
				"retransmits":	0,
				"omitted":	false,
				"sender":	true
			}
		}, {
			"streams":	[{
					"socket":	6,
					"start":	5.000136,
					"end":	6.000131,
					"seconds":	0.99999499320983887,
					"bytes":	117494960,
					"bits_per_second":	939964386.20444071,
					"retransmits":	0,
					"snd_cwnd":	224840,
					"rtt":	1579,
					"rttvar":	178,
					"pmtu":	1500,
					"omitted":	false,
					"sender":	true
				}],
			"sum":	{
				"start":	5.000136,
				"end":	6.000131,
				"seconds":	0.99999499320983887,
				"bytes":	117494960,
				"bits_per_second":	939964386.20444071,
				"retransmits":	0,
				"omitted":	false,
				"sender":	true
			}
		}, {
			"streams":	[{
					"socket":	6,
					"start":	6.000131,
					"end":	7.000132,
					"seconds":	1.0000009536743164,
					"bytes":	118008880,
					"bits_per_second":	944070139.664555,
					"retransmits":	0,
					"snd_cwnd":	224840,
					"rtt":	1705,
					"rttvar":	203,
					"pmtu":	1500,
					"omitted":	false,
					"sender":	true
				}],
			"sum":	{
				"start":	6.000131,
				"end":	7.000132,
				"seconds":	1.0000009536743164,
				"bytes":	118008880,
				"bits_per_second":	944070139.664555,
				"retransmits":	0,
				"omitted":	false,
				"sender":	true
			}
		}, {
			"streams":	[{
					"socket":	6,
					"start":	7.000132,
					"end":	8.00014,
					"seconds":	1.0000079870224,
					"bytes":	117751920,
					"bits_per_second":	942007836.16231167,
					"retransmits":	0,
					"snd_cwnd":	224840,
					"rtt":	1628,
					"rttvar":	205,
					"pmtu":	1500,
					"omitted":	false,
					"sender":	true
				}],
			"sum":	{
				"start":	7.000132,
				"end":	8.00014,
				"seconds":	1.0000079870224,
				"bytes":	117751920,
				"bits_per_second":	942007836.16231167,
				"retransmits":	0,
				"omitted":	false,
				"sender":	true
			}
		}, {
			"streams":	[{
					"socket":	6,
					"start":	8.00014,
					"end":	9.000143,
					"seconds":	1.0000029802322388,
					"bytes":	117559200,
					"bits_per_second":	940470797.17861068,
					"retransmits":	0,
					"snd_cwnd":	224840,
					"rtt":	1667,
					"rttvar":	191,
					"pmtu":	1500,
					"omitted":	false,
					"sender":	true
				}],
			"sum":	{
				"start":	8.00014,
				"end":	9.000143,
				"seconds":	1.0000029802322388,
				"bytes":	117559200,
				"bits_per_second":	940470797.17861068,
				"retransmits":	0,
				"omitted":	false,
				"sender":	true
			}
		}, {
			"streams":	[{
					"socket":	6,
					"start":	9.000143,
					"end":	10.000136,
					"seconds":	0.99999302625656128,
					"bytes":	117944640,
					"bits_per_second":	943563700.17116308,
					"retransmits":	0,
					"snd_cwnd":	224840,
					"rtt":	1695,
					"rttvar":	223,
					"pmtu":	1500,
					"omitted":	false,
					"sender":	true
				}],
			"sum":	{
				"start":	9.000143,
				"end":	10.000136,
				"seconds":	0.99999302625656128,
				"bytes":	117944640,
				"bits_per_second":	943563700.17116308,
				"retransmits":	0,
				"omitted":	false,
				"sender":	true
			}
		}, {
			"streams":	[{
					"socket":	6,
					"start":	10.000136,
					"end":	11.00014,
					"seconds":	1.0000040531158447,
					"bytes":	117623440,
					"bits_per_second":	940983706.08403122,
					"retransmits":	0,
					"snd_cwnd":	224840,
					"rtt":	1754,
					"rttvar":	203,
					"pmtu":	1500,
					"omitted":	false,
					"sender":	true
				}],
			"sum":	{
				"start":	10.000136,
				"end":	11.00014,
				"seconds":	1.0000040531158447,
				"bytes":	117623440,
				"bits_per_second":	940983706.08403122,
				"retransmits":	0,
				"omitted":	false,
				"sender":	true
			}
		}, {
			"streams":	[{
					"socket":	6,
					"start":	11.00014,
					"end":	12.000138,
					"seconds":	0.99999797344207764,
					"bytes":	117751920,
					"bits_per_second":	942017269.05255961,
					"retransmits":	0,
					"snd_cwnd":	224840,
					"rtt":	1718,
					"rttvar":	227,
					"pmtu":	1500,
					"omitted":	false,
					"sender":	true
				}],
			"sum":	{
				"start":	11.00014,
				"end":	12.000138,
				"seconds":	0.99999797344207764,
				"bytes":	117751920,
				"bits_per_second":	942017269.05255961,
				"retransmits":	0,
				"omitted":	false,
				"sender":	true
			}
		}, {
			"streams":	[{
					"socket":	6,
					"start":	12.000138,
					"end":	13.000131,
					"seconds":	0.99999302625656128,
					"bytes":	117816160,
					"bits_per_second":	942535853.00322068,
					"retransmits":	0,
					"snd_cwnd":	224840,
					"rtt":	1623,
					"rttvar":	130,
					"pmtu":	1500,
					"omitted":	false,
					"sender":	true
				}],
			"sum":	{
				"start":	12.000138,
				"end":	13.000131,
				"seconds":	0.99999302625656128,
				"bytes":	117816160,
				"bits_per_second":	942535853.00322068,
				"retransmits":	0,
				"omitted":	false,
				"sender":	true
			}
		}, {
			"streams":	[{
					"socket":	6,
					"start":	13.000131,
					"end":	14.000132,
					"seconds":	1.0000009536743164,
					"bytes":	117944640,
					"bits_per_second":	943556220.15466678,
					"retransmits":	0,
					"snd_cwnd":	224840,
					"rtt":	1662,
					"rttvar":	167,
					"pmtu":	1500,
					"omitted":	false,
					"sender":	true
				}],
			"sum":	{
				"start":	13.000131,
				"end":	14.000132,
				"seconds":	1.0000009536743164,
				"bytes":	117944640,
				"bits_per_second":	943556220.15466678,
				"retransmits":	0,
				"omitted":	false,
				"sender":	true
			}
		}, {
			"streams":	[{
					"socket":	6,
					"start":	14.000132,
					"end":	15.00013,
					"seconds":	0.99999797344207764,
					"bytes":	117623440,
					"bits_per_second":	940989426.969578,
					"retransmits":	0,
					"snd_cwnd":	224840,
					"rtt":	1703,
					"rttvar":	207,
					"pmtu":	1500,
					"omitted":	false,
					"sender":	true
				}],
			"sum":	{
				"start":	14.000132,
				"end":	15.00013,
				"seconds":	0.99999797344207764,
				"bytes":	117623440,
				"bits_per_second":	940989426.969578,
				"retransmits":	0,
				"omitted":	false,
				"sender":	true
			}
		}, {
			"streams":	[{
					"socket":	6,
					"start":	15.00013,
					"end":	16.000133,
					"seconds":	1.0000029802322388,
					"bytes":	117816160,
					"bits_per_second":	942526471.05222511,
					"retransmits":	0,
					"snd_cwnd":	224840,
					"rtt":	1628,
					"rttvar":	160,
					"pmtu":	1500,
					"omitted":	false,
					"sender":	true
				}],
			"sum":	{
				"start":	15.00013,
				"end":	16.000133,
				"seconds":	1.0000029802322388,
				"bytes":	117816160,
				"bits_per_second":	942526471.05222511,
				"retransmits":	0,
				"omitted":	false,
				"sender":	true
			}
		}, {
			"streams":	[{
					"socket":	6,
					"start":	16.000133,
					"end":	17.000144,
					"seconds":	1.0000109672546387,
					"bytes":	117430720,
					"bits_per_second":	939435456.97212684,
					"retransmits":	0,
					"snd_cwnd":	224840,
					"rtt":	1733,
					"rttvar":	209,
					"pmtu":	1500,
					"omitted":	false,
					"sender":	true
				}],
			"sum":	{
				"start":	16.000133,
				"end":	17.000144,
				"seconds":	1.0000109672546387,
				"bytes":	117430720,
				"bits_per_second":	939435456.97212684,
				"retransmits":	0,
				"omitted":	false,
				"sender":	true
			}
		}, {
			"streams":	[{
					"socket":	6,
					"start":	17.000144,
					"end":	18.000316,
					"seconds":	1.0001720190048218,
					"bytes":	118265840,
					"bits_per_second":	945963996.21477389,
					"retransmits":	0,
					"snd_cwnd":	224840,
					"rtt":	1650,
					"rttvar":	167,
					"pmtu":	1500,
					"omitted":	false,
					"sender":	true
				}],
			"sum":	{
				"start":	17.000144,
				"end":	18.000316,
				"seconds":	1.0001720190048218,
				"bytes":	118265840,
				"bits_per_second":	945963996.21477389,
				"retransmits":	0,
				"omitted":	false,
				"sender":	true
			}
		}, {
			"streams":	[{
					"socket":	6,
					"start":	18.000316,
					"end":	19.000133,
					"seconds":	0.99981701374053955,
					"bytes":	117430720,
					"bits_per_second":	939617697.12772024,
					"retransmits":	0,
					"snd_cwnd":	224840,
					"rtt":	1580,
					"rttvar":	137,
					"pmtu":	1500,
					"omitted":	false,
					"sender":	true
				}],
			"sum":	{
				"start":	18.000316,
				"end":	19.000133,
				"seconds":	0.99981701374053955,
				"bytes":	117430720,
				"bits_per_second":	939617697.12772024,
				"retransmits":	0,
				"omitted":	false,
				"sender":	true
			}
		}, {
			"streams":	[{
					"socket":	6,
					"start":	19.000133,
					"end":	20.000133,
					"seconds":	1,
					"bytes":	117816160,
					"bits_per_second":	942529280,
					"retransmits":	0,
					"snd_cwnd":	224840,
					"rtt":	1623,
					"rttvar":	170,
					"pmtu":	1500,
					"omitted":	false,
					"sender":	true
				}],
			"sum":	{
				"start":	19.000133,
				"end":	20.000133,
				"seconds":	1,
				"bytes":	117816160,
				"bits_per_second":	942529280,
				"retransmits":	0,
				"omitted":	false,
				"sender":	true
			}
		}, {
			"streams":	[{
					"socket":	6,
					"start":	20.000133,
					"end":	21.000137,
					"seconds":	1.0000040531158447,
					"bytes":	117623440,
					"bits_per_second":	940983706.08403122,
					"retransmits":	0,
					"snd_cwnd":	224840,
					"rtt":	1697,
					"rttvar":	139,
					"pmtu":	1500,
					"omitted":	false,
					"sender":	true
				}],
			"sum":	{
				"start":	20.000133,
				"end":	21.000137,
				"seconds":	1.0000040531158447,
				"bytes":	117623440,
				"bits_per_second":	940983706.08403122,
				"retransmits":	0,
				"omitted":	false,
				"sender":	true
			}
		}, {
			"streams":	[{
					"socket":	6,
					"start":	21.000137,
					"end":	22.000134,
					"seconds":	0.99999701976776123,
					"bytes":	117816160,
					"bits_per_second":	942532088.96451759,
					"retransmits":	0,
					"snd_cwnd":	224840,
					"rtt":	1722,
					"rttvar":	213,
					"pmtu":	1500,
					"omitted":	false,
					"sender":	true
				}],
			"sum":	{
				"start":	21.000137,
				"end":	22.000134,
				"seconds":	0.99999701976776123,
				"bytes":	117816160,
				"bits_per_second":	942532088.96451759,
				"retransmits":	0,
				"omitted":	false,
				"sender":	true
			}
		}, {
			"streams":	[{
					"socket":	6,
					"start":	22.000134,
					"end":	23.000217,
					"seconds":	1.0000829696655273,
					"bytes":	118137360,
					"bits_per_second":	945020471.96752441,
					"retransmits":	0,
					"snd_cwnd":	224840,
					"rtt":	1635,
					"rttvar":	197,
					"pmtu":	1500,
					"omitted":	false,
					"sender":	true
				}],
			"sum":	{
				"start":	22.000134,
				"end":	23.000217,
				"seconds":	1.0000829696655273,
				"bytes":	118137360,
				"bits_per_second":	945020471.96752441,
				"retransmits":	0,
				"omitted":	false,
				"sender":	true
			}
		}, {
			"streams":	[{
					"socket":	6,
					"start":	23.000217,
					"end":	24.000139,
					"seconds":	0.999921977519989,
					"bytes":	117623440,
					"bits_per_second":	941060943.90868521,
					"retransmits":	0,
					"snd_cwnd":	224840,
					"rtt":	1677,
					"rttvar":	184,
					"pmtu":	1500,
					"omitted":	false,
					"sender":	true
				}],
			"sum":	{
				"start":	23.000217,
				"end":	24.000139,
				"seconds":	0.999921977519989,
				"bytes":	117623440,
				"bits_per_second":	941060943.90868521,
				"retransmits":	0,
				"omitted":	false,
				"sender":	true
			}
		}, {
			"streams":	[{
					"socket":	6,
					"start":	24.000139,
					"end":	25.000134,
					"seconds":	0.99999499320983887,
					"bytes":	117430720,
					"bits_per_second":	939450463.63133824,
					"retransmits":	0,
					"snd_cwnd":	224840,
					"rtt":	1700,
					"rttvar":	201,
					"pmtu":	1500,
					"omitted":	false,
					"sender":	true
				}],
			"sum":	{
				"start":	24.000139,
				"end":	25.000134,
				"seconds":	0.99999499320983887,
				"bytes":	117430720,
				"bits_per_second":	939450463.63133824,
				"retransmits":	0,
				"omitted":	false,
				"sender":	true
			}
		}, {
			"streams":	[{
					"socket":	6,
					"start":	25.000134,
					"end":	26.000139,
					"seconds":	1.0000050067901611,
					"bytes":	118073120,
					"bits_per_second":	944580230.68499458,
					"retransmits":	0,
					"snd_cwnd":	224840,
					"rtt":	1710,
					"rttvar":	213,
					"pmtu":	1500,
					"omitted":	false,
					"sender":	true
				}],
			"sum":	{
				"start":	25.000134,
				"end":	26.000139,
				"seconds":	1.0000050067901611,
				"bytes":	118073120,
				"bits_per_second":	944580230.68499458,
				"retransmits":	0,
				"omitted":	false,
				"sender":	true
			}
		}, {
			"streams":	[{
					"socket":	6,
					"start":	26.000139,
					"end":	27.000132,
					"seconds":	0.99999302625656128,
					"bytes":	117623440,
					"bits_per_second":	940994082.251307,
					"retransmits":	0,
					"snd_cwnd":	224840,
					"rtt":	1614,
					"rttvar":	154,
					"pmtu":	1500,
					"omitted":	false,
					"sender":	true
				}],
			"sum":	{
				"start":	26.000139,
				"end":	27.000132,
				"seconds":	0.99999302625656128,
				"bytes":	117623440,
				"bits_per_second":	940994082.251307,
				"retransmits":	0,
				"omitted":	false,
				"sender":	true
			}
		}, {
			"streams":	[{
					"socket":	6,
					"start":	27.000132,
					"end":	28.000132,
					"seconds":	1,
					"bytes":	117944640,
					"bits_per_second":	943557120,
					"retransmits":	0,
					"snd_cwnd":	224840,
					"rtt":	1608,
					"rttvar":	144,
					"pmtu":	1500,
					"omitted":	false,
					"sender":	true
				}],
			"sum":	{
				"start":	27.000132,
				"end":	28.000132,
				"seconds":	1,
				"bytes":	117944640,
				"bits_per_second":	943557120,
				"retransmits":	0,
				"omitted":	false,
				"sender":	true
			}
		}, {
			"streams":	[{
					"socket":	6,
					"start":	28.000132,
					"end":	29.000141,
					"seconds":	1.0000089406967163,
					"bytes":	117816160,
					"bits_per_second":	942520853.20690262,
					"retransmits":	0,
					"snd_cwnd":	224840,
					"rtt":	1680,
					"rttvar":	186,
					"pmtu":	1500,
					"omitted":	false,
					"sender":	true
				}],
			"sum":	{
				"start":	28.000132,
				"end":	29.000141,
				"seconds":	1.0000089406967163,
				"bytes":	117816160,
				"bits_per_second":	942520853.20690262,
				"retransmits":	0,
				"omitted":	false,
				"sender":	true
			}
		}, {
			"streams":	[{
					"socket":	6,
					"start":	29.000141,
					"end":	30.000141,
					"seconds":	1,
					"bytes":	117494960,
					"bits_per_second":	939959680,
					"retransmits":	0,
					"snd_cwnd":	224840,
					"rtt":	1668,
					"rttvar":	190,
					"pmtu":	1500,
					"omitted":	false,
					"sender":	true
				}],
			"sum":	{
				"start":	29.000141,
				"end":	30.000141,
				"seconds":	1,
				"bytes":	117494960,
				"bits_per_second":	939959680,
				"retransmits":	0,
				"omitted":	false,
				"sender":	true
			}
		}, {
			"streams":	[{
					"socket":	6,
					"start":	30.000141,
					"end":	31.000137,
					"seconds":	0.9999960064888,
					"bytes":	118073120,
					"bits_per_second":	944588732.22568154,
					"retransmits":	0,
					"snd_cwnd":	224840,
					"rtt":	1678,
					"rttvar":	141,
					"pmtu":	1500,
					"omitted":	false,
					"sender":	true
				}],
			"sum":	{
				"start":	30.000141,
				"end":	31.000137,
				"seconds":	0.9999960064888,
				"bytes":	118073120,
				"bits_per_second":	944588732.22568154,
				"retransmits":	0,
				"omitted":	false,
				"sender":	true
			}
		}, {
			"streams":	[{
					"socket":	6,
					"start":	31.000137,
					"end":	32.000133,
					"seconds":	0.9999960064888,
					"bytes":	117751920,
					"bits_per_second":	942019121.96391416,
					"retransmits":	0,
					"snd_cwnd":	224840,
					"rtt":	1646,
					"rttvar":	131,
					"pmtu":	1500,
					"omitted":	false,
					"sender":	true
				}],
			"sum":	{
				"start":	31.000137,
				"end":	32.000133,
				"seconds":	0.9999960064888,
				"bytes":	117751920,
				"bits_per_second":	942019121.96391416,
				"retransmits":	0,
				"omitted":	false,
				"sender":	true
			}
		}, {
			"streams":	[{
					"socket":	6,
					"start":	32.000133,
					"end":	33.000133,
					"seconds":	1,
					"bytes":	117687680,
					"bits_per_second":	941501440,
					"retransmits":	0,
					"snd_cwnd":	224840,
					"rtt":	1674,
					"rttvar":	197,
					"pmtu":	1500,
					"omitted":	false,
					"sender":	true
				}],
			"sum":	{
				"start":	32.000133,
				"end":	33.000133,
				"seconds":	1,
				"bytes":	117687680,
				"bits_per_second":	941501440,
				"retransmits":	0,
				"omitted":	false,
				"sender":	true
			}
		}, {
			"streams":	[{
					"socket":	6,
					"start":	33.000133,
					"end":	34.000132,
					"seconds":	0.99999898672103882,
					"bytes":	117751920,
					"bits_per_second":	942016314.52531254,
					"retransmits":	0,
					"snd_cwnd":	224840,
					"rtt":	1646,
					"rttvar":	223,
					"pmtu":	1500,
					"omitted":	false,
					"sender":	true
				}],
			"sum":	{
				"start":	33.000133,
				"end":	34.000132,
				"seconds":	0.99999898672103882,
				"bytes":	117751920,
				"bits_per_second":	942016314.52531254,
				"retransmits":	0,
				"omitted":	false,
				"sender":	true
			}
		}, {
			"streams":	[{
					"socket":	6,
					"start":	34.000132,
					"end":	35.000136,
					"seconds":	1.0000040531158447,
					"bytes":	117751920,
					"bits_per_second":	942011541.91809356,
					"retransmits":	0,
					"snd_cwnd":	224840,
					"rtt":	1611,
					"rttvar":	109,
					"pmtu":	1500,
					"omitted":	false,
					"sender":	true
				}],
			"sum":	{
				"start":	34.000132,
				"end":	35.000136,
				"seconds":	1.0000040531158447,
				"bytes":	117751920,
				"bits_per_second":	942011541.91809356,
				"retransmits":	0,
				"omitted":	false,
				"sender":	true
			}
		}, {
			"streams":	[{
					"socket":	6,
					"start":	35.000136,
					"end":	36.000138,
					"seconds":	1.0000020265579224,
					"bytes":	117494960,
					"bits_per_second":	939957775.12112415,
					"retransmits":	0,
					"snd_cwnd":	224840,
					"rtt":	1737,
					"rttvar":	193,
					"pmtu":	1500,
					"omitted":	false,
					"sender":	true
				}],
			"sum":	{
				"start":	35.000136,
				"end":	36.000138,
				"seconds":	1.0000020265579224,
				"bytes":	117494960,
				"bits_per_second":	939957775.12112415,
				"retransmits":	0,
				"omitted":	false,
				"sender":	true
			}
		}, {
			"streams":	[{
					"socket":	6,
					"start":	36.000138,
					"end":	37.000128,
					"seconds":	0.99998998641967773,
					"bytes":	117816160,
					"bits_per_second":	942538718.18716145,
					"retransmits":	0,
					"snd_cwnd":	224840,
					"rtt":	1632,
					"rttvar":	175,
					"pmtu":	1500,
					"omitted":	false,
					"sender":	true
				}],
			"sum":	{
				"start":	36.000138,
				"end":	37.000128,
				"seconds":	0.99998998641967773,
				"bytes":	117816160,
				"bits_per_second":	942538718.18716145,
				"retransmits":	0,
				"omitted":	false,
				"sender":	true
			}
		}, {
			"streams":	[{
					"socket":	6,
					"start":	37.000128,
					"end":	38.00014,
					"seconds":	1.0000120401382446,
					"bytes":	118137360,
					"bits_per_second":	945087501.01583445,
					"retransmits":	0,
					"snd_cwnd":	224840,
					"rtt":	1655,
					"rttvar":	253,
					"pmtu":	1500,
					"omitted":	false,
					"sender":	true
				}],
			"sum":	{
				"start":	37.000128,
				"end":	38.00014,
				"seconds":	1.0000120401382446,
				"bytes":	118137360,
				"bits_per_second":	945087501.01583445,
				"retransmits":	0,
				"omitted":	false,
				"sender":	true
			}
		}, {
			"streams":	[{
					"socket":	6,
					"start":	38.00014,
					"end":	39.000138,
					"seconds":	0.99999797344207764,
					"bytes":	117687680,
					"bits_per_second":	941503348.01106882,
					"retransmits":	0,
					"snd_cwnd":	224840,
					"rtt":	1669,
					"rttvar":	161,
					"pmtu":	1500,
					"omitted":	false,
					"sender":	true
				}],
			"sum":	{
				"start":	38.00014,
				"end":	39.000138,
				"seconds":	0.99999797344207764,
				"bytes":	117687680,
				"bits_per_second":	941503348.01106882,
				"retransmits":	0,
				"omitted":	false,
				"sender":	true
			}
		}, {
			"streams":	[{
					"socket":	6,
					"start":	39.000138,
					"end":	40.000147,
					"seconds":	1.0000089406967163,
					"bytes":	117751920,
					"bits_per_second":	942006937.80166447,
					"retransmits":	0,
					"snd_cwnd":	224840,
					"rtt":	1661,
					"rttvar":	163,
					"pmtu":	1500,
					"omitted":	false,
					"sender":	true
				}],
			"sum":	{
				"start":	39.000138,
				"end":	40.000147,
				"seconds":	1.0000089406967163,
				"bytes":	117751920,
				"bits_per_second":	942006937.80166447,
				"retransmits":	0,
				"omitted":	false,
				"sender":	true
			}
		}],
	"end":	{
		"streams":	[{
				"sender":	{
					"socket":	6,
					"start":	0,
					"end":	40.000147,
					"seconds":	40.000147,
					"bytes":	4711192072,
					"bits_per_second":	942234951.68655264,
					"retransmits":	0,
					"max_snd_cwnd":	224840,
					"max_rtt":	1754,
					"min_rtt":	1579,
					"mean_rtt":	1666,
					"sender":	true
				},
				"receiver":	{
					"socket":	6,
					"start":	0,
					"end":	40.000147,
					"seconds":	40.000147,
					"bytes":	4710229932,
					"bits_per_second":	942042524.39372289,
					"sender":	true
				}
			}],
		"sum_sent":	{
			"start":	0,
			"end":	40.000147,
			"seconds":	40.000147,
			"bytes":	4711192072,
			"bits_per_second":	942234951.68655264,
			"retransmits":	0,
			"sender":	true
		},
		"sum_received":	{
			"start":	0,
			"end":	40.000147,
			"seconds":	40.000147,
			"bytes":	4710229932,
			"bits_per_second":	942042524.39372289,
			"sender":	true
		},
		"cpu_utilization_percent":	{
			"host_total":	5.3254619393072646,
			"host_user":	0.24789060224037091,
			"host_system":	5.0775763293255238,
			"remote_total":	9.813748,
			"remote_user":	2.235798,
			"remote_system":	7.57795
		},
		"sender_tcp_congestion":	"cubic"
	}
}
