{
	"start":	{
		"connected":	[{
				"socket":	6,
				"local_host":	"192.168.94.23",
				"local_port":	41072,
				"remote_host":	"192.168.94.100",
				"remote_port":	5201
			}],
		"version":	"iperf 3.7",
		"system_info":	"Linux lab4-nz23 5.11.0-25-generic #27~20.04.1-Ubuntu SMP Tue Jul 13 17:41:23 UTC 2021 x86_64",
		"timestamp":	{
			"time":	"Fri, 08 Oct 2021 21:01:19 GMT",
			"timesecs":	1633726879
		},
		"connecting_to":	{
			"host":	"192.168.94.100",
			"port":	5201
		},
		"cookie":	"5dhzt6wzrkke2qzabgxbqswj77b4jc6yvc5c",
		"tcp_mss_default":	1460,
		"sock_bufsize":	0,
		"sndbuf_actual":	16384,
		"rcvbuf_actual":	131072,
		"test_start":	{
			"protocol":	"TCP",
			"num_streams":	1,
			"blksize":	131072,
			"omit":	0,
			"duration":	40,
			"bytes":	0,
			"blocks":	0,
			"reverse":	0,
			"tos":	0
		}
	},
	"intervals":	[{
			"streams":	[{
					"socket":	6,
					"start":	0,
					"end":	1.000126,
					"seconds":	1.0001260042190552,
					"bytes":	118559300,
					"bits_per_second":	948354903.28102493,
					"retransmits":	0,
					"snd_cwnd":	224840,
					"rtt":	1678,
					"rttvar":	144,
					"pmtu":	1500,
					"omitted":	false,
					"sender":	true
				}],
			"sum":	{
				"start":	0,
				"end":	1.000126,
				"seconds":	1.0001260042190552,
				"bytes":	118559300,
				"bits_per_second":	948354903.28102493,
				"retransmits":	0,
				"omitted":	false,
				"sender":	true
			}
		}, {
			"streams":	[{
					"socket":	6,
					"start":	1.000126,
					"end":	2.000133,
					"seconds":	1.0000070333480835,
					"bytes":	117816160,
					"bits_per_second":	942522650.91011953,
					"retransmits":	0,
					"snd_cwnd":	224840,
					"rtt":	1632,
					"rttvar":	146,
					"pmtu":	1500,
					"omitted":	false,
					"sender":	true
				}],
			"sum":	{
				"start":	1.000126,
				"end":	2.000133,
				"seconds":	1.0000070333480835,
				"bytes":	117816160,
				"bits_per_second":	942522650.91011953,
				"retransmits":	0,
				"omitted":	false,
				"sender":	true
			}
		}, {
			"streams":	[{
					"socket":	6,
					"start":	2.000133,
					"end":	3.000119,
					"seconds":	0.99998599290847778,
					"bytes":	118008880,
					"bits_per_second":	944084263.87468874,
					"retransmits":	0,
					"snd_cwnd":	224840,
					"rtt":	1685,
					"rttvar":	150,
					"pmtu":	1500,
					"omitted":	false,
					"sender":	true
				}],
			"sum":	{
				"start":	2.000133,
				"end":	3.000119,
				"seconds":	0.99998599290847778,
				"bytes":	118008880,
				"bits_per_second":	944084263.87468874,
				"retransmits":	0,
				"omitted":	false,
				"sender":	true
			}
		}, {
			"streams":	[{
					"socket":	6,
					"start":	3.000119,
					"end":	4.000142,
					"seconds":	1.0000230073928833,
					"bytes":	117430720,
					"bits_per_second":	939424146.299582,
					"retransmits":	0,
					"snd_cwnd":	224840,
					"rtt":	1736,
					"rttvar":	182,
					"pmtu":	1500,
					"omitted":	false,
					"sender":	true
				}],
			"sum":	{
				"start":	3.000119,
				"end":	4.000142,
				"seconds":	1.0000230073928833,
				"bytes":	117430720,
				"bits_per_second":	939424146.299582,
				"retransmits":	0,
				"omitted":	false,
				"sender":	true
			}
		}, {
			"streams":	[{
					"socket":	6,
					"start":	4.000142,
					"end":	5.000139,
					"seconds":	0.99999701976776123,
					"bytes":	118137360,
					"bits_per_second":	945101696.62254524,
					"retransmits":	0,
					"snd_cwnd":	224840,
					"rtt":	1737,
					"rttvar":	212,
					"pmtu":	1500,
					"omitted":	false,
					"sender":	true
				}],
			"sum":	{
				"start":	4.000142,
				"end":	5.000139,
				"seconds":	0.99999701976776123,
				"bytes":	118137360,
				"bits_per_second":	945101696.62254524,
				"retransmits":	0,
				"omitted":	false,
				"sender":	true
			}
		}, {
			"streams":	[{
					"socket":	6,
					"start":	5.000139,
					"end":	6.00014,
					"seconds":	1.0000009536743164,
					"bytes":	117494960,
					"bits_per_second":	939958783.58544958,
					"retransmits":	0,
					"snd_cwnd":	224840,
					"rtt":	1608,
					"rttvar":	126,
					"pmtu":	1500,
					"omitted":	false,
					"sender":	true
				}],
			"sum":	{
				"start":	5.000139,
				"end":	6.00014,
				"seconds":	1.0000009536743164,
				"bytes":	117494960,
				"bits_per_second":	939958783.58544958,
				"retransmits":	0,
				"omitted":	false,
				"sender":	true
			}
		}, {
			"streams":	[{
					"socket":	6,
					"start":	6.00014,
					"end":	7.000137,
					"seconds":	0.99999701976776123,
					"bytes":	117880400,
					"bits_per_second":	943046010.49612308,
					"retransmits":	0,
					"snd_cwnd":	224840,
					"rtt":	1665,
					"rttvar":	231,
					"pmtu":	1500,
					"omitted":	false,
					"sender":	true
				}],
			"sum":	{
				"start":	6.00014,
				"end":	7.000137,
				"seconds":	0.99999701976776123,
				"bytes":	117880400,
				"bits_per_second":	943046010.49612308,
				"retransmits":	0,
				"omitted":	false,
				"sender":	true
			}
		}, {
			"streams":	[{
					"socket":	6,
					"start":	7.000137,
					"end":	8.000286,
					"seconds":	1.0001490116119385,
					"bytes":	118073120,
					"bits_per_second":	944444226.84337211,
					"retransmits":	0,
					"snd_cwnd":	224840,
					"rtt":	1642,
					"rttvar":	171,
					"pmtu":	1500,
					"omitted":	false,
					"sender":	true
				}],
			"sum":	{
				"start":	7.000137,
				"end":	8.000286,
				"seconds":	1.0001490116119385,
				"bytes":	118073120,
				"bits_per_second":	944444226.84337211,
				"retransmits":	0,
				"omitted":	false,
				"sender":	true
			}
		}, {
			"streams":	[{
					"socket":	6,
					"start":	8.000286,
					"end":	9.000124,
					"seconds":	0.99983799457550049,
					"bytes":	117687680,
					"bits_per_second":	941653993.05487657,
					"retransmits":	0,
					"snd_cwnd":	224840,
					"rtt":	1688,
					"rttvar":	209,
					"pmtu":	1500,
					"omitted":	false,
					"sender":	true
				}],
			"sum":	{
				"start":	8.000286,
				"end":	9.000124,
				"seconds":	0.99983799457550049,
				"bytes":	117687680,
				"bits_per_second":	941653993.05487657,
				"retransmits":	0,
				"omitted":	false,
				"sender":	true
			}
		}, {
			"streams":	[{
					"socket":	6,
					"start":	9.000124,
					"end":	10.000142,
					"seconds":	1.0000180006027222,
					"bytes":	117751920,
					"bits_per_second":	941998403.46097434,
					"retransmits":	0,
					"snd_cwnd":	224840,
					"rtt":	1687,
					"rttvar":	190,
					"pmtu":	1500,
					"omitted":	false,
					"sender":	true
				}],
			"sum":	{
				"start":	9.000124,
				"end":	10.000142,
				"seconds":	1.0000180006027222,
				"bytes":	117751920,
				"bits_per_second":	941998403.46097434,
				"retransmits":	0,
				"omitted":	false,
				"sender":	true
			}
		}, {
			"streams":	[{
					"socket":	6,
					"start":	10.000142,
					"end":	11.000073,
					"seconds":	0.9999309778213501,
					"bytes":	117816160,
					"bits_per_second":	942594339.914924,
					"retransmits":	0,
					"snd_cwnd":	224840,
					"rtt":	1750,
					"rttvar":	203,
					"pmtu":	1500,
					"omitted":	false,
					"sender":	true
				}],
			"sum":	{
				"start":	10.000142,
				"end":	11.000073,
				"seconds":	0.9999309778213501,
				"bytes":	117816160,
				"bits_per_second":	942594339.914924,
				"retransmits":	0,
				"omitted":	false,
				"sender":	true
			}
		}, {
			"streams":	[{
					"socket":	6,
					"start":	11.000073,
					"end":	12.000148,
					"seconds":	1.0000749826431274,
					"bytes":	117302240,
					"bits_per_second":	938347560.21976256,
					"retransmits":	0,
					"snd_cwnd":	224840,
					"rtt":	1658,
					"rttvar":	163,
					"pmtu":	1500,
					"omitted":	false,
					"sender":	true
				}],
			"sum":	{
				"start":	11.000073,
				"end":	12.000148,
				"seconds":	1.0000749826431274,
				"bytes":	117302240,
				"bits_per_second":	938347560.21976256,
				"retransmits":	0,
				"omitted":	false,
				"sender":	true
			}
		}, {
			"streams":	[{
					"socket":	6,
					"start":	12.000148,
					"end":	13.000145,
					"seconds":	0.99999701976776123,
					"bytes":	117880400,
					"bits_per_second":	943046010.49612308,
					"retransmits":	0,
					"snd_cwnd":	224840,
					"rtt":	1641,
					"rttvar":	174,
					"pmtu":	1500,
					"omitted":	false,
					"sender":	true
				}],
			"sum":	{
				"start":	12.000148,
				"end":	13.000145,
				"seconds":	0.99999701976776123,
				"bytes":	117880400,
				"bits_per_second":	943046010.49612308,
				"retransmits":	0,
				"omitted":	false,
				"sender":	true
			}
		}, {
			"streams":	[{
					"socket":	6,
					"start":	13.000145,
					"end":	14.000089,
					"seconds":	0.99994397163391113,
					"bytes":	118137360,
					"bits_per_second":	945151835.31303847,
					"retransmits":	0,
					"snd_cwnd":	224840,
					"rtt":	1645,
					"rttvar":	119,
					"pmtu":	1500,
					"omitted":	false,
					"sender":	true
				}],
			"sum":	{
				"start":	13.000145,
				"end":	14.000089,
				"seconds":	0.99994397163391113,
				"bytes":	118137360,
				"bits_per_second":	945151835.31303847,
				"retransmits":	0,
				"omitted":	false,
				"sender":	true
			}
		}, {
			"streams":	[{
					"socket":	6,
					"start":	14.000089,
					"end":	15.000138,
					"seconds":	1.0000489950180054,
					"bytes":	117559200,
					"bits_per_second":	940427523.73654175,
					"retransmits":	0,
					"snd_cwnd":	224840,
					"rtt":	1703,
					"rttvar":	151,
					"pmtu":	1500,
					"omitted":	false,
					"sender":	true
				}],
			"sum":	{
				"start":	14.000089,
				"end":	15.000138,
				"seconds":	1.0000489950180054,
				"bytes":	117559200,
				"bits_per_second":	940427523.73654175,
				"retransmits":	0,
				"omitted":	false,
				"sender":	true
			}
		}, {
			"streams":	[{
					"socket":	6,
					"start":	15.000138,
					"end":	16.00014,
					"seconds":	1.0000020265579224,
					"bytes":	117559200,
					"bits_per_second":	940471694.07963765,
					"retransmits":	0,
					"snd_cwnd":	224840,
					"rtt":	1743,
					"rttvar":	156,
					"pmtu":	1500,
					"omitted":	false,
					"sender":	true
				}],
			"sum":	{
				"start":	15.000138,
				"end":	16.00014,
				"seconds":	1.0000020265579224,
				"bytes":	117559200,
				"bits_per_second":	940471694.07963765,
				"retransmits":	0,
				"omitted":	false,
				"sender":	true
			}
		}, {
			"streams":	[{
					"socket":	6,
					"start":	16.00014,
					"end":	17.000141,
					"seconds":	1.0000009536743164,
					"bytes":	118008880,
					"bits_per_second":	944070139.664555,
					"retransmits":	0,
					"snd_cwnd":	224840,
					"rtt":	1653,
					"rttvar":	158,
					"pmtu":	1500,
					"omitted":	false,
					"sender":	true
				}],
			"sum":	{
				"start":	16.00014,
				"end":	17.000141,
				"seconds":	1.0000009536743164,
				"bytes":	118008880,
				"bits_per_second":	944070139.664555,
				"retransmits":	0,
				"omitted":	false,
				"sender":	true
			}
		}, {
			"streams":	[{
					"socket":	6,
					"start":	17.000141,
					"end":	18.000146,
					"seconds":	1.0000050067901611,
					"bytes":	117687680,
					"bits_per_second":	941496726.12345493,
					"retransmits":	0,
					"snd_cwnd":	224840,
					"rtt":	1736,
					"rttvar":	200,
					"pmtu":	1500,
					"omitted":	false,
					"sender":	true
				}],
			"sum":	{
				"start":	17.000141,
				"end":	18.000146,
				"seconds":	1.0000050067901611,
				"bytes":	117687680,
				"bits_per_second":	941496726.12345493,
				"retransmits":	0,
				"omitted":	false,
				"sender":	true
			}
		}, {
			"streams":	[{
					"socket":	6,
					"start":	18.000146,
					"end":	19.000142,
					"seconds":	0.9999960064888,
					"bytes":	117687680,
					"bits_per_second":	941505199.91156065,
					"retransmits":	0,
					"snd_cwnd":	224840,
					"rtt":	1498,
					"rttvar":	168,
					"pmtu":	1500,
					"omitted":	false,
					"sender":	true
				}],
			"sum":	{
				"start":	18.000146,
				"end":	19.000142,
				"seconds":	0.9999960064888,
				"bytes":	117687680,
				"bits_per_second":	941505199.91156065,
				"retransmits":	0,
				"omitted":	false,
				"sender":	true
			}
		}, {
			"streams":	[{
					"socket":	6,
					"start":	19.000142,
					"end":	20.000139,
					"seconds":	0.99999701976776123,
					"bytes":	117816160,
					"bits_per_second":	942532088.96451759,
					"retransmits":	0,
					"snd_cwnd":	224840,
					"rtt":	1689,
					"rttvar":	264,
					"pmtu":	1500,
					"omitted":	false,
					"sender":	true
				}],
			"sum":	{
				"start":	19.000142,
				"end":	20.000139,
				"seconds":	0.99999701976776123,
				"bytes":	117816160,
				"bits_per_second":	942532088.96451759,
				"retransmits":	0,
				"omitted":	false,
				"sender":	true
			}
		}, {
			"streams":	[{
					"socket":	6,
					"start":	20.000139,
					"end":	21.000137,
					"seconds":	0.99999797344207764,
					"bytes":	117687680,
					"bits_per_second":	941503348.01106882,
					"retransmits":	0,
					"snd_cwnd":	224840,
					"rtt":	1737,
					"rttvar":	299,
					"pmtu":	1500,
					"omitted":	false,
					"sender":	true
				}],
			"sum":	{
				"start":	20.000139,
				"end":	21.000137,
				"seconds":	0.99999797344207764,
				"bytes":	117687680,
				"bits_per_second":	941503348.01106882,
				"retransmits":	0,
				"omitted":	false,
				"sender":	true
			}
		}, {
			"streams":	[{
					"socket":	6,
					"start":	21.000137,
					"end":	22.000145,
					"seconds":	1.0000079870224,
					"bytes":	117751920,
					"bits_per_second":	942007836.16231167,
					"retransmits":	0,
					"snd_cwnd":	224840,
					"rtt":	1728,
					"rttvar":	197,
					"pmtu":	1500,
					"omitted":	false,
					"sender":	true
				}],
			"sum":	{
				"start":	21.000137,
				"end":	22.000145,
				"seconds":	1.0000079870224,
				"bytes":	117751920,
				"bits_per_second":	942007836.16231167,
				"retransmits":	0,
				"omitted":	false,
				"sender":	true
			}
		}, {
			"streams":	[{
					"socket":	6,
					"start":	22.000145,
					"end":	23.000139,
					"seconds":	0.99999397993087769,
					"bytes":	118008880,
					"bits_per_second":	944076723.40713167,
					"retransmits":	0,
					"snd_cwnd":	224840,
					"rtt":	1758,
					"rttvar":	202,
					"pmtu":	1500,
					"omitted":	false,
					"sender":	true
				}],
			"sum":	{
				"start":	22.000145,
				"end":	23.000139,
				"seconds":	0.99999397993087769,
				"bytes":	118008880,
				"bits_per_second":	944076723.40713167,
				"retransmits":	0,
				"omitted":	false,
				"sender":	true
			}
		}, {
			"streams":	[{
					"socket":	6,
					"start":	23.000139,
					"end":	24.000141,
					"seconds":	1.0000020265579224,
					"bytes":	117687680,
					"bits_per_second":	941499531.99666452,
					"retransmits":	0,
					"snd_cwnd":	224840,
					"rtt":	1597,
					"rttvar":	250,
					"pmtu":	1500,
					"omitted":	false,
					"sender":	true
				}],
			"sum":	{
				"start":	23.000139,
				"end":	24.000141,
				"seconds":	1.0000020265579224,
				"bytes":	117687680,
				"bits_per_second":	941499531.99666452,
				"retransmits":	0,
				"omitted":	false,
				"sender":	true
			}
		}, {
			"streams":	[{
					"socket":	6,
					"start":	24.000141,
					"end":	25.000131,
					"seconds":	0.99998998641967773,
					"bytes":	117430720,
					"bits_per_second":	939455167.309777,
					"retransmits":	0,
					"snd_cwnd":	224840,
					"rtt":	1727,
					"rttvar":	253,
					"pmtu":	1500,
					"omitted":	false,
					"sender":	true
				}],
			"sum":	{
				"start":	24.000141,
				"end":	25.000131,
				"seconds":	0.99998998641967773,
				"bytes":	117430720,
				"bits_per_second":	939455167.309777,
				"retransmits":	0,
				"omitted":	false,
				"sender":	true
			}
		}, {
			"streams":	[{
					"socket":	6,
					"start":	25.000131,
					"end":	26.000138,
					"seconds":	1.0000070333480835,
					"bytes":	118073120,
					"bits_per_second":	944578316.45190823,
					"retransmits":	0,
					"snd_cwnd":	224840,
					"rtt":	1742,
					"rttvar":	263,
					"pmtu":	1500,
					"omitted":	false,
					"sender":	true
				}],
			"sum":	{
				"start":	25.000131,
				"end":	26.000138,
				"seconds":	1.0000070333480835,
				"bytes":	118073120,
				"bits_per_second":	944578316.45190823,
				"retransmits":	0,
				"omitted":	false,
				"sender":	true
			}
		}, {
			"streams":	[{
					"socket":	6,
					"start":	26.000138,
					"end":	27.000136,
					"seconds":	0.99999797344207764,
					"bytes":	117687680,
					"bits_per_second":	941503348.01106882,
					"retransmits":	0,
					"snd_cwnd":	224840,
					"rtt":	1610,
					"rttvar":	137,
					"pmtu":	1500,
					"omitted":	false,
					"sender":	true
				}],
			"sum":	{
				"start":	26.000138,
				"end":	27.000136,
				"seconds":	0.99999797344207764,
				"bytes":	117687680,
				"bits_per_second":	941503348.01106882,
				"retransmits":	0,
				"omitted":	false,
				"sender":	true
			}
		}, {
			"streams":	[{
					"socket":	6,
					"start":	27.000136,
					"end":	28.000144,
					"seconds":	1.0000079870224,
					"bytes":	117880400,
					"bits_per_second":	943035667.95299613,
					"retransmits":	0,
					"snd_cwnd":	224840,
					"rtt":	1742,
					"rttvar":	177,
					"pmtu":	1500,
					"omitted":	false,
					"sender":	true
				}],
			"sum":	{
				"start":	27.000136,
				"end":	28.000144,
				"seconds":	1.0000079870224,
				"bytes":	117880400,
				"bits_per_second":	943035667.95299613,
				"retransmits":	0,
				"omitted":	false,
				"sender":	true
			}
		}, {
			"streams":	[{
					"socket":	6,
					"start":	28.000144,
					"end":	29.000149,
					"seconds":	1.0000050067901611,
					"bytes":	117559200,
					"bits_per_second":	940468891.26960838,
					"retransmits":	0,
					"snd_cwnd":	224840,
					"rtt":	1670,
					"rttvar":	199,
					"pmtu":	1500,
					"omitted":	false,
					"sender":	true
				}],
			"sum":	{
				"start":	28.000144,
				"end":	29.000149,
				"seconds":	1.0000050067901611,
				"bytes":	117559200,
				"bits_per_second":	940468891.26960838,
				"retransmits":	0,
				"omitted":	false,
				"sender":	true
			}
		}, {
			"streams":	[{
					"socket":	6,
					"start":	29.000149,
					"end":	30.000141,
					"seconds":	0.9999920129776001,
					"bytes":	118008880,
					"bits_per_second":	944078580.37676871,
					"retransmits":	0,
					"snd_cwnd":	224840,
					"rtt":	1643,
					"rttvar":	180,
					"pmtu":	1500,
					"omitted":	false,
					"sender":	true
				}],
			"sum":	{
				"start":	29.000149,
				"end":	30.000141,
				"seconds":	0.9999920129776001,
				"bytes":	118008880,
				"bits_per_second":	944078580.37676871,
				"retransmits":	0,
				"omitted":	false,
				"sender":	true
			}
		}, {
			"streams":	[{
					"socket":	6,
					"start":	30.000141,
					"end":	31.000291,
					"seconds":	1.0001499652862549,
					"bytes":	117880400,
					"bits_per_second":	942901797.46203339,
					"retransmits":	0,
					"snd_cwnd":	224840,
					"rtt":	1634,
					"rttvar":	190,
					"pmtu":	1500,
					"omitted":	false,
					"sender":	true
				}],
			"sum":	{
				"start":	30.000141,
				"end":	31.000291,
				"seconds":	1.0001499652862549,
				"bytes":	117880400,
				"bits_per_second":	942901797.46203339,
				"retransmits":	0,
				"omitted":	false,
				"sender":	true
			}
		}, {
			"streams":	[{
					"socket":	6,
					"start":	31.000291,
					"end":	32.000144,
					"seconds":	0.99985301494598389,
					"bytes":	117430720,
					"bits_per_second":	939583864.7851181,
					"retransmits":	0,
					"snd_cwnd":	224840,
					"rtt":	1675,
					"rttvar":	197,
					"pmtu":	1500,
					"omitted":	false,
					"sender":	true
				}],
			"sum":	{
				"start":	31.000291,
				"end":	32.000144,
				"seconds":	0.99985301494598389,
				"bytes":	117430720,
				"bits_per_second":	939583864.7851181,
				"retransmits":	0,
				"omitted":	false,
				"sender":	true
			}
		}, {
			"streams":	[{
					"socket":	6,
					"start":	32.000144,
					"end":	33.00015,
					"seconds":	1.0000059604644775,
					"bytes":	117687680,
					"bits_per_second":	941495828.24756,
					"retransmits":	0,
					"snd_cwnd":	224840,
					"rtt":	1691,
					"rttvar":	157,
					"pmtu":	1500,
					"omitted":	false,
					"sender":	true
				}],
			"sum":	{
				"start":	32.000144,
				"end":	33.00015,
				"seconds":	1.0000059604644775,
				"bytes":	117687680,
				"bits_per_second":	941495828.24756,
				"retransmits":	0,
				"omitted":	false,
				"sender":	true
			}
		}, {
			"streams":	[{
					"socket":	6,
					"start":	33.00015,
					"end":	34.000138,
					"seconds":	0.99998801946640015,
					"bytes":	117816160,
					"bits_per_second":	942540572.13899374,
					"retransmits":	0,
					"snd_cwnd":	224840,
					"rtt":	1624,
					"rttvar":	175,
					"pmtu":	1500,
					"omitted":	false,
					"sender":	true
				}],
			"sum":	{
				"start":	33.00015,
				"end":	34.000138,
				"seconds":	0.99998801946640015,
				"bytes":	117816160,
				"bits_per_second":	942540572.13899374,
				"retransmits":	0,
				"omitted":	false,
				"sender":	true
			}
		}, {
			"streams":	[{
					"socket":	6,
					"start":	34.000138,
					"end":	35.000144,
					"seconds":	1.0000059604644775,
					"bytes":	117816160,
					"bits_per_second":	942523662.12119269,
					"retransmits":	0,
					"snd_cwnd":	224840,
					"rtt":	1634,
					"rttvar":	186,
					"pmtu":	1500,
					"omitted":	false,
					"sender":	true
				}],
			"sum":	{
				"start":	34.000138,
				"end":	35.000144,
				"seconds":	1.0000059604644775,
				"bytes":	117816160,
				"bits_per_second":	942523662.12119269,
				"retransmits":	0,
				"omitted":	false,
				"sender":	true
			}
		}, {
			"streams":	[{
					"socket":	6,
					"start":	35.000144,
					"end":	36.000072,
					"seconds":	0.99992799758911133,
					"bytes":	118073120,
					"bits_per_second":	944652977.29181814,
					"retransmits":	0,
					"snd_cwnd":	224840,
					"rtt":	1737,
					"rttvar":	212,
					"pmtu":	1500,
					"omitted":	false,
					"sender":	true
				}],
			"sum":	{
				"start":	35.000144,
				"end":	36.000072,
				"seconds":	0.99992799758911133,
				"bytes":	118073120,
				"bits_per_second":	944652977.29181814,
				"retransmits":	0,
				"omitted":	false,
				"sender":	true
			}
		}, {
			"streams":	[{
					"socket":	6,
					"start":	36.000072,
					"end":	37.000091,
					"seconds":	1.0000189542770386,
					"bytes":	117751920,
					"bits_per_second":	941997505.11831832,
					"retransmits":	0,
					"snd_cwnd":	224840,
					"rtt":	1749,
					"rttvar":	189,
					"pmtu":	1500,
					"omitted":	false,
					"sender":	true
				}],
			"sum":	{
				"start":	36.000072,
				"end":	37.000091,
				"seconds":	1.0000189542770386,
				"bytes":	117751920,
				"bits_per_second":	941997505.11831832,
				"retransmits":	0,
				"omitted":	false,
				"sender":	true
			}
		}, {
			"streams":	[{
					"socket":	6,
					"start":	37.000091,
					"end":	38.000125,
					"seconds":	1.000033974647522,
					"bytes":	117430720,
					"bits_per_second":	939413843.74578142,
					"retransmits":	0,
					"snd_cwnd":	224840,
					"rtt":	1727,
					"rttvar":	192,
					"pmtu":	1500,
					"omitted":	false,
					"sender":	true
				}],
			"sum":	{
				"start":	37.000091,
				"end":	38.000125,
				"seconds":	1.000033974647522,
				"bytes":	117430720,
				"bits_per_second":	939413843.74578142,
				"retransmits":	0,
				"omitted":	false,
				"sender":	true
			}
		}, {
			"streams":	[{
					"socket":	6,
					"start":	38.000125,
					"end":	39.000045,
					"seconds":	0.99992001056671143,
					"bytes":	118137360,
					"bits_per_second":	945174483.97133172,
					"retransmits":	0,
					"snd_cwnd":	224840,
					"rtt":	1605,
					"rttvar":	114,
					"pmtu":	1500,
					"omitted":	false,
					"sender":	true
				}],
			"sum":	{
				"start":	38.000125,
				"end":	39.000045,
				"seconds":	0.99992001056671143,
				"bytes":	118137360,
				"bits_per_second":	945174483.97133172,
				"retransmits":	0,
				"omitted":	false,
				"sender":	true
			}
		}, {
			"streams":	[{
					"socket":	6,
					"start":	39.000045,
					"end":	40.000158,
					"seconds":	1.0001130104064941,
					"bytes":	117559200,
					"bits_per_second":	940367328.70592916,
					"retransmits":	0,
					"snd_cwnd":	224840,
					"rtt":	1578,
					"rttvar":	94,
					"pmtu":	1500,
					"omitted":	false,
					"sender":	true
				}],
			"sum":	{
				"start":	39.000045,
				"end":	40.000158,
				"seconds":	1.0001130104064941,
				"bytes":	117559200,
				"bits_per_second":	940367328.70592916,
				"retransmits":	0,
				"omitted":	false,
				"sender":	true
			}
		}],
	"end":	{
		"streams":	[{
				"sender":	{
					"socket":	6,
					"start":	0,
					"end":	40.000158,
					"seconds":	40.000158,
					"bytes":	4711655060,
					"bits_per_second":	942327289.80720532,
					"retransmits":	0,
					"max_snd_cwnd":	224840,
					"max_rtt":	1758,
					"min_rtt":	1498,
					"mean_rtt":	1677,
					"sender":	true
				},
				"receiver":	{
					"socket":	6,
					"start":	0,
					"end":	40.000158,
					"seconds":	40.000158,
					"bytes":	4710704600,
					"bits_per_second":	942137198.55806577,
					"sender":	true
				}
			}],
		"sum_sent":	{
			"start":	0,
			"end":	40.000158,
			"seconds":	40.000158,
			"bytes":	4711655060,
			"bits_per_second":	942327289.80720532,
			"retransmits":	0,
			"sender":	true
		},
		"sum_received":	{
			"start":	0,
			"end":	40.000158,
			"seconds":	40.000158,
			"bytes":	4710704600,
			"bits_per_second":	942137198.55806577,
			"sender":	true
		},
		"cpu_utilization_percent":	{
			"host_total":	5.2806692360573591,
			"host_user":	0.24825672766446402,
			"host_system":	5.0324175006353249,
			"remote_total":	32.875886,
			"remote_user":	9.568047,
			"remote_system":	23.307839
		},
		"sender_tcp_congestion":	"cubic"
	}
}
