{
	"start":	{
		"connected":	[{
				"socket":	6,
				"local_host":	"192.168.94.24",
				"local_port":	38786,
				"remote_host":	"192.168.94.100",
				"remote_port":	5201
			}],
		"version":	"iperf 3.7",
		"system_info":	"Linux lab4-nz24 5.11.0-25-generic #27~20.04.1-Ubuntu SMP Tue Jul 13 17:41:23 UTC 2021 x86_64",
		"timestamp":	{
			"time":	"Fri, 08 Oct 2021 21:02:01 GMT",
			"timesecs":	1633726921
		},
		"connecting_to":	{
			"host":	"192.168.94.100",
			"port":	5201
		},
		"cookie":	"ahcyy4fwnd5xdfvo32tyy4qc6nhsypiuuwoc",
		"tcp_mss_default":	1460,
		"sock_bufsize":	0,
		"sndbuf_actual":	16384,
		"rcvbuf_actual":	131072,
		"test_start":	{
			"protocol":	"TCP",
			"num_streams":	1,
			"blksize":	131072,
			"omit":	0,
			"duration":	40,
			"bytes":	0,
			"blocks":	0,
			"reverse":	0,
			"tos":	0
		}
	},
	"intervals":	[{
			"streams":	[{
					"socket":	6,
					"start":	0,
					"end":	1.00011,
					"seconds":	1.0001100301742554,
					"bytes":	118547620,
					"bits_per_second":	948276620.95815372,
					"retransmits":	0,
					"snd_cwnd":	216080,
					"rtt":	1646,
					"rttvar":	147,
					"pmtu":	1500,
					"omitted":	false,
					"sender":	true
				}],
			"sum":	{
				"start":	0,
				"end":	1.00011,
				"seconds":	1.0001100301742554,
				"bytes":	118547620,
				"bits_per_second":	948276620.95815372,
				"retransmits":	0,
				"omitted":	false,
				"sender":	true
			}
		}, {
			"streams":	[{
					"socket":	6,
					"start":	1.00011,
					"end":	2.000128,
					"seconds":	1.0000180006027222,
					"bytes":	118008880,
					"bits_per_second":	944054046.45816147,
					"retransmits":	0,
					"snd_cwnd":	216080,
					"rtt":	1667,
					"rttvar":	148,
					"pmtu":	1500,
					"omitted":	false,
					"sender":	true
				}],
			"sum":	{
				"start":	1.00011,
				"end":	2.000128,
				"seconds":	1.0000180006027222,
				"bytes":	118008880,
				"bits_per_second":	944054046.45816147,
				"retransmits":	0,
				"omitted":	false,
				"sender":	true
			}
		}, {
			"streams":	[{
					"socket":	6,
					"start":	2.000128,
					"end":	3.000074,
					"seconds":	0.9999459981918335,
					"bytes":	117816160,
					"bits_per_second":	942580181.0341177,
					"retransmits":	0,
					"snd_cwnd":	216080,
					"rtt":	1659,
					"rttvar":	128,
					"pmtu":	1500,
					"omitted":	false,
					"sender":	true
				}],
			"sum":	{
				"start":	2.000128,
				"end":	3.000074,
				"seconds":	0.9999459981918335,
				"bytes":	117816160,
				"bits_per_second":	942580181.0341177,
				"retransmits":	0,
				"omitted":	false,
				"sender":	true
			}
		}, {
			"streams":	[{
					"socket":	6,
					"start":	3.000074,
					"end":	4.000069,
					"seconds":	0.99999499320983887,
					"bytes":	117816160,
					"bits_per_second":	942533999.06995308,
					"retransmits":	0,
					"snd_cwnd":	216080,
					"rtt":	1708,
					"rttvar":	267,
					"pmtu":	1500,
					"omitted":	false,
					"sender":	true
				}],
			"sum":	{
				"start":	3.000074,
				"end":	4.000069,
				"seconds":	0.99999499320983887,
				"bytes":	117816160,
				"bits_per_second":	942533999.06995308,
				"retransmits":	0,
				"omitted":	false,
				"sender":	true
			}
		}, {
			"streams":	[{
					"socket":	6,
					"start":	4.000069,
					"end":	5.000134,
					"seconds":	1.0000649690628052,
					"bytes":	117366480,
					"bits_per_second":	938870842.44127154,
					"retransmits":	0,
					"snd_cwnd":	216080,
					"rtt":	1632,
					"rttvar":	137,
					"pmtu":	1500,
					"omitted":	false,
					"sender":	true
				}],
			"sum":	{
				"start":	4.000069,
				"end":	5.000134,
				"seconds":	1.0000649690628052,
				"bytes":	117366480,
				"bits_per_second":	938870842.44127154,
				"retransmits":	0,
				"omitted":	false,
				"sender":	true
			}
		}, {
			"streams":	[{
					"socket":	6,
					"start":	5.000134,
					"end":	6.000127,
					"seconds":	0.99999302625656128,
					"bytes":	117751920,
					"bits_per_second":	942021929.41924942,
					"retransmits":	0,
					"snd_cwnd":	216080,
					"rtt":	1662,
					"rttvar":	191,
					"pmtu":	1500,
					"omitted":	false,
					"sender":	true
				}],
			"sum":	{
				"start":	5.000134,
				"end":	6.000127,
				"seconds":	0.99999302625656128,
				"bytes":	117751920,
				"bits_per_second":	942021929.41924942,
				"retransmits":	0,
				"omitted":	false,
				"sender":	true
			}
		}, {
			"streams":	[{
					"socket":	6,
					"start":	6.000127,
					"end":	7.000032,
					"seconds":	0.999904990196228,
					"bytes":	118137360,
					"bits_per_second":	945188682.19122243,
					"retransmits":	0,
					"snd_cwnd":	216080,
					"rtt":	1617,
					"rttvar":	203,
					"pmtu":	1500,
					"omitted":	false,
					"sender":	true
				}],
			"sum":	{
				"start":	6.000127,
				"end":	7.000032,
				"seconds":	0.999904990196228,
				"bytes":	118137360,
				"bits_per_second":	945188682.19122243,
				"retransmits":	0,
				"omitted":	false,
				"sender":	true
			}
		}, {
			"streams":	[{
					"socket":	6,
					"start":	7.000032,
					"end":	8.000249,
					"seconds":	1.0002169609069824,
					"bytes":	117816160,
					"bits_per_second":	942324832.3497014,
					"retransmits":	0,
					"snd_cwnd":	216080,
					"rtt":	1673,
					"rttvar":	234,
					"pmtu":	1500,
					"omitted":	false,
					"sender":	true
				}],
			"sum":	{
				"start":	7.000032,
				"end":	8.000249,
				"seconds":	1.0002169609069824,
				"bytes":	117816160,
				"bits_per_second":	942324832.3497014,
				"retransmits":	0,
				"omitted":	false,
				"sender":	true
			}
		}, {
			"streams":	[{
					"socket":	6,
					"start":	8.000249,
					"end":	9.000153,
					"seconds":	0.99990397691726685,
					"bytes":	117494960,
					"bits_per_second":	940049946.4937855,
					"retransmits":	0,
					"snd_cwnd":	216080,
					"rtt":	1632,
					"rttvar":	126,
					"pmtu":	1500,
					"omitted":	false,
					"sender":	true
				}],
			"sum":	{
				"start":	8.000249,
				"end":	9.000153,
				"seconds":	0.99990397691726685,
				"bytes":	117494960,
				"bits_per_second":	940049946.4937855,
				"retransmits":	0,
				"omitted":	false,
				"sender":	true
			}
		}, {
			"streams":	[{
					"socket":	6,
					"start":	9.000153,
					"end":	10.000147,
					"seconds":	0.99999397993087769,
					"bytes":	117880400,
					"bits_per_second":	943048877.21942663,
					"retransmits":	0,
					"snd_cwnd":	216080,
					"rtt":	1659,
					"rttvar":	163,
					"pmtu":	1500,
					"omitted":	false,
					"sender":	true
				}],
			"sum":	{
				"start":	9.000153,
				"end":	10.000147,
				"seconds":	0.99999397993087769,
				"bytes":	117880400,
				"bits_per_second":	943048877.21942663,
				"retransmits":	0,
				"omitted":	false,
				"sender":	true
			}
		}, {
			"streams":	[{
					"socket":	6,
					"start":	10.000147,
					"end":	11.000139,
					"seconds":	0.9999920129776001,
					"bytes":	117751920,
					"bits_per_second":	942022883.95787537,
					"retransmits":	0,
					"snd_cwnd":	216080,
					"rtt":	1620,
					"rttvar":	82,
					"pmtu":	1500,
					"omitted":	false,
					"sender":	true
				}],
			"sum":	{
				"start":	10.000147,
				"end":	11.000139,
				"seconds":	0.9999920129776001,
				"bytes":	117751920,
				"bits_per_second":	942022883.95787537,
				"retransmits":	0,
				"omitted":	false,
				"sender":	true
			}
		}, {
			"streams":	[{
					"socket":	6,
					"start":	11.000139,
					"end":	12.000134,
					"seconds":	0.99999499320983887,
					"bytes":	117751920,
					"bits_per_second":	942020076.49685061,
					"retransmits":	0,
					"snd_cwnd":	216080,
					"rtt":	1623,
					"rttvar":	139,
					"pmtu":	1500,
					"omitted":	false,
					"sender":	true
				}],
			"sum":	{
				"start":	11.000139,
				"end":	12.000134,
				"seconds":	0.99999499320983887,
				"bytes":	117751920,
				"bits_per_second":	942020076.49685061,
				"retransmits":	0,
				"omitted":	false,
				"sender":	true
			}
		}, {
			"streams":	[{
					"socket":	6,
					"start":	12.000134,
					"end":	13.000162,
					"seconds":	1.0000280141830444,
					"bytes":	117559200,
					"bits_per_second":	940447254.13847888,
					"retransmits":	0,
					"snd_cwnd":	216080,
					"rtt":	1656,
					"rttvar":	256,
					"pmtu":	1500,
					"omitted":	false,
					"sender":	true
				}],
			"sum":	{
				"start":	12.000134,
				"end":	13.000162,
				"seconds":	1.0000280141830444,
				"bytes":	117559200,
				"bits_per_second":	940447254.13847888,
				"retransmits":	0,
				"omitted":	false,
				"sender":	true
			}
		}, {
			"streams":	[{
					"socket":	6,
					"start":	13.000162,
					"end":	14.000139,
					"seconds":	0.9999769926071167,
					"bytes":	117751920,
					"bits_per_second":	942037033.81614769,
					"retransmits":	0,
					"snd_cwnd":	216080,
					"rtt":	1699,
					"rttvar":	250,
					"pmtu":	1500,
					"omitted":	false,
					"sender":	true
				}],
			"sum":	{
				"start":	13.000162,
				"end":	14.000139,
				"seconds":	0.9999769926071167,
				"bytes":	117751920,
				"bits_per_second":	942037033.81614769,
				"retransmits":	0,
				"omitted":	false,
				"sender":	true
			}
		}, {
			"streams":	[{
					"socket":	6,
					"start":	14.000139,
					"end":	15.000141,
					"seconds":	1.0000020265579224,
					"bytes":	118137360,
					"bits_per_second":	945096964.70625877,
					"retransmits":	0,
					"snd_cwnd":	216080,
					"rtt":	1678,
					"rttvar":	213,
					"pmtu":	1500,
					"omitted":	false,
					"sender":	true
				}],
			"sum":	{
				"start":	14.000139,
				"end":	15.000141,
				"seconds":	1.0000020265579224,
				"bytes":	118137360,
				"bits_per_second":	945096964.70625877,
				"retransmits":	0,
				"omitted":	false,
				"sender":	true
			}
		}, {
			"streams":	[{
					"socket":	6,
					"start":	15.000141,
					"end":	16.000146,
					"seconds":	1.0000050067901611,
					"bytes":	117623440,
					"bits_per_second":	940982808.69653165,
					"retransmits":	0,
					"snd_cwnd":	216080,
					"rtt":	1668,
					"rttvar":	190,
					"pmtu":	1500,
					"omitted":	false,
					"sender":	true
				}],
			"sum":	{
				"start":	15.000141,
				"end":	16.000146,
				"seconds":	1.0000050067901611,
				"bytes":	117623440,
				"bits_per_second":	940982808.69653165,
				"retransmits":	0,
				"omitted":	false,
				"sender":	true
			}
		}, {
			"streams":	[{
					"socket":	6,
					"start":	16.000146,
					"end":	17.000133,
					"seconds":	0.999987006187439,
					"bytes":	117880400,
					"bits_per_second":	943055453.88580251,
					"retransmits":	0,
					"snd_cwnd":	216080,
					"rtt":	1666,
					"rttvar":	195,
					"pmtu":	1500,
					"omitted":	false,
					"sender":	true
				}],
			"sum":	{
				"start":	16.000146,
				"end":	17.000133,
				"seconds":	0.999987006187439,
				"bytes":	117880400,
				"bits_per_second":	943055453.88580251,
				"retransmits":	0,
				"omitted":	false,
				"sender":	true
			}
		}, {
			"streams":	[{
					"socket":	6,
					"start":	17.000133,
					"end":	18.000144,
					"seconds":	1.0000109672546387,
					"bytes":	117559200,
					"bits_per_second":	940463285.69966745,
					"retransmits":	0,
					"snd_cwnd":	216080,
					"rtt":	1608,
					"rttvar":	130,
					"pmtu":	1500,
					"omitted":	false,
					"sender":	true
				}],
			"sum":	{
				"start":	17.000133,
				"end":	18.000144,
				"seconds":	1.0000109672546387,
				"bytes":	117559200,
				"bits_per_second":	940463285.69966745,
				"retransmits":	0,
				"omitted":	false,
				"sender":	true
			}
		}, {
			"streams":	[{
					"socket":	6,
					"start":	18.000144,
					"end":	19.00021,
					"seconds":	1.0000660419464111,
					"bytes":	118073120,
					"bits_per_second":	944522581.89026272,
					"retransmits":	0,
					"snd_cwnd":	216080,
					"rtt":	1746,
					"rttvar":	232,
					"pmtu":	1500,
					"omitted":	false,
					"sender":	true
				}],
			"sum":	{
				"start":	18.000144,
				"end":	19.00021,
				"seconds":	1.0000660419464111,
				"bytes":	118073120,
				"bits_per_second":	944522581.89026272,
				"retransmits":	0,
				"omitted":	false,
				"sender":	true
			}
		}, {
			"streams":	[{
					"socket":	6,
					"start":	19.00021,
					"end":	20.000149,
					"seconds":	0.99993902444839478,
					"bytes":	117623440,
					"bits_per_second":	941044900.73190737,
					"retransmits":	0,
					"snd_cwnd":	216080,
					"rtt":	1646,
					"rttvar":	153,
					"pmtu":	1500,
					"omitted":	false,
					"sender":	true
				}],
			"sum":	{
				"start":	19.00021,
				"end":	20.000149,
				"seconds":	0.99993902444839478,
				"bytes":	117623440,
				"bits_per_second":	941044900.73190737,
				"retransmits":	0,
				"omitted":	false,
				"sender":	true
			}
		}, {
			"streams":	[{
					"socket":	6,
					"start":	20.000149,
					"end":	21.000133,
					"seconds":	0.9999840259552002,
					"bytes":	117751920,
					"bits_per_second":	942030408.03594077,
					"retransmits":	0,
					"snd_cwnd":	216080,
					"rtt":	1749,
					"rttvar":	189,
					"pmtu":	1500,
					"omitted":	false,
					"sender":	true
				}],
			"sum":	{
				"start":	20.000149,
				"end":	21.000133,
				"seconds":	0.9999840259552002,
				"bytes":	117751920,
				"bits_per_second":	942030408.03594077,
				"retransmits":	0,
				"omitted":	false,
				"sender":	true
			}
		}, {
			"streams":	[{
					"socket":	6,
					"start":	21.000133,
					"end":	22.000134,
					"seconds":	1.0000009536743164,
					"bytes":	117751920,
					"bits_per_second":	942014461.62500226,
					"retransmits":	0,
					"snd_cwnd":	216080,
					"rtt":	1610,
					"rttvar":	121,
					"pmtu":	1500,
					"omitted":	false,
					"sender":	true
				}],
			"sum":	{
				"start":	21.000133,
				"end":	22.000134,
				"seconds":	1.0000009536743164,
				"bytes":	117751920,
				"bits_per_second":	942014461.62500226,
				"retransmits":	0,
				"omitted":	false,
				"sender":	true
			}
		}, {
			"streams":	[{
					"socket":	6,
					"start":	22.000134,
					"end":	23.000154,
					"seconds":	1.0000200271606445,
					"bytes":	117687680,
					"bits_per_second":	941482584.77703059,
					"retransmits":	0,
					"snd_cwnd":	216080,
					"rtt":	1612,
					"rttvar":	163,
					"pmtu":	1500,
					"omitted":	false,
					"sender":	true
				}],
			"sum":	{
				"start":	22.000134,
				"end":	23.000154,
				"seconds":	1.0000200271606445,
				"bytes":	117687680,
				"bits_per_second":	941482584.77703059,
				"retransmits":	0,
				"omitted":	false,
				"sender":	true
			}
		}, {
			"streams":	[{
					"socket":	6,
					"start":	23.000154,
					"end":	24.000133,
					"seconds":	0.99997901916503906,
					"bytes":	117880400,
					"bits_per_second":	943062986.24887228,
					"retransmits":	0,
					"snd_cwnd":	216080,
					"rtt":	1673,
					"rttvar":	156,
					"pmtu":	1500,
					"omitted":	false,
					"sender":	true
				}],
			"sum":	{
				"start":	23.000154,
				"end":	24.000133,
				"seconds":	0.99997901916503906,
				"bytes":	117880400,
				"bits_per_second":	943062986.24887228,
				"retransmits":	0,
				"omitted":	false,
				"sender":	true
			}
		}, {
			"streams":	[{
					"socket":	6,
					"start":	24.000133,
					"end":	25.000281,
					"seconds":	1.0001480579376221,
					"bytes":	117944640,
					"bits_per_second":	943417439.55958211,
					"retransmits":	0,
					"snd_cwnd":	216080,
					"rtt":	1635,
					"rttvar":	168,
					"pmtu":	1500,
					"omitted":	false,
					"sender":	true
				}],
			"sum":	{
				"start":	24.000133,
				"end":	25.000281,
				"seconds":	1.0001480579376221,
				"bytes":	117944640,
				"bits_per_second":	943417439.55958211,
				"retransmits":	0,
				"omitted":	false,
				"sender":	true
			}
		}, {
			"streams":	[{
					"socket":	6,
					"start":	25.000281,
					"end":	26.000129,
					"seconds":	0.99984800815582275,
					"bytes":	117687680,
					"bits_per_second":	941644562.29358244,
					"retransmits":	0,
					"snd_cwnd":	216080,
					"rtt":	1703,
					"rttvar":	267,
					"pmtu":	1500,
					"omitted":	false,
					"sender":	true
				}],
			"sum":	{
				"start":	25.000281,
				"end":	26.000129,
				"seconds":	0.99984800815582275,
				"bytes":	117687680,
				"bits_per_second":	941644562.29358244,
				"retransmits":	0,
				"omitted":	false,
				"sender":	true
			}
		}, {
			"streams":	[{
					"socket":	6,
					"start":	26.000129,
					"end":	27.000131,
					"seconds":	1.0000020265579224,
					"bytes":	117623440,
					"bits_per_second":	940985613.038151,
					"retransmits":	0,
					"snd_cwnd":	216080,
					"rtt":	1682,
					"rttvar":	205,
					"pmtu":	1500,
					"omitted":	false,
					"sender":	true
				}],
			"sum":	{
				"start":	26.000129,
				"end":	27.000131,
				"seconds":	1.0000020265579224,
				"bytes":	117623440,
				"bits_per_second":	940985613.038151,
				"retransmits":	0,
				"omitted":	false,
				"sender":	true
			}
		}, {
			"streams":	[{
					"socket":	6,
					"start":	27.000131,
					"end":	28.00013,
					"seconds":	0.99999898672103882,
					"bytes":	117816160,
					"bits_per_second":	942530235.04605746,
					"retransmits":	0,
					"snd_cwnd":	216080,
					"rtt":	1748,
					"rttvar":	269,
					"pmtu":	1500,
					"omitted":	false,
					"sender":	true
				}],
			"sum":	{
				"start":	27.000131,
				"end":	28.00013,
				"seconds":	0.99999898672103882,
				"bytes":	117816160,
				"bits_per_second":	942530235.04605746,
				"retransmits":	0,
				"omitted":	false,
				"sender":	true
			}
		}, {
			"streams":	[{
					"socket":	6,
					"start":	28.00013,
					"end":	29.000128,
					"seconds":	0.99999797344207764,
					"bytes":	117816160,
					"bits_per_second":	942531190.09405041,
					"retransmits":	0,
					"snd_cwnd":	216080,
					"rtt":	1723,
					"rttvar":	207,
					"pmtu":	1500,
					"omitted":	false,
					"sender":	true
				}],
			"sum":	{
				"start":	28.00013,
				"end":	29.000128,
				"seconds":	0.99999797344207764,
				"bytes":	117816160,
				"bits_per_second":	942531190.09405041,
				"retransmits":	0,
				"omitted":	false,
				"sender":	true
			}
		}, {
			"streams":	[{
					"socket":	6,
					"start":	29.000128,
					"end":	30.000136,
					"seconds":	1.0000079870224,
					"bytes":	117751920,
					"bits_per_second":	942007836.16231167,
					"retransmits":	0,
					"snd_cwnd":	216080,
					"rtt":	1707,
					"rttvar":	228,
					"pmtu":	1500,
					"omitted":	false,
					"sender":	true
				}],
			"sum":	{
				"start":	29.000128,
				"end":	30.000136,
				"seconds":	1.0000079870224,
				"bytes":	117751920,
				"bits_per_second":	942007836.16231167,
				"retransmits":	0,
				"omitted":	false,
				"sender":	true
			}
		}, {
			"streams":	[{
					"socket":	6,
					"start":	30.000136,
					"end":	31.00014,
					"seconds":	1.0000040531158447,
					"bytes":	117816160,
					"bits_per_second":	942525459.83512473,
					"retransmits":	0,
					"snd_cwnd":	216080,
					"rtt":	1664,
					"rttvar":	170,
					"pmtu":	1500,
					"omitted":	false,
					"sender":	true
				}],
			"sum":	{
				"start":	30.000136,
				"end":	31.00014,
				"seconds":	1.0000040531158447,
				"bytes":	117816160,
				"bits_per_second":	942525459.83512473,
				"retransmits":	0,
				"omitted":	false,
				"sender":	true
			}
		}, {
			"streams":	[{
					"socket":	6,
					"start":	31.00014,
					"end":	32.000259,
					"seconds":	1.0001189708709717,
					"bytes":	117880400,
					"bits_per_second":	942931018.675442,
					"retransmits":	0,
					"snd_cwnd":	216080,
					"rtt":	1676,
					"rttvar":	265,
					"pmtu":	1500,
					"omitted":	false,
					"sender":	true
				}],
			"sum":	{
				"start":	31.00014,
				"end":	32.000259,
				"seconds":	1.0001189708709717,
				"bytes":	117880400,
				"bits_per_second":	942931018.675442,
				"retransmits":	0,
				"omitted":	false,
				"sender":	true
			}
		}, {
			"streams":	[{
					"socket":	6,
					"start":	32.000259,
					"end":	33.000142,
					"seconds":	0.99988299608230591,
					"bytes":	117687680,
					"bits_per_second":	941611612.24757922,
					"retransmits":	0,
					"snd_cwnd":	216080,
					"rtt":	1663,
					"rttvar":	214,
					"pmtu":	1500,
					"omitted":	false,
					"sender":	true
				}],
			"sum":	{
				"start":	32.000259,
				"end":	33.000142,
				"seconds":	0.99988299608230591,
				"bytes":	117687680,
				"bits_per_second":	941611612.24757922,
				"retransmits":	0,
				"omitted":	false,
				"sender":	true
			}
		}, {
			"streams":	[{
					"socket":	6,
					"start":	33.000142,
					"end":	34.00013,
					"seconds":	0.99998801946640015,
					"bytes":	117623440,
					"bits_per_second":	940998793.667665,
					"retransmits":	0,
					"snd_cwnd":	216080,
					"rtt":	1655,
					"rttvar":	149,
					"pmtu":	1500,
					"omitted":	false,
					"sender":	true
				}],
			"sum":	{
				"start":	33.000142,
				"end":	34.00013,
				"seconds":	0.99998801946640015,
				"bytes":	117623440,
				"bits_per_second":	940998793.667665,
				"retransmits":	0,
				"omitted":	false,
				"sender":	true
			}
		}, {
			"streams":	[{
					"socket":	6,
					"start":	34.00013,
					"end":	35.000076,
					"seconds":	0.9999459981918335,
					"bytes":	117816160,
					"bits_per_second":	942580181.0341177,
					"retransmits":	0,
					"snd_cwnd":	216080,
					"rtt":	1698,
					"rttvar":	222,
					"pmtu":	1500,
					"omitted":	false,
					"sender":	true
				}],
			"sum":	{
				"start":	34.00013,
				"end":	35.000076,
				"seconds":	0.9999459981918335,
				"bytes":	117816160,
				"bits_per_second":	942580181.0341177,
				"retransmits":	0,
				"omitted":	false,
				"sender":	true
			}
		}, {
			"streams":	[{
					"socket":	6,
					"start":	35.000076,
					"end":	36.000127,
					"seconds":	1.0000510215759277,
					"bytes":	117751920,
					"bits_per_second":	941967299.3439151,
					"retransmits":	0,
					"snd_cwnd":	216080,
					"rtt":	1591,
					"rttvar":	128,
					"pmtu":	1500,
					"omitted":	false,
					"sender":	true
				}],
			"sum":	{
				"start":	35.000076,
				"end":	36.000127,
				"seconds":	1.0000510215759277,
				"bytes":	117751920,
				"bits_per_second":	941967299.3439151,
				"retransmits":	0,
				"omitted":	false,
				"sender":	true
			}
		}, {
			"streams":	[{
					"socket":	6,
					"start":	36.000127,
					"end":	37.000134,
					"seconds":	1.0000070333480835,
					"bytes":	117623440,
					"bits_per_second":	940980901.7537781,
					"retransmits":	0,
					"snd_cwnd":	216080,
					"rtt":	1655,
					"rttvar":	162,
					"pmtu":	1500,
					"omitted":	false,
					"sender":	true
				}],
			"sum":	{
				"start":	36.000127,
				"end":	37.000134,
				"seconds":	1.0000070333480835,
				"bytes":	117623440,
				"bits_per_second":	940980901.7537781,
				"retransmits":	0,
				"omitted":	false,
				"sender":	true
			}
		}, {
			"streams":	[{
					"socket":	6,
					"start":	37.000134,
					"end":	38.000108,
					"seconds":	0.99997401237487793,
					"bytes":	117880400,
					"bits_per_second":	943067708.09006262,
					"retransmits":	0,
					"snd_cwnd":	216080,
					"rtt":	1630,
					"rttvar":	162,
					"pmtu":	1500,
					"omitted":	false,
					"sender":	true
				}],
			"sum":	{
				"start":	37.000134,
				"end":	38.000108,
				"seconds":	0.99997401237487793,
				"bytes":	117880400,
				"bits_per_second":	943067708.09006262,
				"retransmits":	0,
				"omitted":	false,
				"sender":	true
			}
		}, {
			"streams":	[{
					"socket":	6,
					"start":	38.000108,
					"end":	39.000138,
					"seconds":	1.0000300407409668,
					"bytes":	117430720,
					"bits_per_second":	939417539.20104516,
					"retransmits":	0,
					"snd_cwnd":	216080,
					"rtt":	1670,
					"rttvar":	158,
					"pmtu":	1500,
					"omitted":	false,
					"sender":	true
				}],
			"sum":	{
				"start":	38.000108,
				"end":	39.000138,
				"seconds":	1.0000300407409668,
				"bytes":	117430720,
				"bits_per_second":	939417539.20104516,
				"retransmits":	0,
				"omitted":	false,
				"sender":	true
			}
		}, {
			"streams":	[{
					"socket":	6,
					"start":	39.000138,
					"end":	40.000149,
					"seconds":	1.0000109672546387,
					"bytes":	118008880,
					"bits_per_second":	944060686.24605954,
					"retransmits":	0,
					"snd_cwnd":	216080,
					"rtt":	1706,
					"rttvar":	213,
					"pmtu":	1500,
					"omitted":	false,
					"sender":	true
				}],
			"sum":	{
				"start":	39.000138,
				"end":	40.000149,
				"seconds":	1.0000109672546387,
				"bytes":	118008880,
				"bits_per_second":	944060686.24605954,
				"retransmits":	0,
				"omitted":	false,
				"sender":	true
			}
		}],
	"end":	{
		"streams":	[{
				"sender":	{
					"socket":	6,
					"start":	0,
					"end":	40.000149,
					"seconds":	40.000149,
					"bytes":	4711579140,
					"bits_per_second":	942312317.88661587,
					"retransmits":	0,
					"max_snd_cwnd":	216080,
					"max_rtt":	1749,
					"min_rtt":	1591,
					"mean_rtt":	1665,
					"sender":	true
				},
				"receiver":	{
					"socket":	6,
					"start":	0,
					"end":	40.000149,
					"seconds":	40.000149,
					"bytes":	4710653500,
					"bits_per_second":	942127190.57621515,
					"sender":	true
				}
			}],
		"sum_sent":	{
			"start":	0,
			"end":	40.000149,
			"seconds":	40.000149,
			"bytes":	4711579140,
			"bits_per_second":	942312317.88661587,
			"retransmits":	0,
			"sender":	true
		},
		"sum_received":	{
			"start":	0,
			"end":	40.000149,
			"seconds":	40.000149,
			"bytes":	4710653500,
			"bits_per_second":	942127190.57621515,
			"sender":	true
		},
		"cpu_utilization_percent":	{
			"host_total":	5.5324075703998954,
			"host_user":	0.24913131384557965,
			"host_system":	5.2832787534605252,
			"remote_total":	8.445482,
			"remote_user":	2.271359,
			"remote_system":	6.174122
		},
		"sender_tcp_congestion":	"cubic"
	}
}
