{
	"start":	{
		"connected":	[{
				"socket":	6,
				"local_host":	"192.168.94.15",
				"local_port":	44596,
				"remote_host":	"192.168.94.100",
				"remote_port":	5201
			}],
		"version":	"iperf 3.7",
		"system_info":	"Linux lab4-nz15 5.11.0-25-generic #27~20.04.1-Ubuntu SMP Tue Jul 13 17:41:23 UTC 2021 x86_64",
		"timestamp":	{
			"time":	"Fri, 08 Oct 2021 20:55:50 GMT",
			"timesecs":	1633726550
		},
		"connecting_to":	{
			"host":	"192.168.94.100",
			"port":	5201
		},
		"cookie":	"c767jcefsjzyc4l7hjyhfqy7q65mqsji2oi2",
		"tcp_mss_default":	1460,
		"sock_bufsize":	0,
		"sndbuf_actual":	16384,
		"rcvbuf_actual":	131072,
		"test_start":	{
			"protocol":	"TCP",
			"num_streams":	1,
			"blksize":	131072,
			"omit":	0,
			"duration":	40,
			"bytes":	0,
			"blocks":	0,
			"reverse":	0,
			"tos":	0
		}
	},
	"intervals":	[{
			"streams":	[{
					"socket":	6,
					"start":	0,
					"end":	1.000123,
					"seconds":	1.0001230239868164,
					"bytes":	118752020,
					"bits_per_second":	949899299.601089,
					"retransmits":	0,
					"snd_cwnd":	224840,
					"rtt":	1653,
					"rttvar":	159,
					"pmtu":	1500,
					"omitted":	false,
					"sender":	true
				}],
			"sum":	{
				"start":	0,
				"end":	1.000123,
				"seconds":	1.0001230239868164,
				"bytes":	118752020,
				"bits_per_second":	949899299.601089,
				"retransmits":	0,
				"omitted":	false,
				"sender":	true
			}
		}, {
			"streams":	[{
					"socket":	6,
					"start":	1.000123,
					"end":	2.000122,
					"seconds":	0.99999898672103882,
					"bytes":	117751920,
					"bits_per_second":	942016314.52531254,
					"retransmits":	0,
					"snd_cwnd":	224840,
					"rtt":	1676,
					"rttvar":	145,
					"pmtu":	1500,
					"omitted":	false,
					"sender":	true
				}],
			"sum":	{
				"start":	1.000123,
				"end":	2.000122,
				"seconds":	0.99999898672103882,
				"bytes":	117751920,
				"bits_per_second":	942016314.52531254,
				"retransmits":	0,
				"omitted":	false,
				"sender":	true
			}
		}, {
			"streams":	[{
					"socket":	6,
					"start":	2.000122,
					"end":	3.000122,
					"seconds":	1,
					"bytes":	117623440,
					"bits_per_second":	940987520,
					"retransmits":	0,
					"snd_cwnd":	224840,
					"rtt":	1705,
					"rttvar":	144,
					"pmtu":	1500,
					"omitted":	false,
					"sender":	true
				}],
			"sum":	{
				"start":	2.000122,
				"end":	3.000122,
				"seconds":	1,
				"bytes":	117623440,
				"bits_per_second":	940987520,
				"retransmits":	0,
				"omitted":	false,
				"sender":	true
			}
		}, {
			"streams":	[{
					"socket":	6,
					"start":	3.000122,
					"end":	4.00007,
					"seconds":	0.99994802474975586,
					"bytes":	118201600,
					"bits_per_second":	945661951.01655042,
					"retransmits":	0,
					"snd_cwnd":	224840,
					"rtt":	1735,
					"rttvar":	140,
					"pmtu":	1500,
					"omitted":	false,
					"sender":	true
				}],
			"sum":	{
				"start":	3.000122,
				"end":	4.00007,
				"seconds":	0.99994802474975586,
				"bytes":	118201600,
				"bits_per_second":	945661951.01655042,
				"retransmits":	0,
				"omitted":	false,
				"sender":	true
			}
		}, {
			"streams":	[{
					"socket":	6,
					"start":	4.00007,
					"end":	5.000142,
					"seconds":	1.0000720024108887,
					"bytes":	117430720,
					"bits_per_second":	939378122.51044321,
					"retransmits":	0,
					"snd_cwnd":	224840,
					"rtt":	1689,
					"rttvar":	139,
					"pmtu":	1500,
					"omitted":	false,
					"sender":	true
				}],
			"sum":	{
				"start":	4.00007,
				"end":	5.000142,
				"seconds":	1.0000720024108887,
				"bytes":	117430720,
				"bits_per_second":	939378122.51044321,
				"retransmits":	0,
				"omitted":	false,
				"sender":	true
			}
		}, {
			"streams":	[{
					"socket":	6,
					"start":	5.000142,
					"end":	6.000139,
					"seconds":	0.99999701976776123,
					"bytes":	117880400,
					"bits_per_second":	943046010.49612308,
					"retransmits":	0,
					"snd_cwnd":	224840,
					"rtt":	1641,
					"rttvar":	140,
					"pmtu":	1500,
					"omitted":	false,
					"sender":	true
				}],
			"sum":	{
				"start":	5.000142,
				"end":	6.000139,
				"seconds":	0.99999701976776123,
				"bytes":	117880400,
				"bits_per_second":	943046010.49612308,
				"retransmits":	0,
				"omitted":	false,
				"sender":	true
			}
		}, {
			"streams":	[{
					"socket":	6,
					"start":	6.000139,
					"end":	7.000137,
					"seconds":	0.99999797344207764,
					"bytes":	117944640,
					"bits_per_second":	943559032.17703187,
					"retransmits":	0,
					"snd_cwnd":	224840,
					"rtt":	1688,
					"rttvar":	181,
					"pmtu":	1500,
					"omitted":	false,
					"sender":	true
				}],
			"sum":	{
				"start":	6.000139,
				"end":	7.000137,
				"seconds":	0.99999797344207764,
				"bytes":	117944640,
				"bits_per_second":	943559032.17703187,
				"retransmits":	0,
				"omitted":	false,
				"sender":	true
			}
		}, {
			"streams":	[{
					"socket":	6,
					"start":	7.000137,
					"end":	8.000144,
					"seconds":	1.0000070333480835,
					"bytes":	117494960,
					"bits_per_second":	939953068.98288369,
					"retransmits":	0,
					"snd_cwnd":	224840,
					"rtt":	1746,
					"rttvar":	177,
					"pmtu":	1500,
					"omitted":	false,
					"sender":	true
				}],
			"sum":	{
				"start":	7.000137,
				"end":	8.000144,
				"seconds":	1.0000070333480835,
				"bytes":	117494960,
				"bits_per_second":	939953068.98288369,
				"retransmits":	0,
				"omitted":	false,
				"sender":	true
			}
		}, {
			"streams":	[{
					"socket":	6,
					"start":	8.000144,
					"end":	9.000138,
					"seconds":	0.99999397993087769,
					"bytes":	118008880,
					"bits_per_second":	944076723.40713167,
					"retransmits":	0,
					"snd_cwnd":	224840,
					"rtt":	1728,
					"rttvar":	162,
					"pmtu":	1500,
					"omitted":	false,
					"sender":	true
				}],
			"sum":	{
				"start":	8.000144,
				"end":	9.000138,
				"seconds":	0.99999397993087769,
				"bytes":	118008880,
				"bits_per_second":	944076723.40713167,
				"retransmits":	0,
				"omitted":	false,
				"sender":	true
			}
		}, {
			"streams":	[{
					"socket":	6,
					"start":	9.000138,
					"end":	10.000141,
					"seconds":	1.0000029802322388,
					"bytes":	117494960,
					"bits_per_second":	939956878.710207,
					"retransmits":	0,
					"snd_cwnd":	224840,
					"rtt":	1577,
					"rttvar":	135,
					"pmtu":	1500,
					"omitted":	false,
					"sender":	true
				}],
			"sum":	{
				"start":	9.000138,
				"end":	10.000141,
				"seconds":	1.0000029802322388,
				"bytes":	117494960,
				"bits_per_second":	939956878.710207,
				"retransmits":	0,
				"omitted":	false,
				"sender":	true
			}
		}, {
			"streams":	[{
					"socket":	6,
					"start":	10.000141,
					"end":	11.000057,
					"seconds":	0.99991601705551147,
					"bytes":	118137360,
					"bits_per_second":	945178258.853245,
					"retransmits":	0,
					"snd_cwnd":	224840,
					"rtt":	1631,
					"rttvar":	168,
					"pmtu":	1500,
					"omitted":	false,
					"sender":	true
				}],
			"sum":	{
				"start":	10.000141,
				"end":	11.000057,
				"seconds":	0.99991601705551147,
				"bytes":	118137360,
				"bits_per_second":	945178258.853245,
				"retransmits":	0,
				"omitted":	false,
				"sender":	true
			}
		}, {
			"streams":	[{
					"socket":	6,
					"start":	11.000057,
					"end":	12.00014,
					"seconds":	1.0000829696655273,
					"bytes":	117302240,
					"bits_per_second":	938340066.23855329,
					"retransmits":	0,
					"snd_cwnd":	224840,
					"rtt":	1799,
					"rttvar":	234,
					"pmtu":	1500,
					"omitted":	false,
					"sender":	true
				}],
			"sum":	{
				"start":	11.000057,
				"end":	12.00014,
				"seconds":	1.0000829696655273,
				"bytes":	117302240,
				"bits_per_second":	938340066.23855329,
				"retransmits":	0,
				"omitted":	false,
				"sender":	true
			}
		}, {
			"streams":	[{
					"socket":	6,
					"start":	12.00014,
					"end":	13.000137,
					"seconds":	0.99999701976776123,
					"bytes":	118137360,
					"bits_per_second":	945101696.62254524,
					"retransmits":	0,
					"snd_cwnd":	224840,
					"rtt":	1662,
					"rttvar":	257,
					"pmtu":	1500,
					"omitted":	false,
					"sender":	true
				}],
			"sum":	{
				"start":	12.00014,
				"end":	13.000137,
				"seconds":	0.99999701976776123,
				"bytes":	118137360,
				"bits_per_second":	945101696.62254524,
				"retransmits":	0,
				"omitted":	false,
				"sender":	true
			}
		}, {
			"streams":	[{
					"socket":	6,
					"start":	13.000137,
					"end":	14.000277,
					"seconds":	1.0001399517059326,
					"bytes":	117880400,
					"bits_per_second":	942911237.963704,
					"retransmits":	0,
					"snd_cwnd":	224840,
					"rtt":	1711,
					"rttvar":	238,
					"pmtu":	1500,
					"omitted":	false,
					"sender":	true
				}],
			"sum":	{
				"start":	13.000137,
				"end":	14.000277,
				"seconds":	1.0001399517059326,
				"bytes":	117880400,
				"bits_per_second":	942911237.963704,
				"retransmits":	0,
				"omitted":	false,
				"sender":	true
			}
		}, {
			"streams":	[{
					"socket":	6,
					"start":	14.000277,
					"end":	15.000087,
					"seconds":	0.999809980392456,
					"bytes":	117623440,
					"bits_per_second":	941166360.06237257,
					"retransmits":	0,
					"snd_cwnd":	224840,
					"rtt":	1754,
					"rttvar":	272,
					"pmtu":	1500,
					"omitted":	false,
					"sender":	true
				}],
			"sum":	{
				"start":	14.000277,
				"end":	15.000087,
				"seconds":	0.999809980392456,
				"bytes":	117623440,
				"bits_per_second":	941166360.06237257,
				"retransmits":	0,
				"omitted":	false,
				"sender":	true
			}
		}, {
			"streams":	[{
					"socket":	6,
					"start":	15.000087,
					"end":	16.000012,
					"seconds":	0.99992501735687256,
					"bytes":	117816160,
					"bits_per_second":	942599958.63631034,
					"retransmits":	0,
					"snd_cwnd":	224840,
					"rtt":	1734,
					"rttvar":	257,
					"pmtu":	1500,
					"omitted":	false,
					"sender":	true
				}],
			"sum":	{
				"start":	15.000087,
				"end":	16.000012,
				"seconds":	0.99992501735687256,
				"bytes":	117816160,
				"bits_per_second":	942599958.63631034,
				"retransmits":	0,
				"omitted":	false,
				"sender":	true
			}
		}, {
			"streams":	[{
					"socket":	6,
					"start":	16.000012,
					"end":	17.000122,
					"seconds":	1.0001100301742554,
					"bytes":	117816160,
					"bits_per_second":	942425584.74868739,
					"retransmits":	0,
					"snd_cwnd":	224840,
					"rtt":	1764,
					"rttvar":	151,
					"pmtu":	1500,
					"omitted":	false,
					"sender":	true
				}],
			"sum":	{
				"start":	16.000012,
				"end":	17.000122,
				"seconds":	1.0001100301742554,
				"bytes":	117816160,
				"bits_per_second":	942425584.74868739,
				"retransmits":	0,
				"omitted":	false,
				"sender":	true
			}
		}, {
			"streams":	[{
					"socket":	6,
					"start":	17.000122,
					"end":	18.000151,
					"seconds":	1.0000289678573608,
					"bytes":	117430720,
					"bits_per_second":	939418547.05752671,
					"retransmits":	0,
					"snd_cwnd":	224840,
					"rtt":	1700,
					"rttvar":	143,
					"pmtu":	1500,
					"omitted":	false,
					"sender":	true
				}],
			"sum":	{
				"start":	17.000122,
				"end":	18.000151,
				"seconds":	1.0000289678573608,
				"bytes":	117430720,
				"bits_per_second":	939418547.05752671,
				"retransmits":	0,
				"omitted":	false,
				"sender":	true
			}
		}, {
			"streams":	[{
					"socket":	6,
					"start":	18.000151,
					"end":	19.000142,
					"seconds":	0.99999099969863892,
					"bytes":	117623440,
					"bits_per_second":	940995989.24748278,
					"retransmits":	0,
					"snd_cwnd":	224840,
					"rtt":	1634,
					"rttvar":	252,
					"pmtu":	1500,
					"omitted":	false,
					"sender":	true
				}],
			"sum":	{
				"start":	18.000151,
				"end":	19.000142,
				"seconds":	0.99999099969863892,
				"bytes":	117623440,
				"bits_per_second":	940995989.24748278,
				"retransmits":	0,
				"omitted":	false,
				"sender":	true
			}
		}, {
			"streams":	[{
					"socket":	6,
					"start":	19.000142,
					"end":	20.000073,
					"seconds":	0.9999309778213501,
					"bytes":	118265840,
					"bits_per_second":	946192028.23521,
					"retransmits":	0,
					"snd_cwnd":	224840,
					"rtt":	1581,
					"rttvar":	124,
					"pmtu":	1500,
					"omitted":	false,
					"sender":	true
				}],
			"sum":	{
				"start":	19.000142,
				"end":	20.000073,
				"seconds":	0.9999309778213501,
				"bytes":	118265840,
				"bits_per_second":	946192028.23521,
				"retransmits":	0,
				"omitted":	false,
				"sender":	true
			}
		}, {
			"streams":	[{
					"socket":	6,
					"start":	20.000073,
					"end":	21.000158,
					"seconds":	1.0000849962234497,
					"bytes":	117687680,
					"bits_per_second":	941421422.73439288,
					"retransmits":	0,
					"snd_cwnd":	224840,
					"rtt":	1687,
					"rttvar":	160,
					"pmtu":	1500,
					"omitted":	false,
					"sender":	true
				}],
			"sum":	{
				"start":	20.000073,
				"end":	21.000158,
				"seconds":	1.0000849962234497,
				"bytes":	117687680,
				"bits_per_second":	941421422.73439288,
				"retransmits":	0,
				"omitted":	false,
				"sender":	true
			}
		}, {
			"streams":	[{
					"socket":	6,
					"start":	21.000158,
					"end":	22.000144,
					"seconds":	0.99998599290847778,
					"bytes":	117494960,
					"bits_per_second":	939972846.28568637,
					"retransmits":	0,
					"snd_cwnd":	224840,
					"rtt":	1699,
					"rttvar":	165,
					"pmtu":	1500,
					"omitted":	false,
					"sender":	true
				}],
			"sum":	{
				"start":	21.000158,
				"end":	22.000144,
				"seconds":	0.99998599290847778,
				"bytes":	117494960,
				"bits_per_second":	939972846.28568637,
				"retransmits":	0,
				"omitted":	false,
				"sender":	true
			}
		}, {
			"streams":	[{
					"socket":	6,
					"start":	22.000144,
					"end":	23.000136,
					"seconds":	0.9999920129776001,
					"bytes":	117816160,
					"bits_per_second":	942536808.06259871,
					"retransmits":	0,
					"snd_cwnd":	224840,
					"rtt":	1696,
					"rttvar":	167,
					"pmtu":	1500,
					"omitted":	false,
					"sender":	true
				}],
			"sum":	{
				"start":	22.000144,
				"end":	23.000136,
				"seconds":	0.9999920129776001,
				"bytes":	117816160,
				"bits_per_second":	942536808.06259871,
				"retransmits":	0,
				"omitted":	false,
				"sender":	true
			}
		}, {
			"streams":	[{
					"socket":	6,
					"start":	23.000136,
					"end":	24.000127,
					"seconds":	0.99999099969863892,
					"bytes":	117751920,
					"bits_per_second":	942023838.49843585,
					"retransmits":	0,
					"snd_cwnd":	224840,
					"rtt":	1696,
					"rttvar":	148,
					"pmtu":	1500,
					"omitted":	false,
					"sender":	true
				}],
			"sum":	{
				"start":	23.000136,
				"end":	24.000127,
				"seconds":	0.99999099969863892,
				"bytes":	117751920,
				"bits_per_second":	942023838.49843585,
				"retransmits":	0,
				"omitted":	false,
				"sender":	true
			}
		}, {
			"streams":	[{
					"socket":	6,
					"start":	24.000127,
					"end":	25.00027,
					"seconds":	1.0001430511474609,
					"bytes":	118137360,
					"bits_per_second":	944963701.85814023,
					"retransmits":	0,
					"snd_cwnd":	224840,
					"rtt":	1649,
					"rttvar":	154,
					"pmtu":	1500,
					"omitted":	false,
					"sender":	true
				}],
			"sum":	{
				"start":	24.000127,
				"end":	25.00027,
				"seconds":	1.0001430511474609,
				"bytes":	118137360,
				"bits_per_second":	944963701.85814023,
				"retransmits":	0,
				"omitted":	false,
				"sender":	true
			}
		}, {
			"streams":	[{
					"socket":	6,
					"start":	25.00027,
					"end":	26.000143,
					"seconds":	0.99987298250198364,
					"bytes":	117494960,
					"bits_per_second":	940079086.49350393,
					"retransmits":	0,
					"snd_cwnd":	224840,
					"rtt":	1716,
					"rttvar":	162,
					"pmtu":	1500,
					"omitted":	false,
					"sender":	true
				}],
			"sum":	{
				"start":	25.00027,
				"end":	26.000143,
				"seconds":	0.99987298250198364,
				"bytes":	117494960,
				"bits_per_second":	940079086.49350393,
				"retransmits":	0,
				"omitted":	false,
				"sender":	true
			}
		}, {
			"streams":	[{
					"socket":	6,
					"start":	26.000143,
					"end":	27.000137,
					"seconds":	0.99999397993087769,
					"bytes":	117880400,
					"bits_per_second":	943048877.21942663,
					"retransmits":	0,
					"snd_cwnd":	224840,
					"rtt":	1679,
					"rttvar":	189,
					"pmtu":	1500,
					"omitted":	false,
					"sender":	true
				}],
			"sum":	{
				"start":	26.000143,
				"end":	27.000137,
				"seconds":	0.99999397993087769,
				"bytes":	117880400,
				"bits_per_second":	943048877.21942663,
				"retransmits":	0,
				"omitted":	false,
				"sender":	true
			}
		}, {
			"streams":	[{
					"socket":	6,
					"start":	27.000137,
					"end":	28.000147,
					"seconds":	1.0000100135803223,
					"bytes":	117623440,
					"bits_per_second":	940978097.44023979,
					"retransmits":	0,
					"snd_cwnd":	224840,
					"rtt":	1679,
					"rttvar":	147,
					"pmtu":	1500,
					"omitted":	false,
					"sender":	true
				}],
			"sum":	{
				"start":	27.000137,
				"end":	28.000147,
				"seconds":	1.0000100135803223,
				"bytes":	117623440,
				"bits_per_second":	940978097.44023979,
				"retransmits":	0,
				"omitted":	false,
				"sender":	true
			}
		}, {
			"streams":	[{
					"socket":	6,
					"start":	28.000147,
					"end":	29.000144,
					"seconds":	0.99999701976776123,
					"bytes":	117880400,
					"bits_per_second":	943046010.49612308,
					"retransmits":	0,
					"snd_cwnd":	224840,
					"rtt":	1596,
					"rttvar":	199,
					"pmtu":	1500,
					"omitted":	false,
					"sender":	true
				}],
			"sum":	{
				"start":	28.000147,
				"end":	29.000144,
				"seconds":	0.99999701976776123,
				"bytes":	117880400,
				"bits_per_second":	943046010.49612308,
				"retransmits":	0,
				"omitted":	false,
				"sender":	true
			}
		}, {
			"streams":	[{
					"socket":	6,
					"start":	29.000144,
					"end":	30.000135,
					"seconds":	0.99999099969863892,
					"bytes":	117880400,
					"bits_per_second":	943051687.74938881,
					"retransmits":	0,
					"snd_cwnd":	224840,
					"rtt":	1686,
					"rttvar":	181,
					"pmtu":	1500,
					"omitted":	false,
					"sender":	true
				}],
			"sum":	{
				"start":	29.000144,
				"end":	30.000135,
				"seconds":	0.99999099969863892,
				"bytes":	117880400,
				"bits_per_second":	943051687.74938881,
				"retransmits":	0,
				"omitted":	false,
				"sender":	true
			}
		}, {
			"streams":	[{
					"socket":	6,
					"start":	30.000135,
					"end":	31.00014,
					"seconds":	1.0000050067901611,
					"bytes":	117366480,
					"bits_per_second":	938927138.98883843,
					"retransmits":	0,
					"snd_cwnd":	224840,
					"rtt":	1717,
					"rttvar":	214,
					"pmtu":	1500,
					"omitted":	false,
					"sender":	true
				}],
			"sum":	{
				"start":	30.000135,
				"end":	31.00014,
				"seconds":	1.0000050067901611,
				"bytes":	117366480,
				"bits_per_second":	938927138.98883843,
				"retransmits":	0,
				"omitted":	false,
				"sender":	true
			}
		}, {
			"streams":	[{
					"socket":	6,
					"start":	31.00014,
					"end":	32.000137,
					"seconds":	0.99999701976776123,
					"bytes":	118008880,
					"bits_per_second":	944073853.55933416,
					"retransmits":	0,
					"snd_cwnd":	224840,
					"rtt":	1690,
					"rttvar":	167,
					"pmtu":	1500,
					"omitted":	false,
					"sender":	true
				}],
			"sum":	{
				"start":	31.00014,
				"end":	32.000137,
				"seconds":	0.99999701976776123,
				"bytes":	118008880,
				"bits_per_second":	944073853.55933416,
				"retransmits":	0,
				"omitted":	false,
				"sender":	true
			}
		}, {
			"streams":	[{
					"socket":	6,
					"start":	32.000137,
					"end":	33.000142,
					"seconds":	1.0000050067901611,
					"bytes":	117880400,
					"bits_per_second":	943038478.40422475,
					"retransmits":	0,
					"snd_cwnd":	224840,
					"rtt":	1695,
					"rttvar":	169,
					"pmtu":	1500,
					"omitted":	false,
					"sender":	true
				}],
			"sum":	{
				"start":	32.000137,
				"end":	33.000142,
				"seconds":	1.0000050067901611,
				"bytes":	117880400,
				"bits_per_second":	943038478.40422475,
				"retransmits":	0,
				"omitted":	false,
				"sender":	true
			}
		}, {
			"streams":	[{
					"socket":	6,
					"start":	33.000142,
					"end":	34.000128,
					"seconds":	0.99998599290847778,
					"bytes":	117880400,
					"bits_per_second":	943056409.47743821,
					"retransmits":	0,
					"snd_cwnd":	224840,
					"rtt":	1713,
					"rttvar":	237,
					"pmtu":	1500,
					"omitted":	false,
					"sender":	true
				}],
			"sum":	{
				"start":	33.000142,
				"end":	34.000128,
				"seconds":	0.99998599290847778,
				"bytes":	117880400,
				"bits_per_second":	943056409.47743821,
				"retransmits":	0,
				"omitted":	false,
				"sender":	true
			}
		}, {
			"streams":	[{
					"socket":	6,
					"start":	34.000128,
					"end":	35.000138,
					"seconds":	1.0000100135803223,
					"bytes":	117751920,
					"bits_per_second":	942005927.1479845,
					"retransmits":	0,
					"snd_cwnd":	224840,
					"rtt":	1690,
					"rttvar":	198,
					"pmtu":	1500,
					"omitted":	false,
					"sender":	true
				}],
			"sum":	{
				"start":	34.000128,
				"end":	35.000138,
				"seconds":	1.0000100135803223,
				"bytes":	117751920,
				"bits_per_second":	942005927.1479845,
				"retransmits":	0,
				"omitted":	false,
				"sender":	true
			}
		}, {
			"streams":	[{
					"socket":	6,
					"start":	35.000138,
					"end":	36.000152,
					"seconds":	1.0000139474868774,
					"bytes":	117494960,
					"bits_per_second":	939946570.10754788,
					"retransmits":	0,
					"snd_cwnd":	224840,
					"rtt":	1683,
					"rttvar":	196,
					"pmtu":	1500,
					"omitted":	false,
					"sender":	true
				}],
			"sum":	{
				"start":	35.000138,
				"end":	36.000152,
				"seconds":	1.0000139474868774,
				"bytes":	117494960,
				"bits_per_second":	939946570.10754788,
				"retransmits":	0,
				"omitted":	false,
				"sender":	true
			}
		}, {
			"streams":	[{
					"socket":	6,
					"start":	36.000152,
					"end":	37.000145,
					"seconds":	0.99999302625656128,
					"bytes":	117816160,
					"bits_per_second":	942535853.00322068,
					"retransmits":	0,
					"snd_cwnd":	224840,
					"rtt":	1681,
					"rttvar":	155,
					"pmtu":	1500,
					"omitted":	false,
					"sender":	true
				}],
			"sum":	{
				"start":	36.000152,
				"end":	37.000145,
				"seconds":	0.99999302625656128,
				"bytes":	117816160,
				"bits_per_second":	942535853.00322068,
				"retransmits":	0,
				"omitted":	false,
				"sender":	true
			}
		}, {
			"streams":	[{
					"socket":	6,
					"start":	37.000145,
					"end":	38.000138,
					"seconds":	0.99999302625656128,
					"bytes":	117559200,
					"bits_per_second":	940480158.66733575,
					"retransmits":	0,
					"snd_cwnd":	224840,
					"rtt":	1734,
					"rttvar":	241,
					"pmtu":	1500,
					"omitted":	false,
					"sender":	true
				}],
			"sum":	{
				"start":	37.000145,
				"end":	38.000138,
				"seconds":	0.99999302625656128,
				"bytes":	117559200,
				"bits_per_second":	940480158.66733575,
				"retransmits":	0,
				"omitted":	false,
				"sender":	true
			}
		}, {
			"streams":	[{
					"socket":	6,
					"start":	38.000138,
					"end":	39.000144,
					"seconds":	1.0000059604644775,
					"bytes":	118201600,
					"bits_per_second":	945607163.74209082,
					"retransmits":	0,
					"snd_cwnd":	224840,
					"rtt":	1753,
					"rttvar":	281,
					"pmtu":	1500,
					"omitted":	false,
					"sender":	true
				}],
			"sum":	{
				"start":	38.000138,
				"end":	39.000144,
				"seconds":	1.0000059604644775,
				"bytes":	118201600,
				"bits_per_second":	945607163.74209082,
				"retransmits":	0,
				"omitted":	false,
				"sender":	true
			}
		}, {
			"streams":	[{
					"socket":	6,
					"start":	39.000144,
					"end":	40.00008,
					"seconds":	0.99993598461151123,
					"bytes":	117751920,
					"bits_per_second":	942075667.33983052,
					"retransmits":	0,
					"snd_cwnd":	224840,
					"rtt":	1787,
					"rttvar":	134,
					"pmtu":	1500,
					"omitted":	false,
					"sender":	true
				}],
			"sum":	{
				"start":	39.000144,
				"end":	40.00008,
				"seconds":	0.99993598461151123,
				"bytes":	117751920,
				"bits_per_second":	942075667.33983052,
				"retransmits":	0,
				"omitted":	false,
				"sender":	true
			}
		}],
	"end":	{
		"streams":	[{
				"sender":	{
					"socket":	6,
					"start":	0,
					"end":	40.00008,
					"seconds":	40.00008,
					"bytes":	4711976260,
					"bits_per_second":	942393367.21326566,
					"retransmits":	0,
					"max_snd_cwnd":	224840,
					"max_rtt":	1799,
					"min_rtt":	1577,
					"mean_rtt":	1693,
					"sender":	true
				},
				"receiver":	{
					"socket":	6,
					"start":	0,
					"end":	40.00008,
					"seconds":	40.00008,
					"bytes":	4710871040,
					"bits_per_second":	942172323.65535271,
					"sender":	true
				}
			}],
		"sum_sent":	{
			"start":	0,
			"end":	40.00008,
			"seconds":	40.00008,
			"bytes":	4711976260,
			"bits_per_second":	942393367.21326566,
			"retransmits":	0,
			"sender":	true
		},
		"sum_received":	{
			"start":	0,
			"end":	40.00008,
			"seconds":	40.00008,
			"bytes":	4710871040,
			"bits_per_second":	942172323.65535271,
			"sender":	true
		},
		"cpu_utilization_percent":	{
			"host_total":	4.6047578535671869,
			"host_user":	0.2081413634603741,
			"host_system":	4.3966189867346177,
			"remote_total":	32.697412,
			"remote_user":	8.88588,
			"remote_system":	23.811532
		},
		"sender_tcp_congestion":	"cubic"
	}
}
