{
	"start":	{
		"connected":	[{
				"socket":	6,
				"local_host":	"192.168.94.7",
				"local_port":	54354,
				"remote_host":	"192.168.94.100",
				"remote_port":	5201
			}],
		"version":	"iperf 3.7",
		"system_info":	"Linux lab4-nz07 5.11.0-25-generic #27~20.04.1-Ubuntu SMP Tue Jul 13 17:41:23 UTC 2021 x86_64",
		"timestamp":	{
			"time":	"Fri, 08 Oct 2021 20:50:20 GMT",
			"timesecs":	1633726220
		},
		"connecting_to":	{
			"host":	"192.168.94.100",
			"port":	5201
		},
		"cookie":	"o5hu3eqdz5cerenf5oleggyotyluzcnjtunz",
		"tcp_mss_default":	1460,
		"sock_bufsize":	0,
		"sndbuf_actual":	16384,
		"rcvbuf_actual":	131072,
		"test_start":	{
			"protocol":	"TCP",
			"num_streams":	1,
			"blksize":	131072,
			"omit":	0,
			"duration":	40,
			"bytes":	0,
			"blocks":	0,
			"reverse":	0,
			"tos":	0
		}
	},
	"intervals":	[{
			"streams":	[{
					"socket":	6,
					"start":	0,
					"end":	1.000139,
					"seconds":	1.0001389980316162,
					"bytes":	118216200,
					"bits_per_second":	945598163.71654356,
					"retransmits":	0,
					"snd_cwnd":	220460,
					"rtt":	1655,
					"rttvar":	184,
					"pmtu":	1500,
					"omitted":	false,
					"sender":	true
				}],
			"sum":	{
				"start":	0,
				"end":	1.000139,
				"seconds":	1.0001389980316162,
				"bytes":	118216200,
				"bits_per_second":	945598163.71654356,
				"retransmits":	0,
				"omitted":	false,
				"sender":	true
			}
		}, {
			"streams":	[{
					"socket":	6,
					"start":	1.000139,
					"end":	2.000057,
					"seconds":	0.99991798400878906,
					"bytes":	118008880,
					"bits_per_second":	944148475.27304983,
					"retransmits":	0,
					"snd_cwnd":	220460,
					"rtt":	1619,
					"rttvar":	158,
					"pmtu":	1500,
					"omitted":	false,
					"sender":	true
				}],
			"sum":	{
				"start":	1.000139,
				"end":	2.000057,
				"seconds":	0.99991798400878906,
				"bytes":	118008880,
				"bits_per_second":	944148475.27304983,
				"retransmits":	0,
				"omitted":	false,
				"sender":	true
			}
		}, {
			"streams":	[{
					"socket":	6,
					"start":	2.000057,
					"end":	3.000141,
					"seconds":	1.0000840425491333,
					"bytes":	117559200,
					"bits_per_second":	940394566.84341133,
					"retransmits":	0,
					"snd_cwnd":	220460,
					"rtt":	1728,
					"rttvar":	252,
					"pmtu":	1500,
					"omitted":	false,
					"sender":	true
				}],
			"sum":	{
				"start":	2.000057,
				"end":	3.000141,
				"seconds":	1.0000840425491333,
				"bytes":	117559200,
				"bits_per_second":	940394566.84341133,
				"retransmits":	0,
				"omitted":	false,
				"sender":	true
			}
		}, {
			"streams":	[{
					"socket":	6,
					"start":	3.000141,
					"end":	4.000144,
					"seconds":	1.0000029802322388,
					"bytes":	117751920,
					"bits_per_second":	942012552.58382142,
					"retransmits":	0,
					"snd_cwnd":	220460,
					"rtt":	1722,
					"rttvar":	281,
					"pmtu":	1500,
					"omitted":	false,
					"sender":	true
				}],
			"sum":	{
				"start":	3.000141,
				"end":	4.000144,
				"seconds":	1.0000029802322388,
				"bytes":	117751920,
				"bits_per_second":	942012552.58382142,
				"retransmits":	0,
				"omitted":	false,
				"sender":	true
			}
		}, {
			"streams":	[{
					"socket":	6,
					"start":	4.000144,
					"end":	5.000148,
					"seconds":	1.0000040531158447,
					"bytes":	117880400,
					"bits_per_second":	943039377.75215578,
					"retransmits":	0,
					"snd_cwnd":	220460,
					"rtt":	1634,
					"rttvar":	161,
					"pmtu":	1500,
					"omitted":	false,
					"sender":	true
				}],
			"sum":	{
				"start":	4.000144,
				"end":	5.000148,
				"seconds":	1.0000040531158447,
				"bytes":	117880400,
				"bits_per_second":	943039377.75215578,
				"retransmits":	0,
				"omitted":	false,
				"sender":	true
			}
		}, {
			"streams":	[{
					"socket":	6,
					"start":	5.000148,
					"end":	6.00014,
					"seconds":	0.9999920129776001,
					"bytes":	117430720,
					"bits_per_second":	939453263.4342587,
					"retransmits":	0,
					"snd_cwnd":	220460,
					"rtt":	1648,
					"rttvar":	211,
					"pmtu":	1500,
					"omitted":	false,
					"sender":	true
				}],
			"sum":	{
				"start":	5.000148,
				"end":	6.00014,
				"seconds":	0.9999920129776001,
				"bytes":	117430720,
				"bits_per_second":	939453263.4342587,
				"retransmits":	0,
				"omitted":	false,
				"sender":	true
			}
		}, {
			"streams":	[{
					"socket":	6,
					"start":	6.00014,
					"end":	7.000134,
					"seconds":	0.99999397993087769,
					"bytes":	118137360,
					"bits_per_second":	945104569.59483683,
					"retransmits":	0,
					"snd_cwnd":	220460,
					"rtt":	1556,
					"rttvar":	174,
					"pmtu":	1500,
					"omitted":	false,
					"sender":	true
				}],
			"sum":	{
				"start":	6.00014,
				"end":	7.000134,
				"seconds":	0.99999397993087769,
				"bytes":	118137360,
				"bits_per_second":	945104569.59483683,
				"retransmits":	0,
				"omitted":	false,
				"sender":	true
			}
		}, {
			"streams":	[{
					"socket":	6,
					"start":	7.000134,
					"end":	8.000235,
					"seconds":	1.0001009702682495,
					"bytes":	117880400,
					"bits_per_second":	942947990.28847528,
					"retransmits":	0,
					"snd_cwnd":	220460,
					"rtt":	1599,
					"rttvar":	138,
					"pmtu":	1500,
					"omitted":	false,
					"sender":	true
				}],
			"sum":	{
				"start":	7.000134,
				"end":	8.000235,
				"seconds":	1.0001009702682495,
				"bytes":	117880400,
				"bits_per_second":	942947990.28847528,
				"retransmits":	0,
				"omitted":	false,
				"sender":	true
			}
		}, {
			"streams":	[{
					"socket":	6,
					"start":	8.000235,
					"end":	9.000143,
					"seconds":	0.9999079704284668,
					"bytes":	117302240,
					"bits_per_second":	938504290.14770436,
					"retransmits":	0,
					"snd_cwnd":	220460,
					"rtt":	1715,
					"rttvar":	264,
					"pmtu":	1500,
					"omitted":	false,
					"sender":	true
				}],
			"sum":	{
				"start":	8.000235,
				"end":	9.000143,
				"seconds":	0.9999079704284668,
				"bytes":	117302240,
				"bits_per_second":	938504290.14770436,
				"retransmits":	0,
				"omitted":	false,
				"sender":	true
			}
		}, {
			"streams":	[{
					"socket":	6,
					"start":	9.000143,
					"end":	10.000143,
					"seconds":	1,
					"bytes":	118008880,
					"bits_per_second":	944071040,
					"retransmits":	0,
					"snd_cwnd":	220460,
					"rtt":	1558,
					"rttvar":	109,
					"pmtu":	1500,
					"omitted":	false,
					"sender":	true
				}],
			"sum":	{
				"start":	9.000143,
				"end":	10.000143,
				"seconds":	1,
				"bytes":	118008880,
				"bits_per_second":	944071040,
				"retransmits":	0,
				"omitted":	false,
				"sender":	true
			}
		}, {
			"streams":	[{
					"socket":	6,
					"start":	10.000143,
					"end":	11.000133,
					"seconds":	0.99998998641967773,
					"bytes":	117880400,
					"bits_per_second":	943052643.33339214,
					"retransmits":	0,
					"snd_cwnd":	220460,
					"rtt":	1651,
					"rttvar":	203,
					"pmtu":	1500,
					"omitted":	false,
					"sender":	true
				}],
			"sum":	{
				"start":	10.000143,
				"end":	11.000133,
				"seconds":	0.99998998641967773,
				"bytes":	117880400,
				"bits_per_second":	943052643.33339214,
				"retransmits":	0,
				"omitted":	false,
				"sender":	true
			}
		}, {
			"streams":	[{
					"socket":	6,
					"start":	11.000133,
					"end":	12.000129,
					"seconds":	0.9999960064888,
					"bytes":	117687680,
					"bits_per_second":	941505199.91156065,
					"retransmits":	0,
					"snd_cwnd":	220460,
					"rtt":	1578,
					"rttvar":	162,
					"pmtu":	1500,
					"omitted":	false,
					"sender":	true
				}],
			"sum":	{
				"start":	11.000133,
				"end":	12.000129,
				"seconds":	0.9999960064888,
				"bytes":	117687680,
				"bits_per_second":	941505199.91156065,
				"retransmits":	0,
				"omitted":	false,
				"sender":	true
			}
		}, {
			"streams":	[{
					"socket":	6,
					"start":	12.000129,
					"end":	13.000036,
					"seconds":	0.99990701675415039,
					"bytes":	117944640,
					"bits_per_second":	943644863.16230619,
					"retransmits":	0,
					"snd_cwnd":	220460,
					"rtt":	1621,
					"rttvar":	206,
					"pmtu":	1500,
					"omitted":	false,
					"sender":	true
				}],
			"sum":	{
				"start":	12.000129,
				"end":	13.000036,
				"seconds":	0.99990701675415039,
				"bytes":	117944640,
				"bits_per_second":	943644863.16230619,
				"retransmits":	0,
				"omitted":	false,
				"sender":	true
			}
		}, {
			"streams":	[{
					"socket":	6,
					"start":	13.000036,
					"end":	14.000142,
					"seconds":	1.0001059770584106,
					"bytes":	117559200,
					"bits_per_second":	940373941.93582761,
					"retransmits":	0,
					"snd_cwnd":	220460,
					"rtt":	1577,
					"rttvar":	194,
					"pmtu":	1500,
					"omitted":	false,
					"sender":	true
				}],
			"sum":	{
				"start":	13.000036,
				"end":	14.000142,
				"seconds":	1.0001059770584106,
				"bytes":	117559200,
				"bits_per_second":	940373941.93582761,
				"retransmits":	0,
				"omitted":	false,
				"sender":	true
			}
		}, {
			"streams":	[{
					"socket":	6,
					"start":	14.000142,
					"end":	15.000099,
					"seconds":	0.99995702505111694,
					"bytes":	117623440,
					"bits_per_second":	941027960.62850559,
					"retransmits":	0,
					"snd_cwnd":	220460,
					"rtt":	1456,
					"rttvar":	185,
					"pmtu":	1500,
					"omitted":	false,
					"sender":	true
				}],
			"sum":	{
				"start":	14.000142,
				"end":	15.000099,
				"seconds":	0.99995702505111694,
				"bytes":	117623440,
				"bits_per_second":	941027960.62850559,
				"retransmits":	0,
				"omitted":	false,
				"sender":	true
			}
		}, {
			"streams":	[{
					"socket":	6,
					"start":	15.000099,
					"end":	16.000093,
					"seconds":	0.99999397993087769,
					"bytes":	118008880,
					"bits_per_second":	944076723.40713167,
					"retransmits":	0,
					"snd_cwnd":	220460,
					"rtt":	1664,
					"rttvar":	229,
					"pmtu":	1500,
					"omitted":	false,
					"sender":	true
				}],
			"sum":	{
				"start":	15.000099,
				"end":	16.000093,
				"seconds":	0.99999397993087769,
				"bytes":	118008880,
				"bits_per_second":	944076723.40713167,
				"retransmits":	0,
				"omitted":	false,
				"sender":	true
			}
		}, {
			"streams":	[{
					"socket":	6,
					"start":	16.000093,
					"end":	17.000139,
					"seconds":	1.0000460147857666,
					"bytes":	117494960,
					"bits_per_second":	939916429.94683754,
					"retransmits":	0,
					"snd_cwnd":	220460,
					"rtt":	1691,
					"rttvar":	145,
					"pmtu":	1500,
					"omitted":	false,
					"sender":	true
				}],
			"sum":	{
				"start":	16.000093,
				"end":	17.000139,
				"seconds":	1.0000460147857666,
				"bytes":	117494960,
				"bits_per_second":	939916429.94683754,
				"retransmits":	0,
				"omitted":	false,
				"sender":	true
			}
		}, {
			"streams":	[{
					"socket":	6,
					"start":	17.000139,
					"end":	18.000071,
					"seconds":	0.99993199110031128,
					"bytes":	118137360,
					"bits_per_second":	945163159.5065043,
					"retransmits":	0,
					"snd_cwnd":	220460,
					"rtt":	1797,
					"rttvar":	193,
					"pmtu":	1500,
					"omitted":	false,
					"sender":	true
				}],
			"sum":	{
				"start":	17.000139,
				"end":	18.000071,
				"seconds":	0.99993199110031128,
				"bytes":	118137360,
				"bits_per_second":	945163159.5065043,
				"retransmits":	0,
				"omitted":	false,
				"sender":	true
			}
		}, {
			"streams":	[{
					"socket":	6,
					"start":	18.000071,
					"end":	19.000127,
					"seconds":	1.0000560283660889,
					"bytes":	117559200,
					"bits_per_second":	940420909.75299072,
					"retransmits":	0,
					"snd_cwnd":	220460,
					"rtt":	1663,
					"rttvar":	181,
					"pmtu":	1500,
					"omitted":	false,
					"sender":	true
				}],
			"sum":	{
				"start":	18.000071,
				"end":	19.000127,
				"seconds":	1.0000560283660889,
				"bytes":	117559200,
				"bits_per_second":	940420909.75299072,
				"retransmits":	0,
				"omitted":	false,
				"sender":	true
			}
		}, {
			"streams":	[{
					"socket":	6,
					"start":	19.000127,
					"end":	20.000015,
					"seconds":	0.999888002872467,
					"bytes":	118008880,
					"bits_per_second":	944176785.08781314,
					"retransmits":	0,
					"snd_cwnd":	220460,
					"rtt":	1703,
					"rttvar":	197,
					"pmtu":	1500,
					"omitted":	false,
					"sender":	true
				}],
			"sum":	{
				"start":	19.000127,
				"end":	20.000015,
				"seconds":	0.999888002872467,
				"bytes":	118008880,
				"bits_per_second":	944176785.08781314,
				"retransmits":	0,
				"omitted":	false,
				"sender":	true
			}
		}, {
			"streams":	[{
					"socket":	6,
					"start":	20.000015,
					"end":	21.000135,
					"seconds":	1.0001200437545776,
					"bytes":	117430720,
					"bits_per_second":	939332998.94000852,
					"retransmits":	0,
					"snd_cwnd":	220460,
					"rtt":	1769,
					"rttvar":	238,
					"pmtu":	1500,
					"omitted":	false,
					"sender":	true
				}],
			"sum":	{
				"start":	20.000015,
				"end":	21.000135,
				"seconds":	1.0001200437545776,
				"bytes":	117430720,
				"bits_per_second":	939332998.94000852,
				"retransmits":	0,
				"omitted":	false,
				"sender":	true
			}
		}, {
			"streams":	[{
					"socket":	6,
					"start":	21.000135,
					"end":	22.000112,
					"seconds":	0.9999769926071167,
					"bytes":	118073120,
					"bits_per_second":	944606692.93730462,
					"retransmits":	0,
					"snd_cwnd":	220460,
					"rtt":	1698,
					"rttvar":	214,
					"pmtu":	1500,
					"omitted":	false,
					"sender":	true
				}],
			"sum":	{
				"start":	21.000135,
				"end":	22.000112,
				"seconds":	0.9999769926071167,
				"bytes":	118073120,
				"bits_per_second":	944606692.93730462,
				"retransmits":	0,
				"omitted":	false,
				"sender":	true
			}
		}, {
			"streams":	[{
					"socket":	6,
					"start":	22.000112,
					"end":	23.000141,
					"seconds":	1.0000289678573608,
					"bytes":	117430720,
					"bits_per_second":	939418547.05752671,
					"retransmits":	0,
					"snd_cwnd":	220460,
					"rtt":	1691,
					"rttvar":	212,
					"pmtu":	1500,
					"omitted":	false,
					"sender":	true
				}],
			"sum":	{
				"start":	22.000112,
				"end":	23.000141,
				"seconds":	1.0000289678573608,
				"bytes":	117430720,
				"bits_per_second":	939418547.05752671,
				"retransmits":	0,
				"omitted":	false,
				"sender":	true
			}
		}, {
			"streams":	[{
					"socket":	6,
					"start":	23.000141,
					"end":	24.00014,
					"seconds":	0.99999898672103882,
					"bytes":	117816160,
					"bits_per_second":	942530235.04605746,
					"retransmits":	0,
					"snd_cwnd":	220460,
					"rtt":	1718,
					"rttvar":	208,
					"pmtu":	1500,
					"omitted":	false,
					"sender":	true
				}],
			"sum":	{
				"start":	23.000141,
				"end":	24.00014,
				"seconds":	0.99999898672103882,
				"bytes":	117816160,
				"bits_per_second":	942530235.04605746,
				"retransmits":	0,
				"omitted":	false,
				"sender":	true
			}
		}, {
			"streams":	[{
					"socket":	6,
					"start":	24.00014,
					"end":	25.000137,
					"seconds":	0.99999701976776123,
					"bytes":	118008880,
					"bits_per_second":	944073853.55933416,
					"retransmits":	0,
					"snd_cwnd":	220460,
					"rtt":	1711,
					"rttvar":	176,
					"pmtu":	1500,
					"omitted":	false,
					"sender":	true
				}],
			"sum":	{
				"start":	24.00014,
				"end":	25.000137,
				"seconds":	0.99999701976776123,
				"bytes":	118008880,
				"bits_per_second":	944073853.55933416,
				"retransmits":	0,
				"omitted":	false,
				"sender":	true
			}
		}, {
			"streams":	[{
					"socket":	6,
					"start":	25.000137,
					"end":	26.000128,
					"seconds":	0.99999099969863892,
					"bytes":	117751920,
					"bits_per_second":	942023838.49843585,
					"retransmits":	0,
					"snd_cwnd":	220460,
					"rtt":	1675,
					"rttvar":	225,
					"pmtu":	1500,
					"omitted":	false,
					"sender":	true
				}],
			"sum":	{
				"start":	25.000137,
				"end":	26.000128,
				"seconds":	0.99999099969863892,
				"bytes":	117751920,
				"bits_per_second":	942023838.49843585,
				"retransmits":	0,
				"omitted":	false,
				"sender":	true
			}
		}, {
			"streams":	[{
					"socket":	6,
					"start":	26.000128,
					"end":	27.000139,
					"seconds":	1.0000109672546387,
					"bytes":	117559200,
					"bits_per_second":	940463285.69966745,
					"retransmits":	0,
					"snd_cwnd":	220460,
					"rtt":	1614,
					"rttvar":	193,
					"pmtu":	1500,
					"omitted":	false,
					"sender":	true
				}],
			"sum":	{
				"start":	26.000128,
				"end":	27.000139,
				"seconds":	1.0000109672546387,
				"bytes":	117559200,
				"bits_per_second":	940463285.69966745,
				"retransmits":	0,
				"omitted":	false,
				"sender":	true
			}
		}, {
			"streams":	[{
					"socket":	6,
					"start":	27.000139,
					"end":	28.00014,
					"seconds":	1.0000009536743164,
					"bytes":	117944640,
					"bits_per_second":	943556220.15466678,
					"retransmits":	0,
					"snd_cwnd":	220460,
					"rtt":	1691,
					"rttvar":	218,
					"pmtu":	1500,
					"omitted":	false,
					"sender":	true
				}],
			"sum":	{
				"start":	27.000139,
				"end":	28.00014,
				"seconds":	1.0000009536743164,
				"bytes":	117944640,
				"bits_per_second":	943556220.15466678,
				"retransmits":	0,
				"omitted":	false,
				"sender":	true
			}
		}, {
			"streams":	[{
					"socket":	6,
					"start":	28.00014,
					"end":	29.000276,
					"seconds":	1.0001360177993774,
					"bytes":	117944640,
					"bits_per_second":	943428796.89117754,
					"retransmits":	0,
					"snd_cwnd":	220460,
					"rtt":	1699,
					"rttvar":	154,
					"pmtu":	1500,
					"omitted":	false,
					"sender":	true
				}],
			"sum":	{
				"start":	28.00014,
				"end":	29.000276,
				"seconds":	1.0001360177993774,
				"bytes":	117944640,
				"bits_per_second":	943428796.89117754,
				"retransmits":	0,
				"omitted":	false,
				"sender":	true
			}
		}, {
			"streams":	[{
					"socket":	6,
					"start":	29.000276,
					"end":	30.000133,
					"seconds":	0.99985700845718384,
					"bytes":	117623440,
					"bits_per_second":	941122092.499985,
					"retransmits":	0,
					"snd_cwnd":	220460,
					"rtt":	1571,
					"rttvar":	146,
					"pmtu":	1500,
					"omitted":	false,
					"sender":	true
				}],
			"sum":	{
				"start":	29.000276,
				"end":	30.000133,
				"seconds":	0.99985700845718384,
				"bytes":	117623440,
				"bits_per_second":	941122092.499985,
				"retransmits":	0,
				"omitted":	false,
				"sender":	true
			}
		}, {
			"streams":	[{
					"socket":	6,
					"start":	30.000133,
					"end":	31.000126,
					"seconds":	0.99999302625656128,
					"bytes":	117687680,
					"bits_per_second":	941508005.83527815,
					"retransmits":	0,
					"snd_cwnd":	220460,
					"rtt":	1715,
					"rttvar":	261,
					"pmtu":	1500,
					"omitted":	false,
					"sender":	true
				}],
			"sum":	{
				"start":	30.000133,
				"end":	31.000126,
				"seconds":	0.99999302625656128,
				"bytes":	117687680,
				"bits_per_second":	941508005.83527815,
				"retransmits":	0,
				"omitted":	false,
				"sender":	true
			}
		}, {
			"streams":	[{
					"socket":	6,
					"start":	31.000126,
					"end":	32.000146,
					"seconds":	1.0000200271606445,
					"bytes":	117559200,
					"bits_per_second":	940454765.36133516,
					"retransmits":	0,
					"snd_cwnd":	220460,
					"rtt":	1713,
					"rttvar":	182,
					"pmtu":	1500,
					"omitted":	false,
					"sender":	true
				}],
			"sum":	{
				"start":	31.000126,
				"end":	32.000146,
				"seconds":	1.0000200271606445,
				"bytes":	117559200,
				"bits_per_second":	940454765.36133516,
				"retransmits":	0,
				"omitted":	false,
				"sender":	true
			}
		}, {
			"streams":	[{
					"socket":	6,
					"start":	32.000146,
					"end":	33.000133,
					"seconds":	0.999987006187439,
					"bytes":	117944640,
					"bits_per_second":	943569380.56366932,
					"retransmits":	0,
					"snd_cwnd":	220460,
					"rtt":	1702,
					"rttvar":	203,
					"pmtu":	1500,
					"omitted":	false,
					"sender":	true
				}],
			"sum":	{
				"start":	32.000146,
				"end":	33.000133,
				"seconds":	0.999987006187439,
				"bytes":	117944640,
				"bits_per_second":	943569380.56366932,
				"retransmits":	0,
				"omitted":	false,
				"sender":	true
			}
		}, {
			"streams":	[{
					"socket":	6,
					"start":	33.000133,
					"end":	34.000135,
					"seconds":	1.0000020265579224,
					"bytes":	117880400,
					"bits_per_second":	943041288.8722049,
					"retransmits":	0,
					"snd_cwnd":	220460,
					"rtt":	1698,
					"rttvar":	253,
					"pmtu":	1500,
					"omitted":	false,
					"sender":	true
				}],
			"sum":	{
				"start":	33.000133,
				"end":	34.000135,
				"seconds":	1.0000020265579224,
				"bytes":	117880400,
				"bits_per_second":	943041288.8722049,
				"retransmits":	0,
				"omitted":	false,
				"sender":	true
			}
		}, {
			"streams":	[{
					"socket":	6,
					"start":	34.000135,
					"end":	35.000138,
					"seconds":	1.0000029802322388,
					"bytes":	117623440,
					"bits_per_second":	940984715.64701426,
					"retransmits":	0,
					"snd_cwnd":	220460,
					"rtt":	1734,
					"rttvar":	248,
					"pmtu":	1500,
					"omitted":	false,
					"sender":	true
				}],
			"sum":	{
				"start":	34.000135,
				"end":	35.000138,
				"seconds":	1.0000029802322388,
				"bytes":	117623440,
				"bits_per_second":	940984715.64701426,
				"retransmits":	0,
				"omitted":	false,
				"sender":	true
			}
		}, {
			"streams":	[{
					"socket":	6,
					"start":	35.000138,
					"end":	36.00014,
					"seconds":	1.0000020265579224,
					"bytes":	117559200,
					"bits_per_second":	940471694.07963765,
					"retransmits":	0,
					"snd_cwnd":	220460,
					"rtt":	1722,
					"rttvar":	207,
					"pmtu":	1500,
					"omitted":	false,
					"sender":	true
				}],
			"sum":	{
				"start":	35.000138,
				"end":	36.00014,
				"seconds":	1.0000020265579224,
				"bytes":	117559200,
				"bits_per_second":	940471694.07963765,
				"retransmits":	0,
				"omitted":	false,
				"sender":	true
			}
		}, {
			"streams":	[{
					"socket":	6,
					"start":	36.00014,
					"end":	37.000141,
					"seconds":	1.0000009536743164,
					"bytes":	118008880,
					"bits_per_second":	944070139.664555,
					"retransmits":	0,
					"snd_cwnd":	220460,
					"rtt":	1706,
					"rttvar":	221,
					"pmtu":	1500,
					"omitted":	false,
					"sender":	true
				}],
			"sum":	{
				"start":	36.00014,
				"end":	37.000141,
				"seconds":	1.0000009536743164,
				"bytes":	118008880,
				"bits_per_second":	944070139.664555,
				"retransmits":	0,
				"omitted":	false,
				"sender":	true
			}
		}, {
			"streams":	[{
					"socket":	6,
					"start":	37.000141,
					"end":	38.000143,
					"seconds":	1.0000020265579224,
					"bytes":	117880400,
					"bits_per_second":	943041288.8722049,
					"retransmits":	0,
					"snd_cwnd":	220460,
					"rtt":	1648,
					"rttvar":	158,
					"pmtu":	1500,
					"omitted":	false,
					"sender":	true
				}],
			"sum":	{
				"start":	37.000141,
				"end":	38.000143,
				"seconds":	1.0000020265579224,
				"bytes":	117880400,
				"bits_per_second":	943041288.8722049,
				"retransmits":	0,
				"omitted":	false,
				"sender":	true
			}
		}, {
			"streams":	[{
					"socket":	6,
					"start":	38.000143,
					"end":	39.000114,
					"seconds":	0.99997097253799438,
					"bytes":	117816160,
					"bits_per_second":	942556640.02705657,
					"retransmits":	0,
					"snd_cwnd":	220460,
					"rtt":	1643,
					"rttvar":	188,
					"pmtu":	1500,
					"omitted":	false,
					"sender":	true
				}],
			"sum":	{
				"start":	38.000143,
				"end":	39.000114,
				"seconds":	0.99997097253799438,
				"bytes":	117816160,
				"bits_per_second":	942556640.02705657,
				"retransmits":	0,
				"omitted":	false,
				"sender":	true
			}
		}, {
			"streams":	[{
					"socket":	6,
					"start":	39.000114,
					"end":	40.000148,
					"seconds":	1.000033974647522,
					"bytes":	117687680,
					"bits_per_second":	941469453.90715075,
					"retransmits":	0,
					"snd_cwnd":	220460,
					"rtt":	1778,
					"rttvar":	153,
					"pmtu":	1500,
					"omitted":	false,
					"sender":	true
				}],
			"sum":	{
				"start":	39.000114,
				"end":	40.000148,
				"seconds":	1.000033974647522,
				"bytes":	117687680,
				"bits_per_second":	941469453.90715075,
				"retransmits":	0,
				"omitted":	false,
				"sender":	true
			}
		}],
	"end":	{
		"streams":	[{
				"sender":	{
					"socket":	6,
					"start":	0,
					"end":	40.000148,
					"seconds":	40.000148,
					"bytes":	4711311960,
					"bits_per_second":	942258905.64204907,
					"retransmits":	0,
					"max_snd_cwnd":	220460,
					"max_rtt":	1797,
					"min_rtt":	1456,
					"mean_rtt":	1668,
					"sender":	true
				},
				"receiver":	{
					"socket":	6,
					"start":	0,
					"end":	40.000148,
					"seconds":	40.000148,
					"bytes":	4710351280,
					"bits_per_second":	942066770.35294962,
					"sender":	true
				}
			}],
		"sum_sent":	{
			"start":	0,
			"end":	40.000148,
			"seconds":	40.000148,
			"bytes":	4711311960,
			"bits_per_second":	942258905.64204907,
			"retransmits":	0,
			"sender":	true
		},
		"sum_received":	{
			"start":	0,
			"end":	40.000148,
			"seconds":	40.000148,
			"bytes":	4710351280,
			"bits_per_second":	942066770.35294962,
			"sender":	true
		},
		"cpu_utilization_percent":	{
			"host_total":	5.2407451045543381,
			"host_user":	0.3037255876879269,
			"host_system":	4.9370220136446941,
			"remote_total":	5.313709,
			"remote_user":	1.138999,
			"remote_system":	4.17471
		},
		"sender_tcp_congestion":	"cubic"
	}
}
