{
	"start":	{
		"connected":	[{
				"socket":	6,
				"local_host":	"192.168.94.27",
				"local_port":	55190,
				"remote_host":	"192.168.94.100",
				"remote_port":	5201
			}],
		"version":	"iperf 3.7",
		"system_info":	"Linux lab4-nz27 5.11.0-25-generic #27~20.04.1-Ubuntu SMP Tue Jul 13 17:41:23 UTC 2021 x86_64",
		"timestamp":	{
			"time":	"Fri, 08 Oct 2021 21:04:04 GMT",
			"timesecs":	1633727044
		},
		"connecting_to":	{
			"host":	"192.168.94.100",
			"port":	5201
		},
		"cookie":	"4qmlgweszaxi3nd4hhkcepdlzdgk7eisirvg",
		"tcp_mss_default":	1460,
		"sock_bufsize":	0,
		"sndbuf_actual":	16384,
		"rcvbuf_actual":	131072,
		"test_start":	{
			"protocol":	"TCP",
			"num_streams":	1,
			"blksize":	131072,
			"omit":	0,
			"duration":	40,
			"bytes":	0,
			"blocks":	0,
			"reverse":	0,
			"tos":	0
		}
	},
	"intervals":	[{
			"streams":	[{
					"socket":	6,
					"start":	0,
					"end":	1.000076,
					"seconds":	1.0000760555267334,
					"bytes":	118029320,
					"bits_per_second":	944162751.204635,
					"retransmits":	0,
					"snd_cwnd":	217540,
					"rtt":	1633,
					"rttvar":	158,
					"pmtu":	1500,
					"omitted":	false,
					"sender":	true
				}],
			"sum":	{
				"start":	0,
				"end":	1.000076,
				"seconds":	1.0000760555267334,
				"bytes":	118029320,
				"bits_per_second":	944162751.204635,
				"retransmits":	0,
				"omitted":	false,
				"sender":	true
			}
		}, {
			"streams":	[{
					"socket":	6,
					"start":	1.000076,
					"end":	2.000065,
					"seconds":	0.99998897314071655,
					"bytes":	117559200,
					"bits_per_second":	940483970.584402,
					"retransmits":	0,
					"snd_cwnd":	217540,
					"rtt":	1697,
					"rttvar":	147,
					"pmtu":	1500,
					"omitted":	false,
					"sender":	true
				}],
			"sum":	{
				"start":	1.000076,
				"end":	2.000065,
				"seconds":	0.99998897314071655,
				"bytes":	117559200,
				"bits_per_second":	940483970.584402,
				"retransmits":	0,
				"omitted":	false,
				"sender":	true
			}
		}, {
			"streams":	[{
					"socket":	6,
					"start":	2.000065,
					"end":	3.00007,
					"seconds":	1.0000050067901611,
					"bytes":	118137360,
					"bits_per_second":	945094148.11191785,
					"retransmits":	0,
					"snd_cwnd":	217540,
					"rtt":	1578,
					"rttvar":	157,
					"pmtu":	1500,
					"omitted":	false,
					"sender":	true
				}],
			"sum":	{
				"start":	2.000065,
				"end":	3.00007,
				"seconds":	1.0000050067901611,
				"bytes":	118137360,
				"bits_per_second":	945094148.11191785,
				"retransmits":	0,
				"omitted":	false,
				"sender":	true
			}
		}, {
			"streams":	[{
					"socket":	6,
					"start":	3.00007,
					"end":	4.000062,
					"seconds":	0.9999920129776001,
					"bytes":	117816160,
					"bits_per_second":	942536808.06259871,
					"retransmits":	0,
					"snd_cwnd":	217540,
					"rtt":	1730,
					"rttvar":	226,
					"pmtu":	1500,
					"omitted":	false,
					"sender":	true
				}],
			"sum":	{
				"start":	3.00007,
				"end":	4.000062,
				"seconds":	0.9999920129776001,
				"bytes":	117816160,
				"bits_per_second":	942536808.06259871,
				"retransmits":	0,
				"omitted":	false,
				"sender":	true
			}
		}, {
			"streams":	[{
					"socket":	6,
					"start":	4.000062,
					"end":	5.000086,
					"seconds":	1.0000239610671997,
					"bytes":	117687680,
					"bits_per_second":	941478881.16126144,
					"retransmits":	0,
					"snd_cwnd":	217540,
					"rtt":	1624,
					"rttvar":	229,
					"pmtu":	1500,
					"omitted":	false,
					"sender":	true
				}],
			"sum":	{
				"start":	4.000062,
				"end":	5.000086,
				"seconds":	1.0000239610671997,
				"bytes":	117687680,
				"bits_per_second":	941478881.16126144,
				"retransmits":	0,
				"omitted":	false,
				"sender":	true
			}
		}, {
			"streams":	[{
					"socket":	6,
					"start":	5.000086,
					"end":	6.000083,
					"seconds":	0.99999701976776123,
					"bytes":	117430720,
					"bits_per_second":	939448559.77488446,
					"retransmits":	0,
					"snd_cwnd":	217540,
					"rtt":	1671,
					"rttvar":	211,
					"pmtu":	1500,
					"omitted":	false,
					"sender":	true
				}],
			"sum":	{
				"start":	5.000086,
				"end":	6.000083,
				"seconds":	0.99999701976776123,
				"bytes":	117430720,
				"bits_per_second":	939448559.77488446,
				"retransmits":	0,
				"omitted":	false,
				"sender":	true
			}
		}, {
			"streams":	[{
					"socket":	6,
					"start":	6.000083,
					"end":	7.000082,
					"seconds":	0.99999898672103882,
					"bytes":	118008880,
					"bits_per_second":	944071996.608292,
					"retransmits":	0,
					"snd_cwnd":	217540,
					"rtt":	1637,
					"rttvar":	178,
					"pmtu":	1500,
					"omitted":	false,
					"sender":	true
				}],
			"sum":	{
				"start":	6.000083,
				"end":	7.000082,
				"seconds":	0.99999898672103882,
				"bytes":	118008880,
				"bits_per_second":	944071996.608292,
				"retransmits":	0,
				"omitted":	false,
				"sender":	true
			}
		}, {
			"streams":	[{
					"socket":	6,
					"start":	7.000082,
					"end":	8.000081,
					"seconds":	0.99999898672103882,
					"bytes":	117816160,
					"bits_per_second":	942530235.04605746,
					"retransmits":	0,
					"snd_cwnd":	217540,
					"rtt":	1673,
					"rttvar":	189,
					"pmtu":	1500,
					"omitted":	false,
					"sender":	true
				}],
			"sum":	{
				"start":	7.000082,
				"end":	8.000081,
				"seconds":	0.99999898672103882,
				"bytes":	117816160,
				"bits_per_second":	942530235.04605746,
				"retransmits":	0,
				"omitted":	false,
				"sender":	true
			}
		}, {
			"streams":	[{
					"socket":	6,
					"start":	8.000081,
					"end":	9.000105,
					"seconds":	1.0000239610671997,
					"bytes":	117559200,
					"bits_per_second":	940451065.78881454,
					"retransmits":	0,
					"snd_cwnd":	217540,
					"rtt":	1670,
					"rttvar":	245,
					"pmtu":	1500,
					"omitted":	false,
					"sender":	true
				}],
			"sum":	{
				"start":	8.000081,
				"end":	9.000105,
				"seconds":	1.0000239610671997,
				"bytes":	117559200,
				"bits_per_second":	940451065.78881454,
				"retransmits":	0,
				"omitted":	false,
				"sender":	true
			}
		}, {
			"streams":	[{
					"socket":	6,
					"start":	9.000105,
					"end":	10.000126,
					"seconds":	1.0000209808349609,
					"bytes":	117687680,
					"bits_per_second":	941481686.92810786,
					"retransmits":	0,
					"snd_cwnd":	217540,
					"rtt":	1675,
					"rttvar":	231,
					"pmtu":	1500,
					"omitted":	false,
					"sender":	true
				}],
			"sum":	{
				"start":	9.000105,
				"end":	10.000126,
				"seconds":	1.0000209808349609,
				"bytes":	117687680,
				"bits_per_second":	941481686.92810786,
				"retransmits":	0,
				"omitted":	false,
				"sender":	true
			}
		}, {
			"streams":	[{
					"socket":	6,
					"start":	10.000126,
					"end":	11.0001,
					"seconds":	0.99997401237487793,
					"bytes":	117880400,
					"bits_per_second":	943067708.09006262,
					"retransmits":	0,
					"snd_cwnd":	217540,
					"rtt":	1664,
					"rttvar":	265,
					"pmtu":	1500,
					"omitted":	false,
					"sender":	true
				}],
			"sum":	{
				"start":	10.000126,
				"end":	11.0001,
				"seconds":	0.99997401237487793,
				"bytes":	117880400,
				"bits_per_second":	943067708.09006262,
				"retransmits":	0,
				"omitted":	false,
				"sender":	true
			}
		}, {
			"streams":	[{
					"socket":	6,
					"start":	11.0001,
					"end":	12.000107,
					"seconds":	1.0000070333480835,
					"bytes":	117944640,
					"bits_per_second":	943550483.681014,
					"retransmits":	0,
					"snd_cwnd":	217540,
					"rtt":	1698,
					"rttvar":	186,
					"pmtu":	1500,
					"omitted":	false,
					"sender":	true
				}],
			"sum":	{
				"start":	11.0001,
				"end":	12.000107,
				"seconds":	1.0000070333480835,
				"bytes":	117944640,
				"bits_per_second":	943550483.681014,
				"retransmits":	0,
				"omitted":	false,
				"sender":	true
			}
		}, {
			"streams":	[{
					"socket":	6,
					"start":	12.000107,
					"end":	13.000084,
					"seconds":	0.9999769926071167,
					"bytes":	117623440,
					"bits_per_second":	941009170.16768479,
					"retransmits":	0,
					"snd_cwnd":	217540,
					"rtt":	1587,
					"rttvar":	100,
					"pmtu":	1500,
					"omitted":	false,
					"sender":	true
				}],
			"sum":	{
				"start":	12.000107,
				"end":	13.000084,
				"seconds":	0.9999769926071167,
				"bytes":	117623440,
				"bits_per_second":	941009170.16768479,
				"retransmits":	0,
				"omitted":	false,
				"sender":	true
			}
		}, {
			"streams":	[{
					"socket":	6,
					"start":	13.000084,
					"end":	14.000081,
					"seconds":	0.99999701976776123,
					"bytes":	117880400,
					"bits_per_second":	943046010.49612308,
					"retransmits":	0,
					"snd_cwnd":	217540,
					"rtt":	1635,
					"rttvar":	182,
					"pmtu":	1500,
					"omitted":	false,
					"sender":	true
				}],
			"sum":	{
				"start":	13.000084,
				"end":	14.000081,
				"seconds":	0.99999701976776123,
				"bytes":	117880400,
				"bits_per_second":	943046010.49612308,
				"retransmits":	0,
				"omitted":	false,
				"sender":	true
			}
		}, {
			"streams":	[{
					"socket":	6,
					"start":	14.000081,
					"end":	15.000082,
					"seconds":	1.0000009536743164,
					"bytes":	117559200,
					"bits_per_second":	940472703.09533775,
					"retransmits":	0,
					"snd_cwnd":	217540,
					"rtt":	1704,
					"rttvar":	188,
					"pmtu":	1500,
					"omitted":	false,
					"sender":	true
				}],
			"sum":	{
				"start":	14.000081,
				"end":	15.000082,
				"seconds":	1.0000009536743164,
				"bytes":	117559200,
				"bits_per_second":	940472703.09533775,
				"retransmits":	0,
				"omitted":	false,
				"sender":	true
			}
		}, {
			"streams":	[{
					"socket":	6,
					"start":	15.000082,
					"end":	16.000048,
					"seconds":	0.999966025352478,
					"bytes":	118073120,
					"bits_per_second":	944617053.03142,
					"retransmits":	0,
					"snd_cwnd":	217540,
					"rtt":	1648,
					"rttvar":	133,
					"pmtu":	1500,
					"omitted":	false,
					"sender":	true
				}],
			"sum":	{
				"start":	15.000082,
				"end":	16.000048,
				"seconds":	0.999966025352478,
				"bytes":	118073120,
				"bits_per_second":	944617053.03142,
				"retransmits":	0,
				"omitted":	false,
				"sender":	true
			}
		}, {
			"streams":	[{
					"socket":	6,
					"start":	16.000048,
					"end":	17.000104,
					"seconds":	1.0000560283660889,
					"bytes":	117751920,
					"bits_per_second":	941962583.37553656,
					"retransmits":	0,
					"snd_cwnd":	217540,
					"rtt":	1700,
					"rttvar":	181,
					"pmtu":	1500,
					"omitted":	false,
					"sender":	true
				}],
			"sum":	{
				"start":	16.000048,
				"end":	17.000104,
				"seconds":	1.0000560283660889,
				"bytes":	117751920,
				"bits_per_second":	941962583.37553656,
				"retransmits":	0,
				"omitted":	false,
				"sender":	true
			}
		}, {
			"streams":	[{
					"socket":	6,
					"start":	17.000104,
					"end":	18.000079,
					"seconds":	0.99997502565383911,
					"bytes":	117494960,
					"bits_per_second":	939983155.46471,
					"retransmits":	0,
					"snd_cwnd":	217540,
					"rtt":	1688,
					"rttvar":	210,
					"pmtu":	1500,
					"omitted":	false,
					"sender":	true
				}],
			"sum":	{
				"start":	17.000104,
				"end":	18.000079,
				"seconds":	0.99997502565383911,
				"bytes":	117494960,
				"bits_per_second":	939983155.46471,
				"retransmits":	0,
				"omitted":	false,
				"sender":	true
			}
		}, {
			"streams":	[{
					"socket":	6,
					"start":	18.000079,
					"end":	19.000081,
					"seconds":	1.0000020265579224,
					"bytes":	117751920,
					"bits_per_second":	942013450.955178,
					"retransmits":	0,
					"snd_cwnd":	217540,
					"rtt":	1645,
					"rttvar":	160,
					"pmtu":	1500,
					"omitted":	false,
					"sender":	true
				}],
			"sum":	{
				"start":	18.000079,
				"end":	19.000081,
				"seconds":	1.0000020265579224,
				"bytes":	117751920,
				"bits_per_second":	942013450.955178,
				"retransmits":	0,
				"omitted":	false,
				"sender":	true
			}
		}, {
			"streams":	[{
					"socket":	6,
					"start":	19.000081,
					"end":	20.000106,
					"seconds":	1.0000250339508057,
					"bytes":	118073120,
					"bits_per_second":	944561313.89853489,
					"retransmits":	0,
					"snd_cwnd":	217540,
					"rtt":	1539,
					"rttvar":	210,
					"pmtu":	1500,
					"omitted":	false,
					"sender":	true
				}],
			"sum":	{
				"start":	19.000081,
				"end":	20.000106,
				"seconds":	1.0000250339508057,
				"bytes":	118073120,
				"bits_per_second":	944561313.89853489,
				"retransmits":	0,
				"omitted":	false,
				"sender":	true
			}
		}, {
			"streams":	[{
					"socket":	6,
					"start":	20.000106,
					"end":	21.000083,
					"seconds":	0.9999769926071167,
					"bytes":	117430720,
					"bits_per_second":	939467374.69499063,
					"retransmits":	0,
					"snd_cwnd":	217540,
					"rtt":	1656,
					"rttvar":	172,
					"pmtu":	1500,
					"omitted":	false,
					"sender":	true
				}],
			"sum":	{
				"start":	20.000106,
				"end":	21.000083,
				"seconds":	0.9999769926071167,
				"bytes":	117430720,
				"bits_per_second":	939467374.69499063,
				"retransmits":	0,
				"omitted":	false,
				"sender":	true
			}
		}, {
			"streams":	[{
					"socket":	6,
					"start":	21.000083,
					"end":	22.000081,
					"seconds":	0.99999797344207764,
					"bytes":	117816160,
					"bits_per_second":	942531190.09405041,
					"retransmits":	0,
					"snd_cwnd":	217540,
					"rtt":	1660,
					"rttvar":	159,
					"pmtu":	1500,
					"omitted":	false,
					"sender":	true
				}],
			"sum":	{
				"start":	21.000083,
				"end":	22.000081,
				"seconds":	0.99999797344207764,
				"bytes":	117816160,
				"bits_per_second":	942531190.09405041,
				"retransmits":	0,
				"omitted":	false,
				"sender":	true
			}
		}, {
			"streams":	[{
					"socket":	6,
					"start":	22.000081,
					"end":	23.000081,
					"seconds":	1,
					"bytes":	118008880,
					"bits_per_second":	944071040,
					"retransmits":	0,
					"snd_cwnd":	217540,
					"rtt":	1664,
					"rttvar":	153,
					"pmtu":	1500,
					"omitted":	false,
					"sender":	true
				}],
			"sum":	{
				"start":	22.000081,
				"end":	23.000081,
				"seconds":	1,
				"bytes":	118008880,
				"bits_per_second":	944071040,
				"retransmits":	0,
				"omitted":	false,
				"sender":	true
			}
		}, {
			"streams":	[{
					"socket":	6,
					"start":	23.000081,
					"end":	24.000082,
					"seconds":	1.0000009536743164,
					"bytes":	117559200,
					"bits_per_second":	940472703.09533775,
					"retransmits":	0,
					"snd_cwnd":	217540,
					"rtt":	1710,
					"rttvar":	232,
					"pmtu":	1500,
					"omitted":	false,
					"sender":	true
				}],
			"sum":	{
				"start":	23.000081,
				"end":	24.000082,
				"seconds":	1.0000009536743164,
				"bytes":	117559200,
				"bits_per_second":	940472703.09533775,
				"retransmits":	0,
				"omitted":	false,
				"sender":	true
			}
		}, {
			"streams":	[{
					"socket":	6,
					"start":	24.000082,
					"end":	25.000081,
					"seconds":	0.99999898672103882,
					"bytes":	117944640,
					"bits_per_second":	943558076.08754718,
					"retransmits":	0,
					"snd_cwnd":	217540,
					"rtt":	1619,
					"rttvar":	244,
					"pmtu":	1500,
					"omitted":	false,
					"sender":	true
				}],
			"sum":	{
				"start":	24.000082,
				"end":	25.000081,
				"seconds":	0.99999898672103882,
				"bytes":	117944640,
				"bits_per_second":	943558076.08754718,
				"retransmits":	0,
				"omitted":	false,
				"sender":	true
			}
		}, {
			"streams":	[{
					"socket":	6,
					"start":	25.000081,
					"end":	26.000083,
					"seconds":	1.0000020265579224,
					"bytes":	117494960,
					"bits_per_second":	939957775.12112415,
					"retransmits":	0,
					"snd_cwnd":	217540,
					"rtt":	1630,
					"rttvar":	172,
					"pmtu":	1500,
					"omitted":	false,
					"sender":	true
				}],
			"sum":	{
				"start":	25.000081,
				"end":	26.000083,
				"seconds":	1.0000020265579224,
				"bytes":	117494960,
				"bits_per_second":	939957775.12112415,
				"retransmits":	0,
				"omitted":	false,
				"sender":	true
			}
		}, {
			"streams":	[{
					"socket":	6,
					"start":	26.000083,
					"end":	27.000082,
					"seconds":	0.99999898672103882,
					"bytes":	117944640,
					"bits_per_second":	943558076.08754718,
					"retransmits":	0,
					"snd_cwnd":	217540,
					"rtt":	1659,
					"rttvar":	208,
					"pmtu":	1500,
					"omitted":	false,
					"sender":	true
				}],
			"sum":	{
				"start":	26.000083,
				"end":	27.000082,
				"seconds":	0.99999898672103882,
				"bytes":	117944640,
				"bits_per_second":	943558076.08754718,
				"retransmits":	0,
				"omitted":	false,
				"sender":	true
			}
		}, {
			"streams":	[{
					"socket":	6,
					"start":	27.000082,
					"end":	28.000083,
					"seconds":	1.0000009536743164,
					"bytes":	117944640,
					"bits_per_second":	943556220.15466678,
					"retransmits":	0,
					"snd_cwnd":	217540,
					"rtt":	1647,
					"rttvar":	151,
					"pmtu":	1500,
					"omitted":	false,
					"sender":	true
				}],
			"sum":	{
				"start":	27.000082,
				"end":	28.000083,
				"seconds":	1.0000009536743164,
				"bytes":	117944640,
				"bits_per_second":	943556220.15466678,
				"retransmits":	0,
				"omitted":	false,
				"sender":	true
			}
		}, {
			"streams":	[{
					"socket":	6,
					"start":	28.000083,
					"end":	29.000082,
					"seconds":	0.99999898672103882,
					"bytes":	117687680,
					"bits_per_second":	941502394.00456774,
					"retransmits":	0,
					"snd_cwnd":	217540,
					"rtt":	1697,
					"rttvar":	236,
					"pmtu":	1500,
					"omitted":	false,
					"sender":	true
				}],
			"sum":	{
				"start":	28.000083,
				"end":	29.000082,
				"seconds":	0.99999898672103882,
				"bytes":	117687680,
				"bits_per_second":	941502394.00456774,
				"retransmits":	0,
				"omitted":	false,
				"sender":	true
			}
		}, {
			"streams":	[{
					"socket":	6,
					"start":	29.000082,
					"end":	30.000083,
					"seconds":	1.0000009536743164,
					"bytes":	117816160,
					"bits_per_second":	942528381.13489044,
					"retransmits":	0,
					"snd_cwnd":	217540,
					"rtt":	1633,
					"rttvar":	206,
					"pmtu":	1500,
					"omitted":	false,
					"sender":	true
				}],
			"sum":	{
				"start":	29.000082,
				"end":	30.000083,
				"seconds":	1.0000009536743164,
				"bytes":	117816160,
				"bits_per_second":	942528381.13489044,
				"retransmits":	0,
				"omitted":	false,
				"sender":	true
			}
		}, {
			"streams":	[{
					"socket":	6,
					"start":	30.000083,
					"end":	31.000082,
					"seconds":	0.99999898672103882,
					"bytes":	117751920,
					"bits_per_second":	942016314.52531254,
					"retransmits":	0,
					"snd_cwnd":	217540,
					"rtt":	1717,
					"rttvar":	214,
					"pmtu":	1500,
					"omitted":	false,
					"sender":	true
				}],
			"sum":	{
				"start":	30.000083,
				"end":	31.000082,
				"seconds":	0.99999898672103882,
				"bytes":	117751920,
				"bits_per_second":	942016314.52531254,
				"retransmits":	0,
				"omitted":	false,
				"sender":	true
			}
		}, {
			"streams":	[{
					"socket":	6,
					"start":	31.000082,
					"end":	32.000082,
					"seconds":	1,
					"bytes":	117687680,
					"bits_per_second":	941501440,
					"retransmits":	0,
					"snd_cwnd":	217540,
					"rtt":	1690,
					"rttvar":	151,
					"pmtu":	1500,
					"omitted":	false,
					"sender":	true
				}],
			"sum":	{
				"start":	31.000082,
				"end":	32.000082,
				"seconds":	1,
				"bytes":	117687680,
				"bits_per_second":	941501440,
				"retransmits":	0,
				"omitted":	false,
				"sender":	true
			}
		}, {
			"streams":	[{
					"socket":	6,
					"start":	32.000082,
					"end":	33.000083,
					"seconds":	1.0000009536743164,
					"bytes":	117880400,
					"bits_per_second":	943042300.64477861,
					"retransmits":	0,
					"snd_cwnd":	217540,
					"rtt":	1615,
					"rttvar":	218,
					"pmtu":	1500,
					"omitted":	false,
					"sender":	true
				}],
			"sum":	{
				"start":	32.000082,
				"end":	33.000083,
				"seconds":	1.0000009536743164,
				"bytes":	117880400,
				"bits_per_second":	943042300.64477861,
				"retransmits":	0,
				"omitted":	false,
				"sender":	true
			}
		}, {
			"streams":	[{
					"socket":	6,
					"start":	33.000083,
					"end":	34.000081,
					"seconds":	0.99999797344207764,
					"bytes":	117623440,
					"bits_per_second":	940989426.969578,
					"retransmits":	0,
					"snd_cwnd":	217540,
					"rtt":	1588,
					"rttvar":	235,
					"pmtu":	1500,
					"omitted":	false,
					"sender":	true
				}],
			"sum":	{
				"start":	33.000083,
				"end":	34.000081,
				"seconds":	0.99999797344207764,
				"bytes":	117623440,
				"bits_per_second":	940989426.969578,
				"retransmits":	0,
				"omitted":	false,
				"sender":	true
			}
		}, {
			"streams":	[{
					"socket":	6,
					"start":	34.000081,
					"end":	35.000082,
					"seconds":	1.0000009536743164,
					"bytes":	117623440,
					"bits_per_second":	940986622.60522592,
					"retransmits":	0,
					"snd_cwnd":	217540,
					"rtt":	1719,
					"rttvar":	174,
					"pmtu":	1500,
					"omitted":	false,
					"sender":	true
				}],
			"sum":	{
				"start":	34.000081,
				"end":	35.000082,
				"seconds":	1.0000009536743164,
				"bytes":	117623440,
				"bits_per_second":	940986622.60522592,
				"retransmits":	0,
				"omitted":	false,
				"sender":	true
			}
		}, {
			"streams":	[{
					"socket":	6,
					"start":	35.000082,
					"end":	36.000083,
					"seconds":	1.0000009536743164,
					"bytes":	117751920,
					"bits_per_second":	942014461.62500226,
					"retransmits":	0,
					"snd_cwnd":	217540,
					"rtt":	1696,
					"rttvar":	159,
					"pmtu":	1500,
					"omitted":	false,
					"sender":	true
				}],
			"sum":	{
				"start":	35.000082,
				"end":	36.000083,
				"seconds":	1.0000009536743164,
				"bytes":	117751920,
				"bits_per_second":	942014461.62500226,
				"retransmits":	0,
				"omitted":	false,
				"sender":	true
			}
		}, {
			"streams":	[{
					"socket":	6,
					"start":	36.000083,
					"end":	37.000082,
					"seconds":	0.99999898672103882,
					"bytes":	118073120,
					"bits_per_second":	944585917.1290369,
					"retransmits":	0,
					"snd_cwnd":	217540,
					"rtt":	1661,
					"rttvar":	144,
					"pmtu":	1500,
					"omitted":	false,
					"sender":	true
				}],
			"sum":	{
				"start":	36.000083,
				"end":	37.000082,
				"seconds":	0.99999898672103882,
				"bytes":	118073120,
				"bits_per_second":	944585917.1290369,
				"retransmits":	0,
				"omitted":	false,
				"sender":	true
			}
		}, {
			"streams":	[{
					"socket":	6,
					"start":	37.000082,
					"end":	38.000082,
					"seconds":	1,
					"bytes":	117623440,
					"bits_per_second":	940987520,
					"retransmits":	0,
					"snd_cwnd":	217540,
					"rtt":	1656,
					"rttvar":	105,
					"pmtu":	1500,
					"omitted":	false,
					"sender":	true
				}],
			"sum":	{
				"start":	37.000082,
				"end":	38.000082,
				"seconds":	1,
				"bytes":	117623440,
				"bits_per_second":	940987520,
				"retransmits":	0,
				"omitted":	false,
				"sender":	true
			}
		}, {
			"streams":	[{
					"socket":	6,
					"start":	38.000082,
					"end":	39.000104,
					"seconds":	1.0000220537185669,
					"bytes":	118008880,
					"bits_per_second":	944050220.182131,
					"retransmits":	0,
					"snd_cwnd":	217540,
					"rtt":	1741,
					"rttvar":	191,
					"pmtu":	1500,
					"omitted":	false,
					"sender":	true
				}],
			"sum":	{
				"start":	38.000082,
				"end":	39.000104,
				"seconds":	1.0000220537185669,
				"bytes":	118008880,
				"bits_per_second":	944050220.182131,
				"retransmits":	0,
				"omitted":	false,
				"sender":	true
			}
		}, {
			"streams":	[{
					"socket":	6,
					"start":	39.000104,
					"end":	40.000095,
					"seconds":	0.99999099969863892,
					"bytes":	117623440,
					"bits_per_second":	940995989.24748278,
					"retransmits":	0,
					"snd_cwnd":	217540,
					"rtt":	1673,
					"rttvar":	207,
					"pmtu":	1500,
					"omitted":	false,
					"sender":	true
				}],
			"sum":	{
				"start":	39.000104,
				"end":	40.000095,
				"seconds":	0.99999099969863892,
				"bytes":	117623440,
				"bits_per_second":	940995989.24748278,
				"retransmits":	0,
				"omitted":	false,
				"sender":	true
			}
		}],
	"end":	{
		"streams":	[{
				"sender":	{
					"socket":	6,
					"start":	0,
					"end":	40.000095,
					"seconds":	40.000095,
					"bytes":	4711060840,
					"bits_per_second":	942209930.25141561,
					"retransmits":	0,
					"max_snd_cwnd":	217540,
					"max_rtt":	1741,
					"min_rtt":	1539,
					"mean_rtt":	1660,
					"sender":	true
				},
				"receiver":	{
					"socket":	6,
					"start":	0,
					"end":	40.000095,
					"seconds":	40.000095,
					"bytes":	4710190680,
					"bits_per_second":	942035898.66474068,
					"sender":	true
				}
			}],
		"sum_sent":	{
			"start":	0,
			"end":	40.000095,
			"seconds":	40.000095,
			"bytes":	4711060840,
			"bits_per_second":	942209930.25141561,
			"retransmits":	0,
			"sender":	true
		},
		"sum_received":	{
			"start":	0,
			"end":	40.000095,
			"seconds":	40.000095,
			"bytes":	4710190680,
			"bits_per_second":	942035898.66474068,
			"sender":	true
		},
		"cpu_utilization_percent":	{
			"host_total":	5.4332645955265058,
			"host_user":	0.22598009534032154,
			"host_system":	5.20728699629363,
			"remote_total":	8.235788,
			"remote_user":	1.6321,
			"remote_system":	6.603689
		},
		"sender_tcp_congestion":	"cubic"
	}
}
