{
	"start":	{
		"connected":	[{
				"socket":	6,
				"local_host":	"192.168.94.11",
				"local_port":	57478,
				"remote_host":	"192.168.94.100",
				"remote_port":	5201
			}],
		"version":	"iperf 3.7",
		"system_info":	"Linux lab4-nz11 5.11.0-25-generic #27~20.04.1-Ubuntu SMP Tue Jul 13 17:41:23 UTC 2021 x86_64",
		"timestamp":	{
			"time":	"Fri, 08 Oct 2021 20:53:05 GMT",
			"timesecs":	1633726385
		},
		"connecting_to":	{
			"host":	"192.168.94.100",
			"port":	5201
		},
		"cookie":	"uai7hsw3kdqhtz6vrs4rp7eyj2onirfhrjev",
		"tcp_mss_default":	1460,
		"sock_bufsize":	0,
		"sndbuf_actual":	16384,
		"rcvbuf_actual":	131072,
		"test_start":	{
			"protocol":	"TCP",
			"num_streams":	1,
			"blksize":	131072,
			"omit":	0,
			"duration":	40,
			"bytes":	0,
			"blocks":	0,
			"reverse":	0,
			"tos":	0
		}
	},
	"intervals":	[{
			"streams":	[{
					"socket":	6,
					"start":	0,
					"end":	1.000074,
					"seconds":	1.000074028968811,
					"bytes":	118744552,
					"bits_per_second":	949886096.91175771,
					"retransmits":	0,
					"snd_cwnd":	214620,
					"rtt":	1662,
					"rttvar":	133,
					"pmtu":	1500,
					"omitted":	false,
					"sender":	true
				}],
			"sum":	{
				"start":	0,
				"end":	1.000074,
				"seconds":	1.000074028968811,
				"bytes":	118744552,
				"bits_per_second":	949886096.91175771,
				"retransmits":	0,
				"omitted":	false,
				"sender":	true
			}
		}, {
			"streams":	[{
					"socket":	6,
					"start":	1.000074,
					"end":	2.000071,
					"seconds":	0.99999701976776123,
					"bytes":	117559200,
					"bits_per_second":	940476402.83809555,
					"retransmits":	0,
					"snd_cwnd":	214620,
					"rtt":	1670,
					"rttvar":	158,
					"pmtu":	1500,
					"omitted":	false,
					"sender":	true
				}],
			"sum":	{
				"start":	1.000074,
				"end":	2.000071,
				"seconds":	0.99999701976776123,
				"bytes":	117559200,
				"bits_per_second":	940476402.83809555,
				"retransmits":	0,
				"omitted":	false,
				"sender":	true
			}
		}, {
			"streams":	[{
					"socket":	6,
					"start":	2.000071,
					"end":	3.000079,
					"seconds":	1.0000079870224,
					"bytes":	117944640,
					"bits_per_second":	943549583.84833837,
					"retransmits":	0,
					"snd_cwnd":	214620,
					"rtt":	1621,
					"rttvar":	138,
					"pmtu":	1500,
					"omitted":	false,
					"sender":	true
				}],
			"sum":	{
				"start":	2.000071,
				"end":	3.000079,
				"seconds":	1.0000079870224,
				"bytes":	117944640,
				"bits_per_second":	943549583.84833837,
				"retransmits":	0,
				"omitted":	false,
				"sender":	true
			}
		}, {
			"streams":	[{
					"socket":	6,
					"start":	3.000079,
					"end":	4.000083,
					"seconds":	1.0000040531158447,
					"bytes":	117816160,
					"bits_per_second":	942525459.83512473,
					"retransmits":	0,
					"snd_cwnd":	214620,
					"rtt":	1611,
					"rttvar":	189,
					"pmtu":	1500,
					"omitted":	false,
					"sender":	true
				}],
			"sum":	{
				"start":	3.000079,
				"end":	4.000083,
				"seconds":	1.0000040531158447,
				"bytes":	117816160,
				"bits_per_second":	942525459.83512473,
				"retransmits":	0,
				"omitted":	false,
				"sender":	true
			}
		}, {
			"streams":	[{
					"socket":	6,
					"start":	4.000083,
					"end":	5.000083,
					"seconds":	1,
					"bytes":	117816160,
					"bits_per_second":	942529280,
					"retransmits":	0,
					"snd_cwnd":	214620,
					"rtt":	1641,
					"rttvar":	212,
					"pmtu":	1500,
					"omitted":	false,
					"sender":	true
				}],
			"sum":	{
				"start":	4.000083,
				"end":	5.000083,
				"seconds":	1,
				"bytes":	117816160,
				"bits_per_second":	942529280,
				"retransmits":	0,
				"omitted":	false,
				"sender":	true
			}
		}, {
			"streams":	[{
					"socket":	6,
					"start":	5.000083,
					"end":	6.000083,
					"seconds":	1,
					"bytes":	117494960,
					"bits_per_second":	939959680,
					"retransmits":	0,
					"snd_cwnd":	214620,
					"rtt":	1571,
					"rttvar":	199,
					"pmtu":	1500,
					"omitted":	false,
					"sender":	true
				}],
			"sum":	{
				"start":	5.000083,
				"end":	6.000083,
				"seconds":	1,
				"bytes":	117494960,
				"bits_per_second":	939959680,
				"retransmits":	0,
				"omitted":	false,
				"sender":	true
			}
		}, {
			"streams":	[{
					"socket":	6,
					"start":	6.000083,
					"end":	7.000082,
					"seconds":	0.99999898672103882,
					"bytes":	117944640,
					"bits_per_second":	943558076.08754718,
					"retransmits":	0,
					"snd_cwnd":	214620,
					"rtt":	1611,
					"rttvar":	124,
					"pmtu":	1500,
					"omitted":	false,
					"sender":	true
				}],
			"sum":	{
				"start":	6.000083,
				"end":	7.000082,
				"seconds":	0.99999898672103882,
				"bytes":	117944640,
				"bits_per_second":	943558076.08754718,
				"retransmits":	0,
				"omitted":	false,
				"sender":	true
			}
		}, {
			"streams":	[{
					"socket":	6,
					"start":	7.000082,
					"end":	8.000084,
					"seconds":	1.0000020265579224,
					"bytes":	117751920,
					"bits_per_second":	942013450.955178,
					"retransmits":	0,
					"snd_cwnd":	214620,
					"rtt":	1556,
					"rttvar":	200,
					"pmtu":	1500,
					"omitted":	false,
					"sender":	true
				}],
			"sum":	{
				"start":	7.000082,
				"end":	8.000084,
				"seconds":	1.0000020265579224,
				"bytes":	117751920,
				"bits_per_second":	942013450.955178,
				"retransmits":	0,
				"omitted":	false,
				"sender":	true
			}
		}, {
			"streams":	[{
					"socket":	6,
					"start":	8.000084,
					"end":	9.000082,
					"seconds":	0.99999797344207764,
					"bytes":	117944640,
					"bits_per_second":	943559032.17703187,
					"retransmits":	0,
					"snd_cwnd":	214620,
					"rtt":	1579,
					"rttvar":	168,
					"pmtu":	1500,
					"omitted":	false,
					"sender":	true
				}],
			"sum":	{
				"start":	8.000084,
				"end":	9.000082,
				"seconds":	0.99999797344207764,
				"bytes":	117944640,
				"bits_per_second":	943559032.17703187,
				"retransmits":	0,
				"omitted":	false,
				"sender":	true
			}
		}, {
			"streams":	[{
					"socket":	6,
					"start":	9.000082,
					"end":	10.000084,
					"seconds":	1.0000020265579224,
					"bytes":	117515232,
					"bits_per_second":	940119950.79246581,
					"retransmits":	0,
					"snd_cwnd":	214620,
					"rtt":	1709,
					"rttvar":	219,
					"pmtu":	1500,
					"omitted":	false,
					"sender":	true
				}],
			"sum":	{
				"start":	9.000082,
				"end":	10.000084,
				"seconds":	1.0000020265579224,
				"bytes":	117515232,
				"bits_per_second":	940119950.79246581,
				"retransmits":	0,
				"omitted":	false,
				"sender":	true
			}
		}, {
			"streams":	[{
					"socket":	6,
					"start":	10.000084,
					"end":	11.000083,
					"seconds":	0.99999898672103882,
					"bytes":	117816160,
					"bits_per_second":	942530235.04605746,
					"retransmits":	0,
					"snd_cwnd":	214620,
					"rtt":	1711,
					"rttvar":	128,
					"pmtu":	1500,
					"omitted":	false,
					"sender":	true
				}],
			"sum":	{
				"start":	10.000084,
				"end":	11.000083,
				"seconds":	0.99999898672103882,
				"bytes":	117816160,
				"bits_per_second":	942530235.04605746,
				"retransmits":	0,
				"omitted":	false,
				"sender":	true
			}
		}, {
			"streams":	[{
					"socket":	6,
					"start":	11.000083,
					"end":	12.000168,
					"seconds":	1.0000849962234497,
					"bytes":	117944640,
					"bits_per_second":	943476928.024206,
					"retransmits":	0,
					"snd_cwnd":	214620,
					"rtt":	1649,
					"rttvar":	224,
					"pmtu":	1500,
					"omitted":	false,
					"sender":	true
				}],
			"sum":	{
				"start":	11.000083,
				"end":	12.000168,
				"seconds":	1.0000849962234497,
				"bytes":	117944640,
				"bits_per_second":	943476928.024206,
				"retransmits":	0,
				"omitted":	false,
				"sender":	true
			}
		}, {
			"streams":	[{
					"socket":	6,
					"start":	12.000168,
					"end":	13.000083,
					"seconds":	0.99991500377655029,
					"bytes":	117430720,
					"bits_per_second":	939525616.12920523,
					"retransmits":	0,
					"snd_cwnd":	214620,
					"rtt":	1574,
					"rttvar":	195,
					"pmtu":	1500,
					"omitted":	false,
					"sender":	true
				}],
			"sum":	{
				"start":	12.000168,
				"end":	13.000083,
				"seconds":	0.99991500377655029,
				"bytes":	117430720,
				"bits_per_second":	939525616.12920523,
				"retransmits":	0,
				"omitted":	false,
				"sender":	true
			}
		}, {
			"streams":	[{
					"socket":	6,
					"start":	13.000083,
					"end":	14.000083,
					"seconds":	1,
					"bytes":	118008880,
					"bits_per_second":	944071040,
					"retransmits":	0,
					"snd_cwnd":	214620,
					"rtt":	1597,
					"rttvar":	167,
					"pmtu":	1500,
					"omitted":	false,
					"sender":	true
				}],
			"sum":	{
				"start":	13.000083,
				"end":	14.000083,
				"seconds":	1,
				"bytes":	118008880,
				"bits_per_second":	944071040,
				"retransmits":	0,
				"omitted":	false,
				"sender":	true
			}
		}, {
			"streams":	[{
					"socket":	6,
					"start":	14.000083,
					"end":	15.000083,
					"seconds":	1,
					"bytes":	117687680,
					"bits_per_second":	941501440,
					"retransmits":	0,
					"snd_cwnd":	214620,
					"rtt":	1598,
					"rttvar":	190,
					"pmtu":	1500,
					"omitted":	false,
					"sender":	true
				}],
			"sum":	{
				"start":	14.000083,
				"end":	15.000083,
				"seconds":	1,
				"bytes":	117687680,
				"bits_per_second":	941501440,
				"retransmits":	0,
				"omitted":	false,
				"sender":	true
			}
		}, {
			"streams":	[{
					"socket":	6,
					"start":	15.000083,
					"end":	16.000083,
					"seconds":	1,
					"bytes":	117880400,
					"bits_per_second":	943043200,
					"retransmits":	0,
					"snd_cwnd":	214620,
					"rtt":	1531,
					"rttvar":	210,
					"pmtu":	1500,
					"omitted":	false,
					"sender":	true
				}],
			"sum":	{
				"start":	15.000083,
				"end":	16.000083,
				"seconds":	1,
				"bytes":	117880400,
				"bits_per_second":	943043200,
				"retransmits":	0,
				"omitted":	false,
				"sender":	true
			}
		}, {
			"streams":	[{
					"socket":	6,
					"start":	16.000083,
					"end":	17.000083,
					"seconds":	1,
					"bytes":	117430720,
					"bits_per_second":	939445760,
					"retransmits":	0,
					"snd_cwnd":	214620,
					"rtt":	1633,
					"rttvar":	210,
					"pmtu":	1500,
					"omitted":	false,
					"sender":	true
				}],
			"sum":	{
				"start":	16.000083,
				"end":	17.000083,
				"seconds":	1,
				"bytes":	117430720,
				"bits_per_second":	939445760,
				"retransmits":	0,
				"omitted":	false,
				"sender":	true
			}
		}, {
			"streams":	[{
					"socket":	6,
					"start":	17.000083,
					"end":	18.000082,
					"seconds":	0.99999898672103882,
					"bytes":	118137360,
					"bits_per_second":	945099837.6497817,
					"retransmits":	0,
					"snd_cwnd":	214620,
					"rtt":	1703,
					"rttvar":	244,
					"pmtu":	1500,
					"omitted":	false,
					"sender":	true
				}],
			"sum":	{
				"start":	17.000083,
				"end":	18.000082,
				"seconds":	0.99999898672103882,
				"bytes":	118137360,
				"bits_per_second":	945099837.6497817,
				"retransmits":	0,
				"omitted":	false,
				"sender":	true
			}
		}, {
			"streams":	[{
					"socket":	6,
					"start":	18.000082,
					"end":	19.000083,
					"seconds":	1.0000009536743164,
					"bytes":	117623440,
					"bits_per_second":	940986622.60522592,
					"retransmits":	0,
					"snd_cwnd":	214620,
					"rtt":	1708,
					"rttvar":	215,
					"pmtu":	1500,
					"omitted":	false,
					"sender":	true
				}],
			"sum":	{
				"start":	18.000082,
				"end":	19.000083,
				"seconds":	1.0000009536743164,
				"bytes":	117623440,
				"bits_per_second":	940986622.60522592,
				"retransmits":	0,
				"omitted":	false,
				"sender":	true
			}
		}, {
			"streams":	[{
					"socket":	6,
					"start":	19.000083,
					"end":	20.000083,
					"seconds":	1,
					"bytes":	117687680,
					"bits_per_second":	941501440,
					"retransmits":	0,
					"snd_cwnd":	214620,
					"rtt":	1654,
					"rttvar":	194,
					"pmtu":	1500,
					"omitted":	false,
					"sender":	true
				}],
			"sum":	{
				"start":	19.000083,
				"end":	20.000083,
				"seconds":	1,
				"bytes":	117687680,
				"bits_per_second":	941501440,
				"retransmits":	0,
				"omitted":	false,
				"sender":	true
			}
		}, {
			"streams":	[{
					"socket":	6,
					"start":	20.000083,
					"end":	21.00012,
					"seconds":	1.0000369548797607,
					"bytes":	118008880,
					"bits_per_second":	944036153.25746655,
					"retransmits":	0,
					"snd_cwnd":	214620,
					"rtt":	1684,
					"rttvar":	159,
					"pmtu":	1500,
					"omitted":	false,
					"sender":	true
				}],
			"sum":	{
				"start":	20.000083,
				"end":	21.00012,
				"seconds":	1.0000369548797607,
				"bytes":	118008880,
				"bits_per_second":	944036153.25746655,
				"retransmits":	0,
				"omitted":	false,
				"sender":	true
			}
		}, {
			"streams":	[{
					"socket":	6,
					"start":	21.00012,
					"end":	22.000099,
					"seconds":	0.99997901916503906,
					"bytes":	117623440,
					"bits_per_second":	941007263.11808455,
					"retransmits":	0,
					"snd_cwnd":	214620,
					"rtt":	1572,
					"rttvar":	240,
					"pmtu":	1500,
					"omitted":	false,
					"sender":	true
				}],
			"sum":	{
				"start":	21.00012,
				"end":	22.000099,
				"seconds":	0.99997901916503906,
				"bytes":	117623440,
				"bits_per_second":	941007263.11808455,
				"retransmits":	0,
				"omitted":	false,
				"sender":	true
			}
		}, {
			"streams":	[{
					"socket":	6,
					"start":	22.000099,
					"end":	23.000084,
					"seconds":	0.9999849796295166,
					"bytes":	117751920,
					"bits_per_second":	942029509.632241,
					"retransmits":	0,
					"snd_cwnd":	214620,
					"rtt":	1724,
					"rttvar":	207,
					"pmtu":	1500,
					"omitted":	false,
					"sender":	true
				}],
			"sum":	{
				"start":	22.000099,
				"end":	23.000084,
				"seconds":	0.9999849796295166,
				"bytes":	117751920,
				"bits_per_second":	942029509.632241,
				"retransmits":	0,
				"omitted":	false,
				"sender":	true
			}
		}, {
			"streams":	[{
					"socket":	6,
					"start":	23.000084,
					"end":	24.000084,
					"seconds":	1,
					"bytes":	117751920,
					"bits_per_second":	942015360,
					"retransmits":	0,
					"snd_cwnd":	214620,
					"rtt":	1586,
					"rttvar":	193,
					"pmtu":	1500,
					"omitted":	false,
					"sender":	true
				}],
			"sum":	{
				"start":	23.000084,
				"end":	24.000084,
				"seconds":	1,
				"bytes":	117751920,
				"bits_per_second":	942015360,
				"retransmits":	0,
				"omitted":	false,
				"sender":	true
			}
		}, {
			"streams":	[{
					"socket":	6,
					"start":	24.000084,
					"end":	25.000083,
					"seconds":	0.99999898672103882,
					"bytes":	117880400,
					"bits_per_second":	943044155.56680226,
					"retransmits":	0,
					"snd_cwnd":	214620,
					"rtt":	1507,
					"rttvar":	249,
					"pmtu":	1500,
					"omitted":	false,
					"sender":	true
				}],
			"sum":	{
				"start":	24.000084,
				"end":	25.000083,
				"seconds":	0.99999898672103882,
				"bytes":	117880400,
				"bits_per_second":	943044155.56680226,
				"retransmits":	0,
				"omitted":	false,
				"sender":	true
			}
		}, {
			"streams":	[{
					"socket":	6,
					"start":	25.000083,
					"end":	26.000084,
					"seconds":	1.0000009536743164,
					"bytes":	117430720,
					"bits_per_second":	939444864.0755614,
					"retransmits":	0,
					"snd_cwnd":	214620,
					"rtt":	1695,
					"rttvar":	233,
					"pmtu":	1500,
					"omitted":	false,
					"sender":	true
				}],
			"sum":	{
				"start":	25.000083,
				"end":	26.000084,
				"seconds":	1.0000009536743164,
				"bytes":	117430720,
				"bits_per_second":	939444864.0755614,
				"retransmits":	0,
				"omitted":	false,
				"sender":	true
			}
		}, {
			"streams":	[{
					"socket":	6,
					"start":	26.000084,
					"end":	27.000084,
					"seconds":	1,
					"bytes":	118008880,
					"bits_per_second":	944071040,
					"retransmits":	0,
					"snd_cwnd":	214620,
					"rtt":	1714,
					"rttvar":	231,
					"pmtu":	1500,
					"omitted":	false,
					"sender":	true
				}],
			"sum":	{
				"start":	26.000084,
				"end":	27.000084,
				"seconds":	1,
				"bytes":	118008880,
				"bits_per_second":	944071040,
				"retransmits":	0,
				"omitted":	false,
				"sender":	true
			}
		}, {
			"streams":	[{
					"socket":	6,
					"start":	27.000084,
					"end":	28.000084,
					"seconds":	1,
					"bytes":	117687680,
					"bits_per_second":	941501440,
					"retransmits":	0,
					"snd_cwnd":	214620,
					"rtt":	1696,
					"rttvar":	210,
					"pmtu":	1500,
					"omitted":	false,
					"sender":	true
				}],
			"sum":	{
				"start":	27.000084,
				"end":	28.000084,
				"seconds":	1,
				"bytes":	117687680,
				"bits_per_second":	941501440,
				"retransmits":	0,
				"omitted":	false,
				"sender":	true
			}
		}, {
			"streams":	[{
					"socket":	6,
					"start":	28.000084,
					"end":	29.000083,
					"seconds":	0.99999898672103882,
					"bytes":	117880400,
					"bits_per_second":	943044155.56680226,
					"retransmits":	0,
					"snd_cwnd":	214620,
					"rtt":	1640,
					"rttvar":	149,
					"pmtu":	1500,
					"omitted":	false,
					"sender":	true
				}],
			"sum":	{
				"start":	28.000084,
				"end":	29.000083,
				"seconds":	0.99999898672103882,
				"bytes":	117880400,
				"bits_per_second":	943044155.56680226,
				"retransmits":	0,
				"omitted":	false,
				"sender":	true
			}
		}, {
			"streams":	[{
					"socket":	6,
					"start":	29.000083,
					"end":	30.000151,
					"seconds":	1.0000679492950439,
					"bytes":	117559200,
					"bits_per_second":	940409699.82384443,
					"retransmits":	0,
					"snd_cwnd":	214620,
					"rtt":	1649,
					"rttvar":	172,
					"pmtu":	1500,
					"omitted":	false,
					"sender":	true
				}],
			"sum":	{
				"start":	29.000083,
				"end":	30.000151,
				"seconds":	1.0000679492950439,
				"bytes":	117559200,
				"bits_per_second":	940409699.82384443,
				"retransmits":	0,
				"omitted":	false,
				"sender":	true
			}
		}, {
			"streams":	[{
					"socket":	6,
					"start":	30.000151,
					"end":	31.000077,
					"seconds":	0.999925971031189,
					"bytes":	118073120,
					"bits_per_second":	944654891.8275243,
					"retransmits":	0,
					"snd_cwnd":	214620,
					"rtt":	1534,
					"rttvar":	156,
					"pmtu":	1500,
					"omitted":	false,
					"sender":	true
				}],
			"sum":	{
				"start":	30.000151,
				"end":	31.000077,
				"seconds":	0.999925971031189,
				"bytes":	118073120,
				"bits_per_second":	944654891.8275243,
				"retransmits":	0,
				"omitted":	false,
				"sender":	true
			}
		}, {
			"streams":	[{
					"socket":	6,
					"start":	31.000077,
					"end":	32.000083,
					"seconds":	1.0000059604644775,
					"bytes":	117623440,
					"bits_per_second":	940981911.31074357,
					"retransmits":	0,
					"snd_cwnd":	214620,
					"rtt":	1697,
					"rttvar":	123,
					"pmtu":	1500,
					"omitted":	false,
					"sender":	true
				}],
			"sum":	{
				"start":	31.000077,
				"end":	32.000083,
				"seconds":	1.0000059604644775,
				"bytes":	117623440,
				"bits_per_second":	940981911.31074357,
				"retransmits":	0,
				"omitted":	false,
				"sender":	true
			}
		}, {
			"streams":	[{
					"socket":	6,
					"start":	32.000083,
					"end":	33.000084,
					"seconds":	1.0000009536743164,
					"bytes":	117816160,
					"bits_per_second":	942528381.13489044,
					"retransmits":	0,
					"snd_cwnd":	214620,
					"rtt":	1644,
					"rttvar":	255,
					"pmtu":	1500,
					"omitted":	false,
					"sender":	true
				}],
			"sum":	{
				"start":	32.000083,
				"end":	33.000084,
				"seconds":	1.0000009536743164,
				"bytes":	117816160,
				"bits_per_second":	942528381.13489044,
				"retransmits":	0,
				"omitted":	false,
				"sender":	true
			}
		}, {
			"streams":	[{
					"socket":	6,
					"start":	33.000084,
					"end":	34.000083,
					"seconds":	0.99999898672103882,
					"bytes":	117623440,
					"bits_per_second":	940988473.483823,
					"retransmits":	0,
					"snd_cwnd":	214620,
					"rtt":	1521,
					"rttvar":	179,
					"pmtu":	1500,
					"omitted":	false,
					"sender":	true
				}],
			"sum":	{
				"start":	33.000084,
				"end":	34.000083,
				"seconds":	0.99999898672103882,
				"bytes":	117623440,
				"bits_per_second":	940988473.483823,
				"retransmits":	0,
				"omitted":	false,
				"sender":	true
			}
		}, {
			"streams":	[{
					"socket":	6,
					"start":	34.000083,
					"end":	35.000082,
					"seconds":	0.99999898672103882,
					"bytes":	117816160,
					"bits_per_second":	942530235.04605746,
					"retransmits":	0,
					"snd_cwnd":	214620,
					"rtt":	1650,
					"rttvar":	189,
					"pmtu":	1500,
					"omitted":	false,
					"sender":	true
				}],
			"sum":	{
				"start":	34.000083,
				"end":	35.000082,
				"seconds":	0.99999898672103882,
				"bytes":	117816160,
				"bits_per_second":	942530235.04605746,
				"retransmits":	0,
				"omitted":	false,
				"sender":	true
			}
		}, {
			"streams":	[{
					"socket":	6,
					"start":	35.000082,
					"end":	36.000167,
					"seconds":	1.0000849962234497,
					"bytes":	118008880,
					"bits_per_second":	943990804.3466593,
					"retransmits":	0,
					"snd_cwnd":	214620,
					"rtt":	1691,
					"rttvar":	226,
					"pmtu":	1500,
					"omitted":	false,
					"sender":	true
				}],
			"sum":	{
				"start":	35.000082,
				"end":	36.000167,
				"seconds":	1.0000849962234497,
				"bytes":	118008880,
				"bits_per_second":	943990804.3466593,
				"retransmits":	0,
				"omitted":	false,
				"sender":	true
			}
		}, {
			"streams":	[{
					"socket":	6,
					"start":	36.000167,
					"end":	37.000058,
					"seconds":	0.99989098310470581,
					"bytes":	117751920,
					"bits_per_second":	942118066.7866416,
					"retransmits":	0,
					"snd_cwnd":	214620,
					"rtt":	1627,
					"rttvar":	221,
					"pmtu":	1500,
					"omitted":	false,
					"sender":	true
				}],
			"sum":	{
				"start":	36.000167,
				"end":	37.000058,
				"seconds":	0.99989098310470581,
				"bytes":	117751920,
				"bits_per_second":	942118066.7866416,
				"retransmits":	0,
				"omitted":	false,
				"sender":	true
			}
		}, {
			"streams":	[{
					"socket":	6,
					"start":	37.000058,
					"end":	38.000084,
					"seconds":	1.0000259876251221,
					"bytes":	117623440,
					"bits_per_second":	940963066.60457134,
					"retransmits":	0,
					"snd_cwnd":	214620,
					"rtt":	1616,
					"rttvar":	180,
					"pmtu":	1500,
					"omitted":	false,
					"sender":	true
				}],
			"sum":	{
				"start":	37.000058,
				"end":	38.000084,
				"seconds":	1.0000259876251221,
				"bytes":	117623440,
				"bits_per_second":	940963066.60457134,
				"retransmits":	0,
				"omitted":	false,
				"sender":	true
			}
		}, {
			"streams":	[{
					"socket":	6,
					"start":	38.000084,
					"end":	39.000072,
					"seconds":	0.99998801946640015,
					"bytes":	117944640,
					"bits_per_second":	943568424.453213,
					"retransmits":	0,
					"snd_cwnd":	214620,
					"rtt":	1723,
					"rttvar":	183,
					"pmtu":	1500,
					"omitted":	false,
					"sender":	true
				}],
			"sum":	{
				"start":	38.000084,
				"end":	39.000072,
				"seconds":	0.99998801946640015,
				"bytes":	117944640,
				"bits_per_second":	943568424.453213,
				"retransmits":	0,
				"omitted":	false,
				"sender":	true
			}
		}, {
			"streams":	[{
					"socket":	6,
					"start":	39.000072,
					"end":	40.000094,
					"seconds":	1.0000220537185669,
					"bytes":	117687680,
					"bits_per_second":	941480676.85011661,
					"retransmits":	0,
					"snd_cwnd":	214620,
					"rtt":	1725,
					"rttvar":	151,
					"pmtu":	1500,
					"omitted":	false,
					"sender":	true
				}],
			"sum":	{
				"start":	39.000072,
				"end":	40.000094,
				"seconds":	1.0000220537185669,
				"bytes":	117687680,
				"bits_per_second":	941480676.85011661,
				"retransmits":	0,
				"omitted":	false,
				"sender":	true
			}
		}],
	"end":	{
		"streams":	[{
				"sender":	{
					"socket":	6,
					"start":	0,
					"end":	40.000094,
					"seconds":	40.000094,
					"bytes":	4711732104,
					"bits_per_second":	942344206.29111528,
					"retransmits":	0,
					"max_snd_cwnd":	214620,
					"max_rtt":	1725,
					"min_rtt":	1507,
					"mean_rtt":	1637,
					"sender":	true
				},
				"receiver":	{
					"socket":	6,
					"start":	0,
					"end":	40.000094,
					"seconds":	40.000094,
					"bytes":	4710750984,
					"bits_per_second":	942147982.75224066,
					"sender":	true
				}
			}],
		"sum_sent":	{
			"start":	0,
			"end":	40.000094,
			"seconds":	40.000094,
			"bytes":	4711732104,
			"bits_per_second":	942344206.29111528,
			"retransmits":	0,
			"sender":	true
		},
		"sum_received":	{
			"start":	0,
			"end":	40.000094,
			"seconds":	40.000094,
			"bytes":	4710750984,
			"bits_per_second":	942147982.75224066,
			"sender":	true
		},
		"cpu_utilization_percent":	{
			"host_total":	5.5108319947054865,
			"host_user":	0.28994248508328158,
			"host_system":	5.2208920060918853,
			"remote_total":	31.965936,
			"remote_user":	9.367485,
			"remote_system":	22.598451
		},
		"sender_tcp_congestion":	"cubic"
	}
}
