{
	"start":	{
		"connected":	[{
				"socket":	6,
				"local_host":	"192.168.94.8",
				"local_port":	32928,
				"remote_host":	"192.168.94.100",
				"remote_port":	5201
			}],
		"version":	"iperf 3.7",
		"system_info":	"Linux lab4-nz08 5.11.0-25-generic #27~20.04.1-Ubuntu SMP Tue Jul 13 17:41:23 UTC 2021 x86_64",
		"timestamp":	{
			"time":	"Fri, 08 Oct 2021 20:51:01 GMT",
			"timesecs":	1633726261
		},
		"connecting_to":	{
			"host":	"192.168.94.100",
			"port":	5201
		},
		"cookie":	"fwxheuxl2oetzvz6etzjjxnujmrhaxqzpcif",
		"tcp_mss_default":	1460,
		"sock_bufsize":	0,
		"sndbuf_actual":	16384,
		"rcvbuf_actual":	131072,
		"test_start":	{
			"protocol":	"TCP",
			"num_streams":	1,
			"blksize":	131072,
			"omit":	0,
			"duration":	40,
			"bytes":	0,
			"blocks":	0,
			"reverse":	0,
			"tos":	0
		}
	},
	"intervals":	[{
			"streams":	[{
					"socket":	6,
					"start":	0,
					"end":	1.000083,
					"seconds":	1.0000829696655273,
					"bytes":	118804580,
					"bits_per_second":	950357789.1321044,
					"retransmits":	0,
					"snd_cwnd":	214620,
					"rtt":	1635,
					"rttvar":	145,
					"pmtu":	1500,
					"omitted":	false,
					"sender":	true
				}],
			"sum":	{
				"start":	0,
				"end":	1.000083,
				"seconds":	1.0000829696655273,
				"bytes":	118804580,
				"bits_per_second":	950357789.1321044,
				"retransmits":	0,
				"omitted":	false,
				"sender":	true
			}
		}, {
			"streams":	[{
					"socket":	6,
					"start":	1.000083,
					"end":	2.000063,
					"seconds":	0.99997997283935547,
					"bytes":	117494960,
					"bits_per_second":	939978505.10052407,
					"retransmits":	0,
					"snd_cwnd":	214620,
					"rtt":	1713,
					"rttvar":	194,
					"pmtu":	1500,
					"omitted":	false,
					"sender":	true
				}],
			"sum":	{
				"start":	1.000083,
				"end":	2.000063,
				"seconds":	0.99997997283935547,
				"bytes":	117494960,
				"bits_per_second":	939978505.10052407,
				"retransmits":	0,
				"omitted":	false,
				"sender":	true
			}
		}, {
			"streams":	[{
					"socket":	6,
					"start":	2.000063,
					"end":	3.000094,
					"seconds":	1.0000309944152832,
					"bytes":	118073120,
					"bits_per_second":	944555684.04887044,
					"retransmits":	0,
					"snd_cwnd":	214620,
					"rtt":	1690,
					"rttvar":	136,
					"pmtu":	1500,
					"omitted":	false,
					"sender":	true
				}],
			"sum":	{
				"start":	2.000063,
				"end":	3.000094,
				"seconds":	1.0000309944152832,
				"bytes":	118073120,
				"bits_per_second":	944555684.04887044,
				"retransmits":	0,
				"omitted":	false,
				"sender":	true
			}
		}, {
			"streams":	[{
					"socket":	6,
					"start":	3.000094,
					"end":	4.000086,
					"seconds":	0.9999920129776001,
					"bytes":	117430720,
					"bits_per_second":	939453263.4342587,
					"retransmits":	0,
					"snd_cwnd":	214620,
					"rtt":	1670,
					"rttvar":	227,
					"pmtu":	1500,
					"omitted":	false,
					"sender":	true
				}],
			"sum":	{
				"start":	3.000094,
				"end":	4.000086,
				"seconds":	0.9999920129776001,
				"bytes":	117430720,
				"bits_per_second":	939453263.4342587,
				"retransmits":	0,
				"omitted":	false,
				"sender":	true
			}
		}, {
			"streams":	[{
					"socket":	6,
					"start":	4.000086,
					"end":	5.000216,
					"seconds":	1.0001300573349,
					"bytes":	118201600,
					"bits_per_second":	945489832.11226058,
					"retransmits":	0,
					"snd_cwnd":	214620,
					"rtt":	1656,
					"rttvar":	190,
					"pmtu":	1500,
					"omitted":	false,
					"sender":	true
				}],
			"sum":	{
				"start":	4.000086,
				"end":	5.000216,
				"seconds":	1.0001300573349,
				"bytes":	118201600,
				"bits_per_second":	945489832.11226058,
				"retransmits":	0,
				"omitted":	false,
				"sender":	true
			}
		}, {
			"streams":	[{
					"socket":	6,
					"start":	5.000216,
					"end":	6.000067,
					"seconds":	0.99985098838806152,
					"bytes":	117559200,
					"bits_per_second":	940613762.37294269,
					"retransmits":	0,
					"snd_cwnd":	214620,
					"rtt":	1680,
					"rttvar":	229,
					"pmtu":	1500,
					"omitted":	false,
					"sender":	true
				}],
			"sum":	{
				"start":	5.000216,
				"end":	6.000067,
				"seconds":	0.99985098838806152,
				"bytes":	117559200,
				"bits_per_second":	940613762.37294269,
				"retransmits":	0,
				"omitted":	false,
				"sender":	true
			}
		}, {
			"streams":	[{
					"socket":	6,
					"start":	6.000067,
					"end":	7.00008,
					"seconds":	1.000012993812561,
					"bytes":	117880400,
					"bits_per_second":	943030946.43264282,
					"retransmits":	0,
					"snd_cwnd":	214620,
					"rtt":	1702,
					"rttvar":	222,
					"pmtu":	1500,
					"omitted":	false,
					"sender":	true
				}],
			"sum":	{
				"start":	6.000067,
				"end":	7.00008,
				"seconds":	1.000012993812561,
				"bytes":	117880400,
				"bits_per_second":	943030946.43264282,
				"retransmits":	0,
				"omitted":	false,
				"sender":	true
			}
		}, {
			"streams":	[{
					"socket":	6,
					"start":	7.00008,
					"end":	8.000079,
					"seconds":	0.99999898672103882,
					"bytes":	117494960,
					"bits_per_second":	939960632.44233322,
					"retransmits":	0,
					"snd_cwnd":	214620,
					"rtt":	1695,
					"rttvar":	163,
					"pmtu":	1500,
					"omitted":	false,
					"sender":	true
				}],
			"sum":	{
				"start":	7.00008,
				"end":	8.000079,
				"seconds":	0.99999898672103882,
				"bytes":	117494960,
				"bits_per_second":	939960632.44233322,
				"retransmits":	0,
				"omitted":	false,
				"sender":	true
			}
		}, {
			"streams":	[{
					"socket":	6,
					"start":	8.000079,
					"end":	9.000081,
					"seconds":	1.0000020265579224,
					"bytes":	117944640,
					"bits_per_second":	943555207.8307184,
					"retransmits":	0,
					"snd_cwnd":	214620,
					"rtt":	1663,
					"rttvar":	224,
					"pmtu":	1500,
					"omitted":	false,
					"sender":	true
				}],
			"sum":	{
				"start":	8.000079,
				"end":	9.000081,
				"seconds":	1.0000020265579224,
				"bytes":	117944640,
				"bits_per_second":	943555207.8307184,
				"retransmits":	0,
				"omitted":	false,
				"sender":	true
			}
		}, {
			"streams":	[{
					"socket":	6,
					"start":	9.000081,
					"end":	10.000181,
					"seconds":	1.0001000165939331,
					"bytes":	118008880,
					"bits_per_second":	943976626.67304766,
					"retransmits":	0,
					"snd_cwnd":	214620,
					"rtt":	1674,
					"rttvar":	223,
					"pmtu":	1500,
					"omitted":	false,
					"sender":	true
				}],
			"sum":	{
				"start":	9.000081,
				"end":	10.000181,
				"seconds":	1.0001000165939331,
				"bytes":	118008880,
				"bits_per_second":	943976626.67304766,
				"retransmits":	0,
				"omitted":	false,
				"sender":	true
			}
		}, {
			"streams":	[{
					"socket":	6,
					"start":	10.000181,
					"end":	11.000087,
					"seconds":	0.99990600347518921,
					"bytes":	117494960,
					"bits_per_second":	940048041.24903262,
					"retransmits":	0,
					"snd_cwnd":	214620,
					"rtt":	1635,
					"rttvar":	160,
					"pmtu":	1500,
					"omitted":	false,
					"sender":	true
				}],
			"sum":	{
				"start":	10.000181,
				"end":	11.000087,
				"seconds":	0.99990600347518921,
				"bytes":	117494960,
				"bits_per_second":	940048041.24903262,
				"retransmits":	0,
				"omitted":	false,
				"sender":	true
			}
		}, {
			"streams":	[{
					"socket":	6,
					"start":	11.000087,
					"end":	12.000066,
					"seconds":	0.99997901916503906,
					"bytes":	117623440,
					"bits_per_second":	941007263.11808455,
					"retransmits":	0,
					"snd_cwnd":	214620,
					"rtt":	1611,
					"rttvar":	205,
					"pmtu":	1500,
					"omitted":	false,
					"sender":	true
				}],
			"sum":	{
				"start":	11.000087,
				"end":	12.000066,
				"seconds":	0.99997901916503906,
				"bytes":	117623440,
				"bits_per_second":	941007263.11808455,
				"retransmits":	0,
				"omitted":	false,
				"sender":	true
			}
		}, {
			"streams":	[{
					"socket":	6,
					"start":	12.000066,
					"end":	13.000078,
					"seconds":	1.0000120401382446,
					"bytes":	117944640,
					"bits_per_second":	943545759.57861459,
					"retransmits":	0,
					"snd_cwnd":	214620,
					"rtt":	1569,
					"rttvar":	116,
					"pmtu":	1500,
					"omitted":	false,
					"sender":	true
				}],
			"sum":	{
				"start":	12.000066,
				"end":	13.000078,
				"seconds":	1.0000120401382446,
				"bytes":	117944640,
				"bits_per_second":	943545759.57861459,
				"retransmits":	0,
				"omitted":	false,
				"sender":	true
			}
		}, {
			"streams":	[{
					"socket":	6,
					"start":	13.000078,
					"end":	14.000075,
					"seconds":	0.99999701976776123,
					"bytes":	117687680,
					"bits_per_second":	941504245.90130663,
					"retransmits":	0,
					"snd_cwnd":	214620,
					"rtt":	1510,
					"rttvar":	284,
					"pmtu":	1500,
					"omitted":	false,
					"sender":	true
				}],
			"sum":	{
				"start":	13.000078,
				"end":	14.000075,
				"seconds":	0.99999701976776123,
				"bytes":	117687680,
				"bits_per_second":	941504245.90130663,
				"retransmits":	0,
				"omitted":	false,
				"sender":	true
			}
		}, {
			"streams":	[{
					"socket":	6,
					"start":	14.000075,
					"end":	15.000074,
					"seconds":	0.99999898672103882,
					"bytes":	117880400,
					"bits_per_second":	943044155.56680226,
					"retransmits":	0,
					"snd_cwnd":	214620,
					"rtt":	1715,
					"rttvar":	192,
					"pmtu":	1500,
					"omitted":	false,
					"sender":	true
				}],
			"sum":	{
				"start":	14.000075,
				"end":	15.000074,
				"seconds":	0.99999898672103882,
				"bytes":	117880400,
				"bits_per_second":	943044155.56680226,
				"retransmits":	0,
				"omitted":	false,
				"sender":	true
			}
		}, {
			"streams":	[{
					"socket":	6,
					"start":	15.000074,
					"end":	16.000077,
					"seconds":	1.0000029802322388,
					"bytes":	117623440,
					"bits_per_second":	940984715.64701426,
					"retransmits":	0,
					"snd_cwnd":	214620,
					"rtt":	1686,
					"rttvar":	177,
					"pmtu":	1500,
					"omitted":	false,
					"sender":	true
				}],
			"sum":	{
				"start":	15.000074,
				"end":	16.000077,
				"seconds":	1.0000029802322388,
				"bytes":	117623440,
				"bits_per_second":	940984715.64701426,
				"retransmits":	0,
				"omitted":	false,
				"sender":	true
			}
		}, {
			"streams":	[{
					"socket":	6,
					"start":	16.000077,
					"end":	17.000097,
					"seconds":	1.0000200271606445,
					"bytes":	117687680,
					"bits_per_second":	941482584.77703059,
					"retransmits":	0,
					"snd_cwnd":	214620,
					"rtt":	1693,
					"rttvar":	197,
					"pmtu":	1500,
					"omitted":	false,
					"sender":	true
				}],
			"sum":	{
				"start":	16.000077,
				"end":	17.000097,
				"seconds":	1.0000200271606445,
				"bytes":	117687680,
				"bits_per_second":	941482584.77703059,
				"retransmits":	0,
				"omitted":	false,
				"sender":	true
			}
		}, {
			"streams":	[{
					"socket":	6,
					"start":	17.000097,
					"end":	18.000071,
					"seconds":	0.99997401237487793,
					"bytes":	117944640,
					"bits_per_second":	943581641.44596994,
					"retransmits":	0,
					"snd_cwnd":	214620,
					"rtt":	1602,
					"rttvar":	193,
					"pmtu":	1500,
					"omitted":	false,
					"sender":	true
				}],
			"sum":	{
				"start":	17.000097,
				"end":	18.000071,
				"seconds":	0.99997401237487793,
				"bytes":	117944640,
				"bits_per_second":	943581641.44596994,
				"retransmits":	0,
				"omitted":	false,
				"sender":	true
			}
		}, {
			"streams":	[{
					"socket":	6,
					"start":	18.000071,
					"end":	19.000093,
					"seconds":	1.0000220537185669,
					"bytes":	117687680,
					"bits_per_second":	941480676.85011661,
					"retransmits":	0,
					"snd_cwnd":	214620,
					"rtt":	1521,
					"rttvar":	161,
					"pmtu":	1500,
					"omitted":	false,
					"sender":	true
				}],
			"sum":	{
				"start":	18.000071,
				"end":	19.000093,
				"seconds":	1.0000220537185669,
				"bytes":	117687680,
				"bits_per_second":	941480676.85011661,
				"retransmits":	0,
				"omitted":	false,
				"sender":	true
			}
		}, {
			"streams":	[{
					"socket":	6,
					"start":	19.000093,
					"end":	20.000089,
					"seconds":	0.9999960064888,
					"bytes":	118008880,
					"bits_per_second":	944074810.173328,
					"retransmits":	0,
					"snd_cwnd":	214620,
					"rtt":	1611,
					"rttvar":	202,
					"pmtu":	1500,
					"omitted":	false,
					"sender":	true
				}],
			"sum":	{
				"start":	19.000093,
				"end":	20.000089,
				"seconds":	0.9999960064888,
				"bytes":	118008880,
				"bits_per_second":	944074810.173328,
				"retransmits":	0,
				"omitted":	false,
				"sender":	true
			}
		}, {
			"streams":	[{
					"socket":	6,
					"start":	20.000089,
					"end":	21.000089,
					"seconds":	1,
					"bytes":	117559200,
					"bits_per_second":	940473600,
					"retransmits":	0,
					"snd_cwnd":	214620,
					"rtt":	1499,
					"rttvar":	262,
					"pmtu":	1500,
					"omitted":	false,
					"sender":	true
				}],
			"sum":	{
				"start":	20.000089,
				"end":	21.000089,
				"seconds":	1,
				"bytes":	117559200,
				"bits_per_second":	940473600,
				"retransmits":	0,
				"omitted":	false,
				"sender":	true
			}
		}, {
			"streams":	[{
					"socket":	6,
					"start":	21.000089,
					"end":	22.000081,
					"seconds":	0.9999920129776001,
					"bytes":	117687680,
					"bits_per_second":	941508959.853152,
					"retransmits":	0,
					"snd_cwnd":	214620,
					"rtt":	1565,
					"rttvar":	110,
					"pmtu":	1500,
					"omitted":	false,
					"sender":	true
				}],
			"sum":	{
				"start":	21.000089,
				"end":	22.000081,
				"seconds":	0.9999920129776001,
				"bytes":	117687680,
				"bits_per_second":	941508959.853152,
				"retransmits":	0,
				"omitted":	false,
				"sender":	true
			}
		}, {
			"streams":	[{
					"socket":	6,
					"start":	22.000081,
					"end":	23.000089,
					"seconds":	1.0000079870224,
					"bytes":	117687680,
					"bits_per_second":	941493920.26696944,
					"retransmits":	0,
					"snd_cwnd":	214620,
					"rtt":	1673,
					"rttvar":	199,
					"pmtu":	1500,
					"omitted":	false,
					"sender":	true
				}],
			"sum":	{
				"start":	22.000081,
				"end":	23.000089,
				"seconds":	1.0000079870224,
				"bytes":	117687680,
				"bits_per_second":	941493920.26696944,
				"retransmits":	0,
				"omitted":	false,
				"sender":	true
			}
		}, {
			"streams":	[{
					"socket":	6,
					"start":	23.000089,
					"end":	24.000069,
					"seconds":	0.99997997283935547,
					"bytes":	118137360,
					"bits_per_second":	945117808.0261693,
					"retransmits":	0,
					"snd_cwnd":	214620,
					"rtt":	1533,
					"rttvar":	115,
					"pmtu":	1500,
					"omitted":	false,
					"sender":	true
				}],
			"sum":	{
				"start":	23.000089,
				"end":	24.000069,
				"seconds":	0.99997997283935547,
				"bytes":	118137360,
				"bits_per_second":	945117808.0261693,
				"retransmits":	0,
				"omitted":	false,
				"sender":	true
			}
		}, {
			"streams":	[{
					"socket":	6,
					"start":	24.000069,
					"end":	25.000087,
					"seconds":	1.0000180006027222,
					"bytes":	117430720,
					"bits_per_second":	939428849.71449053,
					"retransmits":	0,
					"snd_cwnd":	214620,
					"rtt":	1554,
					"rttvar":	218,
					"pmtu":	1500,
					"omitted":	false,
					"sender":	true
				}],
			"sum":	{
				"start":	24.000069,
				"end":	25.000087,
				"seconds":	1.0000180006027222,
				"bytes":	117430720,
				"bits_per_second":	939428849.71449053,
				"retransmits":	0,
				"omitted":	false,
				"sender":	true
			}
		}, {
			"streams":	[{
					"socket":	6,
					"start":	25.000087,
					"end":	26.000078,
					"seconds":	0.99999099969863892,
					"bytes":	118137360,
					"bits_per_second":	945107386.25129485,
					"retransmits":	0,
					"snd_cwnd":	214620,
					"rtt":	1598,
					"rttvar":	180,
					"pmtu":	1500,
					"omitted":	false,
					"sender":	true
				}],
			"sum":	{
				"start":	25.000087,
				"end":	26.000078,
				"seconds":	0.99999099969863892,
				"bytes":	118137360,
				"bits_per_second":	945107386.25129485,
				"retransmits":	0,
				"omitted":	false,
				"sender":	true
			}
		}, {
			"streams":	[{
					"socket":	6,
					"start":	26.000078,
					"end":	27.000183,
					"seconds":	1.0001050233840942,
					"bytes":	117816160,
					"bits_per_second":	942430302.78032911,
					"retransmits":	0,
					"snd_cwnd":	214620,
					"rtt":	1621,
					"rttvar":	192,
					"pmtu":	1500,
					"omitted":	false,
					"sender":	true
				}],
			"sum":	{
				"start":	26.000078,
				"end":	27.000183,
				"seconds":	1.0001050233840942,
				"bytes":	117816160,
				"bits_per_second":	942430302.78032911,
				"retransmits":	0,
				"omitted":	false,
				"sender":	true
			}
		}, {
			"streams":	[{
					"socket":	6,
					"start":	27.000183,
					"end":	28.000069,
					"seconds":	0.99988597631454468,
					"bytes":	117623440,
					"bits_per_second":	941094827.100549,
					"retransmits":	0,
					"snd_cwnd":	214620,
					"rtt":	1743,
					"rttvar":	186,
					"pmtu":	1500,
					"omitted":	false,
					"sender":	true
				}],
			"sum":	{
				"start":	27.000183,
				"end":	28.000069,
				"seconds":	0.99988597631454468,
				"bytes":	117623440,
				"bits_per_second":	941094827.100549,
				"retransmits":	0,
				"omitted":	false,
				"sender":	true
			}
		}, {
			"streams":	[{
					"socket":	6,
					"start":	28.000069,
					"end":	29.000087,
					"seconds":	1.0000180006027222,
					"bytes":	117880400,
					"bits_per_second":	943026224.9595679,
					"retransmits":	0,
					"snd_cwnd":	214620,
					"rtt":	1700,
					"rttvar":	176,
					"pmtu":	1500,
					"omitted":	false,
					"sender":	true
				}],
			"sum":	{
				"start":	28.000069,
				"end":	29.000087,
				"seconds":	1.0000180006027222,
				"bytes":	117880400,
				"bits_per_second":	943026224.9595679,
				"retransmits":	0,
				"omitted":	false,
				"sender":	true
			}
		}, {
			"streams":	[{
					"socket":	6,
					"start":	29.000087,
					"end":	30.00007,
					"seconds":	0.999983012676239,
					"bytes":	117623440,
					"bits_per_second":	941003505.13120186,
					"retransmits":	0,
					"snd_cwnd":	214620,
					"rtt":	1681,
					"rttvar":	174,
					"pmtu":	1500,
					"omitted":	false,
					"sender":	true
				}],
			"sum":	{
				"start":	29.000087,
				"end":	30.00007,
				"seconds":	0.999983012676239,
				"bytes":	117623440,
				"bits_per_second":	941003505.13120186,
				"retransmits":	0,
				"omitted":	false,
				"sender":	true
			}
		}, {
			"streams":	[{
					"socket":	6,
					"start":	30.00007,
					"end":	31.000098,
					"seconds":	1.0000280141830444,
					"bytes":	117751920,
					"bits_per_second":	941988970.948542,
					"retransmits":	0,
					"snd_cwnd":	214620,
					"rtt":	1643,
					"rttvar":	204,
					"pmtu":	1500,
					"omitted":	false,
					"sender":	true
				}],
			"sum":	{
				"start":	30.00007,
				"end":	31.000098,
				"seconds":	1.0000280141830444,
				"bytes":	117751920,
				"bits_per_second":	941988970.948542,
				"retransmits":	0,
				"omitted":	false,
				"sender":	true
			}
		}, {
			"streams":	[{
					"socket":	6,
					"start":	31.000098,
					"end":	32.000011,
					"seconds":	0.99991297721862793,
					"bytes":	117944640,
					"bits_per_second":	943639238.11111224,
					"retransmits":	0,
					"snd_cwnd":	214620,
					"rtt":	1775,
					"rttvar":	202,
					"pmtu":	1500,
					"omitted":	false,
					"sender":	true
				}],
			"sum":	{
				"start":	31.000098,
				"end":	32.000011,
				"seconds":	0.99991297721862793,
				"bytes":	117944640,
				"bits_per_second":	943639238.11111224,
				"retransmits":	0,
				"omitted":	false,
				"sender":	true
			}
		}, {
			"streams":	[{
					"socket":	6,
					"start":	32.000011,
					"end":	33.000078,
					"seconds":	1.0000669956207275,
					"bytes":	117366480,
					"bits_per_second":	938868939.89259,
					"retransmits":	0,
					"snd_cwnd":	214620,
					"rtt":	1695,
					"rttvar":	185,
					"pmtu":	1500,
					"omitted":	false,
					"sender":	true
				}],
			"sum":	{
				"start":	32.000011,
				"end":	33.000078,
				"seconds":	1.0000669956207275,
				"bytes":	117366480,
				"bits_per_second":	938868939.89259,
				"retransmits":	0,
				"omitted":	false,
				"sender":	true
			}
		}, {
			"streams":	[{
					"socket":	6,
					"start":	33.000078,
					"end":	34.000073,
					"seconds":	0.99999499320983887,
					"bytes":	117880400,
					"bits_per_second":	943047921.64305556,
					"retransmits":	0,
					"snd_cwnd":	214620,
					"rtt":	1638,
					"rttvar":	173,
					"pmtu":	1500,
					"omitted":	false,
					"sender":	true
				}],
			"sum":	{
				"start":	33.000078,
				"end":	34.000073,
				"seconds":	0.99999499320983887,
				"bytes":	117880400,
				"bits_per_second":	943047921.64305556,
				"retransmits":	0,
				"omitted":	false,
				"sender":	true
			}
		}, {
			"streams":	[{
					"socket":	6,
					"start":	34.000073,
					"end":	35.000095,
					"seconds":	1.0000220537185669,
					"bytes":	117623440,
					"bits_per_second":	940966768.18371367,
					"retransmits":	0,
					"snd_cwnd":	214620,
					"rtt":	1676,
					"rttvar":	179,
					"pmtu":	1500,
					"omitted":	false,
					"sender":	true
				}],
			"sum":	{
				"start":	34.000073,
				"end":	35.000095,
				"seconds":	1.0000220537185669,
				"bytes":	117623440,
				"bits_per_second":	940966768.18371367,
				"retransmits":	0,
				"omitted":	false,
				"sender":	true
			}
		}, {
			"streams":	[{
					"socket":	6,
					"start":	35.000095,
					"end":	36.00007,
					"seconds":	0.99997502565383911,
					"bytes":	118008880,
					"bits_per_second":	944094618.14580226,
					"retransmits":	0,
					"snd_cwnd":	214620,
					"rtt":	1666,
					"rttvar":	144,
					"pmtu":	1500,
					"omitted":	false,
					"sender":	true
				}],
			"sum":	{
				"start":	35.000095,
				"end":	36.00007,
				"seconds":	0.99997502565383911,
				"bytes":	118008880,
				"bits_per_second":	944094618.14580226,
				"retransmits":	0,
				"omitted":	false,
				"sender":	true
			}
		}, {
			"streams":	[{
					"socket":	6,
					"start":	36.00007,
					"end":	37.000095,
					"seconds":	1.0000250339508057,
					"bytes":	117623440,
					"bits_per_second":	940963963.95441651,
					"retransmits":	0,
					"snd_cwnd":	214620,
					"rtt":	1678,
					"rttvar":	180,
					"pmtu":	1500,
					"omitted":	false,
					"sender":	true
				}],
			"sum":	{
				"start":	36.00007,
				"end":	37.000095,
				"seconds":	1.0000250339508057,
				"bytes":	117623440,
				"bits_per_second":	940963963.95441651,
				"retransmits":	0,
				"omitted":	false,
				"sender":	true
			}
		}, {
			"streams":	[{
					"socket":	6,
					"start":	37.000095,
					"end":	38.000077,
					"seconds":	0.99998199939727783,
					"bytes":	117751920,
					"bits_per_second":	942032317.1494925,
					"retransmits":	0,
					"snd_cwnd":	214620,
					"rtt":	1638,
					"rttvar":	211,
					"pmtu":	1500,
					"omitted":	false,
					"sender":	true
				}],
			"sum":	{
				"start":	37.000095,
				"end":	38.000077,
				"seconds":	0.99998199939727783,
				"bytes":	117751920,
				"bits_per_second":	942032317.1494925,
				"retransmits":	0,
				"omitted":	false,
				"sender":	true
			}
		}, {
			"streams":	[{
					"socket":	6,
					"start":	38.000077,
					"end":	39.000095,
					"seconds":	1.0000180006027222,
					"bytes":	117687680,
					"bits_per_second":	941484492.71167767,
					"retransmits":	0,
					"snd_cwnd":	214620,
					"rtt":	1663,
					"rttvar":	186,
					"pmtu":	1500,
					"omitted":	false,
					"sender":	true
				}],
			"sum":	{
				"start":	38.000077,
				"end":	39.000095,
				"seconds":	1.0000180006027222,
				"bytes":	117687680,
				"bits_per_second":	941484492.71167767,
				"retransmits":	0,
				"omitted":	false,
				"sender":	true
			}
		}, {
			"streams":	[{
					"socket":	6,
					"start":	39.000095,
					"end":	40.000096,
					"seconds":	1.0000009536743164,
					"bytes":	118073120,
					"bits_per_second":	944584059.17444313,
					"retransmits":	0,
					"snd_cwnd":	214620,
					"rtt":	1644,
					"rttvar":	183,
					"pmtu":	1500,
					"omitted":	false,
					"sender":	true
				}],
			"sum":	{
				"start":	39.000095,
				"end":	40.000096,
				"seconds":	1.0000009536743164,
				"bytes":	118073120,
				"bits_per_second":	944584059.17444313,
				"retransmits":	0,
				"omitted":	false,
				"sender":	true
			}
		}],
	"end":	{
		"streams":	[{
				"sender":	{
					"socket":	6,
					"start":	0,
					"end":	40.000096,
					"seconds":	40.000096,
					"bytes":	4711771860,
					"bits_per_second":	942352110.35493517,
					"retransmits":	0,
					"max_snd_cwnd":	214620,
					"max_rtt":	1775,
					"min_rtt":	1499,
					"mean_rtt":	1645,
					"sender":	true
				},
				"receiver":	{
					"socket":	6,
					"start":	0,
					"end":	40.000096,
					"seconds":	40.000096,
					"bytes":	4710891480,
					"bits_per_second":	942176034.7775166,
					"sender":	true
				}
			}],
		"sum_sent":	{
			"start":	0,
			"end":	40.000096,
			"seconds":	40.000096,
			"bytes":	4711771860,
			"bits_per_second":	942352110.35493517,
			"retransmits":	0,
			"sender":	true
		},
		"sum_received":	{
			"start":	0,
			"end":	40.000096,
			"seconds":	40.000096,
			"bytes":	4710891480,
			"bits_per_second":	942176034.7775166,
			"sender":	true
		},
		"cpu_utilization_percent":	{
			"host_total":	5.3153871818565008,
			"host_user":	0.23908841146153509,
			"host_system":	5.0762987703949669,
			"remote_total":	31.509785,
			"remote_user":	9.22528,
			"remote_system":	22.284505
		},
		"sender_tcp_congestion":	"cubic"
	}
}
