{
	"start":	{
		"connected":	[{
				"socket":	6,
				"local_host":	"192.168.94.5",
				"local_port":	34974,
				"remote_host":	"192.168.94.100",
				"remote_port":	5201
			}],
		"version":	"iperf 3.7",
		"system_info":	"Linux lab4-nz05 5.11.0-25-generic #27~20.04.1-Ubuntu SMP Tue Jul 13 17:41:23 UTC 2021 x86_64",
		"timestamp":	{
			"time":	"Fri, 08 Oct 2021 20:48:57 GMT",
			"timesecs":	1633726137
		},
		"connecting_to":	{
			"host":	"192.168.94.100",
			"port":	5201
		},
		"cookie":	"wecpkv7sh5ww2j5jbtabkcu6aoxowgrs7cr7",
		"tcp_mss_default":	1460,
		"sock_bufsize":	0,
		"sndbuf_actual":	16384,
		"rcvbuf_actual":	131072,
		"test_start":	{
			"protocol":	"TCP",
			"num_streams":	1,
			"blksize":	131072,
			"omit":	0,
			"duration":	40,
			"bytes":	0,
			"blocks":	0,
			"reverse":	0,
			"tos":	0
		}
	},
	"intervals":	[{
			"streams":	[{
					"socket":	6,
					"start":	0,
					"end":	1.000118,
					"seconds":	1.0001180171966553,
					"bytes":	118547620,
					"bits_per_second":	948269047.94528651,
					"retransmits":	0,
					"snd_cwnd":	221920,
					"rtt":	1670,
					"rttvar":	120,
					"pmtu":	1500,
					"omitted":	false,
					"sender":	true
				}],
			"sum":	{
				"start":	0,
				"end":	1.000118,
				"seconds":	1.0001180171966553,
				"bytes":	118547620,
				"bits_per_second":	948269047.94528651,
				"retransmits":	0,
				"omitted":	false,
				"sender":	true
			}
		}, {
			"streams":	[{
					"socket":	6,
					"start":	1.000118,
					"end":	2.00012,
					"seconds":	1.0000020265579224,
					"bytes":	118201600,
					"bits_per_second":	945610883.66477227,
					"retransmits":	0,
					"snd_cwnd":	221920,
					"rtt":	1668,
					"rttvar":	148,
					"pmtu":	1500,
					"omitted":	false,
					"sender":	true
				}],
			"sum":	{
				"start":	1.000118,
				"end":	2.00012,
				"seconds":	1.0000020265579224,
				"bytes":	118201600,
				"bits_per_second":	945610883.66477227,
				"retransmits":	0,
				"omitted":	false,
				"sender":	true
			}
		}, {
			"streams":	[{
					"socket":	6,
					"start":	2.00012,
					"end":	3.000136,
					"seconds":	1.0000159740447998,
					"bytes":	117302240,
					"bits_per_second":	938402929.90955734,
					"retransmits":	0,
					"snd_cwnd":	221920,
					"rtt":	1731,
					"rttvar":	162,
					"pmtu":	1500,
					"omitted":	false,
					"sender":	true
				}],
			"sum":	{
				"start":	2.00012,
				"end":	3.000136,
				"seconds":	1.0000159740447998,
				"bytes":	117302240,
				"bits_per_second":	938402929.90955734,
				"retransmits":	0,
				"omitted":	false,
				"sender":	true
			}
		}, {
			"streams":	[{
					"socket":	6,
					"start":	3.000136,
					"end":	4.000134,
					"seconds":	0.99999797344207764,
					"bytes":	118073120,
					"bits_per_second":	944586874.26001334,
					"retransmits":	0,
					"snd_cwnd":	221920,
					"rtt":	1633,
					"rttvar":	227,
					"pmtu":	1500,
					"omitted":	false,
					"sender":	true
				}],
			"sum":	{
				"start":	3.000136,
				"end":	4.000134,
				"seconds":	0.99999797344207764,
				"bytes":	118073120,
				"bits_per_second":	944586874.26001334,
				"retransmits":	0,
				"omitted":	false,
				"sender":	true
			}
		}, {
			"streams":	[{
					"socket":	6,
					"start":	4.000134,
					"end":	5.000138,
					"seconds":	1.0000040531158447,
					"bytes":	117623440,
					"bits_per_second":	940983706.08403122,
					"retransmits":	0,
					"snd_cwnd":	221920,
					"rtt":	1711,
					"rttvar":	108,
					"pmtu":	1500,
					"omitted":	false,
					"sender":	true
				}],
			"sum":	{
				"start":	4.000134,
				"end":	5.000138,
				"seconds":	1.0000040531158447,
				"bytes":	117623440,
				"bits_per_second":	940983706.08403122,
				"retransmits":	0,
				"omitted":	false,
				"sender":	true
			}
		}, {
			"streams":	[{
					"socket":	6,
					"start":	5.000138,
					"end":	6.000147,
					"seconds":	1.0000089406967163,
					"bytes":	117623440,
					"bits_per_second":	940979106.991188,
					"retransmits":	0,
					"snd_cwnd":	221920,
					"rtt":	1679,
					"rttvar":	99,
					"pmtu":	1500,
					"omitted":	false,
					"sender":	true
				}],
			"sum":	{
				"start":	5.000138,
				"end":	6.000147,
				"seconds":	1.0000089406967163,
				"bytes":	117623440,
				"bits_per_second":	940979106.991188,
				"retransmits":	0,
				"omitted":	false,
				"sender":	true
			}
		}, {
			"streams":	[{
					"socket":	6,
					"start":	6.000147,
					"end":	7.000136,
					"seconds":	0.99998897314071655,
					"bytes":	117816160,
					"bits_per_second":	942539673.252346,
					"retransmits":	0,
					"snd_cwnd":	221920,
					"rtt":	1693,
					"rttvar":	174,
					"pmtu":	1500,
					"omitted":	false,
					"sender":	true
				}],
			"sum":	{
				"start":	6.000147,
				"end":	7.000136,
				"seconds":	0.99998897314071655,
				"bytes":	117816160,
				"bits_per_second":	942539673.252346,
				"retransmits":	0,
				"omitted":	false,
				"sender":	true
			}
		}, {
			"streams":	[{
					"socket":	6,
					"start":	7.000136,
					"end":	8.00012,
					"seconds":	0.9999840259552002,
					"bytes":	118008880,
					"bits_per_second":	944086120.8739897,
					"retransmits":	0,
					"snd_cwnd":	221920,
					"rtt":	1688,
					"rttvar":	241,
					"pmtu":	1500,
					"omitted":	false,
					"sender":	true
				}],
			"sum":	{
				"start":	7.000136,
				"end":	8.00012,
				"seconds":	0.9999840259552002,
				"bytes":	118008880,
				"bits_per_second":	944086120.8739897,
				"retransmits":	0,
				"omitted":	false,
				"sender":	true
			}
		}, {
			"streams":	[{
					"socket":	6,
					"start":	8.00012,
					"end":	9.00007,
					"seconds":	0.99994999170303345,
					"bytes":	117880400,
					"bits_per_second":	943090362.34290636,
					"retransmits":	0,
					"snd_cwnd":	221920,
					"rtt":	1609,
					"rttvar":	134,
					"pmtu":	1500,
					"omitted":	false,
					"sender":	true
				}],
			"sum":	{
				"start":	8.00012,
				"end":	9.00007,
				"seconds":	0.99994999170303345,
				"bytes":	117880400,
				"bits_per_second":	943090362.34290636,
				"retransmits":	0,
				"omitted":	false,
				"sender":	true
			}
		}, {
			"streams":	[{
					"socket":	6,
					"start":	9.00007,
					"end":	10.000174,
					"seconds":	1.0001039505004883,
					"bytes":	117366480,
					"bits_per_second":	938834247.710075,
					"retransmits":	0,
					"snd_cwnd":	221920,
					"rtt":	1729,
					"rttvar":	208,
					"pmtu":	1500,
					"omitted":	false,
					"sender":	true
				}],
			"sum":	{
				"start":	9.00007,
				"end":	10.000174,
				"seconds":	1.0001039505004883,
				"bytes":	117366480,
				"bits_per_second":	938834247.710075,
				"retransmits":	0,
				"omitted":	false,
				"sender":	true
			}
		}, {
			"streams":	[{
					"socket":	6,
					"start":	10.000174,
					"end":	11.00014,
					"seconds":	0.999966025352478,
					"bytes":	118073120,
					"bits_per_second":	944617053.03142,
					"retransmits":	0,
					"snd_cwnd":	221920,
					"rtt":	1669,
					"rttvar":	180,
					"pmtu":	1500,
					"omitted":	false,
					"sender":	true
				}],
			"sum":	{
				"start":	10.000174,
				"end":	11.00014,
				"seconds":	0.999966025352478,
				"bytes":	118073120,
				"bits_per_second":	944617053.03142,
				"retransmits":	0,
				"omitted":	false,
				"sender":	true
			}
		}, {
			"streams":	[{
					"socket":	6,
					"start":	11.00014,
					"end":	12.000122,
					"seconds":	0.99998199939727783,
					"bytes":	117687680,
					"bits_per_second":	941518387.89845622,
					"retransmits":	0,
					"snd_cwnd":	221920,
					"rtt":	1686,
					"rttvar":	236,
					"pmtu":	1500,
					"omitted":	false,
					"sender":	true
				}],
			"sum":	{
				"start":	11.00014,
				"end":	12.000122,
				"seconds":	0.99998199939727783,
				"bytes":	117687680,
				"bits_per_second":	941518387.89845622,
				"retransmits":	0,
				"omitted":	false,
				"sender":	true
			}
		}, {
			"streams":	[{
					"socket":	6,
					"start":	12.000122,
					"end":	13.000133,
					"seconds":	1.0000109672546387,
					"bytes":	117751920,
					"bits_per_second":	942005028.79097831,
					"retransmits":	0,
					"snd_cwnd":	221920,
					"rtt":	1627,
					"rttvar":	195,
					"pmtu":	1500,
					"omitted":	false,
					"sender":	true
				}],
			"sum":	{
				"start":	12.000122,
				"end":	13.000133,
				"seconds":	1.0000109672546387,
				"bytes":	117751920,
				"bits_per_second":	942005028.79097831,
				"retransmits":	0,
				"omitted":	false,
				"sender":	true
			}
		}, {
			"streams":	[{
					"socket":	6,
					"start":	13.000133,
					"end":	14.000127,
					"seconds":	0.99999397993087769,
					"bytes":	117944640,
					"bits_per_second":	943562800.31327915,
					"retransmits":	0,
					"snd_cwnd":	221920,
					"rtt":	1789,
					"rttvar":	250,
					"pmtu":	1500,
					"omitted":	false,
					"sender":	true
				}],
			"sum":	{
				"start":	13.000133,
				"end":	14.000127,
				"seconds":	0.99999397993087769,
				"bytes":	117944640,
				"bits_per_second":	943562800.31327915,
				"retransmits":	0,
				"omitted":	false,
				"sender":	true
			}
		}, {
			"streams":	[{
					"socket":	6,
					"start":	14.000127,
					"end":	15.000127,
					"seconds":	1,
					"bytes":	117751920,
					"bits_per_second":	942015360,
					"retransmits":	0,
					"snd_cwnd":	221920,
					"rtt":	1712,
					"rttvar":	182,
					"pmtu":	1500,
					"omitted":	false,
					"sender":	true
				}],
			"sum":	{
				"start":	14.000127,
				"end":	15.000127,
				"seconds":	1,
				"bytes":	117751920,
				"bits_per_second":	942015360,
				"retransmits":	0,
				"omitted":	false,
				"sender":	true
			}
		}, {
			"streams":	[{
					"socket":	6,
					"start":	15.000127,
					"end":	16.00014,
					"seconds":	1.000012993812561,
					"bytes":	117494960,
					"bits_per_second":	939947466.49880314,
					"retransmits":	0,
					"snd_cwnd":	221920,
					"rtt":	1641,
					"rttvar":	150,
					"pmtu":	1500,
					"omitted":	false,
					"sender":	true
				}],
			"sum":	{
				"start":	15.000127,
				"end":	16.00014,
				"seconds":	1.000012993812561,
				"bytes":	117494960,
				"bits_per_second":	939947466.49880314,
				"retransmits":	0,
				"omitted":	false,
				"sender":	true
			}
		}, {
			"streams":	[{
					"socket":	6,
					"start":	16.00014,
					"end":	17.000122,
					"seconds":	0.99998199939727783,
					"bytes":	117816160,
					"bits_per_second":	942546246.40052867,
					"retransmits":	0,
					"snd_cwnd":	221920,
					"rtt":	1688,
					"rttvar":	213,
					"pmtu":	1500,
					"omitted":	false,
					"sender":	true
				}],
			"sum":	{
				"start":	16.00014,
				"end":	17.000122,
				"seconds":	0.99998199939727783,
				"bytes":	117816160,
				"bits_per_second":	942546246.40052867,
				"retransmits":	0,
				"omitted":	false,
				"sender":	true
			}
		}, {
			"streams":	[{
					"socket":	6,
					"start":	17.000122,
					"end":	18.000071,
					"seconds":	0.99994897842407227,
					"bytes":	118073120,
					"bits_per_second":	944633156.672327,
					"retransmits":	0,
					"snd_cwnd":	221920,
					"rtt":	1640,
					"rttvar":	181,
					"pmtu":	1500,
					"omitted":	false,
					"sender":	true
				}],
			"sum":	{
				"start":	17.000122,
				"end":	18.000071,
				"seconds":	0.99994897842407227,
				"bytes":	118073120,
				"bits_per_second":	944633156.672327,
				"retransmits":	0,
				"omitted":	false,
				"sender":	true
			}
		}, {
			"streams":	[{
					"socket":	6,
					"start":	18.000071,
					"end":	19.000134,
					"seconds":	1.0000629425048828,
					"bytes":	117494960,
					"bits_per_second":	939900520.30691123,
					"retransmits":	0,
					"snd_cwnd":	221920,
					"rtt":	1678,
					"rttvar":	131,
					"pmtu":	1500,
					"omitted":	false,
					"sender":	true
				}],
			"sum":	{
				"start":	18.000071,
				"end":	19.000134,
				"seconds":	1.0000629425048828,
				"bytes":	117494960,
				"bits_per_second":	939900520.30691123,
				"retransmits":	0,
				"omitted":	false,
				"sender":	true
			}
		}, {
			"streams":	[{
					"socket":	6,
					"start":	19.000134,
					"end":	20.000144,
					"seconds":	1.0000100135803223,
					"bytes":	117623440,
					"bits_per_second":	940978097.44023979,
					"retransmits":	0,
					"snd_cwnd":	221920,
					"rtt":	1721,
					"rttvar":	265,
					"pmtu":	1500,
					"omitted":	false,
					"sender":	true
				}],
			"sum":	{
				"start":	19.000134,
				"end":	20.000144,
				"seconds":	1.0000100135803223,
				"bytes":	117623440,
				"bits_per_second":	940978097.44023979,
				"retransmits":	0,
				"omitted":	false,
				"sender":	true
			}
		}, {
			"streams":	[{
					"socket":	6,
					"start":	20.000144,
					"end":	21.000123,
					"seconds":	0.99997901916503906,
					"bytes":	118137360,
					"bits_per_second":	945118709.37966,
					"retransmits":	0,
					"snd_cwnd":	221920,
					"rtt":	1730,
					"rttvar":	190,
					"pmtu":	1500,
					"omitted":	false,
					"sender":	true
				}],
			"sum":	{
				"start":	20.000144,
				"end":	21.000123,
				"seconds":	0.99997901916503906,
				"bytes":	118137360,
				"bits_per_second":	945118709.37966,
				"retransmits":	0,
				"omitted":	false,
				"sender":	true
			}
		}, {
			"streams":	[{
					"socket":	6,
					"start":	21.000123,
					"end":	22.000118,
					"seconds":	0.99999499320983887,
					"bytes":	117751920,
					"bits_per_second":	942020076.49685061,
					"retransmits":	0,
					"snd_cwnd":	221920,
					"rtt":	1672,
					"rttvar":	223,
					"pmtu":	1500,
					"omitted":	false,
					"sender":	true
				}],
			"sum":	{
				"start":	21.000123,
				"end":	22.000118,
				"seconds":	0.99999499320983887,
				"bytes":	117751920,
				"bits_per_second":	942020076.49685061,
				"retransmits":	0,
				"omitted":	false,
				"sender":	true
			}
		}, {
			"streams":	[{
					"socket":	6,
					"start":	22.000118,
					"end":	23.000035,
					"seconds":	0.99991697072982788,
					"bytes":	117816160,
					"bits_per_second":	942607544.01643836,
					"retransmits":	0,
					"snd_cwnd":	221920,
					"rtt":	1667,
					"rttvar":	232,
					"pmtu":	1500,
					"omitted":	false,
					"sender":	true
				}],
			"sum":	{
				"start":	22.000118,
				"end":	23.000035,
				"seconds":	0.99991697072982788,
				"bytes":	117816160,
				"bits_per_second":	942607544.01643836,
				"retransmits":	0,
				"omitted":	false,
				"sender":	true
			}
		}, {
			"streams":	[{
					"socket":	6,
					"start":	23.000035,
					"end":	24.000146,
					"seconds":	1.0001109838485718,
					"bytes":	117366480,
					"bits_per_second":	938827645.29477966,
					"retransmits":	0,
					"snd_cwnd":	221920,
					"rtt":	1756,
					"rttvar":	163,
					"pmtu":	1500,
					"omitted":	false,
					"sender":	true
				}],
			"sum":	{
				"start":	23.000035,
				"end":	24.000146,
				"seconds":	1.0001109838485718,
				"bytes":	117366480,
				"bits_per_second":	938827645.29477966,
				"retransmits":	0,
				"omitted":	false,
				"sender":	true
			}
		}, {
			"streams":	[{
					"socket":	6,
					"start":	24.000146,
					"end":	25.000148,
					"seconds":	1.0000020265579224,
					"bytes":	118073120,
					"bits_per_second":	944583045.74774528,
					"retransmits":	0,
					"snd_cwnd":	221920,
					"rtt":	1779,
					"rttvar":	184,
					"pmtu":	1500,
					"omitted":	false,
					"sender":	true
				}],
			"sum":	{
				"start":	24.000146,
				"end":	25.000148,
				"seconds":	1.0000020265579224,
				"bytes":	118073120,
				"bits_per_second":	944583045.74774528,
				"retransmits":	0,
				"omitted":	false,
				"sender":	true
			}
		}, {
			"streams":	[{
					"socket":	6,
					"start":	25.000148,
					"end":	26.00014,
					"seconds":	0.9999920129776001,
					"bytes":	117559200,
					"bits_per_second":	940481111.64370537,
					"retransmits":	0,
					"snd_cwnd":	221920,
					"rtt":	1754,
					"rttvar":	227,
					"pmtu":	1500,
					"omitted":	false,
					"sender":	true
				}],
			"sum":	{
				"start":	25.000148,
				"end":	26.00014,
				"seconds":	0.9999920129776001,
				"bytes":	117559200,
				"bits_per_second":	940481111.64370537,
				"retransmits":	0,
				"omitted":	false,
				"sender":	true
			}
		}, {
			"streams":	[{
					"socket":	6,
					"start":	26.00014,
					"end":	27.000143,
					"seconds":	1.0000029802322388,
					"bytes":	118073120,
					"bits_per_second":	944582144.92583954,
					"retransmits":	0,
					"snd_cwnd":	221920,
					"rtt":	1720,
					"rttvar":	178,
					"pmtu":	1500,
					"omitted":	false,
					"sender":	true
				}],
			"sum":	{
				"start":	26.00014,
				"end":	27.000143,
				"seconds":	1.0000029802322388,
				"bytes":	118073120,
				"bits_per_second":	944582144.92583954,
				"retransmits":	0,
				"omitted":	false,
				"sender":	true
			}
		}, {
			"streams":	[{
					"socket":	6,
					"start":	27.000143,
					"end":	28.000139,
					"seconds":	0.9999960064888,
					"bytes":	117366480,
					"bits_per_second":	938935589.64979327,
					"retransmits":	0,
					"snd_cwnd":	221920,
					"rtt":	1695,
					"rttvar":	215,
					"pmtu":	1500,
					"omitted":	false,
					"sender":	true
				}],
			"sum":	{
				"start":	27.000143,
				"end":	28.000139,
				"seconds":	0.9999960064888,
				"bytes":	117366480,
				"bits_per_second":	938935589.64979327,
				"retransmits":	0,
				"omitted":	false,
				"sender":	true
			}
		}, {
			"streams":	[{
					"socket":	6,
					"start":	28.000139,
					"end":	29.000137,
					"seconds":	0.99999797344207764,
					"bytes":	117944640,
					"bits_per_second":	943559032.17703187,
					"retransmits":	0,
					"snd_cwnd":	221920,
					"rtt":	1671,
					"rttvar":	197,
					"pmtu":	1500,
					"omitted":	false,
					"sender":	true
				}],
			"sum":	{
				"start":	28.000139,
				"end":	29.000137,
				"seconds":	0.99999797344207764,
				"bytes":	117944640,
				"bits_per_second":	943559032.17703187,
				"retransmits":	0,
				"omitted":	false,
				"sender":	true
			}
		}, {
			"streams":	[{
					"socket":	6,
					"start":	29.000137,
					"end":	30.00013,
					"seconds":	0.99999302625656128,
					"bytes":	117944640,
					"bits_per_second":	943563700.17116308,
					"retransmits":	0,
					"snd_cwnd":	221920,
					"rtt":	1640,
					"rttvar":	153,
					"pmtu":	1500,
					"omitted":	false,
					"sender":	true
				}],
			"sum":	{
				"start":	29.000137,
				"end":	30.00013,
				"seconds":	0.99999302625656128,
				"bytes":	117944640,
				"bits_per_second":	943563700.17116308,
				"retransmits":	0,
				"omitted":	false,
				"sender":	true
			}
		}, {
			"streams":	[{
					"socket":	6,
					"start":	30.00013,
					"end":	31.000139,
					"seconds":	1.0000089406967163,
					"bytes":	117751920,
					"bits_per_second":	942006937.80166447,
					"retransmits":	0,
					"snd_cwnd":	221920,
					"rtt":	1635,
					"rttvar":	111,
					"pmtu":	1500,
					"omitted":	false,
					"sender":	true
				}],
			"sum":	{
				"start":	30.00013,
				"end":	31.000139,
				"seconds":	1.0000089406967163,
				"bytes":	117751920,
				"bits_per_second":	942006937.80166447,
				"retransmits":	0,
				"omitted":	false,
				"sender":	true
			}
		}, {
			"streams":	[{
					"socket":	6,
					"start":	31.000139,
					"end":	32.000131,
					"seconds":	0.9999920129776001,
					"bytes":	117559200,
					"bits_per_second":	940481111.64370537,
					"retransmits":	0,
					"snd_cwnd":	221920,
					"rtt":	1699,
					"rttvar":	227,
					"pmtu":	1500,
					"omitted":	false,
					"sender":	true
				}],
			"sum":	{
				"start":	31.000139,
				"end":	32.000131,
				"seconds":	0.9999920129776001,
				"bytes":	117559200,
				"bits_per_second":	940481111.64370537,
				"retransmits":	0,
				"omitted":	false,
				"sender":	true
			}
		}, {
			"streams":	[{
					"socket":	6,
					"start":	32.000131,
					"end":	33.000126,
					"seconds":	0.99999499320983887,
					"bytes":	118008880,
					"bits_per_second":	944075766.78926051,
					"retransmits":	0,
					"snd_cwnd":	221920,
					"rtt":	1707,
					"rttvar":	157,
					"pmtu":	1500,
					"omitted":	false,
					"sender":	true
				}],
			"sum":	{
				"start":	32.000131,
				"end":	33.000126,
				"seconds":	0.99999499320983887,
				"bytes":	118008880,
				"bits_per_second":	944075766.78926051,
				"retransmits":	0,
				"omitted":	false,
				"sender":	true
			}
		}, {
			"streams":	[{
					"socket":	6,
					"start":	33.000126,
					"end":	34.000134,
					"seconds":	1.0000079870224,
					"bytes":	117559200,
					"bits_per_second":	940466088.476285,
					"retransmits":	0,
					"snd_cwnd":	221920,
					"rtt":	1701,
					"rttvar":	149,
					"pmtu":	1500,
					"omitted":	false,
					"sender":	true
				}],
			"sum":	{
				"start":	33.000126,
				"end":	34.000134,
				"seconds":	1.0000079870224,
				"bytes":	117559200,
				"bits_per_second":	940466088.476285,
				"retransmits":	0,
				"omitted":	false,
				"sender":	true
			}
		}, {
			"streams":	[{
					"socket":	6,
					"start":	34.000134,
					"end":	35.000137,
					"seconds":	1.0000029802322388,
					"bytes":	117880400,
					"bits_per_second":	943040389.52062869,
					"retransmits":	0,
					"snd_cwnd":	221920,
					"rtt":	1724,
					"rttvar":	159,
					"pmtu":	1500,
					"omitted":	false,
					"sender":	true
				}],
			"sum":	{
				"start":	34.000134,
				"end":	35.000137,
				"seconds":	1.0000029802322388,
				"bytes":	117880400,
				"bits_per_second":	943040389.52062869,
				"retransmits":	0,
				"omitted":	false,
				"sender":	true
			}
		}, {
			"streams":	[{
					"socket":	6,
					"start":	35.000137,
					"end":	36.000121,
					"seconds":	0.9999840259552002,
					"bytes":	117687680,
					"bits_per_second":	941516479.82642853,
					"retransmits":	0,
					"snd_cwnd":	221920,
					"rtt":	1752,
					"rttvar":	242,
					"pmtu":	1500,
					"omitted":	false,
					"sender":	true
				}],
			"sum":	{
				"start":	35.000137,
				"end":	36.000121,
				"seconds":	0.9999840259552002,
				"bytes":	117687680,
				"bits_per_second":	941516479.82642853,
				"retransmits":	0,
				"omitted":	false,
				"sender":	true
			}
		}, {
			"streams":	[{
					"socket":	6,
					"start":	36.000121,
					"end":	37.000134,
					"seconds":	1.000012993812561,
					"bytes":	117816160,
					"bits_per_second":	942517033.11033618,
					"retransmits":	0,
					"snd_cwnd":	221920,
					"rtt":	1761,
					"rttvar":	271,
					"pmtu":	1500,
					"omitted":	false,
					"sender":	true
				}],
			"sum":	{
				"start":	36.000121,
				"end":	37.000134,
				"seconds":	1.000012993812561,
				"bytes":	117816160,
				"bits_per_second":	942517033.11033618,
				"retransmits":	0,
				"omitted":	false,
				"sender":	true
			}
		}, {
			"streams":	[{
					"socket":	6,
					"start":	37.000134,
					"end":	38.00013,
					"seconds":	0.9999960064888,
					"bytes":	117559200,
					"bits_per_second":	940477355.80685377,
					"retransmits":	0,
					"snd_cwnd":	221920,
					"rtt":	1720,
					"rttvar":	232,
					"pmtu":	1500,
					"omitted":	false,
					"sender":	true
				}],
			"sum":	{
				"start":	37.000134,
				"end":	38.00013,
				"seconds":	0.9999960064888,
				"bytes":	117559200,
				"bits_per_second":	940477355.80685377,
				"retransmits":	0,
				"omitted":	false,
				"sender":	true
			}
		}, {
			"streams":	[{
					"socket":	6,
					"start":	38.00013,
					"end":	39.00016,
					"seconds":	1.0000300407409668,
					"bytes":	117751920,
					"bits_per_second":	941987062.010676,
					"retransmits":	0,
					"snd_cwnd":	221920,
					"rtt":	1740,
					"rttvar":	267,
					"pmtu":	1500,
					"omitted":	false,
					"sender":	true
				}],
			"sum":	{
				"start":	38.00013,
				"end":	39.00016,
				"seconds":	1.0000300407409668,
				"bytes":	117751920,
				"bits_per_second":	941987062.010676,
				"retransmits":	0,
				"omitted":	false,
				"sender":	true
			}
		}, {
			"streams":	[{
					"socket":	6,
					"start":	39.00016,
					"end":	40.000151,
					"seconds":	0.99999099969863892,
					"bytes":	118073120,
					"bits_per_second":	944593461.62581837,
					"retransmits":	0,
					"snd_cwnd":	221920,
					"rtt":	1718,
					"rttvar":	261,
					"pmtu":	1500,
					"omitted":	false,
					"sender":	true
				}],
			"sum":	{
				"start":	39.00016,
				"end":	40.000151,
				"seconds":	0.99999099969863892,
				"bytes":	118073120,
				"bits_per_second":	944593461.62581837,
				"retransmits":	0,
				"omitted":	false,
				"sender":	true
			}
		}],
	"end":	{
		"streams":	[{
				"sender":	{
					"socket":	6,
					"start":	0,
					"end":	40.000151,
					"seconds":	40.000151,
					"bytes":	4711836100,
					"bits_per_second":	942363662.57717371,
					"retransmits":	0,
					"max_snd_cwnd":	221920,
					"max_rtt":	1789,
					"min_rtt":	1609,
					"mean_rtt":	1697,
					"sender":	true
				},
				"receiver":	{
					"socket":	6,
					"start":	0,
					"end":	40.000151,
					"seconds":	40.000151,
					"bytes":	4710884180,
					"bits_per_second":	942173279.29587054,
					"sender":	true
				}
			}],
		"sum_sent":	{
			"start":	0,
			"end":	40.000151,
			"seconds":	40.000151,
			"bytes":	4711836100,
			"bits_per_second":	942363662.57717371,
			"retransmits":	0,
			"sender":	true
		},
		"sum_received":	{
			"start":	0,
			"end":	40.000151,
			"seconds":	40.000151,
			"bytes":	4710884180,
			"bits_per_second":	942173279.29587054,
			"sender":	true
		},
		"cpu_utilization_percent":	{
			"host_total":	4.7326231419668847,
			"host_user":	0.27066722838565727,
			"host_system":	4.4619584102580259,
			"remote_total":	31.106915,
			"remote_user":	8.38549,
			"remote_system":	22.721425
		},
		"sender_tcp_congestion":	"cubic"
	}
}
