{
	"start":	{
		"connected":	[{
				"socket":	6,
				"local_host":	"192.168.94.20",
				"local_port":	49312,
				"remote_host":	"192.168.94.100",
				"remote_port":	5201
			}],
		"version":	"iperf 3.7",
		"system_info":	"Linux lab4-nz20 5.11.0-25-generic #27~20.04.1-Ubuntu SMP Tue Jul 13 17:41:23 UTC 2021 x86_64",
		"timestamp":	{
			"time":	"Fri, 08 Oct 2021 20:59:16 GMT",
			"timesecs":	1633726756
		},
		"connecting_to":	{
			"host":	"192.168.94.100",
			"port":	5201
		},
		"cookie":	"kcxusdn7jo5ulkhgbbhrkoofz2jclvdex7iw",
		"tcp_mss_default":	1460,
		"sock_bufsize":	0,
		"sndbuf_actual":	16384,
		"rcvbuf_actual":	131072,
		"test_start":	{
			"protocol":	"TCP",
			"num_streams":	1,
			"blksize":	131072,
			"omit":	0,
			"duration":	40,
			"bytes":	0,
			"blocks":	0,
			"reverse":	0,
			"tos":	0
		}
	},
	"intervals":	[{
			"streams":	[{
					"socket":	6,
					"start":	0,
					"end":	1.000145,
					"seconds":	1.0001449584960938,
					"bytes":	118535940,
					"bits_per_second":	948150077.59068131,
					"retransmits":	0,
					"snd_cwnd":	213160,
					"rtt":	1677,
					"rttvar":	149,
					"pmtu":	1500,
					"omitted":	false,
					"sender":	true
				}],
			"sum":	{
				"start":	0,
				"end":	1.000145,
				"seconds":	1.0001449584960938,
				"bytes":	118535940,
				"bits_per_second":	948150077.59068131,
				"retransmits":	0,
				"omitted":	false,
				"sender":	true
			}
		}, {
			"streams":	[{
					"socket":	6,
					"start":	1.000145,
					"end":	2.000098,
					"seconds":	0.99995297193527222,
					"bytes":	117944640,
					"bits_per_second":	943601495.75221944,
					"retransmits":	0,
					"snd_cwnd":	216080,
					"rtt":	1622,
					"rttvar":	141,
					"pmtu":	1500,
					"omitted":	false,
					"sender":	true
				}],
			"sum":	{
				"start":	1.000145,
				"end":	2.000098,
				"seconds":	0.99995297193527222,
				"bytes":	117944640,
				"bits_per_second":	943601495.75221944,
				"retransmits":	0,
				"omitted":	false,
				"sender":	true
			}
		}, {
			"streams":	[{
					"socket":	6,
					"start":	2.000098,
					"end":	3.000194,
					"seconds":	1.0000959634780884,
					"bytes":	118008880,
					"bits_per_second":	943980452.35254478,
					"retransmits":	0,
					"snd_cwnd":	216080,
					"rtt":	1618,
					"rttvar":	135,
					"pmtu":	1500,
					"omitted":	false,
					"sender":	true
				}],
			"sum":	{
				"start":	2.000098,
				"end":	3.000194,
				"seconds":	1.0000959634780884,
				"bytes":	118008880,
				"bits_per_second":	943980452.35254478,
				"retransmits":	0,
				"omitted":	false,
				"sender":	true
			}
		}, {
			"streams":	[{
					"socket":	6,
					"start":	3.000194,
					"end":	4.000098,
					"seconds":	0.99990397691726685,
					"bytes":	117430720,
					"bits_per_second":	939535977.14086378,
					"retransmits":	0,
					"snd_cwnd":	216080,
					"rtt":	1531,
					"rttvar":	172,
					"pmtu":	1500,
					"omitted":	false,
					"sender":	true
				}],
			"sum":	{
				"start":	3.000194,
				"end":	4.000098,
				"seconds":	0.99990397691726685,
				"bytes":	117430720,
				"bits_per_second":	939535977.14086378,
				"retransmits":	0,
				"omitted":	false,
				"sender":	true
			}
		}, {
			"streams":	[{
					"socket":	6,
					"start":	4.000098,
					"end":	5.000131,
					"seconds":	1.0000330209732056,
					"bytes":	117751920,
					"bits_per_second":	941984254.76316345,
					"retransmits":	0,
					"snd_cwnd":	216080,
					"rtt":	1658,
					"rttvar":	172,
					"pmtu":	1500,
					"omitted":	false,
					"sender":	true
				}],
			"sum":	{
				"start":	4.000098,
				"end":	5.000131,
				"seconds":	1.0000330209732056,
				"bytes":	117751920,
				"bits_per_second":	941984254.76316345,
				"retransmits":	0,
				"omitted":	false,
				"sender":	true
			}
		}, {
			"streams":	[{
					"socket":	6,
					"start":	5.000131,
					"end":	6.000133,
					"seconds":	1.0000020265579224,
					"bytes":	117751920,
					"bits_per_second":	942013450.955178,
					"retransmits":	0,
					"snd_cwnd":	216080,
					"rtt":	1727,
					"rttvar":	263,
					"pmtu":	1500,
					"omitted":	false,
					"sender":	true
				}],
			"sum":	{
				"start":	5.000131,
				"end":	6.000133,
				"seconds":	1.0000020265579224,
				"bytes":	117751920,
				"bits_per_second":	942013450.955178,
				"retransmits":	0,
				"omitted":	false,
				"sender":	true
			}
		}, {
			"streams":	[{
					"socket":	6,
					"start":	6.000133,
					"end":	7.000131,
					"seconds":	0.99999797344207764,
					"bytes":	118008880,
					"bits_per_second":	944072953.21852267,
					"retransmits":	0,
					"snd_cwnd":	216080,
					"rtt":	1696,
					"rttvar":	230,
					"pmtu":	1500,
					"omitted":	false,
					"sender":	true
				}],
			"sum":	{
				"start":	6.000133,
				"end":	7.000131,
				"seconds":	0.99999797344207764,
				"bytes":	118008880,
				"bits_per_second":	944072953.21852267,
				"retransmits":	0,
				"omitted":	false,
				"sender":	true
			}
		}, {
			"streams":	[{
					"socket":	6,
					"start":	7.000131,
					"end":	8.000138,
					"seconds":	1.0000070333480835,
					"bytes":	117623440,
					"bits_per_second":	940980901.7537781,
					"retransmits":	0,
					"snd_cwnd":	216080,
					"rtt":	1688,
					"rttvar":	154,
					"pmtu":	1500,
					"omitted":	false,
					"sender":	true
				}],
			"sum":	{
				"start":	7.000131,
				"end":	8.000138,
				"seconds":	1.0000070333480835,
				"bytes":	117623440,
				"bits_per_second":	940980901.7537781,
				"retransmits":	0,
				"omitted":	false,
				"sender":	true
			}
		}, {
			"streams":	[{
					"socket":	6,
					"start":	8.000138,
					"end":	9.000136,
					"seconds":	0.99999797344207764,
					"bytes":	117944640,
					"bits_per_second":	943559032.17703187,
					"retransmits":	0,
					"snd_cwnd":	216080,
					"rtt":	1661,
					"rttvar":	145,
					"pmtu":	1500,
					"omitted":	false,
					"sender":	true
				}],
			"sum":	{
				"start":	8.000138,
				"end":	9.000136,
				"seconds":	0.99999797344207764,
				"bytes":	117944640,
				"bits_per_second":	943559032.17703187,
				"retransmits":	0,
				"omitted":	false,
				"sender":	true
			}
		}, {
			"streams":	[{
					"socket":	6,
					"start":	9.000136,
					"end":	10.000139,
					"seconds":	1.0000029802322388,
					"bytes":	117366480,
					"bits_per_second":	938929041.77339983,
					"retransmits":	0,
					"snd_cwnd":	216080,
					"rtt":	1632,
					"rttvar":	169,
					"pmtu":	1500,
					"omitted":	false,
					"sender":	true
				}],
			"sum":	{
				"start":	9.000136,
				"end":	10.000139,
				"seconds":	1.0000029802322388,
				"bytes":	117366480,
				"bits_per_second":	938929041.77339983,
				"retransmits":	0,
				"omitted":	false,
				"sender":	true
			}
		}, {
			"streams":	[{
					"socket":	6,
					"start":	10.000139,
					"end":	11.000143,
					"seconds":	1.0000040531158447,
					"bytes":	118201600,
					"bits_per_second":	945608967.33731163,
					"retransmits":	0,
					"snd_cwnd":	216080,
					"rtt":	1745,
					"rttvar":	192,
					"pmtu":	1500,
					"omitted":	false,
					"sender":	true
				}],
			"sum":	{
				"start":	10.000139,
				"end":	11.000143,
				"seconds":	1.0000040531158447,
				"bytes":	118201600,
				"bits_per_second":	945608967.33731163,
				"retransmits":	0,
				"omitted":	false,
				"sender":	true
			}
		}, {
			"streams":	[{
					"socket":	6,
					"start":	11.000143,
					"end":	12.000143,
					"seconds":	1,
					"bytes":	117623440,
					"bits_per_second":	940987520,
					"retransmits":	0,
					"snd_cwnd":	216080,
					"rtt":	1700,
					"rttvar":	227,
					"pmtu":	1500,
					"omitted":	false,
					"sender":	true
				}],
			"sum":	{
				"start":	11.000143,
				"end":	12.000143,
				"seconds":	1,
				"bytes":	117623440,
				"bits_per_second":	940987520,
				"retransmits":	0,
				"omitted":	false,
				"sender":	true
			}
		}, {
			"streams":	[{
					"socket":	6,
					"start":	12.000143,
					"end":	13.000128,
					"seconds":	0.9999849796295166,
					"bytes":	117559200,
					"bits_per_second":	940487726.47408676,
					"retransmits":	0,
					"snd_cwnd":	216080,
					"rtt":	1626,
					"rttvar":	263,
					"pmtu":	1500,
					"omitted":	false,
					"sender":	true
				}],
			"sum":	{
				"start":	12.000143,
				"end":	13.000128,
				"seconds":	0.9999849796295166,
				"bytes":	117559200,
				"bits_per_second":	940487726.47408676,
				"retransmits":	0,
				"omitted":	false,
				"sender":	true
			}
		}, {
			"streams":	[{
					"socket":	6,
					"start":	13.000128,
					"end":	14.000136,
					"seconds":	1.0000079870224,
					"bytes":	117751920,
					"bits_per_second":	942007836.16231167,
					"retransmits":	0,
					"snd_cwnd":	216080,
					"rtt":	1689,
					"rttvar":	160,
					"pmtu":	1500,
					"omitted":	false,
					"sender":	true
				}],
			"sum":	{
				"start":	13.000128,
				"end":	14.000136,
				"seconds":	1.0000079870224,
				"bytes":	117751920,
				"bits_per_second":	942007836.16231167,
				"retransmits":	0,
				"omitted":	false,
				"sender":	true
			}
		}, {
			"streams":	[{
					"socket":	6,
					"start":	14.000136,
					"end":	15.000154,
					"seconds":	1.0000180006027222,
					"bytes":	118137360,
					"bits_per_second":	945081867.956755,
					"retransmits":	0,
					"snd_cwnd":	216080,
					"rtt":	1733,
					"rttvar":	257,
					"pmtu":	1500,
					"omitted":	false,
					"sender":	true
				}],
			"sum":	{
				"start":	14.000136,
				"end":	15.000154,
				"seconds":	1.0000180006027222,
				"bytes":	118137360,
				"bits_per_second":	945081867.956755,
				"retransmits":	0,
				"omitted":	false,
				"sender":	true
			}
		}, {
			"streams":	[{
					"socket":	6,
					"start":	15.000154,
					"end":	16.000136,
					"seconds":	0.99998199939727783,
					"bytes":	117559200,
					"bits_per_second":	940490529.39638364,
					"retransmits":	0,
					"snd_cwnd":	216080,
					"rtt":	1711,
					"rttvar":	258,
					"pmtu":	1500,
					"omitted":	false,
					"sender":	true
				}],
			"sum":	{
				"start":	15.000154,
				"end":	16.000136,
				"seconds":	0.99998199939727783,
				"bytes":	117559200,
				"bits_per_second":	940490529.39638364,
				"retransmits":	0,
				"omitted":	false,
				"sender":	true
			}
		}, {
			"streams":	[{
					"socket":	6,
					"start":	16.000136,
					"end":	17.000076,
					"seconds":	0.99993997812271118,
					"bytes":	118008880,
					"bits_per_second":	944127708.31745362,
					"retransmits":	0,
					"snd_cwnd":	216080,
					"rtt":	1696,
					"rttvar":	218,
					"pmtu":	1500,
					"omitted":	false,
					"sender":	true
				}],
			"sum":	{
				"start":	16.000136,
				"end":	17.000076,
				"seconds":	0.99993997812271118,
				"bytes":	118008880,
				"bits_per_second":	944127708.31745362,
				"retransmits":	0,
				"omitted":	false,
				"sender":	true
			}
		}, {
			"streams":	[{
					"socket":	6,
					"start":	17.000076,
					"end":	18.000133,
					"seconds":	1.0000569820404053,
					"bytes":	117494960,
					"bits_per_second":	939906122.2313658,
					"retransmits":	0,
					"snd_cwnd":	216080,
					"rtt":	1725,
					"rttvar":	211,
					"pmtu":	1500,
					"omitted":	false,
					"sender":	true
				}],
			"sum":	{
				"start":	17.000076,
				"end":	18.000133,
				"seconds":	1.0000569820404053,
				"bytes":	117494960,
				"bits_per_second":	939906122.2313658,
				"retransmits":	0,
				"omitted":	false,
				"sender":	true
			}
		}, {
			"streams":	[{
					"socket":	6,
					"start":	18.000133,
					"end":	19.000137,
					"seconds":	1.0000040531158447,
					"bytes":	117944640,
					"bits_per_second":	943553295.669187,
					"retransmits":	0,
					"snd_cwnd":	216080,
					"rtt":	1625,
					"rttvar":	109,
					"pmtu":	1500,
					"omitted":	false,
					"sender":	true
				}],
			"sum":	{
				"start":	18.000133,
				"end":	19.000137,
				"seconds":	1.0000040531158447,
				"bytes":	117944640,
				"bits_per_second":	943553295.669187,
				"retransmits":	0,
				"omitted":	false,
				"sender":	true
			}
		}, {
			"streams":	[{
					"socket":	6,
					"start":	19.000137,
					"end":	20.000134,
					"seconds":	0.99999701976776123,
					"bytes":	117430720,
					"bits_per_second":	939448559.77488446,
					"retransmits":	0,
					"snd_cwnd":	216080,
					"rtt":	1684,
					"rttvar":	144,
					"pmtu":	1500,
					"omitted":	false,
					"sender":	true
				}],
			"sum":	{
				"start":	19.000137,
				"end":	20.000134,
				"seconds":	0.99999701976776123,
				"bytes":	117430720,
				"bits_per_second":	939448559.77488446,
				"retransmits":	0,
				"omitted":	false,
				"sender":	true
			}
		}, {
			"streams":	[{
					"socket":	6,
					"start":	20.000134,
					"end":	21.000141,
					"seconds":	1.0000070333480835,
					"bytes":	118137360,
					"bits_per_second":	945092232.83735549,
					"retransmits":	0,
					"snd_cwnd":	216080,
					"rtt":	1695,
					"rttvar":	239,
					"pmtu":	1500,
					"omitted":	false,
					"sender":	true
				}],
			"sum":	{
				"start":	20.000134,
				"end":	21.000141,
				"seconds":	1.0000070333480835,
				"bytes":	118137360,
				"bits_per_second":	945092232.83735549,
				"retransmits":	0,
				"omitted":	false,
				"sender":	true
			}
		}, {
			"streams":	[{
					"socket":	6,
					"start":	21.000141,
					"end":	22.000145,
					"seconds":	1.0000040531158447,
					"bytes":	117494960,
					"bits_per_second":	939955870.249969,
					"retransmits":	0,
					"snd_cwnd":	216080,
					"rtt":	1545,
					"rttvar":	157,
					"pmtu":	1500,
					"omitted":	false,
					"sender":	true
				}],
			"sum":	{
				"start":	21.000141,
				"end":	22.000145,
				"seconds":	1.0000040531158447,
				"bytes":	117494960,
				"bits_per_second":	939955870.249969,
				"retransmits":	0,
				"omitted":	false,
				"sender":	true
			}
		}, {
			"streams":	[{
					"socket":	6,
					"start":	22.000145,
					"end":	23.000135,
					"seconds":	0.99998998641967773,
					"bytes":	117751920,
					"bits_per_second":	942024793.04093063,
					"retransmits":	0,
					"snd_cwnd":	216080,
					"rtt":	1639,
					"rttvar":	114,
					"pmtu":	1500,
					"omitted":	false,
					"sender":	true
				}],
			"sum":	{
				"start":	22.000145,
				"end":	23.000135,
				"seconds":	0.99998998641967773,
				"bytes":	117751920,
				"bits_per_second":	942024793.04093063,
				"retransmits":	0,
				"omitted":	false,
				"sender":	true
			}
		}, {
			"streams":	[{
					"socket":	6,
					"start":	23.000135,
					"end":	24.00013,
					"seconds":	0.99999499320983887,
					"bytes":	117880400,
					"bits_per_second":	943047921.64305556,
					"retransmits":	0,
					"snd_cwnd":	216080,
					"rtt":	1636,
					"rttvar":	187,
					"pmtu":	1500,
					"omitted":	false,
					"sender":	true
				}],
			"sum":	{
				"start":	23.000135,
				"end":	24.00013,
				"seconds":	0.99999499320983887,
				"bytes":	117880400,
				"bits_per_second":	943047921.64305556,
				"retransmits":	0,
				"omitted":	false,
				"sender":	true
			}
		}, {
			"streams":	[{
					"socket":	6,
					"start":	24.00013,
					"end":	25.000143,
					"seconds":	1.000012993812561,
					"bytes":	117880400,
					"bits_per_second":	943030946.43264282,
					"retransmits":	0,
					"snd_cwnd":	216080,
					"rtt":	1569,
					"rttvar":	155,
					"pmtu":	1500,
					"omitted":	false,
					"sender":	true
				}],
			"sum":	{
				"start":	24.00013,
				"end":	25.000143,
				"seconds":	1.000012993812561,
				"bytes":	117880400,
				"bits_per_second":	943030946.43264282,
				"retransmits":	0,
				"omitted":	false,
				"sender":	true
			}
		}, {
			"streams":	[{
					"socket":	6,
					"start":	25.000143,
					"end":	26.000005,
					"seconds":	0.999862015247345,
					"bytes":	117944640,
					"bits_per_second":	943687334.46342957,
					"retransmits":	0,
					"snd_cwnd":	216080,
					"rtt":	1565,
					"rttvar":	201,
					"pmtu":	1500,
					"omitted":	false,
					"sender":	true
				}],
			"sum":	{
				"start":	25.000143,
				"end":	26.000005,
				"seconds":	0.999862015247345,
				"bytes":	117944640,
				"bits_per_second":	943687334.46342957,
				"retransmits":	0,
				"omitted":	false,
				"sender":	true
			}
		}, {
			"streams":	[{
					"socket":	6,
					"start":	26.000005,
					"end":	27.000132,
					"seconds":	1.0001269578933716,
					"bytes":	117623440,
					"bits_per_second":	940868069.371972,
					"retransmits":	0,
					"snd_cwnd":	216080,
					"rtt":	1650,
					"rttvar":	212,
					"pmtu":	1500,
					"omitted":	false,
					"sender":	true
				}],
			"sum":	{
				"start":	26.000005,
				"end":	27.000132,
				"seconds":	1.0001269578933716,
				"bytes":	117623440,
				"bits_per_second":	940868069.371972,
				"retransmits":	0,
				"omitted":	false,
				"sender":	true
			}
		}, {
			"streams":	[{
					"socket":	6,
					"start":	27.000132,
					"end":	28.000142,
					"seconds":	1.0000100135803223,
					"bytes":	117494960,
					"bits_per_second":	939950267.73249507,
					"retransmits":	0,
					"snd_cwnd":	216080,
					"rtt":	1654,
					"rttvar":	209,
					"pmtu":	1500,
					"omitted":	false,
					"sender":	true
				}],
			"sum":	{
				"start":	27.000132,
				"end":	28.000142,
				"seconds":	1.0000100135803223,
				"bytes":	117494960,
				"bits_per_second":	939950267.73249507,
				"retransmits":	0,
				"omitted":	false,
				"sender":	true
			}
		}, {
			"streams":	[{
					"socket":	6,
					"start":	28.000142,
					"end":	29.000153,
					"seconds":	1.0000109672546387,
					"bytes":	118073120,
					"bits_per_second":	944574600.6098299,
					"retransmits":	0,
					"snd_cwnd":	216080,
					"rtt":	1594,
					"rttvar":	158,
					"pmtu":	1500,
					"omitted":	false,
					"sender":	true
				}],
			"sum":	{
				"start":	28.000142,
				"end":	29.000153,
				"seconds":	1.0000109672546387,
				"bytes":	118073120,
				"bits_per_second":	944574600.6098299,
				"retransmits":	0,
				"omitted":	false,
				"sender":	true
			}
		}, {
			"streams":	[{
					"socket":	6,
					"start":	29.000153,
					"end":	30.000136,
					"seconds":	0.999983012676239,
					"bytes":	117623440,
					"bits_per_second":	941003505.13120186,
					"retransmits":	0,
					"snd_cwnd":	216080,
					"rtt":	1584,
					"rttvar":	186,
					"pmtu":	1500,
					"omitted":	false,
					"sender":	true
				}],
			"sum":	{
				"start":	29.000153,
				"end":	30.000136,
				"seconds":	0.999983012676239,
				"bytes":	117623440,
				"bits_per_second":	941003505.13120186,
				"retransmits":	0,
				"omitted":	false,
				"sender":	true
			}
		}, {
			"streams":	[{
					"socket":	6,
					"start":	30.000136,
					"end":	31.000138,
					"seconds":	1.0000020265579224,
					"bytes":	117687680,
					"bits_per_second":	941499531.99666452,
					"retransmits":	0,
					"snd_cwnd":	216080,
					"rtt":	1654,
					"rttvar":	198,
					"pmtu":	1500,
					"omitted":	false,
					"sender":	true
				}],
			"sum":	{
				"start":	30.000136,
				"end":	31.000138,
				"seconds":	1.0000020265579224,
				"bytes":	117687680,
				"bits_per_second":	941499531.99666452,
				"retransmits":	0,
				"omitted":	false,
				"sender":	true
			}
		}, {
			"streams":	[{
					"socket":	6,
					"start":	31.000138,
					"end":	32.000134,
					"seconds":	0.9999960064888,
					"bytes":	117687680,
					"bits_per_second":	941505199.91156065,
					"retransmits":	0,
					"snd_cwnd":	216080,
					"rtt":	1668,
					"rttvar":	269,
					"pmtu":	1500,
					"omitted":	false,
					"sender":	true
				}],
			"sum":	{
				"start":	31.000138,
				"end":	32.000134,
				"seconds":	0.9999960064888,
				"bytes":	117687680,
				"bits_per_second":	941505199.91156065,
				"retransmits":	0,
				"omitted":	false,
				"sender":	true
			}
		}, {
			"streams":	[{
					"socket":	6,
					"start":	32.000134,
					"end":	33.000142,
					"seconds":	1.0000079870224,
					"bytes":	118073120,
					"bits_per_second":	944577415.63902283,
					"retransmits":	0,
					"snd_cwnd":	216080,
					"rtt":	1565,
					"rttvar":	181,
					"pmtu":	1500,
					"omitted":	false,
					"sender":	true
				}],
			"sum":	{
				"start":	32.000134,
				"end":	33.000142,
				"seconds":	1.0000079870224,
				"bytes":	118073120,
				"bits_per_second":	944577415.63902283,
				"retransmits":	0,
				"omitted":	false,
				"sender":	true
			}
		}, {
			"streams":	[{
					"socket":	6,
					"start":	33.000142,
					"end":	34.000137,
					"seconds":	0.99999499320983887,
					"bytes":	117816160,
					"bits_per_second":	942533999.06995308,
					"retransmits":	0,
					"snd_cwnd":	216080,
					"rtt":	1605,
					"rttvar":	191,
					"pmtu":	1500,
					"omitted":	false,
					"sender":	true
				}],
			"sum":	{
				"start":	33.000142,
				"end":	34.000137,
				"seconds":	0.99999499320983887,
				"bytes":	117816160,
				"bits_per_second":	942533999.06995308,
				"retransmits":	0,
				"omitted":	false,
				"sender":	true
			}
		}, {
			"streams":	[{
					"socket":	6,
					"start":	34.000137,
					"end":	35.000128,
					"seconds":	0.99999099969863892,
					"bytes":	117751920,
					"bits_per_second":	942023838.49843585,
					"retransmits":	0,
					"snd_cwnd":	216080,
					"rtt":	1619,
					"rttvar":	245,
					"pmtu":	1500,
					"omitted":	false,
					"sender":	true
				}],
			"sum":	{
				"start":	34.000137,
				"end":	35.000128,
				"seconds":	0.99999099969863892,
				"bytes":	117751920,
				"bits_per_second":	942023838.49843585,
				"retransmits":	0,
				"omitted":	false,
				"sender":	true
			}
		}, {
			"streams":	[{
					"socket":	6,
					"start":	35.000128,
					"end":	36.000141,
					"seconds":	1.000012993812561,
					"bytes":	117430720,
					"bits_per_second":	939433553.17649651,
					"retransmits":	0,
					"snd_cwnd":	216080,
					"rtt":	1475,
					"rttvar":	136,
					"pmtu":	1500,
					"omitted":	false,
					"sender":	true
				}],
			"sum":	{
				"start":	35.000128,
				"end":	36.000141,
				"seconds":	1.000012993812561,
				"bytes":	117430720,
				"bits_per_second":	939433553.17649651,
				"retransmits":	0,
				"omitted":	false,
				"sender":	true
			}
		}, {
			"streams":	[{
					"socket":	6,
					"start":	36.000141,
					"end":	37.000133,
					"seconds":	0.9999920129776001,
					"bytes":	117944640,
					"bits_per_second":	943564656.27204537,
					"retransmits":	0,
					"snd_cwnd":	216080,
					"rtt":	1685,
					"rttvar":	155,
					"pmtu":	1500,
					"omitted":	false,
					"sender":	true
				}],
			"sum":	{
				"start":	36.000141,
				"end":	37.000133,
				"seconds":	0.9999920129776001,
				"bytes":	117944640,
				"bits_per_second":	943564656.27204537,
				"retransmits":	0,
				"omitted":	false,
				"sender":	true
			}
		}, {
			"streams":	[{
					"socket":	6,
					"start":	37.000133,
					"end":	38.000133,
					"seconds":	1,
					"bytes":	117880400,
					"bits_per_second":	943043200,
					"retransmits":	0,
					"snd_cwnd":	216080,
					"rtt":	1679,
					"rttvar":	205,
					"pmtu":	1500,
					"omitted":	false,
					"sender":	true
				}],
			"sum":	{
				"start":	37.000133,
				"end":	38.000133,
				"seconds":	1,
				"bytes":	117880400,
				"bits_per_second":	943043200,
				"retransmits":	0,
				"omitted":	false,
				"sender":	true
			}
		}, {
			"streams":	[{
					"socket":	6,
					"start":	38.000133,
					"end":	39.000124,
					"seconds":	0.99999099969863892,
					"bytes":	117816160,
					"bits_per_second":	942537763.12391233,
					"retransmits":	0,
					"snd_cwnd":	216080,
					"rtt":	1672,
					"rttvar":	197,
					"pmtu":	1500,
					"omitted":	false,
					"sender":	true
				}],
			"sum":	{
				"start":	38.000133,
				"end":	39.000124,
				"seconds":	0.99999099969863892,
				"bytes":	117816160,
				"bits_per_second":	942537763.12391233,
				"retransmits":	0,
				"omitted":	false,
				"sender":	true
			}
		}, {
			"streams":	[{
					"socket":	6,
					"start":	39.000124,
					"end":	40.000142,
					"seconds":	1.0000180006027222,
					"bytes":	117751920,
					"bits_per_second":	941998403.46097434,
					"retransmits":	0,
					"snd_cwnd":	216080,
					"rtt":	1635,
					"rttvar":	151,
					"pmtu":	1500,
					"omitted":	false,
					"sender":	true
				}],
			"sum":	{
				"start":	39.000124,
				"end":	40.000142,
				"seconds":	1.0000180006027222,
				"bytes":	117751920,
				"bits_per_second":	941998403.46097434,
				"retransmits":	0,
				"omitted":	false,
				"sender":	true
			}
		}],
	"end":	{
		"streams":	[{
				"sender":	{
					"socket":	6,
					"start":	0,
					"end":	40.000142,
					"seconds":	40.000142,
					"bytes":	4711824420,
					"bits_per_second":	942361538.61653793,
					"retransmits":	0,
					"max_snd_cwnd":	216080,
					"max_rtt":	1745,
					"min_rtt":	1475,
					"mean_rtt":	1645,
					"sender":	true
				},
				"receiver":	{
					"socket":	6,
					"start":	0,
					"end":	40.000142,
					"seconds":	40.000142,
					"bytes":	4710814100,
					"bits_per_second":	942159475.33386266,
					"sender":	true
				}
			}],
		"sum_sent":	{
			"start":	0,
			"end":	40.000142,
			"seconds":	40.000142,
			"bytes":	4711824420,
			"bits_per_second":	942361538.61653793,
			"retransmits":	0,
			"sender":	true
		},
		"sum_received":	{
			"start":	0,
			"end":	40.000142,
			"seconds":	40.000142,
			"bytes":	4710814100,
			"bits_per_second":	942159475.33386266,
			"sender":	true
		},
		"cpu_utilization_percent":	{
			"host_total":	5.0853651189023736,
			"host_user":	0.14216803988655219,
			"host_system":	4.9431995759078777,
			"remote_total":	31.878804,
			"remote_user":	8.757513,
			"remote_system":	23.121291
		},
		"sender_tcp_congestion":	"cubic"
	}
}
