{
	"start":	{
		"connected":	[{
				"socket":	6,
				"local_host":	"192.168.94.10",
				"local_port":	52162,
				"remote_host":	"192.168.94.100",
				"remote_port":	5201
			}],
		"version":	"iperf 3.7",
		"system_info":	"Linux lab4-nz10 5.11.0-25-generic #27~20.04.1-Ubuntu SMP Tue Jul 13 17:41:23 UTC 2021 x86_64",
		"timestamp":	{
			"time":	"Fri, 08 Oct 2021 20:52:23 GMT",
			"timesecs":	1633726343
		},
		"connecting_to":	{
			"host":	"192.168.94.100",
			"port":	5201
		},
		"cookie":	"drqoqkthdvouwzmzz6too7sntavnaegqdkg4",
		"tcp_mss_default":	1460,
		"sock_bufsize":	0,
		"sndbuf_actual":	16384,
		"rcvbuf_actual":	131072,
		"test_start":	{
			"protocol":	"TCP",
			"num_streams":	1,
			"blksize":	131072,
			"omit":	0,
			"duration":	40,
			"bytes":	0,
			"blocks":	0,
			"reverse":	0,
			"tos":	0
		}
	},
	"intervals":	[{
			"streams":	[{
					"socket":	6,
					"start":	0,
					"end":	1.000124,
					"seconds":	1.0001239776611328,
					"bytes":	118804580,
					"bits_per_second":	950318821.69515574,
					"retransmits":	0,
					"snd_cwnd":	214620,
					"rtt":	1667,
					"rttvar":	141,
					"pmtu":	1500,
					"omitted":	false,
					"sender":	true
				}],
			"sum":	{
				"start":	0,
				"end":	1.000124,
				"seconds":	1.0001239776611328,
				"bytes":	118804580,
				"bits_per_second":	950318821.69515574,
				"retransmits":	0,
				"omitted":	false,
				"sender":	true
			}
		}, {
			"streams":	[{
					"socket":	6,
					"start":	1.000124,
					"end":	2.000125,
					"seconds":	1.0000009536743164,
					"bytes":	117559200,
					"bits_per_second":	940472703.09533775,
					"retransmits":	0,
					"snd_cwnd":	214620,
					"rtt":	1669,
					"rttvar":	149,
					"pmtu":	1500,
					"omitted":	false,
					"sender":	true
				}],
			"sum":	{
				"start":	1.000124,
				"end":	2.000125,
				"seconds":	1.0000009536743164,
				"bytes":	117559200,
				"bits_per_second":	940472703.09533775,
				"retransmits":	0,
				"omitted":	false,
				"sender":	true
			}
		}, {
			"streams":	[{
					"socket":	6,
					"start":	2.000125,
					"end":	3.000135,
					"seconds":	1.0000100135803223,
					"bytes":	118008880,
					"bits_per_second":	944061586.56347382,
					"retransmits":	0,
					"snd_cwnd":	214620,
					"rtt":	1597,
					"rttvar":	128,
					"pmtu":	1500,
					"omitted":	false,
					"sender":	true
				}],
			"sum":	{
				"start":	2.000125,
				"end":	3.000135,
				"seconds":	1.0000100135803223,
				"bytes":	118008880,
				"bits_per_second":	944061586.56347382,
				"retransmits":	0,
				"omitted":	false,
				"sender":	true
			}
		}, {
			"streams":	[{
					"socket":	6,
					"start":	3.000135,
					"end":	4.000137,
					"seconds":	1.0000020265579224,
					"bytes":	117430720,
					"bits_per_second":	939443856.16261065,
					"retransmits":	0,
					"snd_cwnd":	214620,
					"rtt":	1668,
					"rttvar":	212,
					"pmtu":	1500,
					"omitted":	false,
					"sender":	true
				}],
			"sum":	{
				"start":	3.000135,
				"end":	4.000137,
				"seconds":	1.0000020265579224,
				"bytes":	117430720,
				"bits_per_second":	939443856.16261065,
				"retransmits":	0,
				"omitted":	false,
				"sender":	true
			}
		}, {
			"streams":	[{
					"socket":	6,
					"start":	4.000137,
					"end":	5.000078,
					"seconds":	0.99994099140167236,
					"bytes":	118201600,
					"bits_per_second":	945668602.57872057,
					"retransmits":	0,
					"snd_cwnd":	214620,
					"rtt":	1704,
					"rttvar":	280,
					"pmtu":	1500,
					"omitted":	false,
					"sender":	true
				}],
			"sum":	{
				"start":	4.000137,
				"end":	5.000078,
				"seconds":	0.99994099140167236,
				"bytes":	118201600,
				"bits_per_second":	945668602.57872057,
				"retransmits":	0,
				"omitted":	false,
				"sender":	true
			}
		}, {
			"streams":	[{
					"socket":	6,
					"start":	5.000078,
					"end":	6.000151,
					"seconds":	1.0000729560852051,
					"bytes":	117302240,
					"bits_per_second":	938349461.69672036,
					"retransmits":	0,
					"snd_cwnd":	214620,
					"rtt":	1578,
					"rttvar":	223,
					"pmtu":	1500,
					"omitted":	false,
					"sender":	true
				}],
			"sum":	{
				"start":	5.000078,
				"end":	6.000151,
				"seconds":	1.0000729560852051,
				"bytes":	117302240,
				"bits_per_second":	938349461.69672036,
				"retransmits":	0,
				"omitted":	false,
				"sender":	true
			}
		}, {
			"streams":	[{
					"socket":	6,
					"start":	6.000151,
					"end":	7.000147,
					"seconds":	0.9999960064888,
					"bytes":	117816160,
					"bits_per_second":	942533044.01626766,
					"retransmits":	0,
					"snd_cwnd":	214620,
					"rtt":	1612,
					"rttvar":	168,
					"pmtu":	1500,
					"omitted":	false,
					"sender":	true
				}],
			"sum":	{
				"start":	6.000151,
				"end":	7.000147,
				"seconds":	0.9999960064888,
				"bytes":	117816160,
				"bits_per_second":	942533044.01626766,
				"retransmits":	0,
				"omitted":	false,
				"sender":	true
			}
		}, {
			"streams":	[{
					"socket":	6,
					"start":	7.000147,
					"end":	8.000073,
					"seconds":	0.999925971031189,
					"bytes":	118201600,
					"bits_per_second":	945682807.92309284,
					"retransmits":	0,
					"snd_cwnd":	214620,
					"rtt":	1524,
					"rttvar":	153,
					"pmtu":	1500,
					"omitted":	false,
					"sender":	true
				}],
			"sum":	{
				"start":	7.000147,
				"end":	8.000073,
				"seconds":	0.999925971031189,
				"bytes":	118201600,
				"bits_per_second":	945682807.92309284,
				"retransmits":	0,
				"omitted":	false,
				"sender":	true
			}
		}, {
			"streams":	[{
					"socket":	6,
					"start":	8.000073,
					"end":	9.000139,
					"seconds":	1.0000660419464111,
					"bytes":	117494960,
					"bits_per_second":	939897607.33258462,
					"retransmits":	0,
					"snd_cwnd":	214620,
					"rtt":	1570,
					"rttvar":	120,
					"pmtu":	1500,
					"omitted":	false,
					"sender":	true
				}],
			"sum":	{
				"start":	8.000073,
				"end":	9.000139,
				"seconds":	1.0000660419464111,
				"bytes":	117494960,
				"bits_per_second":	939897607.33258462,
				"retransmits":	0,
				"omitted":	false,
				"sender":	true
			}
		}, {
			"streams":	[{
					"socket":	6,
					"start":	9.000139,
					"end":	10.000136,
					"seconds":	0.99999701976776123,
					"bytes":	117687680,
					"bits_per_second":	941504245.90130663,
					"retransmits":	0,
					"snd_cwnd":	214620,
					"rtt":	1610,
					"rttvar":	225,
					"pmtu":	1500,
					"omitted":	false,
					"sender":	true
				}],
			"sum":	{
				"start":	9.000139,
				"end":	10.000136,
				"seconds":	0.99999701976776123,
				"bytes":	117687680,
				"bits_per_second":	941504245.90130663,
				"retransmits":	0,
				"omitted":	false,
				"sender":	true
			}
		}, {
			"streams":	[{
					"socket":	6,
					"start":	10.000136,
					"end":	11.000145,
					"seconds":	1.0000089406967163,
					"bytes":	117816160,
					"bits_per_second":	942520853.20690262,
					"retransmits":	0,
					"snd_cwnd":	214620,
					"rtt":	1671,
					"rttvar":	153,
					"pmtu":	1500,
					"omitted":	false,
					"sender":	true
				}],
			"sum":	{
				"start":	10.000136,
				"end":	11.000145,
				"seconds":	1.0000089406967163,
				"bytes":	117816160,
				"bits_per_second":	942520853.20690262,
				"retransmits":	0,
				"omitted":	false,
				"sender":	true
			}
		}, {
			"streams":	[{
					"socket":	6,
					"start":	11.000145,
					"end":	12.000129,
					"seconds":	0.9999840259552002,
					"bytes":	117751920,
					"bits_per_second":	942030408.03594077,
					"retransmits":	0,
					"snd_cwnd":	214620,
					"rtt":	1689,
					"rttvar":	148,
					"pmtu":	1500,
					"omitted":	false,
					"sender":	true
				}],
			"sum":	{
				"start":	11.000145,
				"end":	12.000129,
				"seconds":	0.9999840259552002,
				"bytes":	117751920,
				"bits_per_second":	942030408.03594077,
				"retransmits":	0,
				"omitted":	false,
				"sender":	true
			}
		}, {
			"streams":	[{
					"socket":	6,
					"start":	12.000129,
					"end":	13.000136,
					"seconds":	1.0000070333480835,
					"bytes":	117687680,
					"bits_per_second":	941494818.13922524,
					"retransmits":	0,
					"snd_cwnd":	214620,
					"rtt":	1703,
					"rttvar":	187,
					"pmtu":	1500,
					"omitted":	false,
					"sender":	true
				}],
			"sum":	{
				"start":	12.000129,
				"end":	13.000136,
				"seconds":	1.0000070333480835,
				"bytes":	117687680,
				"bits_per_second":	941494818.13922524,
				"retransmits":	0,
				"omitted":	false,
				"sender":	true
			}
		}, {
			"streams":	[{
					"socket":	6,
					"start":	13.000136,
					"end":	14.000146,
					"seconds":	1.0000100135803223,
					"bytes":	118008880,
					"bits_per_second":	944061586.56347382,
					"retransmits":	0,
					"snd_cwnd":	214620,
					"rtt":	1720,
					"rttvar":	245,
					"pmtu":	1500,
					"omitted":	false,
					"sender":	true
				}],
			"sum":	{
				"start":	13.000136,
				"end":	14.000146,
				"seconds":	1.0000100135803223,
				"bytes":	118008880,
				"bits_per_second":	944061586.56347382,
				"retransmits":	0,
				"omitted":	false,
				"sender":	true
			}
		}, {
			"streams":	[{
					"socket":	6,
					"start":	14.000146,
					"end":	15.000139,
					"seconds":	0.99999302625656128,
					"bytes":	117880400,
					"bits_per_second":	943049776.58719182,
					"retransmits":	0,
					"snd_cwnd":	214620,
					"rtt":	1595,
					"rttvar":	153,
					"pmtu":	1500,
					"omitted":	false,
					"sender":	true
				}],
			"sum":	{
				"start":	14.000146,
				"end":	15.000139,
				"seconds":	0.99999302625656128,
				"bytes":	117880400,
				"bits_per_second":	943049776.58719182,
				"retransmits":	0,
				"omitted":	false,
				"sender":	true
			}
		}, {
			"streams":	[{
					"socket":	6,
					"start":	15.000139,
					"end":	16.000143,
					"seconds":	1.0000040531158447,
					"bytes":	117687680,
					"bits_per_second":	941497624.00106239,
					"retransmits":	0,
					"snd_cwnd":	214620,
					"rtt":	1559,
					"rttvar":	139,
					"pmtu":	1500,
					"omitted":	false,
					"sender":	true
				}],
			"sum":	{
				"start":	15.000139,
				"end":	16.000143,
				"seconds":	1.0000040531158447,
				"bytes":	117687680,
				"bits_per_second":	941497624.00106239,
				"retransmits":	0,
				"omitted":	false,
				"sender":	true
			}
		}, {
			"streams":	[{
					"socket":	6,
					"start":	16.000143,
					"end":	17.000143,
					"seconds":	1,
					"bytes":	117559200,
					"bits_per_second":	940473600,
					"retransmits":	0,
					"snd_cwnd":	214620,
					"rtt":	1589,
					"rttvar":	130,
					"pmtu":	1500,
					"omitted":	false,
					"sender":	true
				}],
			"sum":	{
				"start":	16.000143,
				"end":	17.000143,
				"seconds":	1,
				"bytes":	117559200,
				"bits_per_second":	940473600,
				"retransmits":	0,
				"omitted":	false,
				"sender":	true
			}
		}, {
			"streams":	[{
					"socket":	6,
					"start":	17.000143,
					"end":	18.000126,
					"seconds":	0.999983012676239,
					"bytes":	117880400,
					"bits_per_second":	943059220.05229676,
					"retransmits":	0,
					"snd_cwnd":	214620,
					"rtt":	1727,
					"rttvar":	226,
					"pmtu":	1500,
					"omitted":	false,
					"sender":	true
				}],
			"sum":	{
				"start":	17.000143,
				"end":	18.000126,
				"seconds":	0.999983012676239,
				"bytes":	117880400,
				"bits_per_second":	943059220.05229676,
				"retransmits":	0,
				"omitted":	false,
				"sender":	true
			}
		}, {
			"streams":	[{
					"socket":	6,
					"start":	18.000126,
					"end":	19.000143,
					"seconds":	1.0000170469284058,
					"bytes":	117751920,
					"bits_per_second":	941999301.80534387,
					"retransmits":	0,
					"snd_cwnd":	214620,
					"rtt":	1501,
					"rttvar":	205,
					"pmtu":	1500,
					"omitted":	false,
					"sender":	true
				}],
			"sum":	{
				"start":	18.000126,
				"end":	19.000143,
				"seconds":	1.0000170469284058,
				"bytes":	117751920,
				"bits_per_second":	941999301.80534387,
				"retransmits":	0,
				"omitted":	false,
				"sender":	true
			}
		}, {
			"streams":	[{
					"socket":	6,
					"start":	19.000143,
					"end":	20.000077,
					"seconds":	0.99993401765823364,
					"bytes":	118008880,
					"bits_per_second":	944133336.12845743,
					"retransmits":	0,
					"snd_cwnd":	214620,
					"rtt":	1607,
					"rttvar":	132,
					"pmtu":	1500,
					"omitted":	false,
					"sender":	true
				}],
			"sum":	{
				"start":	19.000143,
				"end":	20.000077,
				"seconds":	0.99993401765823364,
				"bytes":	118008880,
				"bits_per_second":	944133336.12845743,
				"retransmits":	0,
				"omitted":	false,
				"sender":	true
			}
		}, {
			"streams":	[{
					"socket":	6,
					"start":	20.000077,
					"end":	21.000125,
					"seconds":	1.000048041343689,
					"bytes":	117430720,
					"bits_per_second":	939400629.93147588,
					"retransmits":	0,
					"snd_cwnd":	214620,
					"rtt":	1577,
					"rttvar":	224,
					"pmtu":	1500,
					"omitted":	false,
					"sender":	true
				}],
			"sum":	{
				"start":	20.000077,
				"end":	21.000125,
				"seconds":	1.000048041343689,
				"bytes":	117430720,
				"bits_per_second":	939400629.93147588,
				"retransmits":	0,
				"omitted":	false,
				"sender":	true
			}
		}, {
			"streams":	[{
					"socket":	6,
					"start":	21.000125,
					"end":	22.000144,
					"seconds":	1.0000189542770386,
					"bytes":	117751920,
					"bits_per_second":	941997505.11831832,
					"retransmits":	0,
					"snd_cwnd":	214620,
					"rtt":	1621,
					"rttvar":	208,
					"pmtu":	1500,
					"omitted":	false,
					"sender":	true
				}],
			"sum":	{
				"start":	21.000125,
				"end":	22.000144,
				"seconds":	1.0000189542770386,
				"bytes":	117751920,
				"bits_per_second":	941997505.11831832,
				"retransmits":	0,
				"omitted":	false,
				"sender":	true
			}
		}, {
			"streams":	[{
					"socket":	6,
					"start":	22.000144,
					"end":	23.000135,
					"seconds":	0.99999099969863892,
					"bytes":	117751920,
					"bits_per_second":	942023838.49843585,
					"retransmits":	0,
					"snd_cwnd":	214620,
					"rtt":	1627,
					"rttvar":	260,
					"pmtu":	1500,
					"omitted":	false,
					"sender":	true
				}],
			"sum":	{
				"start":	22.000144,
				"end":	23.000135,
				"seconds":	0.99999099969863892,
				"bytes":	117751920,
				"bits_per_second":	942023838.49843585,
				"retransmits":	0,
				"omitted":	false,
				"sender":	true
			}
		}, {
			"streams":	[{
					"socket":	6,
					"start":	23.000135,
					"end":	24.000077,
					"seconds":	0.99994200468063354,
					"bytes":	118073120,
					"bits_per_second":	944639744.68367922,
					"retransmits":	0,
					"snd_cwnd":	214620,
					"rtt":	1609,
					"rttvar":	174,
					"pmtu":	1500,
					"omitted":	false,
					"sender":	true
				}],
			"sum":	{
				"start":	23.000135,
				"end":	24.000077,
				"seconds":	0.99994200468063354,
				"bytes":	118073120,
				"bits_per_second":	944639744.68367922,
				"retransmits":	0,
				"omitted":	false,
				"sender":	true
			}
		}, {
			"streams":	[{
					"socket":	6,
					"start":	24.000077,
					"end":	25.000149,
					"seconds":	1.0000720024108887,
					"bytes":	117494960,
					"bits_per_second":	939892005.5096283,
					"retransmits":	0,
					"snd_cwnd":	214620,
					"rtt":	1658,
					"rttvar":	166,
					"pmtu":	1500,
					"omitted":	false,
					"sender":	true
				}],
			"sum":	{
				"start":	24.000077,
				"end":	25.000149,
				"seconds":	1.0000720024108887,
				"bytes":	117494960,
				"bits_per_second":	939892005.5096283,
				"retransmits":	0,
				"omitted":	false,
				"sender":	true
			}
		}, {
			"streams":	[{
					"socket":	6,
					"start":	25.000149,
					"end":	26.000144,
					"seconds":	0.99999499320983887,
					"bytes":	117880400,
					"bits_per_second":	943047921.64305556,
					"retransmits":	0,
					"snd_cwnd":	214620,
					"rtt":	1697,
					"rttvar":	165,
					"pmtu":	1500,
					"omitted":	false,
					"sender":	true
				}],
			"sum":	{
				"start":	25.000149,
				"end":	26.000144,
				"seconds":	0.99999499320983887,
				"bytes":	117880400,
				"bits_per_second":	943047921.64305556,
				"retransmits":	0,
				"omitted":	false,
				"sender":	true
			}
		}, {
			"streams":	[{
					"socket":	6,
					"start":	26.000144,
					"end":	27.000073,
					"seconds":	0.99992901086807251,
					"bytes":	117944640,
					"bits_per_second":	943624107.05622578,
					"retransmits":	0,
					"snd_cwnd":	214620,
					"rtt":	1675,
					"rttvar":	138,
					"pmtu":	1500,
					"omitted":	false,
					"sender":	true
				}],
			"sum":	{
				"start":	26.000144,
				"end":	27.000073,
				"seconds":	0.99992901086807251,
				"bytes":	117944640,
				"bits_per_second":	943624107.05622578,
				"retransmits":	0,
				"omitted":	false,
				"sender":	true
			}
		}, {
			"streams":	[{
					"socket":	6,
					"start":	27.000073,
					"end":	28.000148,
					"seconds":	1.0000749826431274,
					"bytes":	117687680,
					"bits_per_second":	941430849.02661824,
					"retransmits":	0,
					"snd_cwnd":	214620,
					"rtt":	1754,
					"rttvar":	197,
					"pmtu":	1500,
					"omitted":	false,
					"sender":	true
				}],
			"sum":	{
				"start":	27.000073,
				"end":	28.000148,
				"seconds":	1.0000749826431274,
				"bytes":	117687680,
				"bits_per_second":	941430849.02661824,
				"retransmits":	0,
				"omitted":	false,
				"sender":	true
			}
		}, {
			"streams":	[{
					"socket":	6,
					"start":	28.000148,
					"end":	29.000152,
					"seconds":	1.0000040531158447,
					"bytes":	117366480,
					"bits_per_second":	938928034.41590667,
					"retransmits":	0,
					"snd_cwnd":	214620,
					"rtt":	1650,
					"rttvar":	154,
					"pmtu":	1500,
					"omitted":	false,
					"sender":	true
				}],
			"sum":	{
				"start":	28.000148,
				"end":	29.000152,
				"seconds":	1.0000040531158447,
				"bytes":	117366480,
				"bits_per_second":	938928034.41590667,
				"retransmits":	0,
				"omitted":	false,
				"sender":	true
			}
		}, {
			"streams":	[{
					"socket":	6,
					"start":	29.000152,
					"end":	30.000144,
					"seconds":	0.9999920129776001,
					"bytes":	118008880,
					"bits_per_second":	944078580.37676871,
					"retransmits":	0,
					"snd_cwnd":	214620,
					"rtt":	1751,
					"rttvar":	187,
					"pmtu":	1500,
					"omitted":	false,
					"sender":	true
				}],
			"sum":	{
				"start":	29.000152,
				"end":	30.000144,
				"seconds":	0.9999920129776001,
				"bytes":	118008880,
				"bits_per_second":	944078580.37676871,
				"retransmits":	0,
				"omitted":	false,
				"sender":	true
			}
		}, {
			"streams":	[{
					"socket":	6,
					"start":	30.000144,
					"end":	31.000146,
					"seconds":	1.0000020265579224,
					"bytes":	117623440,
					"bits_per_second":	940985613.038151,
					"retransmits":	0,
					"snd_cwnd":	214620,
					"rtt":	1617,
					"rttvar":	203,
					"pmtu":	1500,
					"omitted":	false,
					"sender":	true
				}],
			"sum":	{
				"start":	30.000144,
				"end":	31.000146,
				"seconds":	1.0000020265579224,
				"bytes":	117623440,
				"bits_per_second":	940985613.038151,
				"retransmits":	0,
				"omitted":	false,
				"sender":	true
			}
		}, {
			"streams":	[{
					"socket":	6,
					"start":	31.000146,
					"end":	32.000127,
					"seconds":	0.99998098611831665,
					"bytes":	117687680,
					"bits_per_second":	941519341.93737018,
					"retransmits":	0,
					"snd_cwnd":	214620,
					"rtt":	1717,
					"rttvar":	213,
					"pmtu":	1500,
					"omitted":	false,
					"sender":	true
				}],
			"sum":	{
				"start":	31.000146,
				"end":	32.000127,
				"seconds":	0.99998098611831665,
				"bytes":	117687680,
				"bits_per_second":	941519341.93737018,
				"retransmits":	0,
				"omitted":	false,
				"sender":	true
			}
		}, {
			"streams":	[{
					"socket":	6,
					"start":	32.000127,
					"end":	33.000151,
					"seconds":	1.0000239610671997,
					"bytes":	118008880,
					"bits_per_second":	944048419.59237838,
					"retransmits":	0,
					"snd_cwnd":	214620,
					"rtt":	1727,
					"rttvar":	241,
					"pmtu":	1500,
					"omitted":	false,
					"sender":	true
				}],
			"sum":	{
				"start":	32.000127,
				"end":	33.000151,
				"seconds":	1.0000239610671997,
				"bytes":	118008880,
				"bits_per_second":	944048419.59237838,
				"retransmits":	0,
				"omitted":	false,
				"sender":	true
			}
		}, {
			"streams":	[{
					"socket":	6,
					"start":	33.000151,
					"end":	34.000146,
					"seconds":	0.99999499320983887,
					"bytes":	117816160,
					"bits_per_second":	942533999.06995308,
					"retransmits":	0,
					"snd_cwnd":	214620,
					"rtt":	1737,
					"rttvar":	231,
					"pmtu":	1500,
					"omitted":	false,
					"sender":	true
				}],
			"sum":	{
				"start":	33.000151,
				"end":	34.000146,
				"seconds":	0.99999499320983887,
				"bytes":	117816160,
				"bits_per_second":	942533999.06995308,
				"retransmits":	0,
				"omitted":	false,
				"sender":	true
			}
		}, {
			"streams":	[{
					"socket":	6,
					"start":	34.000146,
					"end":	35.000121,
					"seconds":	0.99997502565383911,
					"bytes":	117816160,
					"bits_per_second":	942552819.64039266,
					"retransmits":	0,
					"snd_cwnd":	214620,
					"rtt":	1648,
					"rttvar":	117,
					"pmtu":	1500,
					"omitted":	false,
					"sender":	true
				}],
			"sum":	{
				"start":	34.000146,
				"end":	35.000121,
				"seconds":	0.99997502565383911,
				"bytes":	117816160,
				"bits_per_second":	942552819.64039266,
				"retransmits":	0,
				"omitted":	false,
				"sender":	true
			}
		}, {
			"streams":	[{
					"socket":	6,
					"start":	35.000121,
					"end":	36.000111,
					"seconds":	0.99998998641967773,
					"bytes":	117816160,
					"bits_per_second":	942538718.18716145,
					"retransmits":	0,
					"snd_cwnd":	214620,
					"rtt":	1716,
					"rttvar":	274,
					"pmtu":	1500,
					"omitted":	false,
					"sender":	true
				}],
			"sum":	{
				"start":	35.000121,
				"end":	36.000111,
				"seconds":	0.99998998641967773,
				"bytes":	117816160,
				"bits_per_second":	942538718.18716145,
				"retransmits":	0,
				"omitted":	false,
				"sender":	true
			}
		}, {
			"streams":	[{
					"socket":	6,
					"start":	36.000111,
					"end":	37.000139,
					"seconds":	1.0000280141830444,
					"bytes":	117430720,
					"bits_per_second":	939419442.93177021,
					"retransmits":	0,
					"snd_cwnd":	214620,
					"rtt":	1717,
					"rttvar":	202,
					"pmtu":	1500,
					"omitted":	false,
					"sender":	true
				}],
			"sum":	{
				"start":	36.000111,
				"end":	37.000139,
				"seconds":	1.0000280141830444,
				"bytes":	117430720,
				"bits_per_second":	939419442.93177021,
				"retransmits":	0,
				"omitted":	false,
				"sender":	true
			}
		}, {
			"streams":	[{
					"socket":	6,
					"start":	37.000139,
					"end":	38.000126,
					"seconds":	0.999987006187439,
					"bytes":	117751920,
					"bits_per_second":	942027600.53006864,
					"retransmits":	0,
					"snd_cwnd":	214620,
					"rtt":	1706,
					"rttvar":	183,
					"pmtu":	1500,
					"omitted":	false,
					"sender":	true
				}],
			"sum":	{
				"start":	37.000139,
				"end":	38.000126,
				"seconds":	0.999987006187439,
				"bytes":	117751920,
				"bits_per_second":	942027600.53006864,
				"retransmits":	0,
				"omitted":	false,
				"sender":	true
			}
		}, {
			"streams":	[{
					"socket":	6,
					"start":	38.000126,
					"end":	39.000077,
					"seconds":	0.99995100498199463,
					"bytes":	118073120,
					"bits_per_second":	944631242.22472119,
					"retransmits":	0,
					"snd_cwnd":	214620,
					"rtt":	1737,
					"rttvar":	203,
					"pmtu":	1500,
					"omitted":	false,
					"sender":	true
				}],
			"sum":	{
				"start":	38.000126,
				"end":	39.000077,
				"seconds":	0.99995100498199463,
				"bytes":	118073120,
				"bits_per_second":	944631242.22472119,
				"retransmits":	0,
				"omitted":	false,
				"sender":	true
			}
		}, {
			"streams":	[{
					"socket":	6,
					"start":	39.000077,
					"end":	40.000138,
					"seconds":	1.00006103515625,
					"bytes":	117623440,
					"bits_per_second":	940930090.1849252,
					"retransmits":	0,
					"snd_cwnd":	214620,
					"rtt":	1691,
					"rttvar":	153,
					"pmtu":	1500,
					"omitted":	false,
					"sender":	true
				}],
			"sum":	{
				"start":	39.000077,
				"end":	40.000138,
				"seconds":	1.00006103515625,
				"bytes":	117623440,
				"bits_per_second":	940930090.1849252,
				"retransmits":	0,
				"omitted":	false,
				"sender":	true
			}
		}],
	"end":	{
		"streams":	[{
				"sender":	{
					"socket":	6,
					"start":	0,
					"end":	40.000138,
					"seconds":	40.000138,
					"bytes":	4711579140,
					"bits_per_second":	942312577.02160931,
					"retransmits":	0,
					"max_snd_cwnd":	214620,
					"max_rtt":	1754,
					"min_rtt":	1501,
					"mean_rtt":	1654,
					"sender":	true
				},
				"receiver":	{
					"socket":	6,
					"start":	0,
					"end":	40.000138,
					"seconds":	40.000138,
					"bytes":	4710678320,
					"bits_per_second":	942132413.643173,
					"sender":	true
				}
			}],
		"sum_sent":	{
			"start":	0,
			"end":	40.000138,
			"seconds":	40.000138,
			"bytes":	4711579140,
			"bits_per_second":	942312577.02160931,
			"retransmits":	0,
			"sender":	true
		},
		"sum_received":	{
			"start":	0,
			"end":	40.000138,
			"seconds":	40.000138,
			"bytes":	4710678320,
			"bits_per_second":	942132413.643173,
			"sender":	true
		},
		"cpu_utilization_percent":	{
			"host_total":	5.27104665383455,
			"host_user":	0.20200758615866252,
			"host_system":	5.0690415646176952,
			"remote_total":	4.48333,
			"remote_user":	1.101382,
			"remote_system":	3.381948
		},
		"sender_tcp_congestion":	"cubic"
	}
}
