{
	"start":	{
		"connected":	[{
				"socket":	6,
				"local_host":	"192.168.94.14",
				"local_port":	40274,
				"remote_host":	"192.168.94.100",
				"remote_port":	5201
			}],
		"version":	"iperf 3.7",
		"system_info":	"Linux lab4-nz14 5.11.0-25-generic #27~20.04.1-Ubuntu SMP Tue Jul 13 17:41:23 UTC 2021 x86_64",
		"timestamp":	{
			"time":	"Fri, 08 Oct 2021 20:55:08 GMT",
			"timesecs":	1633726508
		},
		"connecting_to":	{
			"host":	"192.168.94.100",
			"port":	5201
		},
		"cookie":	"3yy2urb5msy5nfiwdhqos35civoxodlqx6ue",
		"tcp_mss_default":	1460,
		"sock_bufsize":	0,
		"sndbuf_actual":	16384,
		"rcvbuf_actual":	131072,
		"test_start":	{
			"protocol":	"TCP",
			"num_streams":	1,
			"blksize":	131072,
			"omit":	0,
			"duration":	40,
			"bytes":	0,
			"blocks":	0,
			"reverse":	0,
			"tos":	0
		}
	},
	"intervals":	[{
			"streams":	[{
					"socket":	6,
					"start":	0,
					"end":	1.000127,
					"seconds":	1.0001269578933716,
					"bytes":	118544700,
					"bits_per_second":	948237213.80091929,
					"retransmits":	0,
					"snd_cwnd":	226300,
					"rtt":	1680,
					"rttvar":	146,
					"pmtu":	1500,
					"omitted":	false,
					"sender":	true
				}],
			"sum":	{
				"start":	0,
				"end":	1.000127,
				"seconds":	1.0001269578933716,
				"bytes":	118544700,
				"bits_per_second":	948237213.80091929,
				"retransmits":	0,
				"omitted":	false,
				"sender":	true
			}
		}, {
			"streams":	[{
					"socket":	6,
					"start":	1.000127,
					"end":	2.000141,
					"seconds":	1.0000139474868774,
					"bytes":	117880400,
					"bits_per_second":	943030047.100793,
					"retransmits":	0,
					"snd_cwnd":	226300,
					"rtt":	1718,
					"rttvar":	209,
					"pmtu":	1500,
					"omitted":	false,
					"sender":	true
				}],
			"sum":	{
				"start":	1.000127,
				"end":	2.000141,
				"seconds":	1.0000139474868774,
				"bytes":	117880400,
				"bits_per_second":	943030047.100793,
				"retransmits":	0,
				"omitted":	false,
				"sender":	true
			}
		}, {
			"streams":	[{
					"socket":	6,
					"start":	2.000141,
					"end":	3.000139,
					"seconds":	0.99999797344207764,
					"bytes":	118008880,
					"bits_per_second":	944072953.21852267,
					"retransmits":	0,
					"snd_cwnd":	226300,
					"rtt":	1761,
					"rttvar":	199,
					"pmtu":	1500,
					"omitted":	false,
					"sender":	true
				}],
			"sum":	{
				"start":	2.000141,
				"end":	3.000139,
				"seconds":	0.99999797344207764,
				"bytes":	118008880,
				"bits_per_second":	944072953.21852267,
				"retransmits":	0,
				"omitted":	false,
				"sender":	true
			}
		}, {
			"streams":	[{
					"socket":	6,
					"start":	3.000139,
					"end":	4.000132,
					"seconds":	0.99999302625656128,
					"bytes":	117430720,
					"bits_per_second":	939452311.49939334,
					"retransmits":	0,
					"snd_cwnd":	226300,
					"rtt":	1730,
					"rttvar":	245,
					"pmtu":	1500,
					"omitted":	false,
					"sender":	true
				}],
			"sum":	{
				"start":	3.000139,
				"end":	4.000132,
				"seconds":	0.99999302625656128,
				"bytes":	117430720,
				"bits_per_second":	939452311.49939334,
				"retransmits":	0,
				"omitted":	false,
				"sender":	true
			}
		}, {
			"streams":	[{
					"socket":	6,
					"start":	4.000132,
					"end":	5.000133,
					"seconds":	1.0000009536743164,
					"bytes":	117880400,
					"bits_per_second":	943042300.64477861,
					"retransmits":	0,
					"snd_cwnd":	226300,
					"rtt":	1726,
					"rttvar":	248,
					"pmtu":	1500,
					"omitted":	false,
					"sender":	true
				}],
			"sum":	{
				"start":	4.000132,
				"end":	5.000133,
				"seconds":	1.0000009536743164,
				"bytes":	117880400,
				"bits_per_second":	943042300.64477861,
				"retransmits":	0,
				"omitted":	false,
				"sender":	true
			}
		}, {
			"streams":	[{
					"socket":	6,
					"start":	5.000133,
					"end":	6.000139,
					"seconds":	1.0000059604644775,
					"bytes":	118073120,
					"bits_per_second":	944579329.86845815,
					"retransmits":	0,
					"snd_cwnd":	226300,
					"rtt":	1717,
					"rttvar":	165,
					"pmtu":	1500,
					"omitted":	false,
					"sender":	true
				}],
			"sum":	{
				"start":	5.000133,
				"end":	6.000139,
				"seconds":	1.0000059604644775,
				"bytes":	118073120,
				"bits_per_second":	944579329.86845815,
				"retransmits":	0,
				"omitted":	false,
				"sender":	true
			}
		}, {
			"streams":	[{
					"socket":	6,
					"start":	6.000139,
					"end":	7.000138,
					"seconds":	0.99999898672103882,
					"bytes":	117687680,
					"bits_per_second":	941502394.00456774,
					"retransmits":	0,
					"snd_cwnd":	226300,
					"rtt":	1660,
					"rttvar":	224,
					"pmtu":	1500,
					"omitted":	false,
					"sender":	true
				}],
			"sum":	{
				"start":	6.000139,
				"end":	7.000138,
				"seconds":	0.99999898672103882,
				"bytes":	117687680,
				"bits_per_second":	941502394.00456774,
				"retransmits":	0,
				"omitted":	false,
				"sender":	true
			}
		}, {
			"streams":	[{
					"socket":	6,
					"start":	7.000138,
					"end":	8.000141,
					"seconds":	1.0000029802322388,
					"bytes":	117623440,
					"bits_per_second":	940984715.64701426,
					"retransmits":	0,
					"snd_cwnd":	226300,
					"rtt":	1628,
					"rttvar":	232,
					"pmtu":	1500,
					"omitted":	false,
					"sender":	true
				}],
			"sum":	{
				"start":	7.000138,
				"end":	8.000141,
				"seconds":	1.0000029802322388,
				"bytes":	117623440,
				"bits_per_second":	940984715.64701426,
				"retransmits":	0,
				"omitted":	false,
				"sender":	true
			}
		}, {
			"streams":	[{
					"socket":	6,
					"start":	8.000141,
					"end":	9.000135,
					"seconds":	0.99999397993087769,
					"bytes":	117751920,
					"bits_per_second":	942021031.03172147,
					"retransmits":	0,
					"snd_cwnd":	226300,
					"rtt":	1739,
					"rttvar":	236,
					"pmtu":	1500,
					"omitted":	false,
					"sender":	true
				}],
			"sum":	{
				"start":	8.000141,
				"end":	9.000135,
				"seconds":	0.99999397993087769,
				"bytes":	117751920,
				"bits_per_second":	942021031.03172147,
				"retransmits":	0,
				"omitted":	false,
				"sender":	true
			}
		}, {
			"streams":	[{
					"socket":	6,
					"start":	9.000135,
					"end":	10.000134,
					"seconds":	0.99999898672103882,
					"bytes":	117751920,
					"bits_per_second":	942016314.52531254,
					"retransmits":	0,
					"snd_cwnd":	226300,
					"rtt":	1707,
					"rttvar":	244,
					"pmtu":	1500,
					"omitted":	false,
					"sender":	true
				}],
			"sum":	{
				"start":	9.000135,
				"end":	10.000134,
				"seconds":	0.99999898672103882,
				"bytes":	117751920,
				"bits_per_second":	942016314.52531254,
				"retransmits":	0,
				"omitted":	false,
				"sender":	true
			}
		}, {
			"streams":	[{
					"socket":	6,
					"start":	10.000134,
					"end":	11.000132,
					"seconds":	0.99999797344207764,
					"bytes":	117944640,
					"bits_per_second":	943559032.17703187,
					"retransmits":	0,
					"snd_cwnd":	226300,
					"rtt":	1679,
					"rttvar":	154,
					"pmtu":	1500,
					"omitted":	false,
					"sender":	true
				}],
			"sum":	{
				"start":	10.000134,
				"end":	11.000132,
				"seconds":	0.99999797344207764,
				"bytes":	117944640,
				"bits_per_second":	943559032.17703187,
				"retransmits":	0,
				"omitted":	false,
				"sender":	true
			}
		}, {
			"streams":	[{
					"socket":	6,
					"start":	11.000132,
					"end":	12.000135,
					"seconds":	1.0000029802322388,
					"bytes":	117687680,
					"bits_per_second":	941498634.11541784,
					"retransmits":	0,
					"snd_cwnd":	226300,
					"rtt":	1689,
					"rttvar":	243,
					"pmtu":	1500,
					"omitted":	false,
					"sender":	true
				}],
			"sum":	{
				"start":	11.000132,
				"end":	12.000135,
				"seconds":	1.0000029802322388,
				"bytes":	117687680,
				"bits_per_second":	941498634.11541784,
				"retransmits":	0,
				"omitted":	false,
				"sender":	true
			}
		}, {
			"streams":	[{
					"socket":	6,
					"start":	12.000135,
					"end":	13.000132,
					"seconds":	0.99999701976776123,
					"bytes":	117751920,
					"bits_per_second":	942018167.43291211,
					"retransmits":	0,
					"snd_cwnd":	226300,
					"rtt":	1711,
					"rttvar":	151,
					"pmtu":	1500,
					"omitted":	false,
					"sender":	true
				}],
			"sum":	{
				"start":	12.000135,
				"end":	13.000132,
				"seconds":	0.99999701976776123,
				"bytes":	117751920,
				"bits_per_second":	942018167.43291211,
				"retransmits":	0,
				"omitted":	false,
				"sender":	true
			}
		}, {
			"streams":	[{
					"socket":	6,
					"start":	13.000132,
					"end":	14.000139,
					"seconds":	1.0000070333480835,
					"bytes":	117816160,
					"bits_per_second":	942522650.91011953,
					"retransmits":	0,
					"snd_cwnd":	226300,
					"rtt":	1617,
					"rttvar":	130,
					"pmtu":	1500,
					"omitted":	false,
					"sender":	true
				}],
			"sum":	{
				"start":	13.000132,
				"end":	14.000139,
				"seconds":	1.0000070333480835,
				"bytes":	117816160,
				"bits_per_second":	942522650.91011953,
				"retransmits":	0,
				"omitted":	false,
				"sender":	true
			}
		}, {
			"streams":	[{
					"socket":	6,
					"start":	14.000139,
					"end":	15.000133,
					"seconds":	0.99999397993087769,
					"bytes":	117559200,
					"bits_per_second":	940479261.75016379,
					"retransmits":	0,
					"snd_cwnd":	226300,
					"rtt":	1644,
					"rttvar":	198,
					"pmtu":	1500,
					"omitted":	false,
					"sender":	true
				}],
			"sum":	{
				"start":	14.000139,
				"end":	15.000133,
				"seconds":	0.99999397993087769,
				"bytes":	117559200,
				"bits_per_second":	940479261.75016379,
				"retransmits":	0,
				"omitted":	false,
				"sender":	true
			}
		}, {
			"streams":	[{
					"socket":	6,
					"start":	15.000133,
					"end":	16.000148,
					"seconds":	1.0000150203704834,
					"bytes":	117880400,
					"bits_per_second":	943029035.35451233,
					"retransmits":	0,
					"snd_cwnd":	226300,
					"rtt":	1661,
					"rttvar":	155,
					"pmtu":	1500,
					"omitted":	false,
					"sender":	true
				}],
			"sum":	{
				"start":	15.000133,
				"end":	16.000148,
				"seconds":	1.0000150203704834,
				"bytes":	117880400,
				"bits_per_second":	943029035.35451233,
				"retransmits":	0,
				"omitted":	false,
				"sender":	true
			}
		}, {
			"streams":	[{
					"socket":	6,
					"start":	16.000148,
					"end":	17.00014,
					"seconds":	0.9999920129776001,
					"bytes":	117880400,
					"bits_per_second":	943050732.167322,
					"retransmits":	0,
					"snd_cwnd":	226300,
					"rtt":	1544,
					"rttvar":	159,
					"pmtu":	1500,
					"omitted":	false,
					"sender":	true
				}],
			"sum":	{
				"start":	16.000148,
				"end":	17.00014,
				"seconds":	0.9999920129776001,
				"bytes":	117880400,
				"bits_per_second":	943050732.167322,
				"retransmits":	0,
				"omitted":	false,
				"sender":	true
			}
		}, {
			"streams":	[{
					"socket":	6,
					"start":	17.00014,
					"end":	18.000136,
					"seconds":	0.9999960064888,
					"bytes":	117816160,
					"bits_per_second":	942533044.01626766,
					"retransmits":	0,
					"snd_cwnd":	226300,
					"rtt":	1711,
					"rttvar":	214,
					"pmtu":	1500,
					"omitted":	false,
					"sender":	true
				}],
			"sum":	{
				"start":	17.00014,
				"end":	18.000136,
				"seconds":	0.9999960064888,
				"bytes":	117816160,
				"bits_per_second":	942533044.01626766,
				"retransmits":	0,
				"omitted":	false,
				"sender":	true
			}
		}, {
			"streams":	[{
					"socket":	6,
					"start":	18.000136,
					"end":	19.00014,
					"seconds":	1.0000040531158447,
					"bytes":	117623440,
					"bits_per_second":	940983706.08403122,
					"retransmits":	0,
					"snd_cwnd":	226300,
					"rtt":	1639,
					"rttvar":	186,
					"pmtu":	1500,
					"omitted":	false,
					"sender":	true
				}],
			"sum":	{
				"start":	18.000136,
				"end":	19.00014,
				"seconds":	1.0000040531158447,
				"bytes":	117623440,
				"bits_per_second":	940983706.08403122,
				"retransmits":	0,
				"omitted":	false,
				"sender":	true
			}
		}, {
			"streams":	[{
					"socket":	6,
					"start":	19.00014,
					"end":	20.000147,
					"seconds":	1.0000070333480835,
					"bytes":	117880400,
					"bits_per_second":	943036567.2955668,
					"retransmits":	0,
					"snd_cwnd":	226300,
					"rtt":	1623,
					"rttvar":	129,
					"pmtu":	1500,
					"omitted":	false,
					"sender":	true
				}],
			"sum":	{
				"start":	19.00014,
				"end":	20.000147,
				"seconds":	1.0000070333480835,
				"bytes":	117880400,
				"bits_per_second":	943036567.2955668,
				"retransmits":	0,
				"omitted":	false,
				"sender":	true
			}
		}, {
			"streams":	[{
					"socket":	6,
					"start":	20.000147,
					"end":	21.000135,
					"seconds":	0.99998801946640015,
					"bytes":	117816160,
					"bits_per_second":	942540572.13899374,
					"retransmits":	0,
					"snd_cwnd":	226300,
					"rtt":	1626,
					"rttvar":	320,
					"pmtu":	1500,
					"omitted":	false,
					"sender":	true
				}],
			"sum":	{
				"start":	20.000147,
				"end":	21.000135,
				"seconds":	0.99998801946640015,
				"bytes":	117816160,
				"bits_per_second":	942540572.13899374,
				"retransmits":	0,
				"omitted":	false,
				"sender":	true
			}
		}, {
			"streams":	[{
					"socket":	6,
					"start":	21.000135,
					"end":	22.000132,
					"seconds":	0.99999701976776123,
					"bytes":	117751920,
					"bits_per_second":	942018167.43291211,
					"retransmits":	0,
					"snd_cwnd":	226300,
					"rtt":	1817,
					"rttvar":	231,
					"pmtu":	1500,
					"omitted":	false,
					"sender":	true
				}],
			"sum":	{
				"start":	21.000135,
				"end":	22.000132,
				"seconds":	0.99999701976776123,
				"bytes":	117751920,
				"bits_per_second":	942018167.43291211,
				"retransmits":	0,
				"omitted":	false,
				"sender":	true
			}
		}, {
			"streams":	[{
					"socket":	6,
					"start":	22.000132,
					"end":	23.000131,
					"seconds":	0.99999898672103882,
					"bytes":	117816160,
					"bits_per_second":	942530235.04605746,
					"retransmits":	0,
					"snd_cwnd":	226300,
					"rtt":	1603,
					"rttvar":	112,
					"pmtu":	1500,
					"omitted":	false,
					"sender":	true
				}],
			"sum":	{
				"start":	22.000132,
				"end":	23.000131,
				"seconds":	0.99999898672103882,
				"bytes":	117816160,
				"bits_per_second":	942530235.04605746,
				"retransmits":	0,
				"omitted":	false,
				"sender":	true
			}
		}, {
			"streams":	[{
					"socket":	6,
					"start":	23.000131,
					"end":	24.000134,
					"seconds":	1.0000029802322388,
					"bytes":	117687680,
					"bits_per_second":	941498634.11541784,
					"retransmits":	0,
					"snd_cwnd":	226300,
					"rtt":	1625,
					"rttvar":	156,
					"pmtu":	1500,
					"omitted":	false,
					"sender":	true
				}],
			"sum":	{
				"start":	23.000131,
				"end":	24.000134,
				"seconds":	1.0000029802322388,
				"bytes":	117687680,
				"bits_per_second":	941498634.11541784,
				"retransmits":	0,
				"omitted":	false,
				"sender":	true
			}
		}, {
			"streams":	[{
					"socket":	6,
					"start":	24.000134,
					"end":	25.000142,
					"seconds":	1.0000079870224,
					"bytes":	117494960,
					"bits_per_second":	939952172.58094275,
					"retransmits":	0,
					"snd_cwnd":	226300,
					"rtt":	1694,
					"rttvar":	240,
					"pmtu":	1500,
					"omitted":	false,
					"sender":	true
				}],
			"sum":	{
				"start":	24.000134,
				"end":	25.000142,
				"seconds":	1.0000079870224,
				"bytes":	117494960,
				"bits_per_second":	939952172.58094275,
				"retransmits":	0,
				"omitted":	false,
				"sender":	true
			}
		}, {
			"streams":	[{
					"socket":	6,
					"start":	25.000142,
					"end":	26.000298,
					"seconds":	1.000156044960022,
					"bytes":	118201600,
					"bits_per_second":	945465264.91053486,
					"retransmits":	0,
					"snd_cwnd":	226300,
					"rtt":	1663,
					"rttvar":	212,
					"pmtu":	1500,
					"omitted":	false,
					"sender":	true
				}],
			"sum":	{
				"start":	25.000142,
				"end":	26.000298,
				"seconds":	1.000156044960022,
				"bytes":	118201600,
				"bits_per_second":	945465264.91053486,
				"retransmits":	0,
				"omitted":	false,
				"sender":	true
			}
		}, {
			"streams":	[{
					"socket":	6,
					"start":	26.000298,
					"end":	27.000132,
					"seconds":	0.99983400106430054,
					"bytes":	117430720,
					"bits_per_second":	939601732.88764071,
					"retransmits":	0,
					"snd_cwnd":	226300,
					"rtt":	1667,
					"rttvar":	187,
					"pmtu":	1500,
					"omitted":	false,
					"sender":	true
				}],
			"sum":	{
				"start":	26.000298,
				"end":	27.000132,
				"seconds":	0.99983400106430054,
				"bytes":	117430720,
				"bits_per_second":	939601732.88764071,
				"retransmits":	0,
				"omitted":	false,
				"sender":	true
			}
		}, {
			"streams":	[{
					"socket":	6,
					"start":	27.000132,
					"end":	28.00013,
					"seconds":	0.99999797344207764,
					"bytes":	117816160,
					"bits_per_second":	942531190.09405041,
					"retransmits":	0,
					"snd_cwnd":	226300,
					"rtt":	1703,
					"rttvar":	269,
					"pmtu":	1500,
					"omitted":	false,
					"sender":	true
				}],
			"sum":	{
				"start":	27.000132,
				"end":	28.00013,
				"seconds":	0.99999797344207764,
				"bytes":	117816160,
				"bits_per_second":	942531190.09405041,
				"retransmits":	0,
				"omitted":	false,
				"sender":	true
			}
		}, {
			"streams":	[{
					"socket":	6,
					"start":	28.00013,
					"end":	29.000134,
					"seconds":	1.0000040531158447,
					"bytes":	117559200,
					"bits_per_second":	940469788.167,
					"retransmits":	0,
					"snd_cwnd":	226300,
					"rtt":	1726,
					"rttvar":	161,
					"pmtu":	1500,
					"omitted":	false,
					"sender":	true
				}],
			"sum":	{
				"start":	28.00013,
				"end":	29.000134,
				"seconds":	1.0000040531158447,
				"bytes":	117559200,
				"bits_per_second":	940469788.167,
				"retransmits":	0,
				"omitted":	false,
				"sender":	true
			}
		}, {
			"streams":	[{
					"socket":	6,
					"start":	29.000134,
					"end":	30.000138,
					"seconds":	1.0000040531158447,
					"bytes":	118073120,
					"bits_per_second":	944581131.50324929,
					"retransmits":	0,
					"snd_cwnd":	226300,
					"rtt":	1662,
					"rttvar":	279,
					"pmtu":	1500,
					"omitted":	false,
					"sender":	true
				}],
			"sum":	{
				"start":	29.000134,
				"end":	30.000138,
				"seconds":	1.0000040531158447,
				"bytes":	118073120,
				"bits_per_second":	944581131.50324929,
				"retransmits":	0,
				"omitted":	false,
				"sender":	true
			}
		}, {
			"streams":	[{
					"socket":	6,
					"start":	30.000138,
					"end":	31.000134,
					"seconds":	0.9999960064888,
					"bytes":	117494960,
					"bits_per_second":	939963433.75450027,
					"retransmits":	0,
					"snd_cwnd":	226300,
					"rtt":	1697,
					"rttvar":	241,
					"pmtu":	1500,
					"omitted":	false,
					"sender":	true
				}],
			"sum":	{
				"start":	30.000138,
				"end":	31.000134,
				"seconds":	0.9999960064888,
				"bytes":	117494960,
				"bits_per_second":	939963433.75450027,
				"retransmits":	0,
				"omitted":	false,
				"sender":	true
			}
		}, {
			"streams":	[{
					"socket":	6,
					"start":	31.000134,
					"end":	32.000093,
					"seconds":	0.99995899200439453,
					"bytes":	118137360,
					"bits_per_second":	945137638.20011389,
					"retransmits":	0,
					"snd_cwnd":	226300,
					"rtt":	1720,
					"rttvar":	267,
					"pmtu":	1500,
					"omitted":	false,
					"sender":	true
				}],
			"sum":	{
				"start":	31.000134,
				"end":	32.000093,
				"seconds":	0.99995899200439453,
				"bytes":	118137360,
				"bits_per_second":	945137638.20011389,
				"retransmits":	0,
				"omitted":	false,
				"sender":	true
			}
		}, {
			"streams":	[{
					"socket":	6,
					"start":	32.000093,
					"end":	33.000132,
					"seconds":	1.0000389814376831,
					"bytes":	117494960,
					"bits_per_second":	939923040.4485718,
					"retransmits":	0,
					"snd_cwnd":	226300,
					"rtt":	1710,
					"rttvar":	181,
					"pmtu":	1500,
					"omitted":	false,
					"sender":	true
				}],
			"sum":	{
				"start":	32.000093,
				"end":	33.000132,
				"seconds":	1.0000389814376831,
				"bytes":	117494960,
				"bits_per_second":	939923040.4485718,
				"retransmits":	0,
				"omitted":	false,
				"sender":	true
			}
		}, {
			"streams":	[{
					"socket":	6,
					"start":	33.000132,
					"end":	34.000143,
					"seconds":	1.0000109672546387,
					"bytes":	117751920,
					"bits_per_second":	942005028.79097831,
					"retransmits":	0,
					"snd_cwnd":	226300,
					"rtt":	1743,
					"rttvar":	288,
					"pmtu":	1500,
					"omitted":	false,
					"sender":	true
				}],
			"sum":	{
				"start":	33.000132,
				"end":	34.000143,
				"seconds":	1.0000109672546387,
				"bytes":	117751920,
				"bits_per_second":	942005028.79097831,
				"retransmits":	0,
				"omitted":	false,
				"sender":	true
			}
		}, {
			"streams":	[{
					"socket":	6,
					"start":	34.000143,
					"end":	35.000134,
					"seconds":	0.99999099969863892,
					"bytes":	117751920,
					"bits_per_second":	942023838.49843585,
					"retransmits":	0,
					"snd_cwnd":	226300,
					"rtt":	1714,
					"rttvar":	275,
					"pmtu":	1500,
					"omitted":	false,
					"sender":	true
				}],
			"sum":	{
				"start":	34.000143,
				"end":	35.000134,
				"seconds":	0.99999099969863892,
				"bytes":	117751920,
				"bits_per_second":	942023838.49843585,
				"retransmits":	0,
				"omitted":	false,
				"sender":	true
			}
		}, {
			"streams":	[{
					"socket":	6,
					"start":	35.000134,
					"end":	36.000134,
					"seconds":	1,
					"bytes":	117816160,
					"bits_per_second":	942529280,
					"retransmits":	0,
					"snd_cwnd":	226300,
					"rtt":	1674,
					"rttvar":	181,
					"pmtu":	1500,
					"omitted":	false,
					"sender":	true
				}],
			"sum":	{
				"start":	35.000134,
				"end":	36.000134,
				"seconds":	1,
				"bytes":	117816160,
				"bits_per_second":	942529280,
				"retransmits":	0,
				"omitted":	false,
				"sender":	true
			}
		}, {
			"streams":	[{
					"socket":	6,
					"start":	36.000134,
					"end":	37.000135,
					"seconds":	1.0000009536743164,
					"bytes":	117944640,
					"bits_per_second":	943556220.15466678,
					"retransmits":	0,
					"snd_cwnd":	226300,
					"rtt":	1694,
					"rttvar":	268,
					"pmtu":	1500,
					"omitted":	false,
					"sender":	true
				}],
			"sum":	{
				"start":	36.000134,
				"end":	37.000135,
				"seconds":	1.0000009536743164,
				"bytes":	117944640,
				"bits_per_second":	943556220.15466678,
				"retransmits":	0,
				"omitted":	false,
				"sender":	true
			}
		}, {
			"streams":	[{
					"socket":	6,
					"start":	37.000135,
					"end":	38.000135,
					"seconds":	1,
					"bytes":	117687680,
					"bits_per_second":	941501440,
					"retransmits":	0,
					"snd_cwnd":	226300,
					"rtt":	1694,
					"rttvar":	181,
					"pmtu":	1500,
					"omitted":	false,
					"sender":	true
				}],
			"sum":	{
				"start":	37.000135,
				"end":	38.000135,
				"seconds":	1,
				"bytes":	117687680,
				"bits_per_second":	941501440,
				"retransmits":	0,
				"omitted":	false,
				"sender":	true
			}
		}, {
			"streams":	[{
					"socket":	6,
					"start":	38.000135,
					"end":	39.000136,
					"seconds":	1.0000009536743164,
					"bytes":	117494960,
					"bits_per_second":	939958783.58544958,
					"retransmits":	0,
					"snd_cwnd":	226300,
					"rtt":	1629,
					"rttvar":	131,
					"pmtu":	1500,
					"omitted":	false,
					"sender":	true
				}],
			"sum":	{
				"start":	38.000135,
				"end":	39.000136,
				"seconds":	1.0000009536743164,
				"bytes":	117494960,
				"bits_per_second":	939958783.58544958,
				"retransmits":	0,
				"omitted":	false,
				"sender":	true
			}
		}, {
			"streams":	[{
					"socket":	6,
					"start":	39.000136,
					"end":	40.000283,
					"seconds":	1.0001469850540161,
					"bytes":	118265840,
					"bits_per_second":	945987673.9506458,
					"retransmits":	0,
					"snd_cwnd":	226300,
					"rtt":	1661,
					"rttvar":	109,
					"pmtu":	1500,
					"omitted":	false,
					"sender":	true
				}],
			"sum":	{
				"start":	39.000136,
				"end":	40.000283,
				"seconds":	1.0001469850540161,
				"bytes":	118265840,
				"bits_per_second":	945987673.9506458,
				"retransmits":	0,
				"omitted":	false,
				"sender":	true
			}
		}],
	"end":	{
		"streams":	[{
				"sender":	{
					"socket":	6,
					"start":	0,
					"end":	40.000283,
					"seconds":	40.000283,
					"bytes":	4711961660,
					"bits_per_second":	942385664.62142277,
					"retransmits":	0,
					"max_snd_cwnd":	226300,
					"max_rtt":	1817,
					"min_rtt":	1544,
					"mean_rtt":	1682,
					"sender":	true
				},
				"receiver":	{
					"socket":	6,
					"start":	0,
					"end":	40.000283,
					"seconds":	40.000283,
					"bytes":	4710827240,
					"bits_per_second":	942158782.22661567,
					"sender":	true
				}
			}],
		"sum_sent":	{
			"start":	0,
			"end":	40.000283,
			"seconds":	40.000283,
			"bytes":	4711961660,
			"bits_per_second":	942385664.62142277,
			"retransmits":	0,
			"sender":	true
		},
		"sum_received":	{
			"start":	0,
			"end":	40.000283,
			"seconds":	40.000283,
			"bytes":	4710827240,
			"bits_per_second":	942158782.22661567,
			"sender":	true
		},
		"cpu_utilization_percent":	{
			"host_total":	5.3235541010402168,
			"host_user":	0.269251440551379,
			"host_system":	5.0543026604888377,
			"remote_total":	7.77884,
			"remote_user":	1.253163,
			"remote_system":	6.525677
		},
		"sender_tcp_congestion":	"cubic"
	}
}
