{
	"start":	{
		"connected":	[{
				"socket":	6,
				"local_host":	"192.168.94.6",
				"local_port":	33526,
				"remote_host":	"192.168.94.100",
				"remote_port":	5201
			}],
		"version":	"iperf 3.7",
		"system_info":	"Linux lab4-nz06 5.11.0-25-generic #27~20.04.1-Ubuntu SMP Tue Jul 13 17:41:23 UTC 2021 x86_64",
		"timestamp":	{
			"time":	"Fri, 08 Oct 2021 20:49:38 GMT",
			"timesecs":	1633726178
		},
		"connecting_to":	{
			"host":	"192.168.94.100",
			"port":	5201
		},
		"cookie":	"2kh6mzfurywwxnyq2yglf7kfb5ic2cx4qcjj",
		"tcp_mss_default":	1460,
		"sock_bufsize":	0,
		"sndbuf_actual":	16384,
		"rcvbuf_actual":	131072,
		"test_start":	{
			"protocol":	"TCP",
			"num_streams":	1,
			"blksize":	131072,
			"omit":	0,
			"duration":	40,
			"bytes":	0,
			"blocks":	0,
			"reverse":	0,
			"tos":	0
		}
	},
	"intervals":	[{
			"streams":	[{
					"socket":	6,
					"start":	0,
					"end":	1.000134,
					"seconds":	1.0001339912414551,
					"bytes":	117830760,
					"bits_per_second":	942519790.6031611,
					"retransmits":	0,
					"snd_cwnd":	221920,
					"rtt":	1649,
					"rttvar":	142,
					"pmtu":	1500,
					"omitted":	false,
					"sender":	true
				}],
			"sum":	{
				"start":	0,
				"end":	1.000134,
				"seconds":	1.0001339912414551,
				"bytes":	117830760,
				"bits_per_second":	942519790.6031611,
				"retransmits":	0,
				"omitted":	false,
				"sender":	true
			}
		}, {
			"streams":	[{
					"socket":	6,
					"start":	1.000134,
					"end":	2.000123,
					"seconds":	0.99998897314071655,
					"bytes":	118073120,
					"bits_per_second":	944595375.92029011,
					"retransmits":	0,
					"snd_cwnd":	221920,
					"rtt":	1646,
					"rttvar":	164,
					"pmtu":	1500,
					"omitted":	false,
					"sender":	true
				}],
			"sum":	{
				"start":	1.000134,
				"end":	2.000123,
				"seconds":	0.99998897314071655,
				"bytes":	118073120,
				"bits_per_second":	944595375.92029011,
				"retransmits":	0,
				"omitted":	false,
				"sender":	true
			}
		}, {
			"streams":	[{
					"socket":	6,
					"start":	2.000123,
					"end":	3.000147,
					"seconds":	1.0000239610671997,
					"bytes":	117751920,
					"bits_per_second":	941992788.84748483,
					"retransmits":	0,
					"snd_cwnd":	221920,
					"rtt":	1694,
					"rttvar":	143,
					"pmtu":	1500,
					"omitted":	false,
					"sender":	true
				}],
			"sum":	{
				"start":	2.000123,
				"end":	3.000147,
				"seconds":	1.0000239610671997,
				"bytes":	117751920,
				"bits_per_second":	941992788.84748483,
				"retransmits":	0,
				"omitted":	false,
				"sender":	true
			}
		}, {
			"streams":	[{
					"socket":	6,
					"start":	3.000147,
					"end":	4.000133,
					"seconds":	0.99998599290847778,
					"bytes":	117751920,
					"bits_per_second":	942028555.08018756,
					"retransmits":	0,
					"snd_cwnd":	221920,
					"rtt":	1763,
					"rttvar":	234,
					"pmtu":	1500,
					"omitted":	false,
					"sender":	true
				}],
			"sum":	{
				"start":	3.000147,
				"end":	4.000133,
				"seconds":	0.99998599290847778,
				"bytes":	117751920,
				"bits_per_second":	942028555.08018756,
				"retransmits":	0,
				"omitted":	false,
				"sender":	true
			}
		}, {
			"streams":	[{
					"socket":	6,
					"start":	4.000133,
					"end":	5.000136,
					"seconds":	1.0000029802322388,
					"bytes":	117559200,
					"bits_per_second":	940470797.17861068,
					"retransmits":	0,
					"snd_cwnd":	221920,
					"rtt":	1788,
					"rttvar":	225,
					"pmtu":	1500,
					"omitted":	false,
					"sender":	true
				}],
			"sum":	{
				"start":	4.000133,
				"end":	5.000136,
				"seconds":	1.0000029802322388,
				"bytes":	117559200,
				"bits_per_second":	940470797.17861068,
				"retransmits":	0,
				"omitted":	false,
				"sender":	true
			}
		}, {
			"streams":	[{
					"socket":	6,
					"start":	5.000136,
					"end":	6.000128,
					"seconds":	0.9999920129776001,
					"bytes":	117623440,
					"bits_per_second":	940995035.7484287,
					"retransmits":	0,
					"snd_cwnd":	221920,
					"rtt":	1715,
					"rttvar":	207,
					"pmtu":	1500,
					"omitted":	false,
					"sender":	true
				}],
			"sum":	{
				"start":	5.000136,
				"end":	6.000128,
				"seconds":	0.9999920129776001,
				"bytes":	117623440,
				"bits_per_second":	940995035.7484287,
				"retransmits":	0,
				"omitted":	false,
				"sender":	true
			}
		}, {
			"streams":	[{
					"socket":	6,
					"start":	6.000128,
					"end":	7.000134,
					"seconds":	1.0000059604644775,
					"bytes":	118073120,
					"bits_per_second":	944579329.86845815,
					"retransmits":	0,
					"snd_cwnd":	221920,
					"rtt":	1768,
					"rttvar":	261,
					"pmtu":	1500,
					"omitted":	false,
					"sender":	true
				}],
			"sum":	{
				"start":	6.000128,
				"end":	7.000134,
				"seconds":	1.0000059604644775,
				"bytes":	118073120,
				"bits_per_second":	944579329.86845815,
				"retransmits":	0,
				"omitted":	false,
				"sender":	true
			}
		}, {
			"streams":	[{
					"socket":	6,
					"start":	7.000134,
					"end":	8.000141,
					"seconds":	1.0000070333480835,
					"bytes":	117494960,
					"bits_per_second":	939953068.98288369,
					"retransmits":	0,
					"snd_cwnd":	221920,
					"rtt":	1715,
					"rttvar":	203,
					"pmtu":	1500,
					"omitted":	false,
					"sender":	true
				}],
			"sum":	{
				"start":	7.000134,
				"end":	8.000141,
				"seconds":	1.0000070333480835,
				"bytes":	117494960,
				"bits_per_second":	939953068.98288369,
				"retransmits":	0,
				"omitted":	false,
				"sender":	true
			}
		}, {
			"streams":	[{
					"socket":	6,
					"start":	8.000141,
					"end":	9.000133,
					"seconds":	0.9999920129776001,
					"bytes":	117751920,
					"bits_per_second":	942022883.95787537,
					"retransmits":	0,
					"snd_cwnd":	221920,
					"rtt":	1666,
					"rttvar":	196,
					"pmtu":	1500,
					"omitted":	false,
					"sender":	true
				}],
			"sum":	{
				"start":	8.000141,
				"end":	9.000133,
				"seconds":	0.9999920129776001,
				"bytes":	117751920,
				"bits_per_second":	942022883.95787537,
				"retransmits":	0,
				"omitted":	false,
				"sender":	true
			}
		}, {
			"streams":	[{
					"socket":	6,
					"start":	9.000133,
					"end":	10.00014,
					"seconds":	1.0000070333480835,
					"bytes":	117944640,
					"bits_per_second":	943550483.681014,
					"retransmits":	0,
					"snd_cwnd":	221920,
					"rtt":	1753,
					"rttvar":	191,
					"pmtu":	1500,
					"omitted":	false,
					"sender":	true
				}],
			"sum":	{
				"start":	9.000133,
				"end":	10.00014,
				"seconds":	1.0000070333480835,
				"bytes":	117944640,
				"bits_per_second":	943550483.681014,
				"retransmits":	0,
				"omitted":	false,
				"sender":	true
			}
		}, {
			"streams":	[{
					"socket":	6,
					"start":	10.00014,
					"end":	11.000144,
					"seconds":	1.0000040531158447,
					"bytes":	117880400,
					"bits_per_second":	943039377.75215578,
					"retransmits":	0,
					"snd_cwnd":	221920,
					"rtt":	1653,
					"rttvar":	152,
					"pmtu":	1500,
					"omitted":	false,
					"sender":	true
				}],
			"sum":	{
				"start":	10.00014,
				"end":	11.000144,
				"seconds":	1.0000040531158447,
				"bytes":	117880400,
				"bits_per_second":	943039377.75215578,
				"retransmits":	0,
				"omitted":	false,
				"sender":	true
			}
		}, {
			"streams":	[{
					"socket":	6,
					"start":	11.000144,
					"end":	12.000148,
					"seconds":	1.0000040531158447,
					"bytes":	117751920,
					"bits_per_second":	942011541.91809356,
					"retransmits":	0,
					"snd_cwnd":	221920,
					"rtt":	1675,
					"rttvar":	222,
					"pmtu":	1500,
					"omitted":	false,
					"sender":	true
				}],
			"sum":	{
				"start":	11.000144,
				"end":	12.000148,
				"seconds":	1.0000040531158447,
				"bytes":	117751920,
				"bits_per_second":	942011541.91809356,
				"retransmits":	0,
				"omitted":	false,
				"sender":	true
			}
		}, {
			"streams":	[{
					"socket":	6,
					"start":	12.000148,
					"end":	13.000141,
					"seconds":	0.99999302625656128,
					"bytes":	117623440,
					"bits_per_second":	940994082.251307,
					"retransmits":	0,
					"snd_cwnd":	221920,
					"rtt":	1664,
					"rttvar":	142,
					"pmtu":	1500,
					"omitted":	false,
					"sender":	true
				}],
			"sum":	{
				"start":	12.000148,
				"end":	13.000141,
				"seconds":	0.99999302625656128,
				"bytes":	117623440,
				"bits_per_second":	940994082.251307,
				"retransmits":	0,
				"omitted":	false,
				"sender":	true
			}
		}, {
			"streams":	[{
					"socket":	6,
					"start":	13.000141,
					"end":	14.000139,
					"seconds":	0.99999797344207764,
					"bytes":	117816160,
					"bits_per_second":	942531190.09405041,
					"retransmits":	0,
					"snd_cwnd":	221920,
					"rtt":	1674,
					"rttvar":	250,
					"pmtu":	1500,
					"omitted":	false,
					"sender":	true
				}],
			"sum":	{
				"start":	13.000141,
				"end":	14.000139,
				"seconds":	0.99999797344207764,
				"bytes":	117816160,
				"bits_per_second":	942531190.09405041,
				"retransmits":	0,
				"omitted":	false,
				"sender":	true
			}
		}, {
			"streams":	[{
					"socket":	6,
					"start":	14.000139,
					"end":	15.000137,
					"seconds":	0.99999797344207764,
					"bytes":	117687680,
					"bits_per_second":	941503348.01106882,
					"retransmits":	0,
					"snd_cwnd":	221920,
					"rtt":	1754,
					"rttvar":	231,
					"pmtu":	1500,
					"omitted":	false,
					"sender":	true
				}],
			"sum":	{
				"start":	14.000139,
				"end":	15.000137,
				"seconds":	0.99999797344207764,
				"bytes":	117687680,
				"bits_per_second":	941503348.01106882,
				"retransmits":	0,
				"omitted":	false,
				"sender":	true
			}
		}, {
			"streams":	[{
					"socket":	6,
					"start":	15.000137,
					"end":	16.000142,
					"seconds":	1.0000050067901611,
					"bytes":	117751920,
					"bits_per_second":	942010643.5503782,
					"retransmits":	0,
					"snd_cwnd":	221920,
					"rtt":	1747,
					"rttvar":	188,
					"pmtu":	1500,
					"omitted":	false,
					"sender":	true
				}],
			"sum":	{
				"start":	15.000137,
				"end":	16.000142,
				"seconds":	1.0000050067901611,
				"bytes":	117751920,
				"bits_per_second":	942010643.5503782,
				"retransmits":	0,
				"omitted":	false,
				"sender":	true
			}
		}, {
			"streams":	[{
					"socket":	6,
					"start":	16.000142,
					"end":	17.000134,
					"seconds":	0.9999920129776001,
					"bytes":	117944640,
					"bits_per_second":	943564656.27204537,
					"retransmits":	0,
					"snd_cwnd":	221920,
					"rtt":	1666,
					"rttvar":	192,
					"pmtu":	1500,
					"omitted":	false,
					"sender":	true
				}],
			"sum":	{
				"start":	16.000142,
				"end":	17.000134,
				"seconds":	0.9999920129776001,
				"bytes":	117944640,
				"bits_per_second":	943564656.27204537,
				"retransmits":	0,
				"omitted":	false,
				"sender":	true
			}
		}, {
			"streams":	[{
					"socket":	6,
					"start":	17.000134,
					"end":	18.000147,
					"seconds":	1.000012993812561,
					"bytes":	117687680,
					"bits_per_second":	941489206.46572292,
					"retransmits":	0,
					"snd_cwnd":	221920,
					"rtt":	1661,
					"rttvar":	245,
					"pmtu":	1500,
					"omitted":	false,
					"sender":	true
				}],
			"sum":	{
				"start":	17.000134,
				"end":	18.000147,
				"seconds":	1.000012993812561,
				"bytes":	117687680,
				"bits_per_second":	941489206.46572292,
				"retransmits":	0,
				"omitted":	false,
				"sender":	true
			}
		}, {
			"streams":	[{
					"socket":	6,
					"start":	18.000147,
					"end":	19.00014,
					"seconds":	0.99999302625656128,
					"bytes":	117687680,
					"bits_per_second":	941508005.83527815,
					"retransmits":	0,
					"snd_cwnd":	221920,
					"rtt":	1656,
					"rttvar":	158,
					"pmtu":	1500,
					"omitted":	false,
					"sender":	true
				}],
			"sum":	{
				"start":	18.000147,
				"end":	19.00014,
				"seconds":	0.99999302625656128,
				"bytes":	117687680,
				"bits_per_second":	941508005.83527815,
				"retransmits":	0,
				"omitted":	false,
				"sender":	true
			}
		}, {
			"streams":	[{
					"socket":	6,
					"start":	19.00014,
					"end":	20.000136,
					"seconds":	0.9999960064888,
					"bytes":	117880400,
					"bits_per_second":	943046966.068621,
					"retransmits":	0,
					"snd_cwnd":	221920,
					"rtt":	1569,
					"rttvar":	191,
					"pmtu":	1500,
					"omitted":	false,
					"sender":	true
				}],
			"sum":	{
				"start":	19.00014,
				"end":	20.000136,
				"seconds":	0.9999960064888,
				"bytes":	117880400,
				"bits_per_second":	943046966.068621,
				"retransmits":	0,
				"omitted":	false,
				"sender":	true
			}
		}, {
			"streams":	[{
					"socket":	6,
					"start":	20.000136,
					"end":	21.000134,
					"seconds":	0.99999797344207764,
					"bytes":	117751920,
					"bits_per_second":	942017269.05255961,
					"retransmits":	0,
					"snd_cwnd":	221920,
					"rtt":	1697,
					"rttvar":	202,
					"pmtu":	1500,
					"omitted":	false,
					"sender":	true
				}],
			"sum":	{
				"start":	20.000136,
				"end":	21.000134,
				"seconds":	0.99999797344207764,
				"bytes":	117751920,
				"bits_per_second":	942017269.05255961,
				"retransmits":	0,
				"omitted":	false,
				"sender":	true
			}
		}, {
			"streams":	[{
					"socket":	6,
					"start":	21.000134,
					"end":	22.000137,
					"seconds":	1.0000029802322388,
					"bytes":	117623440,
					"bits_per_second":	940984715.64701426,
					"retransmits":	0,
					"snd_cwnd":	221920,
					"rtt":	1644,
					"rttvar":	195,
					"pmtu":	1500,
					"omitted":	false,
					"sender":	true
				}],
			"sum":	{
				"start":	21.000134,
				"end":	22.000137,
				"seconds":	1.0000029802322388,
				"bytes":	117623440,
				"bits_per_second":	940984715.64701426,
				"retransmits":	0,
				"omitted":	false,
				"sender":	true
			}
		}, {
			"streams":	[{
					"socket":	6,
					"start":	22.000137,
					"end":	23.000147,
					"seconds":	1.0000100135803223,
					"bytes":	118201600,
					"bits_per_second":	945603331.12509072,
					"retransmits":	0,
					"snd_cwnd":	221920,
					"rtt":	1668,
					"rttvar":	203,
					"pmtu":	1500,
					"omitted":	false,
					"sender":	true
				}],
			"sum":	{
				"start":	22.000137,
				"end":	23.000147,
				"seconds":	1.0000100135803223,
				"bytes":	118201600,
				"bits_per_second":	945603331.12509072,
				"retransmits":	0,
				"omitted":	false,
				"sender":	true
			}
		}, {
			"streams":	[{
					"socket":	6,
					"start":	23.000147,
					"end":	24.000139,
					"seconds":	0.9999920129776001,
					"bytes":	117623440,
					"bits_per_second":	940995035.7484287,
					"retransmits":	0,
					"snd_cwnd":	221920,
					"rtt":	1611,
					"rttvar":	240,
					"pmtu":	1500,
					"omitted":	false,
					"sender":	true
				}],
			"sum":	{
				"start":	23.000147,
				"end":	24.000139,
				"seconds":	0.9999920129776001,
				"bytes":	117623440,
				"bits_per_second":	940995035.7484287,
				"retransmits":	0,
				"omitted":	false,
				"sender":	true
			}
		}, {
			"streams":	[{
					"socket":	6,
					"start":	24.000139,
					"end":	25.000281,
					"seconds":	1.000141978263855,
					"bytes":	117944640,
					"bits_per_second":	943423174.41561592,
					"retransmits":	0,
					"snd_cwnd":	221920,
					"rtt":	1712,
					"rttvar":	180,
					"pmtu":	1500,
					"omitted":	false,
					"sender":	true
				}],
			"sum":	{
				"start":	24.000139,
				"end":	25.000281,
				"seconds":	1.000141978263855,
				"bytes":	117944640,
				"bits_per_second":	943423174.41561592,
				"retransmits":	0,
				"omitted":	false,
				"sender":	true
			}
		}, {
			"streams":	[{
					"socket":	6,
					"start":	25.000281,
					"end":	26.000143,
					"seconds":	0.999862015247345,
					"bytes":	117623440,
					"bits_per_second":	941117379.84887779,
					"retransmits":	0,
					"snd_cwnd":	221920,
					"rtt":	1662,
					"rttvar":	140,
					"pmtu":	1500,
					"omitted":	false,
					"sender":	true
				}],
			"sum":	{
				"start":	25.000281,
				"end":	26.000143,
				"seconds":	0.999862015247345,
				"bytes":	117623440,
				"bits_per_second":	941117379.84887779,
				"retransmits":	0,
				"omitted":	false,
				"sender":	true
			}
		}, {
			"streams":	[{
					"socket":	6,
					"start":	26.000143,
					"end":	27.000127,
					"seconds":	0.9999840259552002,
					"bytes":	117494960,
					"bits_per_second":	939974695.19789183,
					"retransmits":	0,
					"snd_cwnd":	221920,
					"rtt":	1636,
					"rttvar":	154,
					"pmtu":	1500,
					"omitted":	false,
					"sender":	true
				}],
			"sum":	{
				"start":	26.000143,
				"end":	27.000127,
				"seconds":	0.9999840259552002,
				"bytes":	117494960,
				"bits_per_second":	939974695.19789183,
				"retransmits":	0,
				"omitted":	false,
				"sender":	true
			}
		}, {
			"streams":	[{
					"socket":	6,
					"start":	27.000127,
					"end":	28.000133,
					"seconds":	1.0000059604644775,
					"bytes":	118073120,
					"bits_per_second":	944579329.86845815,
					"retransmits":	0,
					"snd_cwnd":	221920,
					"rtt":	1780,
					"rttvar":	265,
					"pmtu":	1500,
					"omitted":	false,
					"sender":	true
				}],
			"sum":	{
				"start":	27.000127,
				"end":	28.000133,
				"seconds":	1.0000059604644775,
				"bytes":	118073120,
				"bits_per_second":	944579329.86845815,
				"retransmits":	0,
				"omitted":	false,
				"sender":	true
			}
		}, {
			"streams":	[{
					"socket":	6,
					"start":	28.000133,
					"end":	29.000143,
					"seconds":	1.0000100135803223,
					"bytes":	117880400,
					"bits_per_second":	943033756.8557291,
					"retransmits":	0,
					"snd_cwnd":	221920,
					"rtt":	1628,
					"rttvar":	144,
					"pmtu":	1500,
					"omitted":	false,
					"sender":	true
				}],
			"sum":	{
				"start":	28.000133,
				"end":	29.000143,
				"seconds":	1.0000100135803223,
				"bytes":	117880400,
				"bits_per_second":	943033756.8557291,
				"retransmits":	0,
				"omitted":	false,
				"sender":	true
			}
		}, {
			"streams":	[{
					"socket":	6,
					"start":	29.000143,
					"end":	30.000133,
					"seconds":	0.99998998641967773,
					"bytes":	117559200,
					"bits_per_second":	940483017.60223854,
					"retransmits":	0,
					"snd_cwnd":	221920,
					"rtt":	1588,
					"rttvar":	92,
					"pmtu":	1500,
					"omitted":	false,
					"sender":	true
				}],
			"sum":	{
				"start":	29.000143,
				"end":	30.000133,
				"seconds":	0.99998998641967773,
				"bytes":	117559200,
				"bits_per_second":	940483017.60223854,
				"retransmits":	0,
				"omitted":	false,
				"sender":	true
			}
		}, {
			"streams":	[{
					"socket":	6,
					"start":	30.000133,
					"end":	31.000145,
					"seconds":	1.0000120401382446,
					"bytes":	117559200,
					"bits_per_second":	940462276.70417464,
					"retransmits":	0,
					"snd_cwnd":	221920,
					"rtt":	1662,
					"rttvar":	164,
					"pmtu":	1500,
					"omitted":	false,
					"sender":	true
				}],
			"sum":	{
				"start":	30.000133,
				"end":	31.000145,
				"seconds":	1.0000120401382446,
				"bytes":	117559200,
				"bits_per_second":	940462276.70417464,
				"retransmits":	0,
				"omitted":	false,
				"sender":	true
			}
		}, {
			"streams":	[{
					"socket":	6,
					"start":	31.000145,
					"end":	32.000137,
					"seconds":	0.9999920129776001,
					"bytes":	117880400,
					"bits_per_second":	943050732.167322,
					"retransmits":	0,
					"snd_cwnd":	221920,
					"rtt":	1732,
					"rttvar":	247,
					"pmtu":	1500,
					"omitted":	false,
					"sender":	true
				}],
			"sum":	{
				"start":	31.000145,
				"end":	32.000137,
				"seconds":	0.9999920129776001,
				"bytes":	117880400,
				"bits_per_second":	943050732.167322,
				"retransmits":	0,
				"omitted":	false,
				"sender":	true
			}
		}, {
			"streams":	[{
					"socket":	6,
					"start":	32.000137,
					"end":	33.000151,
					"seconds":	1.0000139474868774,
					"bytes":	117751920,
					"bits_per_second":	942002221.436378,
					"retransmits":	0,
					"snd_cwnd":	221920,
					"rtt":	1670,
					"rttvar":	159,
					"pmtu":	1500,
					"omitted":	false,
					"sender":	true
				}],
			"sum":	{
				"start":	32.000137,
				"end":	33.000151,
				"seconds":	1.0000139474868774,
				"bytes":	117751920,
				"bits_per_second":	942002221.436378,
				"retransmits":	0,
				"omitted":	false,
				"sender":	true
			}
		}, {
			"streams":	[{
					"socket":	6,
					"start":	33.000151,
					"end":	34.000145,
					"seconds":	0.99999397993087769,
					"bytes":	117880400,
					"bits_per_second":	943048877.21942663,
					"retransmits":	0,
					"snd_cwnd":	221920,
					"rtt":	1639,
					"rttvar":	195,
					"pmtu":	1500,
					"omitted":	false,
					"sender":	true
				}],
			"sum":	{
				"start":	33.000151,
				"end":	34.000145,
				"seconds":	0.99999397993087769,
				"bytes":	117880400,
				"bits_per_second":	943048877.21942663,
				"retransmits":	0,
				"omitted":	false,
				"sender":	true
			}
		}, {
			"streams":	[{
					"socket":	6,
					"start":	34.000145,
					"end":	35.000132,
					"seconds":	0.999987006187439,
					"bytes":	117944640,
					"bits_per_second":	943569380.56366932,
					"retransmits":	0,
					"snd_cwnd":	221920,
					"rtt":	1639,
					"rttvar":	178,
					"pmtu":	1500,
					"omitted":	false,
					"sender":	true
				}],
			"sum":	{
				"start":	34.000145,
				"end":	35.000132,
				"seconds":	0.999987006187439,
				"bytes":	117944640,
				"bits_per_second":	943569380.56366932,
				"retransmits":	0,
				"omitted":	false,
				"sender":	true
			}
		}, {
			"streams":	[{
					"socket":	6,
					"start":	35.000132,
					"end":	36.000139,
					"seconds":	1.0000070333480835,
					"bytes":	117430720,
					"bits_per_second":	939439152.59743655,
					"retransmits":	0,
					"snd_cwnd":	221920,
					"rtt":	1632,
					"rttvar":	135,
					"pmtu":	1500,
					"omitted":	false,
					"sender":	true
				}],
			"sum":	{
				"start":	35.000132,
				"end":	36.000139,
				"seconds":	1.0000070333480835,
				"bytes":	117430720,
				"bits_per_second":	939439152.59743655,
				"retransmits":	0,
				"omitted":	false,
				"sender":	true
			}
		}, {
			"streams":	[{
					"socket":	6,
					"start":	36.000139,
					"end":	37.000135,
					"seconds":	0.9999960064888,
					"bytes":	118008880,
					"bits_per_second":	944074810.173328,
					"retransmits":	0,
					"snd_cwnd":	221920,
					"rtt":	1640,
					"rttvar":	131,
					"pmtu":	1500,
					"omitted":	false,
					"sender":	true
				}],
			"sum":	{
				"start":	36.000139,
				"end":	37.000135,
				"seconds":	0.9999960064888,
				"bytes":	118008880,
				"bits_per_second":	944074810.173328,
				"retransmits":	0,
				"omitted":	false,
				"sender":	true
			}
		}, {
			"streams":	[{
					"socket":	6,
					"start":	37.000135,
					"end":	38.000141,
					"seconds":	1.0000059604644775,
					"bytes":	117944640,
					"bits_per_second":	943551495.99482536,
					"retransmits":	0,
					"snd_cwnd":	221920,
					"rtt":	1661,
					"rttvar":	183,
					"pmtu":	1500,
					"omitted":	false,
					"sender":	true
				}],
			"sum":	{
				"start":	37.000135,
				"end":	38.000141,
				"seconds":	1.0000059604644775,
				"bytes":	117944640,
				"bits_per_second":	943551495.99482536,
				"retransmits":	0,
				"omitted":	false,
				"sender":	true
			}
		}, {
			"streams":	[{
					"socket":	6,
					"start":	38.000141,
					"end":	39.00014,
					"seconds":	0.99999898672103882,
					"bytes":	117430720,
					"bits_per_second":	939446711.9215883,
					"retransmits":	0,
					"snd_cwnd":	221920,
					"rtt":	1729,
					"rttvar":	192,
					"pmtu":	1500,
					"omitted":	false,
					"sender":	true
				}],
			"sum":	{
				"start":	38.000141,
				"end":	39.00014,
				"seconds":	0.99999898672103882,
				"bytes":	117430720,
				"bits_per_second":	939446711.9215883,
				"retransmits":	0,
				"omitted":	false,
				"sender":	true
			}
		}, {
			"streams":	[{
					"socket":	6,
					"start":	39.00014,
					"end":	40.00007,
					"seconds":	0.99993002414703369,
					"bytes":	118073120,
					"bits_per_second":	944651062.76387239,
					"retransmits":	0,
					"snd_cwnd":	221920,
					"rtt":	1663,
					"rttvar":	164,
					"pmtu":	1500,
					"omitted":	false,
					"sender":	true
				}],
			"sum":	{
				"start":	39.00014,
				"end":	40.00007,
				"seconds":	0.99993002414703369,
				"bytes":	118073120,
				"bits_per_second":	944651062.76387239,
				"retransmits":	0,
				"omitted":	false,
				"sender":	true
			}
		}],
	"end":	{
		"streams":	[{
				"sender":	{
					"socket":	6,
					"start":	0,
					"end":	40.00007,
					"seconds":	40.00007,
					"bytes":	4711247720,
					"bits_per_second":	942247895.06618357,
					"retransmits":	0,
					"max_snd_cwnd":	221920,
					"max_rtt":	1788,
					"min_rtt":	1569,
					"mean_rtt":	1679,
					"sender":	true
				},
				"receiver":	{
					"socket":	6,
					"start":	0,
					"end":	40.00007,
					"seconds":	40.00007,
					"bytes":	4710192140,
					"bits_per_second":	942036779.43563592,
					"sender":	true
				}
			}],
		"sum_sent":	{
			"start":	0,
			"end":	40.00007,
			"seconds":	40.00007,
			"bytes":	4711247720,
			"bits_per_second":	942247895.06618357,
			"retransmits":	0,
			"sender":	true
		},
		"sum_received":	{
			"start":	0,
			"end":	40.00007,
			"seconds":	40.00007,
			"bytes":	4710192140,
			"bits_per_second":	942036779.43563592,
			"sender":	true
		},
		"cpu_utilization_percent":	{
			"host_total":	5.4042053535876171,
			"host_user":	0.17752029808172584,
			"host_system":	5.2266900481316583,
			"remote_total":	9.172219,
			"remote_user":	2.159025,
			"remote_system":	7.013193
		},
		"sender_tcp_congestion":	"cubic"
	}
}
