{
	"start":	{
		"connected":	[{
				"socket":	6,
				"local_host":	"192.168.94.9",
				"local_port":	52528,
				"remote_host":	"192.168.94.100",
				"remote_port":	5201
			}],
		"version":	"iperf 3.7",
		"system_info":	"Linux lab4-nz09 5.11.0-25-generic #27~20.04.1-Ubuntu SMP Tue Jul 13 17:41:23 UTC 2021 x86_64",
		"timestamp":	{
			"time":	"Fri, 08 Oct 2021 20:51:42 GMT",
			"timesecs":	1633726302
		},
		"connecting_to":	{
			"host":	"192.168.94.100",
			"port":	5201
		},
		"cookie":	"2mpukldhj64xd2j4354wguf7ac4r72v5xkfa",
		"tcp_mss_default":	1460,
		"sock_bufsize":	0,
		"sndbuf_actual":	16384,
		"rcvbuf_actual":	131072,
		"test_start":	{
			"protocol":	"TCP",
			"num_streams":	1,
			"blksize":	131072,
			"omit":	0,
			"duration":	40,
			"bytes":	0,
			"blocks":	0,
			"reverse":	0,
			"tos":	0
		}
	},
	"intervals":	[{
			"streams":	[{
					"socket":	6,
					"start":	0,
					"end":	1.000129,
					"seconds":	1.0001289844512939,
					"bytes":	116889060,
					"bits_per_second":	934991880.58531845,
					"retransmits":	0,
					"snd_cwnd":	214620,
					"rtt":	1636,
					"rttvar":	141,
					"pmtu":	1500,
					"omitted":	false,
					"sender":	true
				}],
			"sum":	{
				"start":	0,
				"end":	1.000129,
				"seconds":	1.0001289844512939,
				"bytes":	116889060,
				"bits_per_second":	934991880.58531845,
				"retransmits":	0,
				"omitted":	false,
				"sender":	true
			}
		}, {
			"streams":	[{
					"socket":	6,
					"start":	1.000129,
					"end":	2.000118,
					"seconds":	0.99998897314071655,
					"bytes":	117816160,
					"bits_per_second":	942539673.252346,
					"retransmits":	0,
					"snd_cwnd":	214620,
					"rtt":	1613,
					"rttvar":	113,
					"pmtu":	1500,
					"omitted":	false,
					"sender":	true
				}],
			"sum":	{
				"start":	1.000129,
				"end":	2.000118,
				"seconds":	0.99998897314071655,
				"bytes":	117816160,
				"bits_per_second":	942539673.252346,
				"retransmits":	0,
				"omitted":	false,
				"sender":	true
			}
		}, {
			"streams":	[{
					"socket":	6,
					"start":	2.000118,
					"end":	3.000135,
					"seconds":	1.0000170469284058,
					"bytes":	117623440,
					"bits_per_second":	940971479.32656,
					"retransmits":	0,
					"snd_cwnd":	214620,
					"rtt":	1688,
					"rttvar":	272,
					"pmtu":	1500,
					"omitted":	false,
					"sender":	true
				}],
			"sum":	{
				"start":	2.000118,
				"end":	3.000135,
				"seconds":	1.0000170469284058,
				"bytes":	117623440,
				"bits_per_second":	940971479.32656,
				"retransmits":	0,
				"omitted":	false,
				"sender":	true
			}
		}, {
			"streams":	[{
					"socket":	6,
					"start":	3.000135,
					"end":	4.000137,
					"seconds":	1.0000020265579224,
					"bytes":	117751920,
					"bits_per_second":	942013450.955178,
					"retransmits":	0,
					"snd_cwnd":	214620,
					"rtt":	1652,
					"rttvar":	166,
					"pmtu":	1500,
					"omitted":	false,
					"sender":	true
				}],
			"sum":	{
				"start":	3.000135,
				"end":	4.000137,
				"seconds":	1.0000020265579224,
				"bytes":	117751920,
				"bits_per_second":	942013450.955178,
				"retransmits":	0,
				"omitted":	false,
				"sender":	true
			}
		}, {
			"streams":	[{
					"socket":	6,
					"start":	4.000137,
					"end":	5.000102,
					"seconds":	0.99996501207351685,
					"bytes":	118008880,
					"bits_per_second":	944104072.24387217,
					"retransmits":	0,
					"snd_cwnd":	214620,
					"rtt":	1723,
					"rttvar":	219,
					"pmtu":	1500,
					"omitted":	false,
					"sender":	true
				}],
			"sum":	{
				"start":	4.000137,
				"end":	5.000102,
				"seconds":	0.99996501207351685,
				"bytes":	118008880,
				"bits_per_second":	944104072.24387217,
				"retransmits":	0,
				"omitted":	false,
				"sender":	true
			}
		}, {
			"streams":	[{
					"socket":	6,
					"start":	5.000102,
					"end":	6.000139,
					"seconds":	1.0000369548797607,
					"bytes":	117623440,
					"bits_per_second":	940952747.20436656,
					"retransmits":	0,
					"snd_cwnd":	214620,
					"rtt":	1707,
					"rttvar":	226,
					"pmtu":	1500,
					"omitted":	false,
					"sender":	true
				}],
			"sum":	{
				"start":	5.000102,
				"end":	6.000139,
				"seconds":	1.0000369548797607,
				"bytes":	117623440,
				"bits_per_second":	940952747.20436656,
				"retransmits":	0,
				"omitted":	false,
				"sender":	true
			}
		}, {
			"streams":	[{
					"socket":	6,
					"start":	6.000139,
					"end":	7.000147,
					"seconds":	1.0000079870224,
					"bytes":	117687680,
					"bits_per_second":	941493920.26696944,
					"retransmits":	0,
					"snd_cwnd":	214620,
					"rtt":	1688,
					"rttvar":	207,
					"pmtu":	1500,
					"omitted":	false,
					"sender":	true
				}],
			"sum":	{
				"start":	6.000139,
				"end":	7.000147,
				"seconds":	1.0000079870224,
				"bytes":	117687680,
				"bits_per_second":	941493920.26696944,
				"retransmits":	0,
				"omitted":	false,
				"sender":	true
			}
		}, {
			"streams":	[{
					"socket":	6,
					"start":	7.000147,
					"end":	8.000132,
					"seconds":	0.9999849796295166,
					"bytes":	117751920,
					"bits_per_second":	942029509.632241,
					"retransmits":	0,
					"snd_cwnd":	214620,
					"rtt":	1612,
					"rttvar":	241,
					"pmtu":	1500,
					"omitted":	false,
					"sender":	true
				}],
			"sum":	{
				"start":	7.000147,
				"end":	8.000132,
				"seconds":	0.9999849796295166,
				"bytes":	117751920,
				"bits_per_second":	942029509.632241,
				"retransmits":	0,
				"omitted":	false,
				"sender":	true
			}
		}, {
			"streams":	[{
					"socket":	6,
					"start":	8.000132,
					"end":	9.000136,
					"seconds":	1.0000040531158447,
					"bytes":	117880400,
					"bits_per_second":	943039377.75215578,
					"retransmits":	0,
					"snd_cwnd":	214620,
					"rtt":	1721,
					"rttvar":	251,
					"pmtu":	1500,
					"omitted":	false,
					"sender":	true
				}],
			"sum":	{
				"start":	8.000132,
				"end":	9.000136,
				"seconds":	1.0000040531158447,
				"bytes":	117880400,
				"bits_per_second":	943039377.75215578,
				"retransmits":	0,
				"omitted":	false,
				"sender":	true
			}
		}, {
			"streams":	[{
					"socket":	6,
					"start":	9.000136,
					"end":	10.000131,
					"seconds":	0.99999499320983887,
					"bytes":	117707952,
					"bits_per_second":	941668330.73573339,
					"retransmits":	0,
					"snd_cwnd":	214620,
					"rtt":	1692,
					"rttvar":	259,
					"pmtu":	1500,
					"omitted":	false,
					"sender":	true
				}],
			"sum":	{
				"start":	9.000136,
				"end":	10.000131,
				"seconds":	0.99999499320983887,
				"bytes":	117707952,
				"bits_per_second":	941668330.73573339,
				"retransmits":	0,
				"omitted":	false,
				"sender":	true
			}
		}, {
			"streams":	[{
					"socket":	6,
					"start":	10.000131,
					"end":	11.000136,
					"seconds":	1.0000050067901611,
					"bytes":	117687680,
					"bits_per_second":	941496726.12345493,
					"retransmits":	0,
					"snd_cwnd":	214620,
					"rtt":	1649,
					"rttvar":	129,
					"pmtu":	1500,
					"omitted":	false,
					"sender":	true
				}],
			"sum":	{
				"start":	10.000131,
				"end":	11.000136,
				"seconds":	1.0000050067901611,
				"bytes":	117687680,
				"bits_per_second":	941496726.12345493,
				"retransmits":	0,
				"omitted":	false,
				"sender":	true
			}
		}, {
			"streams":	[{
					"socket":	6,
					"start":	11.000136,
					"end":	12.000078,
					"seconds":	0.99994200468063354,
					"bytes":	117816160,
					"bits_per_second":	942583945.45694649,
					"retransmits":	0,
					"snd_cwnd":	214620,
					"rtt":	1515,
					"rttvar":	273,
					"pmtu":	1500,
					"omitted":	false,
					"sender":	true
				}],
			"sum":	{
				"start":	11.000136,
				"end":	12.000078,
				"seconds":	0.99994200468063354,
				"bytes":	117816160,
				"bits_per_second":	942583945.45694649,
				"retransmits":	0,
				"omitted":	false,
				"sender":	true
			}
		}, {
			"streams":	[{
					"socket":	6,
					"start":	12.000078,
					"end":	13.000245,
					"seconds":	1.0001670122146606,
					"bytes":	117816160,
					"bits_per_second":	942371892.38321912,
					"retransmits":	0,
					"snd_cwnd":	214620,
					"rtt":	1573,
					"rttvar":	251,
					"pmtu":	1500,
					"omitted":	false,
					"sender":	true
				}],
			"sum":	{
				"start":	12.000078,
				"end":	13.000245,
				"seconds":	1.0001670122146606,
				"bytes":	117816160,
				"bits_per_second":	942371892.38321912,
				"retransmits":	0,
				"omitted":	false,
				"sender":	true
			}
		}, {
			"streams":	[{
					"socket":	6,
					"start":	13.000245,
					"end":	14.000073,
					"seconds":	0.99982798099517822,
					"bytes":	117751920,
					"bits_per_second":	942177432.42429113,
					"retransmits":	0,
					"snd_cwnd":	214620,
					"rtt":	1669,
					"rttvar":	216,
					"pmtu":	1500,
					"omitted":	false,
					"sender":	true
				}],
			"sum":	{
				"start":	13.000245,
				"end":	14.000073,
				"seconds":	0.99982798099517822,
				"bytes":	117751920,
				"bits_per_second":	942177432.42429113,
				"retransmits":	0,
				"omitted":	false,
				"sender":	true
			}
		}, {
			"streams":	[{
					"socket":	6,
					"start":	14.000073,
					"end":	15.000137,
					"seconds":	1.0000640153884888,
					"bytes":	117494960,
					"bits_per_second":	939899511.967601,
					"retransmits":	0,
					"snd_cwnd":	214620,
					"rtt":	1539,
					"rttvar":	147,
					"pmtu":	1500,
					"omitted":	false,
					"sender":	true
				}],
			"sum":	{
				"start":	14.000073,
				"end":	15.000137,
				"seconds":	1.0000640153884888,
				"bytes":	117494960,
				"bits_per_second":	939899511.967601,
				"retransmits":	0,
				"omitted":	false,
				"sender":	true
			}
		}, {
			"streams":	[{
					"socket":	6,
					"start":	15.000137,
					"end":	16.000272,
					"seconds":	1.0001349449157715,
					"bytes":	118073120,
					"bits_per_second":	944457510.26082814,
					"retransmits":	0,
					"snd_cwnd":	214620,
					"rtt":	1583,
					"rttvar":	242,
					"pmtu":	1500,
					"omitted":	false,
					"sender":	true
				}],
			"sum":	{
				"start":	15.000137,
				"end":	16.000272,
				"seconds":	1.0001349449157715,
				"bytes":	118073120,
				"bits_per_second":	944457510.26082814,
				"retransmits":	0,
				"omitted":	false,
				"sender":	true
			}
		}, {
			"streams":	[{
					"socket":	6,
					"start":	16.000272,
					"end":	17.00014,
					"seconds":	0.99986797571182251,
					"bytes":	117366480,
					"bits_per_second":	939055818.17595363,
					"retransmits":	0,
					"snd_cwnd":	214620,
					"rtt":	1489,
					"rttvar":	125,
					"pmtu":	1500,
					"omitted":	false,
					"sender":	true
				}],
			"sum":	{
				"start":	16.000272,
				"end":	17.00014,
				"seconds":	0.99986797571182251,
				"bytes":	117366480,
				"bits_per_second":	939055818.17595363,
				"retransmits":	0,
				"omitted":	false,
				"sender":	true
			}
		}, {
			"streams":	[{
					"socket":	6,
					"start":	17.00014,
					"end":	18.000139,
					"seconds":	0.99999898672103882,
					"bytes":	117816160,
					"bits_per_second":	942530235.04605746,
					"retransmits":	0,
					"snd_cwnd":	214620,
					"rtt":	1683,
					"rttvar":	131,
					"pmtu":	1500,
					"omitted":	false,
					"sender":	true
				}],
			"sum":	{
				"start":	17.00014,
				"end":	18.000139,
				"seconds":	0.99999898672103882,
				"bytes":	117816160,
				"bits_per_second":	942530235.04605746,
				"retransmits":	0,
				"omitted":	false,
				"sender":	true
			}
		}, {
			"streams":	[{
					"socket":	6,
					"start":	18.000139,
					"end":	19.000137,
					"seconds":	0.99999797344207764,
					"bytes":	117816160,
					"bits_per_second":	942531190.09405041,
					"retransmits":	0,
					"snd_cwnd":	214620,
					"rtt":	1629,
					"rttvar":	196,
					"pmtu":	1500,
					"omitted":	false,
					"sender":	true
				}],
			"sum":	{
				"start":	18.000139,
				"end":	19.000137,
				"seconds":	0.99999797344207764,
				"bytes":	117816160,
				"bits_per_second":	942531190.09405041,
				"retransmits":	0,
				"omitted":	false,
				"sender":	true
			}
		}, {
			"streams":	[{
					"socket":	6,
					"start":	19.000137,
					"end":	20.00014,
					"seconds":	1.0000029802322388,
					"bytes":	117751920,
					"bits_per_second":	942012552.58382142,
					"retransmits":	0,
					"snd_cwnd":	214620,
					"rtt":	1641,
					"rttvar":	146,
					"pmtu":	1500,
					"omitted":	false,
					"sender":	true
				}],
			"sum":	{
				"start":	19.000137,
				"end":	20.00014,
				"seconds":	1.0000029802322388,
				"bytes":	117751920,
				"bits_per_second":	942012552.58382142,
				"retransmits":	0,
				"omitted":	false,
				"sender":	true
			}
		}, {
			"streams":	[{
					"socket":	6,
					"start":	20.00014,
					"end":	21.000129,
					"seconds":	0.99998897314071655,
					"bytes":	118008880,
					"bits_per_second":	944081450.253304,
					"retransmits":	0,
					"snd_cwnd":	214620,
					"rtt":	1631,
					"rttvar":	193,
					"pmtu":	1500,
					"omitted":	false,
					"sender":	true
				}],
			"sum":	{
				"start":	20.00014,
				"end":	21.000129,
				"seconds":	0.99998897314071655,
				"bytes":	118008880,
				"bits_per_second":	944081450.253304,
				"retransmits":	0,
				"omitted":	false,
				"sender":	true
			}
		}, {
			"streams":	[{
					"socket":	6,
					"start":	21.000129,
					"end":	22.000131,
					"seconds":	1.0000020265579224,
					"bytes":	117430720,
					"bits_per_second":	939443856.16261065,
					"retransmits":	0,
					"snd_cwnd":	214620,
					"rtt":	1687,
					"rttvar":	187,
					"pmtu":	1500,
					"omitted":	false,
					"sender":	true
				}],
			"sum":	{
				"start":	21.000129,
				"end":	22.000131,
				"seconds":	1.0000020265579224,
				"bytes":	117430720,
				"bits_per_second":	939443856.16261065,
				"retransmits":	0,
				"omitted":	false,
				"sender":	true
			}
		}, {
			"streams":	[{
					"socket":	6,
					"start":	22.000131,
					"end":	23.000133,
					"seconds":	1.0000020265579224,
					"bytes":	118073120,
					"bits_per_second":	944583045.74774528,
					"retransmits":	0,
					"snd_cwnd":	214620,
					"rtt":	1678,
					"rttvar":	213,
					"pmtu":	1500,
					"omitted":	false,
					"sender":	true
				}],
			"sum":	{
				"start":	22.000131,
				"end":	23.000133,
				"seconds":	1.0000020265579224,
				"bytes":	118073120,
				"bits_per_second":	944583045.74774528,
				"retransmits":	0,
				"omitted":	false,
				"sender":	true
			}
		}, {
			"streams":	[{
					"socket":	6,
					"start":	23.000133,
					"end":	24.000251,
					"seconds":	1.0001180171966553,
					"bytes":	117880400,
					"bits_per_second":	942931917.81842232,
					"retransmits":	0,
					"snd_cwnd":	214620,
					"rtt":	1643,
					"rttvar":	186,
					"pmtu":	1500,
					"omitted":	false,
					"sender":	true
				}],
			"sum":	{
				"start":	23.000133,
				"end":	24.000251,
				"seconds":	1.0001180171966553,
				"bytes":	117880400,
				"bits_per_second":	942931917.81842232,
				"retransmits":	0,
				"omitted":	false,
				"sender":	true
			}
		}, {
			"streams":	[{
					"socket":	6,
					"start":	24.000251,
					"end":	25.000134,
					"seconds":	0.99988299608230591,
					"bytes":	117623440,
					"bits_per_second":	941097632.10988951,
					"retransmits":	0,
					"snd_cwnd":	214620,
					"rtt":	1724,
					"rttvar":	239,
					"pmtu":	1500,
					"omitted":	false,
					"sender":	true
				}],
			"sum":	{
				"start":	24.000251,
				"end":	25.000134,
				"seconds":	0.99988299608230591,
				"bytes":	117623440,
				"bits_per_second":	941097632.10988951,
				"retransmits":	0,
				"omitted":	false,
				"sender":	true
			}
		}, {
			"streams":	[{
					"socket":	6,
					"start":	25.000134,
					"end":	26.000131,
					"seconds":	0.99999701976776123,
					"bytes":	117818912,
					"bits_per_second":	942554105.03013062,
					"retransmits":	0,
					"snd_cwnd":	214620,
					"rtt":	1678,
					"rttvar":	174,
					"pmtu":	1500,
					"omitted":	false,
					"sender":	true
				}],
			"sum":	{
				"start":	25.000134,
				"end":	26.000131,
				"seconds":	0.99999701976776123,
				"bytes":	117818912,
				"bits_per_second":	942554105.03013062,
				"retransmits":	0,
				"omitted":	false,
				"sender":	true
			}
		}, {
			"streams":	[{
					"socket":	6,
					"start":	26.000131,
					"end":	27.000141,
					"seconds":	1.0000100135803223,
					"bytes":	117559200,
					"bits_per_second":	940464182.58636749,
					"retransmits":	0,
					"snd_cwnd":	214620,
					"rtt":	1815,
					"rttvar":	201,
					"pmtu":	1500,
					"omitted":	false,
					"sender":	true
				}],
			"sum":	{
				"start":	26.000131,
				"end":	27.000141,
				"seconds":	1.0000100135803223,
				"bytes":	117559200,
				"bits_per_second":	940464182.58636749,
				"retransmits":	0,
				"omitted":	false,
				"sender":	true
			}
		}, {
			"streams":	[{
					"socket":	6,
					"start":	27.000141,
					"end":	28.000133,
					"seconds":	0.9999920129776001,
					"bytes":	117944640,
					"bits_per_second":	943564656.27204537,
					"retransmits":	0,
					"snd_cwnd":	214620,
					"rtt":	1643,
					"rttvar":	161,
					"pmtu":	1500,
					"omitted":	false,
					"sender":	true
				}],
			"sum":	{
				"start":	27.000141,
				"end":	28.000133,
				"seconds":	0.9999920129776001,
				"bytes":	117944640,
				"bits_per_second":	943564656.27204537,
				"retransmits":	0,
				"omitted":	false,
				"sender":	true
			}
		}, {
			"streams":	[{
					"socket":	6,
					"start":	28.000133,
					"end":	29.000134,
					"seconds":	1.0000009536743164,
					"bytes":	117687680,
					"bits_per_second":	941500542.11511409,
					"retransmits":	0,
					"snd_cwnd":	214620,
					"rtt":	1652,
					"rttvar":	225,
					"pmtu":	1500,
					"omitted":	false,
					"sender":	true
				}],
			"sum":	{
				"start":	28.000133,
				"end":	29.000134,
				"seconds":	1.0000009536743164,
				"bytes":	117687680,
				"bits_per_second":	941500542.11511409,
				"retransmits":	0,
				"omitted":	false,
				"sender":	true
			}
		}, {
			"streams":	[{
					"socket":	6,
					"start":	29.000134,
					"end":	30.00013,
					"seconds":	0.9999960064888,
					"bytes":	117687680,
					"bits_per_second":	941505199.91156065,
					"retransmits":	0,
					"snd_cwnd":	214620,
					"rtt":	1695,
					"rttvar":	203,
					"pmtu":	1500,
					"omitted":	false,
					"sender":	true
				}],
			"sum":	{
				"start":	29.000134,
				"end":	30.00013,
				"seconds":	0.9999960064888,
				"bytes":	117687680,
				"bits_per_second":	941505199.91156065,
				"retransmits":	0,
				"omitted":	false,
				"sender":	true
			}
		}, {
			"streams":	[{
					"socket":	6,
					"start":	30.00013,
					"end":	31.00014,
					"seconds":	1.0000100135803223,
					"bytes":	117751920,
					"bits_per_second":	942005927.1479845,
					"retransmits":	0,
					"snd_cwnd":	214620,
					"rtt":	1611,
					"rttvar":	134,
					"pmtu":	1500,
					"omitted":	false,
					"sender":	true
				}],
			"sum":	{
				"start":	30.00013,
				"end":	31.00014,
				"seconds":	1.0000100135803223,
				"bytes":	117751920,
				"bits_per_second":	942005927.1479845,
				"retransmits":	0,
				"omitted":	false,
				"sender":	true
			}
		}, {
			"streams":	[{
					"socket":	6,
					"start":	31.00014,
					"end":	32.000131,
					"seconds":	0.99999099969863892,
					"bytes":	117687680,
					"bits_per_second":	941509913.87295926,
					"retransmits":	0,
					"snd_cwnd":	214620,
					"rtt":	1695,
					"rttvar":	267,
					"pmtu":	1500,
					"omitted":	false,
					"sender":	true
				}],
			"sum":	{
				"start":	31.00014,
				"end":	32.000131,
				"seconds":	0.99999099969863892,
				"bytes":	117687680,
				"bits_per_second":	941509913.87295926,
				"retransmits":	0,
				"omitted":	false,
				"sender":	true
			}
		}, {
			"streams":	[{
					"socket":	6,
					"start":	32.000131,
					"end":	33.000145,
					"seconds":	1.0000139474868774,
					"bytes":	117751920,
					"bits_per_second":	942002221.436378,
					"retransmits":	0,
					"snd_cwnd":	214620,
					"rtt":	1704,
					"rttvar":	202,
					"pmtu":	1500,
					"omitted":	false,
					"sender":	true
				}],
			"sum":	{
				"start":	32.000131,
				"end":	33.000145,
				"seconds":	1.0000139474868774,
				"bytes":	117751920,
				"bits_per_second":	942002221.436378,
				"retransmits":	0,
				"omitted":	false,
				"sender":	true
			}
		}, {
			"streams":	[{
					"socket":	6,
					"start":	33.000145,
					"end":	34.000131,
					"seconds":	0.99998599290847778,
					"bytes":	117880400,
					"bits_per_second":	943056409.47743821,
					"retransmits":	0,
					"snd_cwnd":	214620,
					"rtt":	1726,
					"rttvar":	222,
					"pmtu":	1500,
					"omitted":	false,
					"sender":	true
				}],
			"sum":	{
				"start":	33.000145,
				"end":	34.000131,
				"seconds":	0.99998599290847778,
				"bytes":	117880400,
				"bits_per_second":	943056409.47743821,
				"retransmits":	0,
				"omitted":	false,
				"sender":	true
			}
		}, {
			"streams":	[{
					"socket":	6,
					"start":	34.000131,
					"end":	35.000137,
					"seconds":	1.0000059604644775,
					"bytes":	117623440,
					"bits_per_second":	940981911.31074357,
					"retransmits":	0,
					"snd_cwnd":	214620,
					"rtt":	1689,
					"rttvar":	221,
					"pmtu":	1500,
					"omitted":	false,
					"sender":	true
				}],
			"sum":	{
				"start":	34.000131,
				"end":	35.000137,
				"seconds":	1.0000059604644775,
				"bytes":	117623440,
				"bits_per_second":	940981911.31074357,
				"retransmits":	0,
				"omitted":	false,
				"sender":	true
			}
		}, {
			"streams":	[{
					"socket":	6,
					"start":	35.000137,
					"end":	36.000132,
					"seconds":	0.99999499320983887,
					"bytes":	117751920,
					"bits_per_second":	942020076.49685061,
					"retransmits":	0,
					"snd_cwnd":	214620,
					"rtt":	1684,
					"rttvar":	128,
					"pmtu":	1500,
					"omitted":	false,
					"sender":	true
				}],
			"sum":	{
				"start":	35.000137,
				"end":	36.000132,
				"seconds":	0.99999499320983887,
				"bytes":	117751920,
				"bits_per_second":	942020076.49685061,
				"retransmits":	0,
				"omitted":	false,
				"sender":	true
			}
		}, {
			"streams":	[{
					"socket":	6,
					"start":	36.000132,
					"end":	37.000128,
					"seconds":	0.9999960064888,
					"bytes":	117816160,
					"bits_per_second":	942533044.01626766,
					"retransmits":	0,
					"snd_cwnd":	214620,
					"rtt":	1658,
					"rttvar":	110,
					"pmtu":	1500,
					"omitted":	false,
					"sender":	true
				}],
			"sum":	{
				"start":	36.000132,
				"end":	37.000128,
				"seconds":	0.9999960064888,
				"bytes":	117816160,
				"bits_per_second":	942533044.01626766,
				"retransmits":	0,
				"omitted":	false,
				"sender":	true
			}
		}, {
			"streams":	[{
					"socket":	6,
					"start":	37.000128,
					"end":	38.000196,
					"seconds":	1.0000679492950439,
					"bytes":	118137360,
					"bits_per_second":	945034665.560683,
					"retransmits":	0,
					"snd_cwnd":	214620,
					"rtt":	1629,
					"rttvar":	224,
					"pmtu":	1500,
					"omitted":	false,
					"sender":	true
				}],
			"sum":	{
				"start":	37.000128,
				"end":	38.000196,
				"seconds":	1.0000679492950439,
				"bytes":	118137360,
				"bits_per_second":	945034665.560683,
				"retransmits":	0,
				"omitted":	false,
				"sender":	true
			}
		}, {
			"streams":	[{
					"socket":	6,
					"start":	38.000196,
					"end":	39.00014,
					"seconds":	0.99994397163391113,
					"bytes":	117687680,
					"bits_per_second":	941554193.74305952,
					"retransmits":	0,
					"snd_cwnd":	214620,
					"rtt":	1575,
					"rttvar":	203,
					"pmtu":	1500,
					"omitted":	false,
					"sender":	true
				}],
			"sum":	{
				"start":	38.000196,
				"end":	39.00014,
				"seconds":	0.99994397163391113,
				"bytes":	117687680,
				"bits_per_second":	941554193.74305952,
				"retransmits":	0,
				"omitted":	false,
				"sender":	true
			}
		}, {
			"streams":	[{
					"socket":	6,
					"start":	39.00014,
					"end":	40.000142,
					"seconds":	1.0000020265579224,
					"bytes":	117494960,
					"bits_per_second":	939957775.12112415,
					"retransmits":	0,
					"snd_cwnd":	214620,
					"rtt":	1710,
					"rttvar":	277,
					"pmtu":	1500,
					"omitted":	false,
					"sender":	true
				}],
			"sum":	{
				"start":	39.00014,
				"end":	40.000142,
				"seconds":	1.0000020265579224,
				"bytes":	117494960,
				"bits_per_second":	939957775.12112415,
				"retransmits":	0,
				"omitted":	false,
				"sender":	true
			}
		}],
	"end":	{
		"streams":	[{
				"sender":	{
					"socket":	6,
					"start":	0,
					"end":	40.000142,
					"seconds":	40.000142,
					"bytes":	4709429684,
					"bits_per_second":	941882593.11679447,
					"retransmits":	0,
					"max_snd_cwnd":	214620,
					"max_rtt":	1815,
					"min_rtt":	1489,
					"mean_rtt":	1655,
					"sender":	true
				},
				"receiver":	{
					"socket":	6,
					"start":	0,
					"end":	40.000142,
					"seconds":	40.000142,
					"bytes":	4708779984,
					"bits_per_second":	941752653.57807982,
					"sender":	true
				}
			}],
		"sum_sent":	{
			"start":	0,
			"end":	40.000142,
			"seconds":	40.000142,
			"bytes":	4709429684,
			"bits_per_second":	941882593.11679447,
			"retransmits":	0,
			"sender":	true
		},
		"sum_received":	{
			"start":	0,
			"end":	40.000142,
			"seconds":	40.000142,
			"bytes":	4708779984,
			"bits_per_second":	941752653.57807982,
			"sender":	true
		},
		"cpu_utilization_percent":	{
			"host_total":	5.5279403772824534,
			"host_user":	0.23386862892194188,
			"host_system":	5.2940767421388877,
			"remote_total":	30.20628,
			"remote_user":	8.337535,
			"remote_system":	21.868745
		},
		"sender_tcp_congestion":	"cubic"
	}
}
