{
	"start":	{
		"connected":	[{
				"socket":	6,
				"local_host":	"192.168.94.28",
				"local_port":	35018,
				"remote_host":	"192.168.94.100",
				"remote_port":	5201
			}],
		"version":	"iperf 3.7",
		"system_info":	"Linux lab4-nz28 5.11.0-25-generic #27~20.04.1-Ubuntu SMP Tue Jul 13 17:41:23 UTC 2021 x86_64",
		"timestamp":	{
			"time":	"Fri, 08 Oct 2021 21:04:46 GMT",
			"timesecs":	1633727086
		},
		"connecting_to":	{
			"host":	"192.168.94.100",
			"port":	5201
		},
		"cookie":	"3tmxezbouddi2jdr472oxpt3cjwp46rk3w5q",
		"tcp_mss_default":	1460,
		"sock_bufsize":	0,
		"sndbuf_actual":	16384,
		"rcvbuf_actual":	131072,
		"test_start":	{
			"protocol":	"TCP",
			"num_streams":	1,
			"blksize":	131072,
			"omit":	0,
			"duration":	40,
			"bytes":	0,
			"blocks":	0,
			"reverse":	0,
			"tos":	0
		}
	},
	"intervals":	[{
			"streams":	[{
					"socket":	6,
					"start":	0,
					"end":	1.000127,
					"seconds":	1.0001269578933716,
					"bytes":	118811880,
					"bits_per_second":	950374382.47048724,
					"retransmits":	0,
					"snd_cwnd":	221920,
					"rtt":	1720,
					"rttvar":	176,
					"pmtu":	1500,
					"omitted":	false,
					"sender":	true
				}],
			"sum":	{
				"start":	0,
				"end":	1.000127,
				"seconds":	1.0001269578933716,
				"bytes":	118811880,
				"bits_per_second":	950374382.47048724,
				"retransmits":	0,
				"omitted":	false,
				"sender":	true
			}
		}, {
			"streams":	[{
					"socket":	6,
					"start":	1.000127,
					"end":	2.000124,
					"seconds":	0.99999701976776123,
					"bytes":	117687680,
					"bits_per_second":	941504245.90130663,
					"retransmits":	0,
					"snd_cwnd":	221920,
					"rtt":	1663,
					"rttvar":	146,
					"pmtu":	1500,
					"omitted":	false,
					"sender":	true
				}],
			"sum":	{
				"start":	1.000127,
				"end":	2.000124,
				"seconds":	0.99999701976776123,
				"bytes":	117687680,
				"bits_per_second":	941504245.90130663,
				"retransmits":	0,
				"omitted":	false,
				"sender":	true
			}
		}, {
			"streams":	[{
					"socket":	6,
					"start":	2.000124,
					"end":	3.000133,
					"seconds":	1.0000089406967163,
					"bytes":	117623440,
					"bits_per_second":	940979106.991188,
					"retransmits":	0,
					"snd_cwnd":	221920,
					"rtt":	1739,
					"rttvar":	250,
					"pmtu":	1500,
					"omitted":	false,
					"sender":	true
				}],
			"sum":	{
				"start":	2.000124,
				"end":	3.000133,
				"seconds":	1.0000089406967163,
				"bytes":	117623440,
				"bits_per_second":	940979106.991188,
				"retransmits":	0,
				"omitted":	false,
				"sender":	true
			}
		}, {
			"streams":	[{
					"socket":	6,
					"start":	3.000133,
					"end":	4.000137,
					"seconds":	1.0000040531158447,
					"bytes":	117880400,
					"bits_per_second":	943039377.75215578,
					"retransmits":	0,
					"snd_cwnd":	221920,
					"rtt":	1657,
					"rttvar":	185,
					"pmtu":	1500,
					"omitted":	false,
					"sender":	true
				}],
			"sum":	{
				"start":	3.000133,
				"end":	4.000137,
				"seconds":	1.0000040531158447,
				"bytes":	117880400,
				"bits_per_second":	943039377.75215578,
				"retransmits":	0,
				"omitted":	false,
				"sender":	true
			}
		}, {
			"streams":	[{
					"socket":	6,
					"start":	4.000137,
					"end":	5.000041,
					"seconds":	0.99990397691726685,
					"bytes":	118073120,
					"bits_per_second":	944675670.67008078,
					"retransmits":	0,
					"snd_cwnd":	221920,
					"rtt":	1663,
					"rttvar":	187,
					"pmtu":	1500,
					"omitted":	false,
					"sender":	true
				}],
			"sum":	{
				"start":	4.000137,
				"end":	5.000041,
				"seconds":	0.99990397691726685,
				"bytes":	118073120,
				"bits_per_second":	944675670.67008078,
				"retransmits":	0,
				"omitted":	false,
				"sender":	true
			}
		}, {
			"streams":	[{
					"socket":	6,
					"start":	5.000041,
					"end":	6.000139,
					"seconds":	1.0000979900360107,
					"bytes":	117687680,
					"bits_per_second":	941409191.27944565,
					"retransmits":	0,
					"snd_cwnd":	221920,
					"rtt":	1642,
					"rttvar":	146,
					"pmtu":	1500,
					"omitted":	false,
					"sender":	true
				}],
			"sum":	{
				"start":	5.000041,
				"end":	6.000139,
				"seconds":	1.0000979900360107,
				"bytes":	117687680,
				"bits_per_second":	941409191.27944565,
				"retransmits":	0,
				"omitted":	false,
				"sender":	true
			}
		}, {
			"streams":	[{
					"socket":	6,
					"start":	6.000139,
					"end":	7.000135,
					"seconds":	0.9999960064888,
					"bytes":	117494960,
					"bits_per_second":	939963433.75450027,
					"retransmits":	0,
					"snd_cwnd":	221920,
					"rtt":	1669,
					"rttvar":	206,
					"pmtu":	1500,
					"omitted":	false,
					"sender":	true
				}],
			"sum":	{
				"start":	6.000139,
				"end":	7.000135,
				"seconds":	0.9999960064888,
				"bytes":	117494960,
				"bits_per_second":	939963433.75450027,
				"retransmits":	0,
				"omitted":	false,
				"sender":	true
			}
		}, {
			"streams":	[{
					"socket":	6,
					"start":	7.000135,
					"end":	8.000028,
					"seconds":	0.99989300966262817,
					"bytes":	118137360,
					"bits_per_second":	945200007.26766145,
					"retransmits":	0,
					"snd_cwnd":	221920,
					"rtt":	1627,
					"rttvar":	127,
					"pmtu":	1500,
					"omitted":	false,
					"sender":	true
				}],
			"sum":	{
				"start":	7.000135,
				"end":	8.000028,
				"seconds":	0.99989300966262817,
				"bytes":	118137360,
				"bits_per_second":	945200007.26766145,
				"retransmits":	0,
				"omitted":	false,
				"sender":	true
			}
		}, {
			"streams":	[{
					"socket":	6,
					"start":	8.000028,
					"end":	9.000133,
					"seconds":	1.0001050233840942,
					"bytes":	117623440,
					"bits_per_second":	940888704.684178,
					"retransmits":	0,
					"snd_cwnd":	221920,
					"rtt":	1670,
					"rttvar":	162,
					"pmtu":	1500,
					"omitted":	false,
					"sender":	true
				}],
			"sum":	{
				"start":	8.000028,
				"end":	9.000133,
				"seconds":	1.0001050233840942,
				"bytes":	117623440,
				"bits_per_second":	940888704.684178,
				"retransmits":	0,
				"omitted":	false,
				"sender":	true
			}
		}, {
			"streams":	[{
					"socket":	6,
					"start":	9.000133,
					"end":	10.000131,
					"seconds":	0.99999797344207764,
					"bytes":	117816160,
					"bits_per_second":	942531190.09405041,
					"retransmits":	0,
					"snd_cwnd":	221920,
					"rtt":	1695,
					"rttvar":	263,
					"pmtu":	1500,
					"omitted":	false,
					"sender":	true
				}],
			"sum":	{
				"start":	9.000133,
				"end":	10.000131,
				"seconds":	0.99999797344207764,
				"bytes":	117816160,
				"bits_per_second":	942531190.09405041,
				"retransmits":	0,
				"omitted":	false,
				"sender":	true
			}
		}, {
			"streams":	[{
					"socket":	6,
					"start":	10.000131,
					"end":	11.000139,
					"seconds":	1.0000079870224,
					"bytes":	117751920,
					"bits_per_second":	942007836.16231167,
					"retransmits":	0,
					"snd_cwnd":	221920,
					"rtt":	1699,
					"rttvar":	157,
					"pmtu":	1500,
					"omitted":	false,
					"sender":	true
				}],
			"sum":	{
				"start":	10.000131,
				"end":	11.000139,
				"seconds":	1.0000079870224,
				"bytes":	117751920,
				"bits_per_second":	942007836.16231167,
				"retransmits":	0,
				"omitted":	false,
				"sender":	true
			}
		}, {
			"streams":	[{
					"socket":	6,
					"start":	11.000139,
					"end":	12.00011,
					"seconds":	0.99997097253799438,
					"bytes":	117816160,
					"bits_per_second":	942556640.02705657,
					"retransmits":	0,
					"snd_cwnd":	221920,
					"rtt":	1701,
					"rttvar":	189,
					"pmtu":	1500,
					"omitted":	false,
					"sender":	true
				}],
			"sum":	{
				"start":	11.000139,
				"end":	12.00011,
				"seconds":	0.99997097253799438,
				"bytes":	117816160,
				"bits_per_second":	942556640.02705657,
				"retransmits":	0,
				"omitted":	false,
				"sender":	true
			}
		}, {
			"streams":	[{
					"socket":	6,
					"start":	12.00011,
					"end":	13.000145,
					"seconds":	1.0000350475311279,
					"bytes":	117687680,
					"bits_per_second":	941468443.85540807,
					"retransmits":	0,
					"snd_cwnd":	221920,
					"rtt":	1672,
					"rttvar":	161,
					"pmtu":	1500,
					"omitted":	false,
					"sender":	true
				}],
			"sum":	{
				"start":	12.00011,
				"end":	13.000145,
				"seconds":	1.0000350475311279,
				"bytes":	117687680,
				"bits_per_second":	941468443.85540807,
				"retransmits":	0,
				"omitted":	false,
				"sender":	true
			}
		}, {
			"streams":	[{
					"socket":	6,
					"start":	13.000145,
					"end":	14.000143,
					"seconds":	0.99999797344207764,
					"bytes":	117494960,
					"bits_per_second":	939961584.88659656,
					"retransmits":	0,
					"snd_cwnd":	221920,
					"rtt":	1683,
					"rttvar":	184,
					"pmtu":	1500,
					"omitted":	false,
					"sender":	true
				}],
			"sum":	{
				"start":	13.000145,
				"end":	14.000143,
				"seconds":	0.99999797344207764,
				"bytes":	117494960,
				"bits_per_second":	939961584.88659656,
				"retransmits":	0,
				"omitted":	false,
				"sender":	true
			}
		}, {
			"streams":	[{
					"socket":	6,
					"start":	14.000143,
					"end":	15.000133,
					"seconds":	0.99998998641967773,
					"bytes":	117944640,
					"bits_per_second":	943566568.47962284,
					"retransmits":	0,
					"snd_cwnd":	221920,
					"rtt":	1795,
					"rttvar":	236,
					"pmtu":	1500,
					"omitted":	false,
					"sender":	true
				}],
			"sum":	{
				"start":	14.000143,
				"end":	15.000133,
				"seconds":	0.99998998641967773,
				"bytes":	117944640,
				"bits_per_second":	943566568.47962284,
				"retransmits":	0,
				"omitted":	false,
				"sender":	true
			}
		}, {
			"streams":	[{
					"socket":	6,
					"start":	15.000133,
					"end":	16.000141,
					"seconds":	1.0000079870224,
					"bytes":	117623440,
					"bits_per_second":	940980004.37162721,
					"retransmits":	0,
					"snd_cwnd":	221920,
					"rtt":	1611,
					"rttvar":	186,
					"pmtu":	1500,
					"omitted":	false,
					"sender":	true
				}],
			"sum":	{
				"start":	15.000133,
				"end":	16.000141,
				"seconds":	1.0000079870224,
				"bytes":	117623440,
				"bits_per_second":	940980004.37162721,
				"retransmits":	0,
				"omitted":	false,
				"sender":	true
			}
		}, {
			"streams":	[{
					"socket":	6,
					"start":	16.000141,
					"end":	17.000132,
					"seconds":	0.99999099969863892,
					"bytes":	118073120,
					"bits_per_second":	944593461.62581837,
					"retransmits":	0,
					"snd_cwnd":	221920,
					"rtt":	1650,
					"rttvar":	59,
					"pmtu":	1500,
					"omitted":	false,
					"sender":	true
				}],
			"sum":	{
				"start":	16.000141,
				"end":	17.000132,
				"seconds":	0.99999099969863892,
				"bytes":	118073120,
				"bits_per_second":	944593461.62581837,
				"retransmits":	0,
				"omitted":	false,
				"sender":	true
			}
		}, {
			"streams":	[{
					"socket":	6,
					"start":	17.000132,
					"end":	18.000132,
					"seconds":	1,
					"bytes":	117816160,
					"bits_per_second":	942529280,
					"retransmits":	0,
					"snd_cwnd":	221920,
					"rtt":	1674,
					"rttvar":	199,
					"pmtu":	1500,
					"omitted":	false,
					"sender":	true
				}],
			"sum":	{
				"start":	17.000132,
				"end":	18.000132,
				"seconds":	1,
				"bytes":	117816160,
				"bits_per_second":	942529280,
				"retransmits":	0,
				"omitted":	false,
				"sender":	true
			}
		}, {
			"streams":	[{
					"socket":	6,
					"start":	18.000132,
					"end":	19.000133,
					"seconds":	1.0000009536743164,
					"bytes":	117430720,
					"bits_per_second":	939444864.0755614,
					"retransmits":	0,
					"snd_cwnd":	221920,
					"rtt":	1799,
					"rttvar":	202,
					"pmtu":	1500,
					"omitted":	false,
					"sender":	true
				}],
			"sum":	{
				"start":	18.000132,
				"end":	19.000133,
				"seconds":	1.0000009536743164,
				"bytes":	117430720,
				"bits_per_second":	939444864.0755614,
				"retransmits":	0,
				"omitted":	false,
				"sender":	true
			}
		}, {
			"streams":	[{
					"socket":	6,
					"start":	19.000133,
					"end":	20.000132,
					"seconds":	0.99999898672103882,
					"bytes":	118073120,
					"bits_per_second":	944585917.1290369,
					"retransmits":	0,
					"snd_cwnd":	221920,
					"rtt":	1711,
					"rttvar":	193,
					"pmtu":	1500,
					"omitted":	false,
					"sender":	true
				}],
			"sum":	{
				"start":	19.000133,
				"end":	20.000132,
				"seconds":	0.99999898672103882,
				"bytes":	118073120,
				"bits_per_second":	944585917.1290369,
				"retransmits":	0,
				"omitted":	false,
				"sender":	true
			}
		}, {
			"streams":	[{
					"socket":	6,
					"start":	20.000132,
					"end":	21.000136,
					"seconds":	1.0000040531158447,
					"bytes":	117751920,
					"bits_per_second":	942011541.91809356,
					"retransmits":	0,
					"snd_cwnd":	221920,
					"rtt":	1682,
					"rttvar":	169,
					"pmtu":	1500,
					"omitted":	false,
					"sender":	true
				}],
			"sum":	{
				"start":	20.000132,
				"end":	21.000136,
				"seconds":	1.0000040531158447,
				"bytes":	117751920,
				"bits_per_second":	942011541.91809356,
				"retransmits":	0,
				"omitted":	false,
				"sender":	true
			}
		}, {
			"streams":	[{
					"socket":	6,
					"start":	21.000136,
					"end":	22.000136,
					"seconds":	1,
					"bytes":	117494960,
					"bits_per_second":	939959680,
					"retransmits":	0,
					"snd_cwnd":	221920,
					"rtt":	1680,
					"rttvar":	249,
					"pmtu":	1500,
					"omitted":	false,
					"sender":	true
				}],
			"sum":	{
				"start":	21.000136,
				"end":	22.000136,
				"seconds":	1,
				"bytes":	117494960,
				"bits_per_second":	939959680,
				"retransmits":	0,
				"omitted":	false,
				"sender":	true
			}
		}, {
			"streams":	[{
					"socket":	6,
					"start":	22.000136,
					"end":	23.000127,
					"seconds":	0.99999099969863892,
					"bytes":	118073120,
					"bits_per_second":	944593461.62581837,
					"retransmits":	0,
					"snd_cwnd":	221920,
					"rtt":	1672,
					"rttvar":	229,
					"pmtu":	1500,
					"omitted":	false,
					"sender":	true
				}],
			"sum":	{
				"start":	22.000136,
				"end":	23.000127,
				"seconds":	0.99999099969863892,
				"bytes":	118073120,
				"bits_per_second":	944593461.62581837,
				"retransmits":	0,
				"omitted":	false,
				"sender":	true
			}
		}, {
			"streams":	[{
					"socket":	6,
					"start":	23.000127,
					"end":	24.000139,
					"seconds":	1.0000120401382446,
					"bytes":	117430720,
					"bits_per_second":	939434449.07936132,
					"retransmits":	0,
					"snd_cwnd":	221920,
					"rtt":	1680,
					"rttvar":	146,
					"pmtu":	1500,
					"omitted":	false,
					"sender":	true
				}],
			"sum":	{
				"start":	23.000127,
				"end":	24.000139,
				"seconds":	1.0000120401382446,
				"bytes":	117430720,
				"bits_per_second":	939434449.07936132,
				"retransmits":	0,
				"omitted":	false,
				"sender":	true
			}
		}, {
			"streams":	[{
					"socket":	6,
					"start":	24.000139,
					"end":	25.000138,
					"seconds":	0.99999898672103882,
					"bytes":	117816160,
					"bits_per_second":	942530235.04605746,
					"retransmits":	0,
					"snd_cwnd":	221920,
					"rtt":	1713,
					"rttvar":	264,
					"pmtu":	1500,
					"omitted":	false,
					"sender":	true
				}],
			"sum":	{
				"start":	24.000139,
				"end":	25.000138,
				"seconds":	0.99999898672103882,
				"bytes":	117816160,
				"bits_per_second":	942530235.04605746,
				"retransmits":	0,
				"omitted":	false,
				"sender":	true
			}
		}, {
			"streams":	[{
					"socket":	6,
					"start":	25.000138,
					"end":	26.000136,
					"seconds":	0.99999797344207764,
					"bytes":	117751920,
					"bits_per_second":	942017269.05255961,
					"retransmits":	0,
					"snd_cwnd":	221920,
					"rtt":	1688,
					"rttvar":	188,
					"pmtu":	1500,
					"omitted":	false,
					"sender":	true
				}],
			"sum":	{
				"start":	25.000138,
				"end":	26.000136,
				"seconds":	0.99999797344207764,
				"bytes":	117751920,
				"bits_per_second":	942017269.05255961,
				"retransmits":	0,
				"omitted":	false,
				"sender":	true
			}
		}, {
			"streams":	[{
					"socket":	6,
					"start":	26.000136,
					"end":	27.000134,
					"seconds":	0.99999797344207764,
					"bytes":	117944640,
					"bits_per_second":	943559032.17703187,
					"retransmits":	0,
					"snd_cwnd":	221920,
					"rtt":	1818,
					"rttvar":	307,
					"pmtu":	1500,
					"omitted":	false,
					"sender":	true
				}],
			"sum":	{
				"start":	26.000136,
				"end":	27.000134,
				"seconds":	0.99999797344207764,
				"bytes":	117944640,
				"bits_per_second":	943559032.17703187,
				"retransmits":	0,
				"omitted":	false,
				"sender":	true
			}
		}, {
			"streams":	[{
					"socket":	6,
					"start":	27.000134,
					"end":	28.000139,
					"seconds":	1.0000050067901611,
					"bytes":	117559200,
					"bits_per_second":	940468891.26960838,
					"retransmits":	0,
					"snd_cwnd":	221920,
					"rtt":	1683,
					"rttvar":	168,
					"pmtu":	1500,
					"omitted":	false,
					"sender":	true
				}],
			"sum":	{
				"start":	27.000134,
				"end":	28.000139,
				"seconds":	1.0000050067901611,
				"bytes":	117559200,
				"bits_per_second":	940468891.26960838,
				"retransmits":	0,
				"omitted":	false,
				"sender":	true
			}
		}, {
			"streams":	[{
					"socket":	6,
					"start":	28.000139,
					"end":	29.000142,
					"seconds":	1.0000029802322388,
					"bytes":	117880400,
					"bits_per_second":	943040389.52062869,
					"retransmits":	0,
					"snd_cwnd":	221920,
					"rtt":	1760,
					"rttvar":	187,
					"pmtu":	1500,
					"omitted":	false,
					"sender":	true
				}],
			"sum":	{
				"start":	28.000139,
				"end":	29.000142,
				"seconds":	1.0000029802322388,
				"bytes":	117880400,
				"bits_per_second":	943040389.52062869,
				"retransmits":	0,
				"omitted":	false,
				"sender":	true
			}
		}, {
			"streams":	[{
					"socket":	6,
					"start":	29.000142,
					"end":	30.000133,
					"seconds":	0.99999099969863892,
					"bytes":	117751920,
					"bits_per_second":	942023838.49843585,
					"retransmits":	0,
					"snd_cwnd":	221920,
					"rtt":	1690,
					"rttvar":	264,
					"pmtu":	1500,
					"omitted":	false,
					"sender":	true
				}],
			"sum":	{
				"start":	29.000142,
				"end":	30.000133,
				"seconds":	0.99999099969863892,
				"bytes":	117751920,
				"bits_per_second":	942023838.49843585,
				"retransmits":	0,
				"omitted":	false,
				"sender":	true
			}
		}, {
			"streams":	[{
					"socket":	6,
					"start":	30.000133,
					"end":	31.000137,
					"seconds":	1.0000040531158447,
					"bytes":	117751920,
					"bits_per_second":	942011541.91809356,
					"retransmits":	0,
					"snd_cwnd":	221920,
					"rtt":	1713,
					"rttvar":	247,
					"pmtu":	1500,
					"omitted":	false,
					"sender":	true
				}],
			"sum":	{
				"start":	30.000133,
				"end":	31.000137,
				"seconds":	1.0000040531158447,
				"bytes":	117751920,
				"bits_per_second":	942011541.91809356,
				"retransmits":	0,
				"omitted":	false,
				"sender":	true
			}
		}, {
			"streams":	[{
					"socket":	6,
					"start":	31.000137,
					"end":	32.000143,
					"seconds":	1.0000059604644775,
					"bytes":	117623440,
					"bits_per_second":	940981911.31074357,
					"retransmits":	0,
					"snd_cwnd":	221920,
					"rtt":	1677,
					"rttvar":	117,
					"pmtu":	1500,
					"omitted":	false,
					"sender":	true
				}],
			"sum":	{
				"start":	31.000137,
				"end":	32.000143,
				"seconds":	1.0000059604644775,
				"bytes":	117623440,
				"bits_per_second":	940981911.31074357,
				"retransmits":	0,
				"omitted":	false,
				"sender":	true
			}
		}, {
			"streams":	[{
					"socket":	6,
					"start":	32.000143,
					"end":	33.000138,
					"seconds":	0.99999499320983887,
					"bytes":	117880400,
					"bits_per_second":	943047921.64305556,
					"retransmits":	0,
					"snd_cwnd":	221920,
					"rtt":	1663,
					"rttvar":	211,
					"pmtu":	1500,
					"omitted":	false,
					"sender":	true
				}],
			"sum":	{
				"start":	32.000143,
				"end":	33.000138,
				"seconds":	0.99999499320983887,
				"bytes":	117880400,
				"bits_per_second":	943047921.64305556,
				"retransmits":	0,
				"omitted":	false,
				"sender":	true
			}
		}, {
			"streams":	[{
					"socket":	6,
					"start":	33.000138,
					"end":	34.000142,
					"seconds":	1.0000040531158447,
					"bytes":	117623440,
					"bits_per_second":	940983706.08403122,
					"retransmits":	0,
					"snd_cwnd":	221920,
					"rtt":	1673,
					"rttvar":	292,
					"pmtu":	1500,
					"omitted":	false,
					"sender":	true
				}],
			"sum":	{
				"start":	33.000138,
				"end":	34.000142,
				"seconds":	1.0000040531158447,
				"bytes":	117623440,
				"bits_per_second":	940983706.08403122,
				"retransmits":	0,
				"omitted":	false,
				"sender":	true
			}
		}, {
			"streams":	[{
					"socket":	6,
					"start":	34.000142,
					"end":	35.000139,
					"seconds":	0.99999701976776123,
					"bytes":	117880400,
					"bits_per_second":	943046010.49612308,
					"retransmits":	0,
					"snd_cwnd":	221920,
					"rtt":	1700,
					"rttvar":	219,
					"pmtu":	1500,
					"omitted":	false,
					"sender":	true
				}],
			"sum":	{
				"start":	34.000142,
				"end":	35.000139,
				"seconds":	0.99999701976776123,
				"bytes":	117880400,
				"bits_per_second":	943046010.49612308,
				"retransmits":	0,
				"omitted":	false,
				"sender":	true
			}
		}, {
			"streams":	[{
					"socket":	6,
					"start":	35.000139,
					"end":	36.000129,
					"seconds":	0.99998998641967773,
					"bytes":	117751920,
					"bits_per_second":	942024793.04093063,
					"retransmits":	0,
					"snd_cwnd":	221920,
					"rtt":	1621,
					"rttvar":	369,
					"pmtu":	1500,
					"omitted":	false,
					"sender":	true
				}],
			"sum":	{
				"start":	35.000139,
				"end":	36.000129,
				"seconds":	0.99998998641967773,
				"bytes":	117751920,
				"bits_per_second":	942024793.04093063,
				"retransmits":	0,
				"omitted":	false,
				"sender":	true
			}
		}, {
			"streams":	[{
					"socket":	6,
					"start":	36.000129,
					"end":	37.000139,
					"seconds":	1.0000100135803223,
					"bytes":	118073120,
					"bits_per_second":	944575501.41734612,
					"retransmits":	0,
					"snd_cwnd":	221920,
					"rtt":	1732,
					"rttvar":	244,
					"pmtu":	1500,
					"omitted":	false,
					"sender":	true
				}],
			"sum":	{
				"start":	36.000129,
				"end":	37.000139,
				"seconds":	1.0000100135803223,
				"bytes":	118073120,
				"bits_per_second":	944575501.41734612,
				"retransmits":	0,
				"omitted":	false,
				"sender":	true
			}
		}, {
			"streams":	[{
					"socket":	6,
					"start":	37.000139,
					"end":	38.000074,
					"seconds":	0.99993497133255,
					"bytes":	117687680,
					"bits_per_second":	941562668.5656575,
					"retransmits":	0,
					"snd_cwnd":	221920,
					"rtt":	1616,
					"rttvar":	115,
					"pmtu":	1500,
					"omitted":	false,
					"sender":	true
				}],
			"sum":	{
				"start":	37.000139,
				"end":	38.000074,
				"seconds":	0.99993497133255,
				"bytes":	117687680,
				"bits_per_second":	941562668.5656575,
				"retransmits":	0,
				"omitted":	false,
				"sender":	true
			}
		}, {
			"streams":	[{
					"socket":	6,
					"start":	38.000074,
					"end":	39.000133,
					"seconds":	1.0000590085983276,
					"bytes":	117494960,
					"bits_per_second":	939904217.569559,
					"retransmits":	0,
					"snd_cwnd":	221920,
					"rtt":	1619,
					"rttvar":	253,
					"pmtu":	1500,
					"omitted":	false,
					"sender":	true
				}],
			"sum":	{
				"start":	38.000074,
				"end":	39.000133,
				"seconds":	1.0000590085983276,
				"bytes":	117494960,
				"bits_per_second":	939904217.569559,
				"retransmits":	0,
				"omitted":	false,
				"sender":	true
			}
		}, {
			"streams":	[{
					"socket":	6,
					"start":	39.000133,
					"end":	40.000158,
					"seconds":	1.0000250339508057,
					"bytes":	117623440,
					"bits_per_second":	940963963.95441651,
					"retransmits":	0,
					"snd_cwnd":	221920,
					"rtt":	1664,
					"rttvar":	182,
					"pmtu":	1500,
					"omitted":	false,
					"sender":	true
				}],
			"sum":	{
				"start":	39.000133,
				"end":	40.000158,
				"seconds":	1.0000250339508057,
				"bytes":	117623440,
				"bits_per_second":	940963963.95441651,
				"retransmits":	0,
				"omitted":	false,
				"sender":	true
			}
		}],
	"end":	{
		"streams":	[{
				"sender":	{
					"socket":	6,
					"start":	0,
					"end":	40.000158,
					"seconds":	40.000158,
					"bytes":	4711393720,
					"bits_per_second":	942275022.013663,
					"retransmits":	0,
					"max_snd_cwnd":	221920,
					"max_rtt":	1818,
					"min_rtt":	1611,
					"mean_rtt":	1687,
					"sender":	true
				},
				"receiver":	{
					"socket":	6,
					"start":	0,
					"end":	40.000158,
					"seconds":	40.000158,
					"bytes":	4710757160,
					"bits_per_second":	942147710.51654351,
					"sender":	true
				}
			}],
		"sum_sent":	{
			"start":	0,
			"end":	40.000158,
			"seconds":	40.000158,
			"bytes":	4711393720,
			"bits_per_second":	942275022.013663,
			"retransmits":	0,
			"sender":	true
		},
		"sum_received":	{
			"start":	0,
			"end":	40.000158,
			"seconds":	40.000158,
			"bytes":	4710757160,
			"bits_per_second":	942147710.51654351,
			"sender":	true
		},
		"cpu_utilization_percent":	{
			"host_total":	5.4447277014499571,
			"host_user":	0.17584447992036492,
			"host_system":	5.2688882146999338,
			"remote_total":	9.639184,
			"remote_user":	2.163898,
			"remote_system":	7.475286
		},
		"sender_tcp_congestion":	"cubic"
	}
}
