{
	"start":	{
		"connected":	[{
				"socket":	6,
				"local_host":	"192.168.94.21",
				"local_port":	43514,
				"remote_host":	"192.168.94.100",
				"remote_port":	5201
			}],
		"version":	"iperf 3.7",
		"system_info":	"Linux lab4-nz21 5.11.0-25-generic #27~20.04.1-Ubuntu SMP Tue Jul 13 17:41:23 UTC 2021 x86_64",
		"timestamp":	{
			"time":	"Fri, 08 Oct 2021 20:59:57 GMT",
			"timesecs":	1633726797
		},
		"connecting_to":	{
			"host":	"192.168.94.100",
			"port":	5201
		},
		"cookie":	"5xvcx3y5qxhoi6qtvns44ssqw3anvwbovt3t",
		"tcp_mss_default":	1460,
		"sock_bufsize":	0,
		"sndbuf_actual":	16384,
		"rcvbuf_actual":	131072,
		"test_start":	{
			"protocol":	"TCP",
			"num_streams":	1,
			"blksize":	131072,
			"omit":	0,
			"duration":	40,
			"bytes":	0,
			"blocks":	0,
			"reverse":	0,
			"tos":	0
		}
	},
	"intervals":	[{
			"streams":	[{
					"socket":	6,
					"start":	0,
					"end":	1.000228,
					"seconds":	1.0002280473709106,
					"bytes":	119011900,
					"bits_per_second":	951878126.69577968,
					"retransmits":	0,
					"snd_cwnd":	223380,
					"rtt":	1651,
					"rttvar":	131,
					"pmtu":	1500,
					"omitted":	false,
					"sender":	true
				}],
			"sum":	{
				"start":	0,
				"end":	1.000228,
				"seconds":	1.0002280473709106,
				"bytes":	119011900,
				"bits_per_second":	951878126.69577968,
				"retransmits":	0,
				"omitted":	false,
				"sender":	true
			}
		}, {
			"streams":	[{
					"socket":	6,
					"start":	1.000228,
					"end":	2.000122,
					"seconds":	0.99989402294158936,
					"bytes":	117687680,
					"bits_per_second":	941601228.12835288,
					"retransmits":	0,
					"snd_cwnd":	223380,
					"rtt":	1668,
					"rttvar":	181,
					"pmtu":	1500,
					"omitted":	false,
					"sender":	true
				}],
			"sum":	{
				"start":	1.000228,
				"end":	2.000122,
				"seconds":	0.99989402294158936,
				"bytes":	117687680,
				"bits_per_second":	941601228.12835288,
				"retransmits":	0,
				"omitted":	false,
				"sender":	true
			}
		}, {
			"streams":	[{
					"socket":	6,
					"start":	2.000122,
					"end":	3.000134,
					"seconds":	1.0000120401382446,
					"bytes":	117623440,
					"bits_per_second":	940976190.5165813,
					"retransmits":	0,
					"snd_cwnd":	223380,
					"rtt":	1690,
					"rttvar":	96,
					"pmtu":	1500,
					"omitted":	false,
					"sender":	true
				}],
			"sum":	{
				"start":	2.000122,
				"end":	3.000134,
				"seconds":	1.0000120401382446,
				"bytes":	117623440,
				"bits_per_second":	940976190.5165813,
				"retransmits":	0,
				"omitted":	false,
				"sender":	true
			}
		}, {
			"streams":	[{
					"socket":	6,
					"start":	3.000134,
					"end":	4.000132,
					"seconds":	0.99999797344207764,
					"bytes":	117623440,
					"bits_per_second":	940989426.969578,
					"retransmits":	0,
					"snd_cwnd":	223380,
					"rtt":	1709,
					"rttvar":	212,
					"pmtu":	1500,
					"omitted":	false,
					"sender":	true
				}],
			"sum":	{
				"start":	3.000134,
				"end":	4.000132,
				"seconds":	0.99999797344207764,
				"bytes":	117623440,
				"bits_per_second":	940989426.969578,
				"retransmits":	0,
				"omitted":	false,
				"sender":	true
			}
		}, {
			"streams":	[{
					"socket":	6,
					"start":	4.000132,
					"end":	5.000144,
					"seconds":	1.0000120401382446,
					"bytes":	117816160,
					"bits_per_second":	942517931.95380127,
					"retransmits":	0,
					"snd_cwnd":	223380,
					"rtt":	1706,
					"rttvar":	182,
					"pmtu":	1500,
					"omitted":	false,
					"sender":	true
				}],
			"sum":	{
				"start":	4.000132,
				"end":	5.000144,
				"seconds":	1.0000120401382446,
				"bytes":	117816160,
				"bits_per_second":	942517931.95380127,
				"retransmits":	0,
				"omitted":	false,
				"sender":	true
			}
		}, {
			"streams":	[{
					"socket":	6,
					"start":	5.000144,
					"end":	6.000139,
					"seconds":	0.99999499320983887,
					"bytes":	117687680,
					"bits_per_second":	941506153.92374814,
					"retransmits":	0,
					"snd_cwnd":	223380,
					"rtt":	1719,
					"rttvar":	253,
					"pmtu":	1500,
					"omitted":	false,
					"sender":	true
				}],
			"sum":	{
				"start":	5.000144,
				"end":	6.000139,
				"seconds":	0.99999499320983887,
				"bytes":	117687680,
				"bits_per_second":	941506153.92374814,
				"retransmits":	0,
				"omitted":	false,
				"sender":	true
			}
		}, {
			"streams":	[{
					"socket":	6,
					"start":	6.000139,
					"end":	7.000136,
					"seconds":	0.99999701976776123,
					"bytes":	118008880,
					"bits_per_second":	944073853.55933416,
					"retransmits":	0,
					"snd_cwnd":	223380,
					"rtt":	1591,
					"rttvar":	170,
					"pmtu":	1500,
					"omitted":	false,
					"sender":	true
				}],
			"sum":	{
				"start":	6.000139,
				"end":	7.000136,
				"seconds":	0.99999701976776123,
				"bytes":	118008880,
				"bits_per_second":	944073853.55933416,
				"retransmits":	0,
				"omitted":	false,
				"sender":	true
			}
		}, {
			"streams":	[{
					"socket":	6,
					"start":	7.000136,
					"end":	8.00013,
					"seconds":	0.99999397993087769,
					"bytes":	117494960,
					"bits_per_second":	939965338.65631127,
					"retransmits":	0,
					"snd_cwnd":	223380,
					"rtt":	1683,
					"rttvar":	212,
					"pmtu":	1500,
					"omitted":	false,
					"sender":	true
				}],
			"sum":	{
				"start":	7.000136,
				"end":	8.00013,
				"seconds":	0.99999397993087769,
				"bytes":	117494960,
				"bits_per_second":	939965338.65631127,
				"retransmits":	0,
				"omitted":	false,
				"sender":	true
			}
		}, {
			"streams":	[{
					"socket":	6,
					"start":	8.00013,
					"end":	9.000156,
					"seconds":	1.0000259876251221,
					"bytes":	117816160,
					"bits_per_second":	942504786.53893173,
					"retransmits":	0,
					"snd_cwnd":	223380,
					"rtt":	1685,
					"rttvar":	231,
					"pmtu":	1500,
					"omitted":	false,
					"sender":	true
				}],
			"sum":	{
				"start":	8.00013,
				"end":	9.000156,
				"seconds":	1.0000259876251221,
				"bytes":	117816160,
				"bits_per_second":	942504786.53893173,
				"retransmits":	0,
				"omitted":	false,
				"sender":	true
			}
		}, {
			"streams":	[{
					"socket":	6,
					"start":	9.000156,
					"end":	10.000148,
					"seconds":	0.9999920129776001,
					"bytes":	118008880,
					"bits_per_second":	944078580.37676871,
					"retransmits":	0,
					"snd_cwnd":	223380,
					"rtt":	1766,
					"rttvar":	204,
					"pmtu":	1500,
					"omitted":	false,
					"sender":	true
				}],
			"sum":	{
				"start":	9.000156,
				"end":	10.000148,
				"seconds":	0.9999920129776001,
				"bytes":	118008880,
				"bits_per_second":	944078580.37676871,
				"retransmits":	0,
				"omitted":	false,
				"sender":	true
			}
		}, {
			"streams":	[{
					"socket":	6,
					"start":	10.000148,
					"end":	11.000131,
					"seconds":	0.999983012676239,
					"bytes":	117880400,
					"bits_per_second":	943059220.05229676,
					"retransmits":	0,
					"snd_cwnd":	223380,
					"rtt":	1728,
					"rttvar":	169,
					"pmtu":	1500,
					"omitted":	false,
					"sender":	true
				}],
			"sum":	{
				"start":	10.000148,
				"end":	11.000131,
				"seconds":	0.999983012676239,
				"bytes":	117880400,
				"bits_per_second":	943059220.05229676,
				"retransmits":	0,
				"omitted":	false,
				"sender":	true
			}
		}, {
			"streams":	[{
					"socket":	6,
					"start":	11.000131,
					"end":	12.000138,
					"seconds":	1.0000070333480835,
					"bytes":	117623440,
					"bits_per_second":	940980901.7537781,
					"retransmits":	0,
					"snd_cwnd":	223380,
					"rtt":	1600,
					"rttvar":	176,
					"pmtu":	1500,
					"omitted":	false,
					"sender":	true
				}],
			"sum":	{
				"start":	11.000131,
				"end":	12.000138,
				"seconds":	1.0000070333480835,
				"bytes":	117623440,
				"bits_per_second":	940980901.7537781,
				"retransmits":	0,
				"omitted":	false,
				"sender":	true
			}
		}, {
			"streams":	[{
					"socket":	6,
					"start":	12.000138,
					"end":	13.00015,
					"seconds":	1.0000120401382446,
					"bytes":	117687680,
					"bits_per_second":	941490104.328988,
					"retransmits":	0,
					"snd_cwnd":	223380,
					"rtt":	1629,
					"rttvar":	158,
					"pmtu":	1500,
					"omitted":	false,
					"sender":	true
				}],
			"sum":	{
				"start":	12.000138,
				"end":	13.00015,
				"seconds":	1.0000120401382446,
				"bytes":	117687680,
				"bits_per_second":	941490104.328988,
				"retransmits":	0,
				"omitted":	false,
				"sender":	true
			}
		}, {
			"streams":	[{
					"socket":	6,
					"start":	13.00015,
					"end":	14.000156,
					"seconds":	1.0000059604644775,
					"bytes":	117751920,
					"bits_per_second":	942009745.18437636,
					"retransmits":	0,
					"snd_cwnd":	223380,
					"rtt":	1569,
					"rttvar":	199,
					"pmtu":	1500,
					"omitted":	false,
					"sender":	true
				}],
			"sum":	{
				"start":	13.00015,
				"end":	14.000156,
				"seconds":	1.0000059604644775,
				"bytes":	117751920,
				"bits_per_second":	942009745.18437636,
				"retransmits":	0,
				"omitted":	false,
				"sender":	true
			}
		}, {
			"streams":	[{
					"socket":	6,
					"start":	14.000156,
					"end":	15.000131,
					"seconds":	0.99997502565383911,
					"bytes":	117880400,
					"bits_per_second":	943066752.47552919,
					"retransmits":	0,
					"snd_cwnd":	223380,
					"rtt":	1780,
					"rttvar":	214,
					"pmtu":	1500,
					"omitted":	false,
					"sender":	true
				}],
			"sum":	{
				"start":	14.000156,
				"end":	15.000131,
				"seconds":	0.99997502565383911,
				"bytes":	117880400,
				"bits_per_second":	943066752.47552919,
				"retransmits":	0,
				"omitted":	false,
				"sender":	true
			}
		}, {
			"streams":	[{
					"socket":	6,
					"start":	15.000131,
					"end":	16.000151,
					"seconds":	1.0000200271606445,
					"bytes":	117751920,
					"bits_per_second":	941996494.48487842,
					"retransmits":	0,
					"snd_cwnd":	223380,
					"rtt":	1601,
					"rttvar":	245,
					"pmtu":	1500,
					"omitted":	false,
					"sender":	true
				}],
			"sum":	{
				"start":	15.000131,
				"end":	16.000151,
				"seconds":	1.0000200271606445,
				"bytes":	117751920,
				"bits_per_second":	941996494.48487842,
				"retransmits":	0,
				"omitted":	false,
				"sender":	true
			}
		}, {
			"streams":	[{
					"socket":	6,
					"start":	16.000151,
					"end":	17.00014,
					"seconds":	0.99998897314071655,
					"bytes":	117880400,
					"bits_per_second":	943053598.919332,
					"retransmits":	0,
					"snd_cwnd":	223380,
					"rtt":	1649,
					"rttvar":	208,
					"pmtu":	1500,
					"omitted":	false,
					"sender":	true
				}],
			"sum":	{
				"start":	16.000151,
				"end":	17.00014,
				"seconds":	0.99998897314071655,
				"bytes":	117880400,
				"bits_per_second":	943053598.919332,
				"retransmits":	0,
				"omitted":	false,
				"sender":	true
			}
		}, {
			"streams":	[{
					"socket":	6,
					"start":	17.00014,
					"end":	18.000147,
					"seconds":	1.0000070333480835,
					"bytes":	117559200,
					"bits_per_second":	940466985.36833084,
					"retransmits":	0,
					"snd_cwnd":	223380,
					"rtt":	1602,
					"rttvar":	204,
					"pmtu":	1500,
					"omitted":	false,
					"sender":	true
				}],
			"sum":	{
				"start":	17.00014,
				"end":	18.000147,
				"seconds":	1.0000070333480835,
				"bytes":	117559200,
				"bits_per_second":	940466985.36833084,
				"retransmits":	0,
				"omitted":	false,
				"sender":	true
			}
		}, {
			"streams":	[{
					"socket":	6,
					"start":	18.000147,
					"end":	19.000138,
					"seconds":	0.99999099969863892,
					"bytes":	117687680,
					"bits_per_second":	941509913.87295926,
					"retransmits":	0,
					"snd_cwnd":	223380,
					"rtt":	1728,
					"rttvar":	219,
					"pmtu":	1500,
					"omitted":	false,
					"sender":	true
				}],
			"sum":	{
				"start":	18.000147,
				"end":	19.000138,
				"seconds":	0.99999099969863892,
				"bytes":	117687680,
				"bits_per_second":	941509913.87295926,
				"retransmits":	0,
				"omitted":	false,
				"sender":	true
			}
		}, {
			"streams":	[{
					"socket":	6,
					"start":	19.000138,
					"end":	20.00015,
					"seconds":	1.0000120401382446,
					"bytes":	117623440,
					"bits_per_second":	940976190.5165813,
					"retransmits":	0,
					"snd_cwnd":	223380,
					"rtt":	1666,
					"rttvar":	192,
					"pmtu":	1500,
					"omitted":	false,
					"sender":	true
				}],
			"sum":	{
				"start":	19.000138,
				"end":	20.00015,
				"seconds":	1.0000120401382446,
				"bytes":	117623440,
				"bits_per_second":	940976190.5165813,
				"retransmits":	0,
				"omitted":	false,
				"sender":	true
			}
		}, {
			"streams":	[{
					"socket":	6,
					"start":	20.00015,
					"end":	21.000143,
					"seconds":	0.99999302625656128,
					"bytes":	118137360,
					"bits_per_second":	945105470.92307675,
					"retransmits":	0,
					"snd_cwnd":	223380,
					"rtt":	1776,
					"rttvar":	234,
					"pmtu":	1500,
					"omitted":	false,
					"sender":	true
				}],
			"sum":	{
				"start":	20.00015,
				"end":	21.000143,
				"seconds":	0.99999302625656128,
				"bytes":	118137360,
				"bits_per_second":	945105470.92307675,
				"retransmits":	0,
				"omitted":	false,
				"sender":	true
			}
		}, {
			"streams":	[{
					"socket":	6,
					"start":	21.000143,
					"end":	22.00015,
					"seconds":	1.0000070333480835,
					"bytes":	117559200,
					"bits_per_second":	940466985.36833084,
					"retransmits":	0,
					"snd_cwnd":	223380,
					"rtt":	1613,
					"rttvar":	212,
					"pmtu":	1500,
					"omitted":	false,
					"sender":	true
				}],
			"sum":	{
				"start":	21.000143,
				"end":	22.00015,
				"seconds":	1.0000070333480835,
				"bytes":	117559200,
				"bits_per_second":	940466985.36833084,
				"retransmits":	0,
				"omitted":	false,
				"sender":	true
			}
		}, {
			"streams":	[{
					"socket":	6,
					"start":	22.00015,
					"end":	23.000137,
					"seconds":	0.999987006187439,
					"bytes":	117816160,
					"bits_per_second":	942541527.20793557,
					"retransmits":	0,
					"snd_cwnd":	223380,
					"rtt":	1694,
					"rttvar":	123,
					"pmtu":	1500,
					"omitted":	false,
					"sender":	true
				}],
			"sum":	{
				"start":	22.00015,
				"end":	23.000137,
				"seconds":	0.999987006187439,
				"bytes":	117816160,
				"bits_per_second":	942541527.20793557,
				"retransmits":	0,
				"omitted":	false,
				"sender":	true
			}
		}, {
			"streams":	[{
					"socket":	6,
					"start":	23.000137,
					"end":	24.000132,
					"seconds":	0.99999499320983887,
					"bytes":	117816160,
					"bits_per_second":	942533999.06995308,
					"retransmits":	0,
					"snd_cwnd":	223380,
					"rtt":	1690,
					"rttvar":	271,
					"pmtu":	1500,
					"omitted":	false,
					"sender":	true
				}],
			"sum":	{
				"start":	23.000137,
				"end":	24.000132,
				"seconds":	0.99999499320983887,
				"bytes":	117816160,
				"bits_per_second":	942533999.06995308,
				"retransmits":	0,
				"omitted":	false,
				"sender":	true
			}
		}, {
			"streams":	[{
					"socket":	6,
					"start":	24.000132,
					"end":	25.000142,
					"seconds":	1.0000100135803223,
					"bytes":	117687680,
					"bits_per_second":	941492012.29411209,
					"retransmits":	0,
					"snd_cwnd":	223380,
					"rtt":	1705,
					"rttvar":	231,
					"pmtu":	1500,
					"omitted":	false,
					"sender":	true
				}],
			"sum":	{
				"start":	24.000132,
				"end":	25.000142,
				"seconds":	1.0000100135803223,
				"bytes":	117687680,
				"bits_per_second":	941492012.29411209,
				"retransmits":	0,
				"omitted":	false,
				"sender":	true
			}
		}, {
			"streams":	[{
					"socket":	6,
					"start":	25.000142,
					"end":	26.000133,
					"seconds":	0.99999099969863892,
					"bytes":	117623440,
					"bits_per_second":	940995989.24748278,
					"retransmits":	0,
					"snd_cwnd":	223380,
					"rtt":	1744,
					"rttvar":	191,
					"pmtu":	1500,
					"omitted":	false,
					"sender":	true
				}],
			"sum":	{
				"start":	25.000142,
				"end":	26.000133,
				"seconds":	0.99999099969863892,
				"bytes":	117623440,
				"bits_per_second":	940995989.24748278,
				"retransmits":	0,
				"omitted":	false,
				"sender":	true
			}
		}, {
			"streams":	[{
					"socket":	6,
					"start":	26.000133,
					"end":	27.000139,
					"seconds":	1.0000059604644775,
					"bytes":	117687680,
					"bits_per_second":	941495828.24756,
					"retransmits":	0,
					"snd_cwnd":	223380,
					"rtt":	1697,
					"rttvar":	213,
					"pmtu":	1500,
					"omitted":	false,
					"sender":	true
				}],
			"sum":	{
				"start":	26.000133,
				"end":	27.000139,
				"seconds":	1.0000059604644775,
				"bytes":	117687680,
				"bits_per_second":	941495828.24756,
				"retransmits":	0,
				"omitted":	false,
				"sender":	true
			}
		}, {
			"streams":	[{
					"socket":	6,
					"start":	27.000139,
					"end":	28.000155,
					"seconds":	1.0000159740447998,
					"bytes":	117880400,
					"bits_per_second":	943028136.02630758,
					"retransmits":	0,
					"snd_cwnd":	223380,
					"rtt":	1830,
					"rttvar":	194,
					"pmtu":	1500,
					"omitted":	false,
					"sender":	true
				}],
			"sum":	{
				"start":	27.000139,
				"end":	28.000155,
				"seconds":	1.0000159740447998,
				"bytes":	117880400,
				"bits_per_second":	943028136.02630758,
				"retransmits":	0,
				"omitted":	false,
				"sender":	true
			}
		}, {
			"streams":	[{
					"socket":	6,
					"start":	28.000155,
					"end":	29.000141,
					"seconds":	0.99998599290847778,
					"bytes":	117623440,
					"bits_per_second":	941000700.68293691,
					"retransmits":	0,
					"snd_cwnd":	223380,
					"rtt":	1750,
					"rttvar":	260,
					"pmtu":	1500,
					"omitted":	false,
					"sender":	true
				}],
			"sum":	{
				"start":	28.000155,
				"end":	29.000141,
				"seconds":	0.99998599290847778,
				"bytes":	117623440,
				"bits_per_second":	941000700.68293691,
				"retransmits":	0,
				"omitted":	false,
				"sender":	true
			}
		}, {
			"streams":	[{
					"socket":	6,
					"start":	29.000141,
					"end":	30.000142,
					"seconds":	1.0000009536743164,
					"bytes":	117880400,
					"bits_per_second":	943042300.64477861,
					"retransmits":	0,
					"snd_cwnd":	223380,
					"rtt":	1697,
					"rttvar":	127,
					"pmtu":	1500,
					"omitted":	false,
					"sender":	true
				}],
			"sum":	{
				"start":	29.000141,
				"end":	30.000142,
				"seconds":	1.0000009536743164,
				"bytes":	117880400,
				"bits_per_second":	943042300.64477861,
				"retransmits":	0,
				"omitted":	false,
				"sender":	true
			}
		}, {
			"streams":	[{
					"socket":	6,
					"start":	30.000142,
					"end":	31.000163,
					"seconds":	1.0000209808349609,
					"bytes":	117687680,
					"bits_per_second":	941481686.92810786,
					"retransmits":	0,
					"snd_cwnd":	223380,
					"rtt":	1691,
					"rttvar":	209,
					"pmtu":	1500,
					"omitted":	false,
					"sender":	true
				}],
			"sum":	{
				"start":	30.000142,
				"end":	31.000163,
				"seconds":	1.0000209808349609,
				"bytes":	117687680,
				"bits_per_second":	941481686.92810786,
				"retransmits":	0,
				"omitted":	false,
				"sender":	true
			}
		}, {
			"streams":	[{
					"socket":	6,
					"start":	31.000163,
					"end":	32.000073,
					"seconds":	0.99990999698638916,
					"bytes":	118073120,
					"bits_per_second":	944669983.14535081,
					"retransmits":	0,
					"snd_cwnd":	223380,
					"rtt":	1758,
					"rttvar":	156,
					"pmtu":	1500,
					"omitted":	false,
					"sender":	true
				}],
			"sum":	{
				"start":	31.000163,
				"end":	32.000073,
				"seconds":	0.99990999698638916,
				"bytes":	118073120,
				"bits_per_second":	944669983.14535081,
				"retransmits":	0,
				"omitted":	false,
				"sender":	true
			}
		}, {
			"streams":	[{
					"socket":	6,
					"start":	32.000073,
					"end":	33.000144,
					"seconds":	1.0000710487365723,
					"bytes":	117366480,
					"bits_per_second":	938865134.81835938,
					"retransmits":	0,
					"snd_cwnd":	223380,
					"rtt":	1683,
					"rttvar":	153,
					"pmtu":	1500,
					"omitted":	false,
					"sender":	true
				}],
			"sum":	{
				"start":	32.000073,
				"end":	33.000144,
				"seconds":	1.0000710487365723,
				"bytes":	117366480,
				"bits_per_second":	938865134.81835938,
				"retransmits":	0,
				"omitted":	false,
				"sender":	true
			}
		}, {
			"streams":	[{
					"socket":	6,
					"start":	33.000144,
					"end":	34.00014,
					"seconds":	0.9999960064888,
					"bytes":	118137360,
					"bits_per_second":	945102654.27803493,
					"retransmits":	0,
					"snd_cwnd":	223380,
					"rtt":	1762,
					"rttvar":	213,
					"pmtu":	1500,
					"omitted":	false,
					"sender":	true
				}],
			"sum":	{
				"start":	33.000144,
				"end":	34.00014,
				"seconds":	0.9999960064888,
				"bytes":	118137360,
				"bits_per_second":	945102654.27803493,
				"retransmits":	0,
				"omitted":	false,
				"sender":	true
			}
		}, {
			"streams":	[{
					"socket":	6,
					"start":	34.00014,
					"end":	35.000136,
					"seconds":	0.9999960064888,
					"bytes":	117687680,
					"bits_per_second":	941505199.91156065,
					"retransmits":	0,
					"snd_cwnd":	223380,
					"rtt":	1728,
					"rttvar":	141,
					"pmtu":	1500,
					"omitted":	false,
					"sender":	true
				}],
			"sum":	{
				"start":	34.00014,
				"end":	35.000136,
				"seconds":	0.9999960064888,
				"bytes":	117687680,
				"bits_per_second":	941505199.91156065,
				"retransmits":	0,
				"omitted":	false,
				"sender":	true
			}
		}, {
			"streams":	[{
					"socket":	6,
					"start":	35.000136,
					"end":	36.000146,
					"seconds":	1.0000100135803223,
					"bytes":	117816160,
					"bits_per_second":	942519842.0018568,
					"retransmits":	0,
					"snd_cwnd":	223380,
					"rtt":	1674,
					"rttvar":	222,
					"pmtu":	1500,
					"omitted":	false,
					"sender":	true
				}],
			"sum":	{
				"start":	35.000136,
				"end":	36.000146,
				"seconds":	1.0000100135803223,
				"bytes":	117816160,
				"bits_per_second":	942519842.0018568,
				"retransmits":	0,
				"omitted":	false,
				"sender":	true
			}
		}, {
			"streams":	[{
					"socket":	6,
					"start":	36.000146,
					"end":	37.000146,
					"seconds":	1,
					"bytes":	117751920,
					"bits_per_second":	942015360,
					"retransmits":	0,
					"snd_cwnd":	223380,
					"rtt":	1746,
					"rttvar":	162,
					"pmtu":	1500,
					"omitted":	false,
					"sender":	true
				}],
			"sum":	{
				"start":	36.000146,
				"end":	37.000146,
				"seconds":	1,
				"bytes":	117751920,
				"bits_per_second":	942015360,
				"retransmits":	0,
				"omitted":	false,
				"sender":	true
			}
		}, {
			"streams":	[{
					"socket":	6,
					"start":	37.000146,
					"end":	38.000153,
					"seconds":	1.0000070333480835,
					"bytes":	117687680,
					"bits_per_second":	941494818.13922524,
					"retransmits":	0,
					"snd_cwnd":	223380,
					"rtt":	1642,
					"rttvar":	121,
					"pmtu":	1500,
					"omitted":	false,
					"sender":	true
				}],
			"sum":	{
				"start":	37.000146,
				"end":	38.000153,
				"seconds":	1.0000070333480835,
				"bytes":	117687680,
				"bits_per_second":	941494818.13922524,
				"retransmits":	0,
				"omitted":	false,
				"sender":	true
			}
		}, {
			"streams":	[{
					"socket":	6,
					"start":	38.000153,
					"end":	39.00014,
					"seconds":	0.999987006187439,
					"bytes":	117944640,
					"bits_per_second":	943569380.56366932,
					"retransmits":	0,
					"snd_cwnd":	223380,
					"rtt":	1696,
					"rttvar":	257,
					"pmtu":	1500,
					"omitted":	false,
					"sender":	true
				}],
			"sum":	{
				"start":	38.000153,
				"end":	39.00014,
				"seconds":	0.999987006187439,
				"bytes":	117944640,
				"bits_per_second":	943569380.56366932,
				"retransmits":	0,
				"omitted":	false,
				"sender":	true
			}
		}, {
			"streams":	[{
					"socket":	6,
					"start":	39.00014,
					"end":	40.000149,
					"seconds":	1.0000089406967163,
					"bytes":	117366480,
					"bits_per_second":	938923445.37023509,
					"retransmits":	0,
					"snd_cwnd":	223380,
					"rtt":	1687,
					"rttvar":	235,
					"pmtu":	1500,
					"omitted":	false,
					"sender":	true
				}],
			"sum":	{
				"start":	39.00014,
				"end":	40.000149,
				"seconds":	1.0000089406967163,
				"bytes":	117366480,
				"bits_per_second":	938923445.37023509,
				"retransmits":	0,
				"omitted":	false,
				"sender":	true
			}
		}],
	"end":	{
		"streams":	[{
				"sender":	{
					"socket":	6,
					"start":	0,
					"end":	40.000149,
					"seconds":	40.000149,
					"bytes":	4711336780,
					"bits_per_second":	942263846.06717336,
					"retransmits":	0,
					"max_snd_cwnd":	223380,
					"max_rtt":	1830,
					"min_rtt":	1569,
					"mean_rtt":	1692,
					"sender":	true
				},
				"receiver":	{
					"socket":	6,
					"start":	0,
					"end":	40.000149,
					"seconds":	40.000149,
					"bytes":	4710643280,
					"bits_per_second":	942125146.58382893,
					"sender":	true
				}
			}],
		"sum_sent":	{
			"start":	0,
			"end":	40.000149,
			"seconds":	40.000149,
			"bytes":	4711336780,
			"bits_per_second":	942263846.06717336,
			"retransmits":	0,
			"sender":	true
		},
		"sum_received":	{
			"start":	0,
			"end":	40.000149,
			"seconds":	40.000149,
			"bytes":	4710643280,
			"bits_per_second":	942125146.58382893,
			"sender":	true
		},
		"cpu_utilization_percent":	{
			"host_total":	5.3492961390704323,
			"host_user":	0.20994732272109923,
			"host_system":	5.1393513123941625,
			"remote_total":	37.624863,
			"remote_user":	9.850609,
			"remote_system":	27.774255
		},
		"sender_tcp_congestion":	"cubic"
	}
}
