{
	"start":	{
		"connected":	[{
				"socket":	6,
				"local_host":	"192.168.94.1",
				"local_port":	47504,
				"remote_host":	"192.168.94.100",
				"remote_port":	5201
			}],
		"version":	"iperf 3.7",
		"system_info":	"Linux lab4-nz01 5.11.0-25-generic #27~20.04.1-Ubuntu SMP Tue Jul 13 17:41:23 UTC 2021 x86_64",
		"timestamp":	{
			"time":	"Fri, 08 Oct 2021 20:46:12 GMT",
			"timesecs":	1633725972
		},
		"connecting_to":	{
			"host":	"192.168.94.100",
			"port":	5201
		},
		"cookie":	"x75vii5eemevmlxutodxjtxiako4beo3cqmz",
		"tcp_mss_default":	1460,
		"sock_bufsize":	0,
		"sndbuf_actual":	16384,
		"rcvbuf_actual":	131072,
		"test_start":	{
			"protocol":	"TCP",
			"num_streams":	1,
			"blksize":	131072,
			"omit":	0,
			"duration":	40,
			"bytes":	0,
			"blocks":	0,
			"reverse":	0,
			"tos":	0
		}
	},
	"intervals":	[{
			"streams":	[{
					"socket":	6,
					"start":	0,
					"end":	1.000142,
					"seconds":	1.000141978263855,
					"bytes":	118535940,
					"bits_per_second":	948152902.89697766,
					"retransmits":	0,
					"snd_cwnd":	214620,
					"rtt":	1649,
					"rttvar":	165,
					"pmtu":	1500,
					"omitted":	false,
					"sender":	true
				}],
			"sum":	{
				"start":	0,
				"end":	1.000142,
				"seconds":	1.000141978263855,
				"bytes":	118535940,
				"bits_per_second":	948152902.89697766,
				"retransmits":	0,
				"omitted":	false,
				"sender":	true
			}
		}, {
			"streams":	[{
					"socket":	6,
					"start":	1.000142,
					"end":	2.000095,
					"seconds":	0.99995297193527222,
					"bytes":	117816160,
					"bits_per_second":	942573607.41262007,
					"retransmits":	0,
					"snd_cwnd":	214620,
					"rtt":	1682,
					"rttvar":	150,
					"pmtu":	1500,
					"omitted":	false,
					"sender":	true
				}],
			"sum":	{
				"start":	1.000142,
				"end":	2.000095,
				"seconds":	0.99995297193527222,
				"bytes":	117816160,
				"bits_per_second":	942573607.41262007,
				"retransmits":	0,
				"omitted":	false,
				"sender":	true
			}
		}, {
			"streams":	[{
					"socket":	6,
					"start":	2.000095,
					"end":	3.000135,
					"seconds":	1.0000400543212891,
					"bytes":	118008880,
					"bits_per_second":	944033227.38980258,
					"retransmits":	0,
					"snd_cwnd":	214620,
					"rtt":	1644,
					"rttvar":	135,
					"pmtu":	1500,
					"omitted":	false,
					"sender":	true
				}],
			"sum":	{
				"start":	2.000095,
				"end":	3.000135,
				"seconds":	1.0000400543212891,
				"bytes":	118008880,
				"bits_per_second":	944033227.38980258,
				"retransmits":	0,
				"omitted":	false,
				"sender":	true
			}
		}, {
			"streams":	[{
					"socket":	6,
					"start":	3.000135,
					"end":	4.000133,
					"seconds":	0.99999797344207764,
					"bytes":	117623440,
					"bits_per_second":	940989426.969578,
					"retransmits":	0,
					"snd_cwnd":	214620,
					"rtt":	1596,
					"rttvar":	206,
					"pmtu":	1500,
					"omitted":	false,
					"sender":	true
				}],
			"sum":	{
				"start":	3.000135,
				"end":	4.000133,
				"seconds":	0.99999797344207764,
				"bytes":	117623440,
				"bits_per_second":	940989426.969578,
				"retransmits":	0,
				"omitted":	false,
				"sender":	true
			}
		}, {
			"streams":	[{
					"socket":	6,
					"start":	4.000133,
					"end":	5.000128,
					"seconds":	0.99999499320983887,
					"bytes":	117944640,
					"bits_per_second":	943561844.216158,
					"retransmits":	0,
					"snd_cwnd":	214620,
					"rtt":	1703,
					"rttvar":	172,
					"pmtu":	1500,
					"omitted":	false,
					"sender":	true
				}],
			"sum":	{
				"start":	4.000133,
				"end":	5.000128,
				"seconds":	0.99999499320983887,
				"bytes":	117944640,
				"bits_per_second":	943561844.216158,
				"retransmits":	0,
				"omitted":	false,
				"sender":	true
			}
		}, {
			"streams":	[{
					"socket":	6,
					"start":	5.000128,
					"end":	6.000136,
					"seconds":	1.0000079870224,
					"bytes":	117687680,
					"bits_per_second":	941493920.26696944,
					"retransmits":	0,
					"snd_cwnd":	214620,
					"rtt":	1711,
					"rttvar":	286,
					"pmtu":	1500,
					"omitted":	false,
					"sender":	true
				}],
			"sum":	{
				"start":	5.000128,
				"end":	6.000136,
				"seconds":	1.0000079870224,
				"bytes":	117687680,
				"bits_per_second":	941493920.26696944,
				"retransmits":	0,
				"omitted":	false,
				"sender":	true
			}
		}, {
			"streams":	[{
					"socket":	6,
					"start":	6.000136,
					"end":	7.000134,
					"seconds":	0.99999797344207764,
					"bytes":	117880400,
					"bits_per_second":	943045111.13554108,
					"retransmits":	0,
					"snd_cwnd":	214620,
					"rtt":	1673,
					"rttvar":	157,
					"pmtu":	1500,
					"omitted":	false,
					"sender":	true
				}],
			"sum":	{
				"start":	6.000136,
				"end":	7.000134,
				"seconds":	0.99999797344207764,
				"bytes":	117880400,
				"bits_per_second":	943045111.13554108,
				"retransmits":	0,
				"omitted":	false,
				"sender":	true
			}
		}, {
			"streams":	[{
					"socket":	6,
					"start":	7.000134,
					"end":	8.00014,
					"seconds":	1.0000059604644775,
					"bytes":	117623440,
					"bits_per_second":	940981911.31074357,
					"retransmits":	0,
					"snd_cwnd":	214620,
					"rtt":	1664,
					"rttvar":	263,
					"pmtu":	1500,
					"omitted":	false,
					"sender":	true
				}],
			"sum":	{
				"start":	7.000134,
				"end":	8.00014,
				"seconds":	1.0000059604644775,
				"bytes":	117623440,
				"bits_per_second":	940981911.31074357,
				"retransmits":	0,
				"omitted":	false,
				"sender":	true
			}
		}, {
			"streams":	[{
					"socket":	6,
					"start":	8.00014,
					"end":	9.00013,
					"seconds":	0.99998998641967773,
					"bytes":	117751920,
					"bits_per_second":	942024793.04093063,
					"retransmits":	0,
					"snd_cwnd":	214620,
					"rtt":	1657,
					"rttvar":	90,
					"pmtu":	1500,
					"omitted":	false,
					"sender":	true
				}],
			"sum":	{
				"start":	8.00014,
				"end":	9.00013,
				"seconds":	0.99998998641967773,
				"bytes":	117751920,
				"bits_per_second":	942024793.04093063,
				"retransmits":	0,
				"omitted":	false,
				"sender":	true
			}
		}, {
			"streams":	[{
					"socket":	6,
					"start":	9.00013,
					"end":	10.000124,
					"seconds":	0.99999397993087769,
					"bytes":	118008880,
					"bits_per_second":	944076723.40713167,
					"retransmits":	0,
					"snd_cwnd":	332880,
					"rtt":	1754,
					"rttvar":	251,
					"pmtu":	1500,
					"omitted":	false,
					"sender":	true
				}],
			"sum":	{
				"start":	9.00013,
				"end":	10.000124,
				"seconds":	0.99999397993087769,
				"bytes":	118008880,
				"bits_per_second":	944076723.40713167,
				"retransmits":	0,
				"omitted":	false,
				"sender":	true
			}
		}, {
			"streams":	[{
					"socket":	6,
					"start":	10.000124,
					"end":	11.000127,
					"seconds":	1.0000029802322388,
					"bytes":	118330080,
					"bits_per_second":	946637818.799454,
					"retransmits":	0,
					"snd_cwnd":	332880,
					"rtt":	1689,
					"rttvar":	206,
					"pmtu":	1500,
					"omitted":	false,
					"sender":	true
				}],
			"sum":	{
				"start":	10.000124,
				"end":	11.000127,
				"seconds":	1.0000029802322388,
				"bytes":	118330080,
				"bits_per_second":	946637818.799454,
				"retransmits":	0,
				"omitted":	false,
				"sender":	true
			}
		}, {
			"streams":	[{
					"socket":	6,
					"start":	11.000127,
					"end":	12.000125,
					"seconds":	0.99999797344207764,
					"bytes":	117751920,
					"bits_per_second":	942017269.05255961,
					"retransmits":	0,
					"snd_cwnd":	332880,
					"rtt":	1610,
					"rttvar":	124,
					"pmtu":	1500,
					"omitted":	false,
					"sender":	true
				}],
			"sum":	{
				"start":	11.000127,
				"end":	12.000125,
				"seconds":	0.99999797344207764,
				"bytes":	117751920,
				"bits_per_second":	942017269.05255961,
				"retransmits":	0,
				"omitted":	false,
				"sender":	true
			}
		}, {
			"streams":	[{
					"socket":	6,
					"start":	12.000125,
					"end":	13.000071,
					"seconds":	0.9999459981918335,
					"bytes":	117816160,
					"bits_per_second":	942580181.0341177,
					"retransmits":	0,
					"snd_cwnd":	332880,
					"rtt":	1610,
					"rttvar":	127,
					"pmtu":	1500,
					"omitted":	false,
					"sender":	true
				}],
			"sum":	{
				"start":	12.000125,
				"end":	13.000071,
				"seconds":	0.9999459981918335,
				"bytes":	117816160,
				"bits_per_second":	942580181.0341177,
				"retransmits":	0,
				"omitted":	false,
				"sender":	true
			}
		}, {
			"streams":	[{
					"socket":	6,
					"start":	13.000071,
					"end":	14.00014,
					"seconds":	1.00006902217865,
					"bytes":	117687680,
					"bits_per_second":	941436460.00447,
					"retransmits":	0,
					"snd_cwnd":	332880,
					"rtt":	1616,
					"rttvar":	165,
					"pmtu":	1500,
					"omitted":	false,
					"sender":	true
				}],
			"sum":	{
				"start":	13.000071,
				"end":	14.00014,
				"seconds":	1.00006902217865,
				"bytes":	117687680,
				"bits_per_second":	941436460.00447,
				"retransmits":	0,
				"omitted":	false,
				"sender":	true
			}
		}, {
			"streams":	[{
					"socket":	6,
					"start":	14.00014,
					"end":	15.000138,
					"seconds":	0.99999797344207764,
					"bytes":	117494960,
					"bits_per_second":	939961584.88659656,
					"retransmits":	0,
					"snd_cwnd":	332880,
					"rtt":	1614,
					"rttvar":	248,
					"pmtu":	1500,
					"omitted":	false,
					"sender":	true
				}],
			"sum":	{
				"start":	14.00014,
				"end":	15.000138,
				"seconds":	0.99999797344207764,
				"bytes":	117494960,
				"bits_per_second":	939961584.88659656,
				"retransmits":	0,
				"omitted":	false,
				"sender":	true
			}
		}, {
			"streams":	[{
					"socket":	6,
					"start":	15.000138,
					"end":	16.000133,
					"seconds":	0.99999499320983887,
					"bytes":	117816160,
					"bits_per_second":	942533999.06995308,
					"retransmits":	0,
					"snd_cwnd":	332880,
					"rtt":	1747,
					"rttvar":	226,
					"pmtu":	1500,
					"omitted":	false,
					"sender":	true
				}],
			"sum":	{
				"start":	15.000138,
				"end":	16.000133,
				"seconds":	0.99999499320983887,
				"bytes":	117816160,
				"bits_per_second":	942533999.06995308,
				"retransmits":	0,
				"omitted":	false,
				"sender":	true
			}
		}, {
			"streams":	[{
					"socket":	6,
					"start":	16.000133,
					"end":	17.000136,
					"seconds":	1.0000029802322388,
					"bytes":	117623440,
					"bits_per_second":	940984715.64701426,
					"retransmits":	0,
					"snd_cwnd":	332880,
					"rtt":	1642,
					"rttvar":	172,
					"pmtu":	1500,
					"omitted":	false,
					"sender":	true
				}],
			"sum":	{
				"start":	16.000133,
				"end":	17.000136,
				"seconds":	1.0000029802322388,
				"bytes":	117623440,
				"bits_per_second":	940984715.64701426,
				"retransmits":	0,
				"omitted":	false,
				"sender":	true
			}
		}, {
			"streams":	[{
					"socket":	6,
					"start":	17.000136,
					"end":	18.000125,
					"seconds":	0.99998897314071655,
					"bytes":	117623440,
					"bits_per_second":	940997896.251388,
					"retransmits":	0,
					"snd_cwnd":	332880,
					"rtt":	1725,
					"rttvar":	195,
					"pmtu":	1500,
					"omitted":	false,
					"sender":	true
				}],
			"sum":	{
				"start":	17.000136,
				"end":	18.000125,
				"seconds":	0.99998897314071655,
				"bytes":	117623440,
				"bits_per_second":	940997896.251388,
				"retransmits":	0,
				"omitted":	false,
				"sender":	true
			}
		}, {
			"streams":	[{
					"socket":	6,
					"start":	18.000125,
					"end":	19.000126,
					"seconds":	1.0000009536743164,
					"bytes":	118137360,
					"bits_per_second":	945097978.6843313,
					"retransmits":	0,
					"snd_cwnd":	332880,
					"rtt":	1642,
					"rttvar":	136,
					"pmtu":	1500,
					"omitted":	false,
					"sender":	true
				}],
			"sum":	{
				"start":	18.000125,
				"end":	19.000126,
				"seconds":	1.0000009536743164,
				"bytes":	118137360,
				"bits_per_second":	945097978.6843313,
				"retransmits":	0,
				"omitted":	false,
				"sender":	true
			}
		}, {
			"streams":	[{
					"socket":	6,
					"start":	19.000126,
					"end":	20.000136,
					"seconds":	1.0000100135803223,
					"bytes":	117880400,
					"bits_per_second":	943033756.8557291,
					"retransmits":	0,
					"snd_cwnd":	332880,
					"rtt":	1799,
					"rttvar":	257,
					"pmtu":	1500,
					"omitted":	false,
					"sender":	true
				}],
			"sum":	{
				"start":	19.000126,
				"end":	20.000136,
				"seconds":	1.0000100135803223,
				"bytes":	117880400,
				"bits_per_second":	943033756.8557291,
				"retransmits":	0,
				"omitted":	false,
				"sender":	true
			}
		}, {
			"streams":	[{
					"socket":	6,
					"start":	20.000136,
					"end":	21.000139,
					"seconds":	1.0000029802322388,
					"bytes":	117430720,
					"bits_per_second":	939442960.24180341,
					"retransmits":	0,
					"snd_cwnd":	332880,
					"rtt":	1662,
					"rttvar":	184,
					"pmtu":	1500,
					"omitted":	false,
					"sender":	true
				}],
			"sum":	{
				"start":	20.000136,
				"end":	21.000139,
				"seconds":	1.0000029802322388,
				"bytes":	117430720,
				"bits_per_second":	939442960.24180341,
				"retransmits":	0,
				"omitted":	false,
				"sender":	true
			}
		}, {
			"streams":	[{
					"socket":	6,
					"start":	21.000139,
					"end":	22.000359,
					"seconds":	1.0002199411392212,
					"bytes":	118330080,
					"bits_per_second":	946432480.56202924,
					"retransmits":	0,
					"snd_cwnd":	332880,
					"rtt":	1578,
					"rttvar":	146,
					"pmtu":	1500,
					"omitted":	false,
					"sender":	true
				}],
			"sum":	{
				"start":	21.000139,
				"end":	22.000359,
				"seconds":	1.0002199411392212,
				"bytes":	118330080,
				"bits_per_second":	946432480.56202924,
				"retransmits":	0,
				"omitted":	false,
				"sender":	true
			}
		}, {
			"streams":	[{
					"socket":	6,
					"start":	22.000359,
					"end":	23.000131,
					"seconds":	0.99977201223373413,
					"bytes":	117366480,
					"bits_per_second":	939145953.78820181,
					"retransmits":	0,
					"snd_cwnd":	332880,
					"rtt":	1716,
					"rttvar":	227,
					"pmtu":	1500,
					"omitted":	false,
					"sender":	true
				}],
			"sum":	{
				"start":	22.000359,
				"end":	23.000131,
				"seconds":	0.99977201223373413,
				"bytes":	117366480,
				"bits_per_second":	939145953.78820181,
				"retransmits":	0,
				"omitted":	false,
				"sender":	true
			}
		}, {
			"streams":	[{
					"socket":	6,
					"start":	23.000131,
					"end":	24.00014,
					"seconds":	1.0000089406967163,
					"bytes":	118008880,
					"bits_per_second":	944062599.42261732,
					"retransmits":	0,
					"snd_cwnd":	332880,
					"rtt":	1734,
					"rttvar":	273,
					"pmtu":	1500,
					"omitted":	false,
					"sender":	true
				}],
			"sum":	{
				"start":	23.000131,
				"end":	24.00014,
				"seconds":	1.0000089406967163,
				"bytes":	118008880,
				"bits_per_second":	944062599.42261732,
				"retransmits":	0,
				"omitted":	false,
				"sender":	true
			}
		}, {
			"streams":	[{
					"socket":	6,
					"start":	24.00014,
					"end":	25.000134,
					"seconds":	0.99999397993087769,
					"bytes":	117366480,
					"bits_per_second":	938937492.46860623,
					"retransmits":	0,
					"snd_cwnd":	332880,
					"rtt":	1683,
					"rttvar":	242,
					"pmtu":	1500,
					"omitted":	false,
					"sender":	true
				}],
			"sum":	{
				"start":	24.00014,
				"end":	25.000134,
				"seconds":	0.99999397993087769,
				"bytes":	117366480,
				"bits_per_second":	938937492.46860623,
				"retransmits":	0,
				"omitted":	false,
				"sender":	true
			}
		}, {
			"streams":	[{
					"socket":	6,
					"start":	25.000134,
					"end":	26.00013,
					"seconds":	0.9999960064888,
					"bytes":	118073120,
					"bits_per_second":	944588732.22568154,
					"retransmits":	0,
					"snd_cwnd":	332880,
					"rtt":	1646,
					"rttvar":	168,
					"pmtu":	1500,
					"omitted":	false,
					"sender":	true
				}],
			"sum":	{
				"start":	25.000134,
				"end":	26.00013,
				"seconds":	0.9999960064888,
				"bytes":	118073120,
				"bits_per_second":	944588732.22568154,
				"retransmits":	0,
				"omitted":	false,
				"sender":	true
			}
		}, {
			"streams":	[{
					"socket":	6,
					"start":	26.00013,
					"end":	27.000134,
					"seconds":	1.0000040531158447,
					"bytes":	117623440,
					"bits_per_second":	940983706.08403122,
					"retransmits":	0,
					"snd_cwnd":	332880,
					"rtt":	1690,
					"rttvar":	247,
					"pmtu":	1500,
					"omitted":	false,
					"sender":	true
				}],
			"sum":	{
				"start":	26.00013,
				"end":	27.000134,
				"seconds":	1.0000040531158447,
				"bytes":	117623440,
				"bits_per_second":	940983706.08403122,
				"retransmits":	0,
				"omitted":	false,
				"sender":	true
			}
		}, {
			"streams":	[{
					"socket":	6,
					"start":	27.000134,
					"end":	28.000133,
					"seconds":	0.99999898672103882,
					"bytes":	117559200,
					"bits_per_second":	940474552.963078,
					"retransmits":	0,
					"snd_cwnd":	332880,
					"rtt":	1672,
					"rttvar":	242,
					"pmtu":	1500,
					"omitted":	false,
					"sender":	true
				}],
			"sum":	{
				"start":	27.000134,
				"end":	28.000133,
				"seconds":	0.99999898672103882,
				"bytes":	117559200,
				"bits_per_second":	940474552.963078,
				"retransmits":	0,
				"omitted":	false,
				"sender":	true
			}
		}, {
			"streams":	[{
					"socket":	6,
					"start":	28.000133,
					"end":	29.000124,
					"seconds":	0.99999099969863892,
					"bytes":	117623440,
					"bits_per_second":	940995989.24748278,
					"retransmits":	0,
					"snd_cwnd":	332880,
					"rtt":	1688,
					"rttvar":	238,
					"pmtu":	1500,
					"omitted":	false,
					"sender":	true
				}],
			"sum":	{
				"start":	28.000133,
				"end":	29.000124,
				"seconds":	0.99999099969863892,
				"bytes":	117623440,
				"bits_per_second":	940995989.24748278,
				"retransmits":	0,
				"omitted":	false,
				"sender":	true
			}
		}, {
			"streams":	[{
					"socket":	6,
					"start":	29.000124,
					"end":	30.000132,
					"seconds":	1.0000079870224,
					"bytes":	118137360,
					"bits_per_second":	945091331.534365,
					"retransmits":	0,
					"snd_cwnd":	332880,
					"rtt":	1738,
					"rttvar":	193,
					"pmtu":	1500,
					"omitted":	false,
					"sender":	true
				}],
			"sum":	{
				"start":	29.000124,
				"end":	30.000132,
				"seconds":	1.0000079870224,
				"bytes":	118137360,
				"bits_per_second":	945091331.534365,
				"retransmits":	0,
				"omitted":	false,
				"sender":	true
			}
		}, {
			"streams":	[{
					"socket":	6,
					"start":	30.000132,
					"end":	31.000134,
					"seconds":	1.0000020265579224,
					"bytes":	117944640,
					"bits_per_second":	943555207.8307184,
					"retransmits":	0,
					"snd_cwnd":	332880,
					"rtt":	1756,
					"rttvar":	250,
					"pmtu":	1500,
					"omitted":	false,
					"sender":	true
				}],
			"sum":	{
				"start":	30.000132,
				"end":	31.000134,
				"seconds":	1.0000020265579224,
				"bytes":	117944640,
				"bits_per_second":	943555207.8307184,
				"retransmits":	0,
				"omitted":	false,
				"sender":	true
			}
		}, {
			"streams":	[{
					"socket":	6,
					"start":	31.000134,
					"end":	32.000127,
					"seconds":	0.99999302625656128,
					"bytes":	117687680,
					"bits_per_second":	941508005.83527815,
					"retransmits":	0,
					"snd_cwnd":	332880,
					"rtt":	1745,
					"rttvar":	190,
					"pmtu":	1500,
					"omitted":	false,
					"sender":	true
				}],
			"sum":	{
				"start":	31.000134,
				"end":	32.000127,
				"seconds":	0.99999302625656128,
				"bytes":	117687680,
				"bits_per_second":	941508005.83527815,
				"retransmits":	0,
				"omitted":	false,
				"sender":	true
			}
		}, {
			"streams":	[{
					"socket":	6,
					"start":	32.000127,
					"end":	33.000139,
					"seconds":	1.0000120401382446,
					"bytes":	117880400,
					"bits_per_second":	943031845.76620793,
					"retransmits":	0,
					"snd_cwnd":	332880,
					"rtt":	1687,
					"rttvar":	230,
					"pmtu":	1500,
					"omitted":	false,
					"sender":	true
				}],
			"sum":	{
				"start":	32.000127,
				"end":	33.000139,
				"seconds":	1.0000120401382446,
				"bytes":	117880400,
				"bits_per_second":	943031845.76620793,
				"retransmits":	0,
				"omitted":	false,
				"sender":	true
			}
		}, {
			"streams":	[{
					"socket":	6,
					"start":	33.000139,
					"end":	34.000132,
					"seconds":	0.99999302625656128,
					"bytes":	117238000,
					"bits_per_second":	937910540.74747968,
					"retransmits":	0,
					"snd_cwnd":	332880,
					"rtt":	1665,
					"rttvar":	190,
					"pmtu":	1500,
					"omitted":	false,
					"sender":	true
				}],
			"sum":	{
				"start":	33.000139,
				"end":	34.000132,
				"seconds":	0.99999302625656128,
				"bytes":	117238000,
				"bits_per_second":	937910540.74747968,
				"retransmits":	0,
				"omitted":	false,
				"sender":	true
			}
		}, {
			"streams":	[{
					"socket":	6,
					"start":	34.000132,
					"end":	35.000138,
					"seconds":	1.0000059604644775,
					"bytes":	117944640,
					"bits_per_second":	943551495.99482536,
					"retransmits":	0,
					"snd_cwnd":	332880,
					"rtt":	1677,
					"rttvar":	166,
					"pmtu":	1500,
					"omitted":	false,
					"sender":	true
				}],
			"sum":	{
				"start":	34.000132,
				"end":	35.000138,
				"seconds":	1.0000059604644775,
				"bytes":	117944640,
				"bits_per_second":	943551495.99482536,
				"retransmits":	0,
				"omitted":	false,
				"sender":	true
			}
		}, {
			"streams":	[{
					"socket":	6,
					"start":	35.000138,
					"end":	36.000125,
					"seconds":	0.999987006187439,
					"bytes":	118137360,
					"bits_per_second":	945111160.59727013,
					"retransmits":	0,
					"snd_cwnd":	332880,
					"rtt":	1679,
					"rttvar":	248,
					"pmtu":	1500,
					"omitted":	false,
					"sender":	true
				}],
			"sum":	{
				"start":	35.000138,
				"end":	36.000125,
				"seconds":	0.999987006187439,
				"bytes":	118137360,
				"bits_per_second":	945111160.59727013,
				"retransmits":	0,
				"omitted":	false,
				"sender":	true
			}
		}, {
			"streams":	[{
					"socket":	6,
					"start":	36.000125,
					"end":	37.000141,
					"seconds":	1.0000159740447998,
					"bytes":	117687680,
					"bits_per_second":	941486400.6540575,
					"retransmits":	0,
					"snd_cwnd":	332880,
					"rtt":	1733,
					"rttvar":	183,
					"pmtu":	1500,
					"omitted":	false,
					"sender":	true
				}],
			"sum":	{
				"start":	36.000125,
				"end":	37.000141,
				"seconds":	1.0000159740447998,
				"bytes":	117687680,
				"bits_per_second":	941486400.6540575,
				"retransmits":	0,
				"omitted":	false,
				"sender":	true
			}
		}, {
			"streams":	[{
					"socket":	6,
					"start":	37.000141,
					"end":	38.000137,
					"seconds":	0.9999960064888,
					"bytes":	117559200,
					"bits_per_second":	940477355.80685377,
					"retransmits":	0,
					"snd_cwnd":	332880,
					"rtt":	1731,
					"rttvar":	241,
					"pmtu":	1500,
					"omitted":	false,
					"sender":	true
				}],
			"sum":	{
				"start":	37.000141,
				"end":	38.000137,
				"seconds":	0.9999960064888,
				"bytes":	117559200,
				"bits_per_second":	940477355.80685377,
				"retransmits":	0,
				"omitted":	false,
				"sender":	true
			}
		}, {
			"streams":	[{
					"socket":	6,
					"start":	38.000137,
					"end":	39.000136,
					"seconds":	0.99999898672103882,
					"bytes":	117880400,
					"bits_per_second":	943044155.56680226,
					"retransmits":	0,
					"snd_cwnd":	332880,
					"rtt":	1720,
					"rttvar":	227,
					"pmtu":	1500,
					"omitted":	false,
					"sender":	true
				}],
			"sum":	{
				"start":	38.000137,
				"end":	39.000136,
				"seconds":	0.99999898672103882,
				"bytes":	117880400,
				"bits_per_second":	943044155.56680226,
				"retransmits":	0,
				"omitted":	false,
				"sender":	true
			}
		}, {
			"streams":	[{
					"socket":	6,
					"start":	39.000136,
					"end":	40.000297,
					"seconds":	1.0001610517501831,
					"bytes":	118073120,
					"bits_per_second":	944432857.43537962,
					"retransmits":	0,
					"snd_cwnd":	332880,
					"rtt":	1575,
					"rttvar":	123,
					"pmtu":	1500,
					"omitted":	false,
					"sender":	true
				}],
			"sum":	{
				"start":	39.000136,
				"end":	40.000297,
				"seconds":	1.0001610517501831,
				"bytes":	118073120,
				"bits_per_second":	944432857.43537962,
				"retransmits":	0,
				"omitted":	false,
				"sender":	true
			}
		}],
	"end":	{
		"streams":	[{
				"sender":	{
					"socket":	6,
					"start":	0,
					"end":	40.000297,
					"seconds":	40.000297,
					"bytes":	4712595300,
					"bits_per_second":	942512061.84794068,
					"retransmits":	0,
					"max_snd_cwnd":	332880,
					"max_rtt":	1799,
					"min_rtt":	1575,
					"mean_rtt":	1680,
					"sender":	true
				},
				"receiver":	{
					"socket":	6,
					"start":	0,
					"end":	40.000297,
					"seconds":	40.000297,
					"bytes":	4710884180,
					"bits_per_second":	942169840.38893509,
					"sender":	true
				}
			}],
		"sum_sent":	{
			"start":	0,
			"end":	40.000297,
			"seconds":	40.000297,
			"bytes":	4712595300,
			"bits_per_second":	942512061.84794068,
			"retransmits":	0,
			"sender":	true
		},
		"sum_received":	{
			"start":	0,
			"end":	40.000297,
			"seconds":	40.000297,
			"bytes":	4710884180,
			"bits_per_second":	942169840.38893509,
			"sender":	true
		},
		"cpu_utilization_percent":	{
			"host_total":	4.7399303054742976,
			"host_user":	0.30029224803693289,
			"host_system":	4.4396430507403464,
			"remote_total":	28.987293,
			"remote_user":	7.53574,
			"remote_system":	21.451553
		},
		"sender_tcp_congestion":	"cubic"
	}
}
