{
	"start":	{
		"connected":	[{
				"socket":	6,
				"local_host":	"192.168.94.25",
				"local_port":	58578,
				"remote_host":	"192.168.94.100",
				"remote_port":	5201
			}],
		"version":	"iperf 3.7",
		"system_info":	"Linux lab4-nz25 5.11.0-25-generic #27~20.04.1-Ubuntu SMP Tue Jul 13 17:41:23 UTC 2021 x86_64",
		"timestamp":	{
			"time":	"Fri, 08 Oct 2021 21:02:42 GMT",
			"timesecs":	1633726962
		},
		"connecting_to":	{
			"host":	"192.168.94.100",
			"port":	5201
		},
		"cookie":	"tzcfx34eyeum6omvoscs7hibpqc64uxb4buw",
		"tcp_mss_default":	1460,
		"sock_bufsize":	0,
		"sndbuf_actual":	16384,
		"rcvbuf_actual":	131072,
		"test_start":	{
			"protocol":	"TCP",
			"num_streams":	1,
			"blksize":	131072,
			"omit":	0,
			"duration":	40,
			"bytes":	0,
			"blocks":	0,
			"reverse":	0,
			"tos":	0
		}
	},
	"intervals":	[{
			"streams":	[{
					"socket":	6,
					"start":	0,
					"end":	1.000125,
					"seconds":	1.0001250505447388,
					"bytes":	118299420,
					"bits_per_second":	946277027.542232,
					"retransmits":	0,
					"snd_cwnd":	224840,
					"rtt":	1608,
					"rttvar":	112,
					"pmtu":	1500,
					"omitted":	false,
					"sender":	true
				}],
			"sum":	{
				"start":	0,
				"end":	1.000125,
				"seconds":	1.0001250505447388,
				"bytes":	118299420,
				"bits_per_second":	946277027.542232,
				"retransmits":	0,
				"omitted":	false,
				"sender":	true
			}
		}, {
			"streams":	[{
					"socket":	6,
					"start":	1.000125,
					"end":	2.000159,
					"seconds":	1.000033974647522,
					"bytes":	117880400,
					"bits_per_second":	943011161.52817774,
					"retransmits":	0,
					"snd_cwnd":	224840,
					"rtt":	1627,
					"rttvar":	135,
					"pmtu":	1500,
					"omitted":	false,
					"sender":	true
				}],
			"sum":	{
				"start":	1.000125,
				"end":	2.000159,
				"seconds":	1.000033974647522,
				"bytes":	117880400,
				"bits_per_second":	943011161.52817774,
				"retransmits":	0,
				"omitted":	false,
				"sender":	true
			}
		}, {
			"streams":	[{
					"socket":	6,
					"start":	2.000159,
					"end":	3.000141,
					"seconds":	0.99998199939727783,
					"bytes":	117302240,
					"bits_per_second":	938434812.3922385,
					"retransmits":	0,
					"snd_cwnd":	224840,
					"rtt":	1608,
					"rttvar":	178,
					"pmtu":	1500,
					"omitted":	false,
					"sender":	true
				}],
			"sum":	{
				"start":	2.000159,
				"end":	3.000141,
				"seconds":	0.99998199939727783,
				"bytes":	117302240,
				"bits_per_second":	938434812.3922385,
				"retransmits":	0,
				"omitted":	false,
				"sender":	true
			}
		}, {
			"streams":	[{
					"socket":	6,
					"start":	3.000141,
					"end":	4.000142,
					"seconds":	1.0000009536743164,
					"bytes":	118073120,
					"bits_per_second":	944584059.17444313,
					"retransmits":	0,
					"snd_cwnd":	224840,
					"rtt":	1699,
					"rttvar":	179,
					"pmtu":	1500,
					"omitted":	false,
					"sender":	true
				}],
			"sum":	{
				"start":	3.000141,
				"end":	4.000142,
				"seconds":	1.0000009536743164,
				"bytes":	118073120,
				"bits_per_second":	944584059.17444313,
				"retransmits":	0,
				"omitted":	false,
				"sender":	true
			}
		}, {
			"streams":	[{
					"socket":	6,
					"start":	4.000142,
					"end":	5.000145,
					"seconds":	1.0000029802322388,
					"bytes":	117559200,
					"bits_per_second":	940470797.17861068,
					"retransmits":	0,
					"snd_cwnd":	224840,
					"rtt":	1606,
					"rttvar":	139,
					"pmtu":	1500,
					"omitted":	false,
					"sender":	true
				}],
			"sum":	{
				"start":	4.000142,
				"end":	5.000145,
				"seconds":	1.0000029802322388,
				"bytes":	117559200,
				"bits_per_second":	940470797.17861068,
				"retransmits":	0,
				"omitted":	false,
				"sender":	true
			}
		}, {
			"streams":	[{
					"socket":	6,
					"start":	5.000145,
					"end":	6.000142,
					"seconds":	0.99999701976776123,
					"bytes":	117944640,
					"bits_per_second":	943559932.02772868,
					"retransmits":	0,
					"snd_cwnd":	224840,
					"rtt":	1624,
					"rttvar":	159,
					"pmtu":	1500,
					"omitted":	false,
					"sender":	true
				}],
			"sum":	{
				"start":	5.000145,
				"end":	6.000142,
				"seconds":	0.99999701976776123,
				"bytes":	117944640,
				"bits_per_second":	943559932.02772868,
				"retransmits":	0,
				"omitted":	false,
				"sender":	true
			}
		}, {
			"streams":	[{
					"socket":	6,
					"start":	6.000142,
					"end":	7.000025,
					"seconds":	0.99988299608230591,
					"bytes":	117944640,
					"bits_per_second":	943667532.79833817,
					"retransmits":	0,
					"snd_cwnd":	224840,
					"rtt":	1550,
					"rttvar":	223,
					"pmtu":	1500,
					"omitted":	false,
					"sender":	true
				}],
			"sum":	{
				"start":	6.000142,
				"end":	7.000025,
				"seconds":	0.99988299608230591,
				"bytes":	117944640,
				"bits_per_second":	943667532.79833817,
				"retransmits":	0,
				"omitted":	false,
				"sender":	true
			}
		}, {
			"streams":	[{
					"socket":	6,
					"start":	7.000025,
					"end":	8.000145,
					"seconds":	1.0001200437545776,
					"bytes":	117302240,
					"bits_per_second":	938305282.31097138,
					"retransmits":	0,
					"snd_cwnd":	224840,
					"rtt":	1610,
					"rttvar":	168,
					"pmtu":	1500,
					"omitted":	false,
					"sender":	true
				}],
			"sum":	{
				"start":	7.000025,
				"end":	8.000145,
				"seconds":	1.0001200437545776,
				"bytes":	117302240,
				"bits_per_second":	938305282.31097138,
				"retransmits":	0,
				"omitted":	false,
				"sender":	true
			}
		}, {
			"streams":	[{
					"socket":	6,
					"start":	8.000145,
					"end":	9.000151,
					"seconds":	1.0000059604644775,
					"bytes":	117944640,
					"bits_per_second":	943551495.99482536,
					"retransmits":	0,
					"snd_cwnd":	224840,
					"rtt":	1595,
					"rttvar":	158,
					"pmtu":	1500,
					"omitted":	false,
					"sender":	true
				}],
			"sum":	{
				"start":	8.000145,
				"end":	9.000151,
				"seconds":	1.0000059604644775,
				"bytes":	117944640,
				"bits_per_second":	943551495.99482536,
				"retransmits":	0,
				"omitted":	false,
				"sender":	true
			}
		}, {
			"streams":	[{
					"socket":	6,
					"start":	9.000151,
					"end":	10.000131,
					"seconds":	0.99997997283935547,
					"bytes":	118008880,
					"bits_per_second":	944089947.44104028,
					"retransmits":	0,
					"snd_cwnd":	224840,
					"rtt":	1576,
					"rttvar":	177,
					"pmtu":	1500,
					"omitted":	false,
					"sender":	true
				}],
			"sum":	{
				"start":	9.000151,
				"end":	10.000131,
				"seconds":	0.99997997283935547,
				"bytes":	118008880,
				"bits_per_second":	944089947.44104028,
				"retransmits":	0,
				"omitted":	false,
				"sender":	true
			}
		}, {
			"streams":	[{
					"socket":	6,
					"start":	10.000131,
					"end":	11.000128,
					"seconds":	0.99999701976776123,
					"bytes":	117816160,
					"bits_per_second":	942532088.96451759,
					"retransmits":	0,
					"snd_cwnd":	224840,
					"rtt":	1576,
					"rttvar":	189,
					"pmtu":	1500,
					"omitted":	false,
					"sender":	true
				}],
			"sum":	{
				"start":	10.000131,
				"end":	11.000128,
				"seconds":	0.99999701976776123,
				"bytes":	117816160,
				"bits_per_second":	942532088.96451759,
				"retransmits":	0,
				"omitted":	false,
				"sender":	true
			}
		}, {
			"streams":	[{
					"socket":	6,
					"start":	11.000128,
					"end":	12.000134,
					"seconds":	1.0000059604644775,
					"bytes":	117623440,
					"bits_per_second":	940981911.31074357,
					"retransmits":	0,
					"snd_cwnd":	224840,
					"rtt":	1714,
					"rttvar":	185,
					"pmtu":	1500,
					"omitted":	false,
					"sender":	true
				}],
			"sum":	{
				"start":	11.000128,
				"end":	12.000134,
				"seconds":	1.0000059604644775,
				"bytes":	117623440,
				"bits_per_second":	940981911.31074357,
				"retransmits":	0,
				"omitted":	false,
				"sender":	true
			}
		}, {
			"streams":	[{
					"socket":	6,
					"start":	12.000134,
					"end":	13.000137,
					"seconds":	1.0000029802322388,
					"bytes":	117751920,
					"bits_per_second":	942012552.58382142,
					"retransmits":	0,
					"snd_cwnd":	224840,
					"rtt":	1626,
					"rttvar":	205,
					"pmtu":	1500,
					"omitted":	false,
					"sender":	true
				}],
			"sum":	{
				"start":	12.000134,
				"end":	13.000137,
				"seconds":	1.0000029802322388,
				"bytes":	117751920,
				"bits_per_second":	942012552.58382142,
				"retransmits":	0,
				"omitted":	false,
				"sender":	true
			}
		}, {
			"streams":	[{
					"socket":	6,
					"start":	13.000137,
					"end":	14.000133,
					"seconds":	0.9999960064888,
					"bytes":	117751920,
					"bits_per_second":	942019121.96391416,
					"retransmits":	0,
					"snd_cwnd":	224840,
					"rtt":	1835,
					"rttvar":	240,
					"pmtu":	1500,
					"omitted":	false,
					"sender":	true
				}],
			"sum":	{
				"start":	13.000137,
				"end":	14.000133,
				"seconds":	0.9999960064888,
				"bytes":	117751920,
				"bits_per_second":	942019121.96391416,
				"retransmits":	0,
				"omitted":	false,
				"sender":	true
			}
		}, {
			"streams":	[{
					"socket":	6,
					"start":	14.000133,
					"end":	15.000138,
					"seconds":	1.0000050067901611,
					"bytes":	117559200,
					"bits_per_second":	940468891.26960838,
					"retransmits":	0,
					"snd_cwnd":	224840,
					"rtt":	1676,
					"rttvar":	212,
					"pmtu":	1500,
					"omitted":	false,
					"sender":	true
				}],
			"sum":	{
				"start":	14.000133,
				"end":	15.000138,
				"seconds":	1.0000050067901611,
				"bytes":	117559200,
				"bits_per_second":	940468891.26960838,
				"retransmits":	0,
				"omitted":	false,
				"sender":	true
			}
		}, {
			"streams":	[{
					"socket":	6,
					"start":	15.000138,
					"end":	16.000135,
					"seconds":	0.99999701976776123,
					"bytes":	118073120,
					"bits_per_second":	944587775.09093964,
					"retransmits":	0,
					"snd_cwnd":	224840,
					"rtt":	1633,
					"rttvar":	166,
					"pmtu":	1500,
					"omitted":	false,
					"sender":	true
				}],
			"sum":	{
				"start":	15.000138,
				"end":	16.000135,
				"seconds":	0.99999701976776123,
				"bytes":	118073120,
				"bits_per_second":	944587775.09093964,
				"retransmits":	0,
				"omitted":	false,
				"sender":	true
			}
		}, {
			"streams":	[{
					"socket":	6,
					"start":	16.000135,
					"end":	17.000132,
					"seconds":	0.99999701976776123,
					"bytes":	117494960,
					"bits_per_second":	939962481.30649006,
					"retransmits":	0,
					"snd_cwnd":	224840,
					"rtt":	1589,
					"rttvar":	205,
					"pmtu":	1500,
					"omitted":	false,
					"sender":	true
				}],
			"sum":	{
				"start":	16.000135,
				"end":	17.000132,
				"seconds":	0.99999701976776123,
				"bytes":	117494960,
				"bits_per_second":	939962481.30649006,
				"retransmits":	0,
				"omitted":	false,
				"sender":	true
			}
		}, {
			"streams":	[{
					"socket":	6,
					"start":	17.000132,
					"end":	18.000155,
					"seconds":	1.0000230073928833,
					"bytes":	117944640,
					"bits_per_second":	943535411.71008348,
					"retransmits":	0,
					"snd_cwnd":	224840,
					"rtt":	1546,
					"rttvar":	113,
					"pmtu":	1500,
					"omitted":	false,
					"sender":	true
				}],
			"sum":	{
				"start":	17.000132,
				"end":	18.000155,
				"seconds":	1.0000230073928833,
				"bytes":	117944640,
				"bits_per_second":	943535411.71008348,
				"retransmits":	0,
				"omitted":	false,
				"sender":	true
			}
		}, {
			"streams":	[{
					"socket":	6,
					"start":	18.000155,
					"end":	19.00015,
					"seconds":	0.99999499320983887,
					"bytes":	117751920,
					"bits_per_second":	942020076.49685061,
					"retransmits":	0,
					"snd_cwnd":	224840,
					"rtt":	1757,
					"rttvar":	221,
					"pmtu":	1500,
					"omitted":	false,
					"sender":	true
				}],
			"sum":	{
				"start":	18.000155,
				"end":	19.00015,
				"seconds":	0.99999499320983887,
				"bytes":	117751920,
				"bits_per_second":	942020076.49685061,
				"retransmits":	0,
				"omitted":	false,
				"sender":	true
			}
		}, {
			"streams":	[{
					"socket":	6,
					"start":	19.00015,
					"end":	20.000143,
					"seconds":	0.99999302625656128,
					"bytes":	117687680,
					"bits_per_second":	941508005.83527815,
					"retransmits":	0,
					"snd_cwnd":	224840,
					"rtt":	1729,
					"rttvar":	257,
					"pmtu":	1500,
					"omitted":	false,
					"sender":	true
				}],
			"sum":	{
				"start":	19.00015,
				"end":	20.000143,
				"seconds":	0.99999302625656128,
				"bytes":	117687680,
				"bits_per_second":	941508005.83527815,
				"retransmits":	0,
				"omitted":	false,
				"sender":	true
			}
		}, {
			"streams":	[{
					"socket":	6,
					"start":	20.000143,
					"end":	21.000151,
					"seconds":	1.0000079870224,
					"bytes":	118073120,
					"bits_per_second":	944577415.63902283,
					"retransmits":	0,
					"snd_cwnd":	224840,
					"rtt":	1624,
					"rttvar":	186,
					"pmtu":	1500,
					"omitted":	false,
					"sender":	true
				}],
			"sum":	{
				"start":	20.000143,
				"end":	21.000151,
				"seconds":	1.0000079870224,
				"bytes":	118073120,
				"bits_per_second":	944577415.63902283,
				"retransmits":	0,
				"omitted":	false,
				"sender":	true
			}
		}, {
			"streams":	[{
					"socket":	6,
					"start":	21.000151,
					"end":	22.000143,
					"seconds":	0.9999920129776001,
					"bytes":	117559200,
					"bits_per_second":	940481111.64370537,
					"retransmits":	0,
					"snd_cwnd":	224840,
					"rtt":	1553,
					"rttvar":	238,
					"pmtu":	1500,
					"omitted":	false,
					"sender":	true
				}],
			"sum":	{
				"start":	21.000151,
				"end":	22.000143,
				"seconds":	0.9999920129776001,
				"bytes":	117559200,
				"bits_per_second":	940481111.64370537,
				"retransmits":	0,
				"omitted":	false,
				"sender":	true
			}
		}, {
			"streams":	[{
					"socket":	6,
					"start":	22.000143,
					"end":	23.000132,
					"seconds":	0.99998897314071655,
					"bytes":	117494960,
					"bits_per_second":	939970044.917416,
					"retransmits":	0,
					"snd_cwnd":	224840,
					"rtt":	1707,
					"rttvar":	208,
					"pmtu":	1500,
					"omitted":	false,
					"sender":	true
				}],
			"sum":	{
				"start":	22.000143,
				"end":	23.000132,
				"seconds":	0.99998897314071655,
				"bytes":	117494960,
				"bits_per_second":	939970044.917416,
				"retransmits":	0,
				"omitted":	false,
				"sender":	true
			}
		}, {
			"streams":	[{
					"socket":	6,
					"start":	23.000132,
					"end":	24.000137,
					"seconds":	1.0000050067901611,
					"bytes":	117944640,
					"bits_per_second":	943552395.831148,
					"retransmits":	0,
					"snd_cwnd":	224840,
					"rtt":	1566,
					"rttvar":	141,
					"pmtu":	1500,
					"omitted":	false,
					"sender":	true
				}],
			"sum":	{
				"start":	23.000132,
				"end":	24.000137,
				"seconds":	1.0000050067901611,
				"bytes":	117944640,
				"bits_per_second":	943552395.831148,
				"retransmits":	0,
				"omitted":	false,
				"sender":	true
			}
		}, {
			"streams":	[{
					"socket":	6,
					"start":	24.000137,
					"end":	25.000156,
					"seconds":	1.0000189542770386,
					"bytes":	118008880,
					"bits_per_second":	944053146.1551286,
					"retransmits":	0,
					"snd_cwnd":	224840,
					"rtt":	1549,
					"rttvar":	153,
					"pmtu":	1500,
					"omitted":	false,
					"sender":	true
				}],
			"sum":	{
				"start":	24.000137,
				"end":	25.000156,
				"seconds":	1.0000189542770386,
				"bytes":	118008880,
				"bits_per_second":	944053146.1551286,
				"retransmits":	0,
				"omitted":	false,
				"sender":	true
			}
		}, {
			"streams":	[{
					"socket":	6,
					"start":	25.000156,
					"end":	26.000148,
					"seconds":	0.9999920129776001,
					"bytes":	117366480,
					"bits_per_second":	938939339.32953537,
					"retransmits":	0,
					"snd_cwnd":	224840,
					"rtt":	1698,
					"rttvar":	147,
					"pmtu":	1500,
					"omitted":	false,
					"sender":	true
				}],
			"sum":	{
				"start":	25.000156,
				"end":	26.000148,
				"seconds":	0.9999920129776001,
				"bytes":	117366480,
				"bits_per_second":	938939339.32953537,
				"retransmits":	0,
				"omitted":	false,
				"sender":	true
			}
		}, {
			"streams":	[{
					"socket":	6,
					"start":	26.000148,
					"end":	27.000133,
					"seconds":	0.9999849796295166,
					"bytes":	117816160,
					"bits_per_second":	942543437.35162568,
					"retransmits":	0,
					"snd_cwnd":	224840,
					"rtt":	1701,
					"rttvar":	242,
					"pmtu":	1500,
					"omitted":	false,
					"sender":	true
				}],
			"sum":	{
				"start":	26.000148,
				"end":	27.000133,
				"seconds":	0.9999849796295166,
				"bytes":	117816160,
				"bits_per_second":	942543437.35162568,
				"retransmits":	0,
				"omitted":	false,
				"sender":	true
			}
		}, {
			"streams":	[{
					"socket":	6,
					"start":	27.000133,
					"end":	28.000141,
					"seconds":	1.0000079870224,
					"bytes":	117816160,
					"bits_per_second":	942521752.0576539,
					"retransmits":	0,
					"snd_cwnd":	224840,
					"rtt":	1622,
					"rttvar":	141,
					"pmtu":	1500,
					"omitted":	false,
					"sender":	true
				}],
			"sum":	{
				"start":	27.000133,
				"end":	28.000141,
				"seconds":	1.0000079870224,
				"bytes":	117816160,
				"bits_per_second":	942521752.0576539,
				"retransmits":	0,
				"omitted":	false,
				"sender":	true
			}
		}, {
			"streams":	[{
					"socket":	6,
					"start":	28.000141,
					"end":	29.000143,
					"seconds":	1.0000020265579224,
					"bytes":	117816160,
					"bits_per_second":	942527369.9136914,
					"retransmits":	0,
					"snd_cwnd":	224840,
					"rtt":	1566,
					"rttvar":	150,
					"pmtu":	1500,
					"omitted":	false,
					"sender":	true
				}],
			"sum":	{
				"start":	28.000141,
				"end":	29.000143,
				"seconds":	1.0000020265579224,
				"bytes":	117816160,
				"bits_per_second":	942527369.9136914,
				"retransmits":	0,
				"omitted":	false,
				"sender":	true
			}
		}, {
			"streams":	[{
					"socket":	6,
					"start":	29.000143,
					"end":	30.000146,
					"seconds":	1.0000029802322388,
					"bytes":	117623440,
					"bits_per_second":	940984715.64701426,
					"retransmits":	0,
					"snd_cwnd":	224840,
					"rtt":	1757,
					"rttvar":	255,
					"pmtu":	1500,
					"omitted":	false,
					"sender":	true
				}],
			"sum":	{
				"start":	29.000143,
				"end":	30.000146,
				"seconds":	1.0000029802322388,
				"bytes":	117623440,
				"bits_per_second":	940984715.64701426,
				"retransmits":	0,
				"omitted":	false,
				"sender":	true
			}
		}, {
			"streams":	[{
					"socket":	6,
					"start":	30.000146,
					"end":	31.000145,
					"seconds":	0.99999898672103882,
					"bytes":	118008880,
					"bits_per_second":	944071996.608292,
					"retransmits":	0,
					"snd_cwnd":	224840,
					"rtt":	1635,
					"rttvar":	162,
					"pmtu":	1500,
					"omitted":	false,
					"sender":	true
				}],
			"sum":	{
				"start":	30.000146,
				"end":	31.000145,
				"seconds":	0.99999898672103882,
				"bytes":	118008880,
				"bits_per_second":	944071996.608292,
				"retransmits":	0,
				"omitted":	false,
				"sender":	true
			}
		}, {
			"streams":	[{
					"socket":	6,
					"start":	31.000145,
					"end":	32.000144,
					"seconds":	0.99999898672103882,
					"bytes":	117816160,
					"bits_per_second":	942530235.04605746,
					"retransmits":	0,
					"snd_cwnd":	224840,
					"rtt":	1627,
					"rttvar":	136,
					"pmtu":	1500,
					"omitted":	false,
					"sender":	true
				}],
			"sum":	{
				"start":	31.000145,
				"end":	32.000144,
				"seconds":	0.99999898672103882,
				"bytes":	117816160,
				"bits_per_second":	942530235.04605746,
				"retransmits":	0,
				"omitted":	false,
				"sender":	true
			}
		}, {
			"streams":	[{
					"socket":	6,
					"start":	32.000144,
					"end":	33.000142,
					"seconds":	0.99999797344207764,
					"bytes":	117559200,
					"bits_per_second":	940475505.92808735,
					"retransmits":	0,
					"snd_cwnd":	224840,
					"rtt":	1665,
					"rttvar":	134,
					"pmtu":	1500,
					"omitted":	false,
					"sender":	true
				}],
			"sum":	{
				"start":	32.000144,
				"end":	33.000142,
				"seconds":	0.99999797344207764,
				"bytes":	117559200,
				"bits_per_second":	940475505.92808735,
				"retransmits":	0,
				"omitted":	false,
				"sender":	true
			}
		}, {
			"streams":	[{
					"socket":	6,
					"start":	33.000142,
					"end":	34.000139,
					"seconds":	0.99999701976776123,
					"bytes":	117816160,
					"bits_per_second":	942532088.96451759,
					"retransmits":	0,
					"snd_cwnd":	224840,
					"rtt":	1664,
					"rttvar":	160,
					"pmtu":	1500,
					"omitted":	false,
					"sender":	true
				}],
			"sum":	{
				"start":	33.000142,
				"end":	34.000139,
				"seconds":	0.99999701976776123,
				"bytes":	117816160,
				"bits_per_second":	942532088.96451759,
				"retransmits":	0,
				"omitted":	false,
				"sender":	true
			}
		}, {
			"streams":	[{
					"socket":	6,
					"start":	34.000139,
					"end":	35.000147,
					"seconds":	1.0000079870224,
					"bytes":	117880400,
					"bits_per_second":	943035667.95299613,
					"retransmits":	0,
					"snd_cwnd":	224840,
					"rtt":	1608,
					"rttvar":	112,
					"pmtu":	1500,
					"omitted":	false,
					"sender":	true
				}],
			"sum":	{
				"start":	34.000139,
				"end":	35.000147,
				"seconds":	1.0000079870224,
				"bytes":	117880400,
				"bits_per_second":	943035667.95299613,
				"retransmits":	0,
				"omitted":	false,
				"sender":	true
			}
		}, {
			"streams":	[{
					"socket":	6,
					"start":	35.000147,
					"end":	36.000142,
					"seconds":	0.99999499320983887,
					"bytes":	117751920,
					"bits_per_second":	942020076.49685061,
					"retransmits":	0,
					"snd_cwnd":	224840,
					"rtt":	1804,
					"rttvar":	249,
					"pmtu":	1500,
					"omitted":	false,
					"sender":	true
				}],
			"sum":	{
				"start":	35.000147,
				"end":	36.000142,
				"seconds":	0.99999499320983887,
				"bytes":	117751920,
				"bits_per_second":	942020076.49685061,
				"retransmits":	0,
				"omitted":	false,
				"sender":	true
			}
		}, {
			"streams":	[{
					"socket":	6,
					"start":	36.000142,
					"end":	37.000144,
					"seconds":	1.0000020265579224,
					"bytes":	117559200,
					"bits_per_second":	940471694.07963765,
					"retransmits":	0,
					"snd_cwnd":	224840,
					"rtt":	1676,
					"rttvar":	153,
					"pmtu":	1500,
					"omitted":	false,
					"sender":	true
				}],
			"sum":	{
				"start":	36.000142,
				"end":	37.000144,
				"seconds":	1.0000020265579224,
				"bytes":	117559200,
				"bits_per_second":	940471694.07963765,
				"retransmits":	0,
				"omitted":	false,
				"sender":	true
			}
		}, {
			"streams":	[{
					"socket":	6,
					"start":	37.000144,
					"end":	38.000139,
					"seconds":	0.99999499320983887,
					"bytes":	118201600,
					"bits_per_second":	945617534.50856793,
					"retransmits":	0,
					"snd_cwnd":	224840,
					"rtt":	1600,
					"rttvar":	186,
					"pmtu":	1500,
					"omitted":	false,
					"sender":	true
				}],
			"sum":	{
				"start":	37.000144,
				"end":	38.000139,
				"seconds":	0.99999499320983887,
				"bytes":	118201600,
				"bits_per_second":	945617534.50856793,
				"retransmits":	0,
				"omitted":	false,
				"sender":	true
			}
		}, {
			"streams":	[{
					"socket":	6,
					"start":	38.000139,
					"end":	39.000146,
					"seconds":	1.0000070333480835,
					"bytes":	117494960,
					"bits_per_second":	939953068.98288369,
					"retransmits":	0,
					"snd_cwnd":	224840,
					"rtt":	1760,
					"rttvar":	210,
					"pmtu":	1500,
					"omitted":	false,
					"sender":	true
				}],
			"sum":	{
				"start":	38.000139,
				"end":	39.000146,
				"seconds":	1.0000070333480835,
				"bytes":	117494960,
				"bits_per_second":	939953068.98288369,
				"retransmits":	0,
				"omitted":	false,
				"sender":	true
			}
		}, {
			"streams":	[{
					"socket":	6,
					"start":	39.000146,
					"end":	40.000145,
					"seconds":	0.99999898672103882,
					"bytes":	117559200,
					"bits_per_second":	940474552.963078,
					"retransmits":	0,
					"snd_cwnd":	224840,
					"rtt":	1679,
					"rttvar":	158,
					"pmtu":	1500,
					"omitted":	false,
					"sender":	true
				}],
			"sum":	{
				"start":	39.000146,
				"end":	40.000145,
				"seconds":	0.99999898672103882,
				"bytes":	117559200,
				"bits_per_second":	940474552.963078,
				"retransmits":	0,
				"omitted":	false,
				"sender":	true
			}
		}],
	"end":	{
		"streams":	[{
				"sender":	{
					"socket":	6,
					"start":	0,
					"end":	40.000145,
					"seconds":	40.000145,
					"bytes":	4710881260,
					"bits_per_second":	942172836.62346721,
					"retransmits":	0,
					"max_snd_cwnd":	224840,
					"max_rtt":	1835,
					"min_rtt":	1546,
					"mean_rtt":	1646,
					"sender":	true
				},
				"receiver":	{
					"socket":	6,
					"start":	0,
					"end":	40.000145,
					"seconds":	40.000145,
					"bytes":	4710174620,
					"bits_per_second":	942031509.13577926,
					"sender":	true
				}
			}],
		"sum_sent":	{
			"start":	0,
			"end":	40.000145,
			"seconds":	40.000145,
			"bytes":	4710881260,
			"bits_per_second":	942172836.62346721,
			"retransmits":	0,
			"sender":	true
		},
		"sum_received":	{
			"start":	0,
			"end":	40.000145,
			"seconds":	40.000145,
			"bytes":	4710174620,
			"bits_per_second":	942031509.13577926,
			"sender":	true
		},
		"cpu_utilization_percent":	{
			"host_total":	5.3020541282200258,
			"host_user":	0.24317846746230209,
			"host_system":	5.0588781576103781,
			"remote_total":	5.228044,
			"remote_user":	1.515551,
			"remote_system":	3.712493
		},
		"sender_tcp_congestion":	"cubic"
	}
}
