{
	"start":	{
		"connected":	[{
				"socket":	6,
				"local_host":	"192.168.94.19",
				"local_port":	45264,
				"remote_host":	"192.168.94.100",
				"remote_port":	5201
			}],
		"version":	"iperf 3.7",
		"system_info":	"Linux lab4-nz19 5.11.0-25-generic #27~20.04.1-Ubuntu SMP Tue Jul 13 17:41:23 UTC 2021 x86_64",
		"timestamp":	{
			"time":	"Fri, 08 Oct 2021 20:58:34 GMT",
			"timesecs":	1633726714
		},
		"connecting_to":	{
			"host":	"192.168.94.100",
			"port":	5201
		},
		"cookie":	"pvbx2w4klyrhgsr65fmvaokuq3efeomye6y5",
		"tcp_mss_default":	1460,
		"sock_bufsize":	0,
		"sndbuf_actual":	16384,
		"rcvbuf_actual":	131072,
		"test_start":	{
			"protocol":	"TCP",
			"num_streams":	1,
			"blksize":	131072,
			"omit":	0,
			"duration":	40,
			"bytes":	0,
			"blocks":	0,
			"reverse":	0,
			"tos":	0
		}
	},
	"intervals":	[{
			"streams":	[{
					"socket":	6,
					"start":	0,
					"end":	1.000123,
					"seconds":	1.0001230239868164,
					"bytes":	118582660,
					"bits_per_second":	948544586.26332474,
					"retransmits":	0,
					"snd_cwnd":	221920,
					"rtt":	1659,
					"rttvar":	147,
					"pmtu":	1500,
					"omitted":	false,
					"sender":	true
				}],
			"sum":	{
				"start":	0,
				"end":	1.000123,
				"seconds":	1.0001230239868164,
				"bytes":	118582660,
				"bits_per_second":	948544586.26332474,
				"retransmits":	0,
				"omitted":	false,
				"sender":	true
			}
		}, {
			"streams":	[{
					"socket":	6,
					"start":	1.000123,
					"end":	2.000135,
					"seconds":	1.0000120401382446,
					"bytes":	117816160,
					"bits_per_second":	942517931.95380127,
					"retransmits":	0,
					"snd_cwnd":	221920,
					"rtt":	1657,
					"rttvar":	163,
					"pmtu":	1500,
					"omitted":	false,
					"sender":	true
				}],
			"sum":	{
				"start":	1.000123,
				"end":	2.000135,
				"seconds":	1.0000120401382446,
				"bytes":	117816160,
				"bits_per_second":	942517931.95380127,
				"retransmits":	0,
				"omitted":	false,
				"sender":	true
			}
		}, {
			"streams":	[{
					"socket":	6,
					"start":	2.000135,
					"end":	3.000129,
					"seconds":	0.99999397993087769,
					"bytes":	117687680,
					"bits_per_second":	941507107.937869,
					"retransmits":	0,
					"snd_cwnd":	221920,
					"rtt":	1673,
					"rttvar":	204,
					"pmtu":	1500,
					"omitted":	false,
					"sender":	true
				}],
			"sum":	{
				"start":	2.000135,
				"end":	3.000129,
				"seconds":	0.99999397993087769,
				"bytes":	117687680,
				"bits_per_second":	941507107.937869,
				"retransmits":	0,
				"omitted":	false,
				"sender":	true
			}
		}, {
			"streams":	[{
					"socket":	6,
					"start":	3.000129,
					"end":	4.000145,
					"seconds":	1.0000159740447998,
					"bytes":	117623440,
					"bits_per_second":	940972488.86330748,
					"retransmits":	0,
					"snd_cwnd":	221920,
					"rtt":	1615,
					"rttvar":	117,
					"pmtu":	1500,
					"omitted":	false,
					"sender":	true
				}],
			"sum":	{
				"start":	3.000129,
				"end":	4.000145,
				"seconds":	1.0000159740447998,
				"bytes":	117623440,
				"bits_per_second":	940972488.86330748,
				"retransmits":	0,
				"omitted":	false,
				"sender":	true
			}
		}, {
			"streams":	[{
					"socket":	6,
					"start":	4.000145,
					"end":	5.000127,
					"seconds":	0.99998199939727783,
					"bytes":	117944640,
					"bits_per_second":	943574104.90260124,
					"retransmits":	0,
					"snd_cwnd":	221920,
					"rtt":	1711,
					"rttvar":	173,
					"pmtu":	1500,
					"omitted":	false,
					"sender":	true
				}],
			"sum":	{
				"start":	4.000145,
				"end":	5.000127,
				"seconds":	0.99998199939727783,
				"bytes":	117944640,
				"bits_per_second":	943574104.90260124,
				"retransmits":	0,
				"omitted":	false,
				"sender":	true
			}
		}, {
			"streams":	[{
					"socket":	6,
					"start":	5.000127,
					"end":	6.000145,
					"seconds":	1.0000180006027222,
					"bytes":	117880400,
					"bits_per_second":	943026224.9595679,
					"retransmits":	0,
					"snd_cwnd":	221920,
					"rtt":	1660,
					"rttvar":	185,
					"pmtu":	1500,
					"omitted":	false,
					"sender":	true
				}],
			"sum":	{
				"start":	5.000127,
				"end":	6.000145,
				"seconds":	1.0000180006027222,
				"bytes":	117880400,
				"bits_per_second":	943026224.9595679,
				"retransmits":	0,
				"omitted":	false,
				"sender":	true
			}
		}, {
			"streams":	[{
					"socket":	6,
					"start":	6.000145,
					"end":	7.000148,
					"seconds":	1.0000029802322388,
					"bytes":	117880400,
					"bits_per_second":	943040389.52062869,
					"retransmits":	0,
					"snd_cwnd":	221920,
					"rtt":	1658,
					"rttvar":	243,
					"pmtu":	1500,
					"omitted":	false,
					"sender":	true
				}],
			"sum":	{
				"start":	6.000145,
				"end":	7.000148,
				"seconds":	1.0000029802322388,
				"bytes":	117880400,
				"bits_per_second":	943040389.52062869,
				"retransmits":	0,
				"omitted":	false,
				"sender":	true
			}
		}, {
			"streams":	[{
					"socket":	6,
					"start":	7.000148,
					"end":	8.00013,
					"seconds":	0.99998199939727783,
					"bytes":	117559200,
					"bits_per_second":	940490529.39638364,
					"retransmits":	0,
					"snd_cwnd":	221920,
					"rtt":	1721,
					"rttvar":	227,
					"pmtu":	1500,
					"omitted":	false,
					"sender":	true
				}],
			"sum":	{
				"start":	7.000148,
				"end":	8.00013,
				"seconds":	0.99998199939727783,
				"bytes":	117559200,
				"bits_per_second":	940490529.39638364,
				"retransmits":	0,
				"omitted":	false,
				"sender":	true
			}
		}, {
			"streams":	[{
					"socket":	6,
					"start":	8.00013,
					"end":	9.00014,
					"seconds":	1.0000100135803223,
					"bytes":	117623440,
					"bits_per_second":	940978097.44023979,
					"retransmits":	0,
					"snd_cwnd":	221920,
					"rtt":	1749,
					"rttvar":	186,
					"pmtu":	1500,
					"omitted":	false,
					"sender":	true
				}],
			"sum":	{
				"start":	8.00013,
				"end":	9.00014,
				"seconds":	1.0000100135803223,
				"bytes":	117623440,
				"bits_per_second":	940978097.44023979,
				"retransmits":	0,
				"omitted":	false,
				"sender":	true
			}
		}, {
			"streams":	[{
					"socket":	6,
					"start":	9.00014,
					"end":	10.00014,
					"seconds":	1,
					"bytes":	117880400,
					"bits_per_second":	943043200,
					"retransmits":	0,
					"snd_cwnd":	221920,
					"rtt":	1717,
					"rttvar":	142,
					"pmtu":	1500,
					"omitted":	false,
					"sender":	true
				}],
			"sum":	{
				"start":	9.00014,
				"end":	10.00014,
				"seconds":	1,
				"bytes":	117880400,
				"bits_per_second":	943043200,
				"retransmits":	0,
				"omitted":	false,
				"sender":	true
			}
		}, {
			"streams":	[{
					"socket":	6,
					"start":	10.00014,
					"end":	11.000141,
					"seconds":	1.0000009536743164,
					"bytes":	117751920,
					"bits_per_second":	942014461.62500226,
					"retransmits":	0,
					"snd_cwnd":	221920,
					"rtt":	1767,
					"rttvar":	300,
					"pmtu":	1500,
					"omitted":	false,
					"sender":	true
				}],
			"sum":	{
				"start":	10.00014,
				"end":	11.000141,
				"seconds":	1.0000009536743164,
				"bytes":	117751920,
				"bits_per_second":	942014461.62500226,
				"retransmits":	0,
				"omitted":	false,
				"sender":	true
			}
		}, {
			"streams":	[{
					"socket":	6,
					"start":	11.000141,
					"end":	12.000128,
					"seconds":	0.999987006187439,
					"bytes":	117944640,
					"bits_per_second":	943569380.56366932,
					"retransmits":	0,
					"snd_cwnd":	221920,
					"rtt":	1670,
					"rttvar":	201,
					"pmtu":	1500,
					"omitted":	false,
					"sender":	true
				}],
			"sum":	{
				"start":	11.000141,
				"end":	12.000128,
				"seconds":	0.999987006187439,
				"bytes":	117944640,
				"bits_per_second":	943569380.56366932,
				"retransmits":	0,
				"omitted":	false,
				"sender":	true
			}
		}, {
			"streams":	[{
					"socket":	6,
					"start":	12.000128,
					"end":	13.000134,
					"seconds":	1.0000059604644775,
					"bytes":	117687680,
					"bits_per_second":	941495828.24756,
					"retransmits":	0,
					"snd_cwnd":	221920,
					"rtt":	1629,
					"rttvar":	212,
					"pmtu":	1500,
					"omitted":	false,
					"sender":	true
				}],
			"sum":	{
				"start":	12.000128,
				"end":	13.000134,
				"seconds":	1.0000059604644775,
				"bytes":	117687680,
				"bits_per_second":	941495828.24756,
				"retransmits":	0,
				"omitted":	false,
				"sender":	true
			}
		}, {
			"streams":	[{
					"socket":	6,
					"start":	13.000134,
					"end":	14.000138,
					"seconds":	1.0000040531158447,
					"bytes":	117494960,
					"bits_per_second":	939955870.249969,
					"retransmits":	0,
					"snd_cwnd":	221920,
					"rtt":	1736,
					"rttvar":	194,
					"pmtu":	1500,
					"omitted":	false,
					"sender":	true
				}],
			"sum":	{
				"start":	13.000134,
				"end":	14.000138,
				"seconds":	1.0000040531158447,
				"bytes":	117494960,
				"bits_per_second":	939955870.249969,
				"retransmits":	0,
				"omitted":	false,
				"sender":	true
			}
		}, {
			"streams":	[{
					"socket":	6,
					"start":	14.000138,
					"end":	15.000141,
					"seconds":	1.0000029802322388,
					"bytes":	118073120,
					"bits_per_second":	944582144.92583954,
					"retransmits":	0,
					"snd_cwnd":	221920,
					"rtt":	1641,
					"rttvar":	162,
					"pmtu":	1500,
					"omitted":	false,
					"sender":	true
				}],
			"sum":	{
				"start":	14.000138,
				"end":	15.000141,
				"seconds":	1.0000029802322388,
				"bytes":	118073120,
				"bits_per_second":	944582144.92583954,
				"retransmits":	0,
				"omitted":	false,
				"sender":	true
			}
		}, {
			"streams":	[{
					"socket":	6,
					"start":	15.000141,
					"end":	16.000145,
					"seconds":	1.0000040531158447,
					"bytes":	117494960,
					"bits_per_second":	939955870.249969,
					"retransmits":	0,
					"snd_cwnd":	221920,
					"rtt":	1608,
					"rttvar":	203,
					"pmtu":	1500,
					"omitted":	false,
					"sender":	true
				}],
			"sum":	{
				"start":	15.000141,
				"end":	16.000145,
				"seconds":	1.0000040531158447,
				"bytes":	117494960,
				"bits_per_second":	939955870.249969,
				"retransmits":	0,
				"omitted":	false,
				"sender":	true
			}
		}, {
			"streams":	[{
					"socket":	6,
					"start":	16.000145,
					"end":	17.000125,
					"seconds":	0.99997997283935547,
					"bytes":	118137360,
					"bits_per_second":	945117808.0261693,
					"retransmits":	0,
					"snd_cwnd":	221920,
					"rtt":	1748,
					"rttvar":	261,
					"pmtu":	1500,
					"omitted":	false,
					"sender":	true
				}],
			"sum":	{
				"start":	16.000145,
				"end":	17.000125,
				"seconds":	0.99997997283935547,
				"bytes":	118137360,
				"bits_per_second":	945117808.0261693,
				"retransmits":	0,
				"omitted":	false,
				"sender":	true
			}
		}, {
			"streams":	[{
					"socket":	6,
					"start":	17.000125,
					"end":	18.000088,
					"seconds":	0.99996298551559448,
					"bytes":	117751920,
					"bits_per_second":	942050229.50352919,
					"retransmits":	0,
					"snd_cwnd":	221920,
					"rtt":	1660,
					"rttvar":	173,
					"pmtu":	1500,
					"omitted":	false,
					"sender":	true
				}],
			"sum":	{
				"start":	17.000125,
				"end":	18.000088,
				"seconds":	0.99996298551559448,
				"bytes":	117751920,
				"bits_per_second":	942050229.50352919,
				"retransmits":	0,
				"omitted":	false,
				"sender":	true
			}
		}, {
			"streams":	[{
					"socket":	6,
					"start":	18.000088,
					"end":	19.000124,
					"seconds":	1.0000360012054443,
					"bytes":	117687680,
					"bits_per_second":	941467546.03345609,
					"retransmits":	0,
					"snd_cwnd":	221920,
					"rtt":	1664,
					"rttvar":	180,
					"pmtu":	1500,
					"omitted":	false,
					"sender":	true
				}],
			"sum":	{
				"start":	18.000088,
				"end":	19.000124,
				"seconds":	1.0000360012054443,
				"bytes":	117687680,
				"bits_per_second":	941467546.03345609,
				"retransmits":	0,
				"omitted":	false,
				"sender":	true
			}
		}, {
			"streams":	[{
					"socket":	6,
					"start":	19.000124,
					"end":	20.000135,
					"seconds":	1.0000109672546387,
					"bytes":	117494960,
					"bits_per_second":	939949371.33589709,
					"retransmits":	0,
					"snd_cwnd":	221920,
					"rtt":	1634,
					"rttvar":	189,
					"pmtu":	1500,
					"omitted":	false,
					"sender":	true
				}],
			"sum":	{
				"start":	19.000124,
				"end":	20.000135,
				"seconds":	1.0000109672546387,
				"bytes":	117494960,
				"bits_per_second":	939949371.33589709,
				"retransmits":	0,
				"omitted":	false,
				"sender":	true
			}
		}, {
			"streams":	[{
					"socket":	6,
					"start":	20.000135,
					"end":	21.000133,
					"seconds":	0.99999797344207764,
					"bytes":	117944640,
					"bits_per_second":	943559032.17703187,
					"retransmits":	0,
					"snd_cwnd":	221920,
					"rtt":	1669,
					"rttvar":	132,
					"pmtu":	1500,
					"omitted":	false,
					"sender":	true
				}],
			"sum":	{
				"start":	20.000135,
				"end":	21.000133,
				"seconds":	0.99999797344207764,
				"bytes":	117944640,
				"bits_per_second":	943559032.17703187,
				"retransmits":	0,
				"omitted":	false,
				"sender":	true
			}
		}, {
			"streams":	[{
					"socket":	6,
					"start":	21.000133,
					"end":	22.000138,
					"seconds":	1.0000050067901611,
					"bytes":	117944640,
					"bits_per_second":	943552395.831148,
					"retransmits":	0,
					"snd_cwnd":	221920,
					"rtt":	1634,
					"rttvar":	179,
					"pmtu":	1500,
					"omitted":	false,
					"sender":	true
				}],
			"sum":	{
				"start":	21.000133,
				"end":	22.000138,
				"seconds":	1.0000050067901611,
				"bytes":	117944640,
				"bits_per_second":	943552395.831148,
				"retransmits":	0,
				"omitted":	false,
				"sender":	true
			}
		}, {
			"streams":	[{
					"socket":	6,
					"start":	22.000138,
					"end":	23.000107,
					"seconds":	0.9999690055847168,
					"bytes":	117751920,
					"bits_per_second":	942044558.12024963,
					"retransmits":	0,
					"snd_cwnd":	221920,
					"rtt":	1774,
					"rttvar":	180,
					"pmtu":	1500,
					"omitted":	false,
					"sender":	true
				}],
			"sum":	{
				"start":	22.000138,
				"end":	23.000107,
				"seconds":	0.9999690055847168,
				"bytes":	117751920,
				"bits_per_second":	942044558.12024963,
				"retransmits":	0,
				"omitted":	false,
				"sender":	true
			}
		}, {
			"streams":	[{
					"socket":	6,
					"start":	23.000107,
					"end":	24.000134,
					"seconds":	1.0000269412994385,
					"bytes":	117559200,
					"bits_per_second":	940448263.10173738,
					"retransmits":	0,
					"snd_cwnd":	221920,
					"rtt":	1651,
					"rttvar":	244,
					"pmtu":	1500,
					"omitted":	false,
					"sender":	true
				}],
			"sum":	{
				"start":	23.000107,
				"end":	24.000134,
				"seconds":	1.0000269412994385,
				"bytes":	117559200,
				"bits_per_second":	940448263.10173738,
				"retransmits":	0,
				"omitted":	false,
				"sender":	true
			}
		}, {
			"streams":	[{
					"socket":	6,
					"start":	24.000134,
					"end":	25.000169,
					"seconds":	1.0000350475311279,
					"bytes":	118008880,
					"bits_per_second":	944037953.80042827,
					"retransmits":	0,
					"snd_cwnd":	221920,
					"rtt":	1767,
					"rttvar":	230,
					"pmtu":	1500,
					"omitted":	false,
					"sender":	true
				}],
			"sum":	{
				"start":	24.000134,
				"end":	25.000169,
				"seconds":	1.0000350475311279,
				"bytes":	118008880,
				"bits_per_second":	944037953.80042827,
				"retransmits":	0,
				"omitted":	false,
				"sender":	true
			}
		}, {
			"streams":	[{
					"socket":	6,
					"start":	25.000169,
					"end":	26.000043,
					"seconds":	0.99987399578094482,
					"bytes":	117751920,
					"bits_per_second":	942134072.86809707,
					"retransmits":	0,
					"snd_cwnd":	221920,
					"rtt":	1734,
					"rttvar":	221,
					"pmtu":	1500,
					"omitted":	false,
					"sender":	true
				}],
			"sum":	{
				"start":	25.000169,
				"end":	26.000043,
				"seconds":	0.99987399578094482,
				"bytes":	117751920,
				"bits_per_second":	942134072.86809707,
				"retransmits":	0,
				"omitted":	false,
				"sender":	true
			}
		}, {
			"streams":	[{
					"socket":	6,
					"start":	26.000043,
					"end":	27.000152,
					"seconds":	1.0001089572906494,
					"bytes":	116981040,
					"bits_per_second":	935746363.61148584,
					"retransmits":	0,
					"snd_cwnd":	221920,
					"rtt":	1718,
					"rttvar":	187,
					"pmtu":	1500,
					"omitted":	false,
					"sender":	true
				}],
			"sum":	{
				"start":	26.000043,
				"end":	27.000152,
				"seconds":	1.0001089572906494,
				"bytes":	116981040,
				"bits_per_second":	935746363.61148584,
				"retransmits":	0,
				"omitted":	false,
				"sender":	true
			}
		}, {
			"streams":	[{
					"socket":	6,
					"start":	27.000152,
					"end":	28.000133,
					"seconds":	0.99998098611831665,
					"bytes":	118073120,
					"bits_per_second":	944602920.56816947,
					"retransmits":	0,
					"snd_cwnd":	221920,
					"rtt":	1703,
					"rttvar":	279,
					"pmtu":	1500,
					"omitted":	false,
					"sender":	true
				}],
			"sum":	{
				"start":	27.000152,
				"end":	28.000133,
				"seconds":	0.99998098611831665,
				"bytes":	118073120,
				"bits_per_second":	944602920.56816947,
				"retransmits":	0,
				"omitted":	false,
				"sender":	true
			}
		}, {
			"streams":	[{
					"socket":	6,
					"start":	28.000133,
					"end":	29.000154,
					"seconds":	1.0000209808349609,
					"bytes":	117366480,
					"bits_per_second":	938912140.8393302,
					"retransmits":	0,
					"snd_cwnd":	221920,
					"rtt":	1681,
					"rttvar":	230,
					"pmtu":	1500,
					"omitted":	false,
					"sender":	true
				}],
			"sum":	{
				"start":	28.000133,
				"end":	29.000154,
				"seconds":	1.0000209808349609,
				"bytes":	117366480,
				"bits_per_second":	938912140.8393302,
				"retransmits":	0,
				"omitted":	false,
				"sender":	true
			}
		}, {
			"streams":	[{
					"socket":	6,
					"start":	29.000154,
					"end":	30.000106,
					"seconds":	0.99995201826095581,
					"bytes":	118137360,
					"bits_per_second":	945144229.66378689,
					"retransmits":	0,
					"snd_cwnd":	221920,
					"rtt":	1540,
					"rttvar":	149,
					"pmtu":	1500,
					"omitted":	false,
					"sender":	true
				}],
			"sum":	{
				"start":	29.000154,
				"end":	30.000106,
				"seconds":	0.99995201826095581,
				"bytes":	118137360,
				"bits_per_second":	945144229.66378689,
				"retransmits":	0,
				"omitted":	false,
				"sender":	true
			}
		}, {
			"streams":	[{
					"socket":	6,
					"start":	30.000106,
					"end":	31.00014,
					"seconds":	1.000033974647522,
					"bytes":	117751920,
					"bits_per_second":	941983356.44749308,
					"retransmits":	0,
					"snd_cwnd":	221920,
					"rtt":	1715,
					"rttvar":	228,
					"pmtu":	1500,
					"omitted":	false,
					"sender":	true
				}],
			"sum":	{
				"start":	30.000106,
				"end":	31.00014,
				"seconds":	1.000033974647522,
				"bytes":	117751920,
				"bits_per_second":	941983356.44749308,
				"retransmits":	0,
				"omitted":	false,
				"sender":	true
			}
		}, {
			"streams":	[{
					"socket":	6,
					"start":	31.00014,
					"end":	32.000141,
					"seconds":	1.0000009536743164,
					"bytes":	117559200,
					"bits_per_second":	940472703.09533775,
					"retransmits":	0,
					"snd_cwnd":	221920,
					"rtt":	1646,
					"rttvar":	198,
					"pmtu":	1500,
					"omitted":	false,
					"sender":	true
				}],
			"sum":	{
				"start":	31.00014,
				"end":	32.000141,
				"seconds":	1.0000009536743164,
				"bytes":	117559200,
				"bits_per_second":	940472703.09533775,
				"retransmits":	0,
				"omitted":	false,
				"sender":	true
			}
		}, {
			"streams":	[{
					"socket":	6,
					"start":	32.000141,
					"end":	33.000132,
					"seconds":	0.99999099969863892,
					"bytes":	118008880,
					"bits_per_second":	944079537.00034189,
					"retransmits":	0,
					"snd_cwnd":	221920,
					"rtt":	1683,
					"rttvar":	253,
					"pmtu":	1500,
					"omitted":	false,
					"sender":	true
				}],
			"sum":	{
				"start":	32.000141,
				"end":	33.000132,
				"seconds":	0.99999099969863892,
				"bytes":	118008880,
				"bits_per_second":	944079537.00034189,
				"retransmits":	0,
				"omitted":	false,
				"sender":	true
			}
		}, {
			"streams":	[{
					"socket":	6,
					"start":	33.000132,
					"end":	34.000134,
					"seconds":	1.0000020265579224,
					"bytes":	117559200,
					"bits_per_second":	940471694.07963765,
					"retransmits":	0,
					"snd_cwnd":	221920,
					"rtt":	1680,
					"rttvar":	189,
					"pmtu":	1500,
					"omitted":	false,
					"sender":	true
				}],
			"sum":	{
				"start":	33.000132,
				"end":	34.000134,
				"seconds":	1.0000020265579224,
				"bytes":	117559200,
				"bits_per_second":	940471694.07963765,
				"retransmits":	0,
				"omitted":	false,
				"sender":	true
			}
		}, {
			"streams":	[{
					"socket":	6,
					"start":	34.000134,
					"end":	35.000137,
					"seconds":	1.0000029802322388,
					"bytes":	117623440,
					"bits_per_second":	940984715.64701426,
					"retransmits":	0,
					"snd_cwnd":	221920,
					"rtt":	1692,
					"rttvar":	168,
					"pmtu":	1500,
					"omitted":	false,
					"sender":	true
				}],
			"sum":	{
				"start":	34.000134,
				"end":	35.000137,
				"seconds":	1.0000029802322388,
				"bytes":	117623440,
				"bits_per_second":	940984715.64701426,
				"retransmits":	0,
				"omitted":	false,
				"sender":	true
			}
		}, {
			"streams":	[{
					"socket":	6,
					"start":	35.000137,
					"end":	36.000144,
					"seconds":	1.0000070333480835,
					"bytes":	118008880,
					"bits_per_second":	944064400.06646109,
					"retransmits":	0,
					"snd_cwnd":	221920,
					"rtt":	1737,
					"rttvar":	270,
					"pmtu":	1500,
					"omitted":	false,
					"sender":	true
				}],
			"sum":	{
				"start":	35.000137,
				"end":	36.000144,
				"seconds":	1.0000070333480835,
				"bytes":	118008880,
				"bits_per_second":	944064400.06646109,
				"retransmits":	0,
				"omitted":	false,
				"sender":	true
			}
		}, {
			"streams":	[{
					"socket":	6,
					"start":	36.000144,
					"end":	37.000133,
					"seconds":	0.99998897314071655,
					"bytes":	117687680,
					"bits_per_second":	941511821.918374,
					"retransmits":	0,
					"snd_cwnd":	221920,
					"rtt":	1678,
					"rttvar":	144,
					"pmtu":	1500,
					"omitted":	false,
					"sender":	true
				}],
			"sum":	{
				"start":	36.000144,
				"end":	37.000133,
				"seconds":	0.99998897314071655,
				"bytes":	117687680,
				"bits_per_second":	941511821.918374,
				"retransmits":	0,
				"omitted":	false,
				"sender":	true
			}
		}, {
			"streams":	[{
					"socket":	6,
					"start":	37.000133,
					"end":	38.000134,
					"seconds":	1.0000009536743164,
					"bytes":	117751920,
					"bits_per_second":	942014461.62500226,
					"retransmits":	0,
					"snd_cwnd":	221920,
					"rtt":	1706,
					"rttvar":	262,
					"pmtu":	1500,
					"omitted":	false,
					"sender":	true
				}],
			"sum":	{
				"start":	37.000133,
				"end":	38.000134,
				"seconds":	1.0000009536743164,
				"bytes":	117751920,
				"bits_per_second":	942014461.62500226,
				"retransmits":	0,
				"omitted":	false,
				"sender":	true
			}
		}, {
			"streams":	[{
					"socket":	6,
					"start":	38.000134,
					"end":	39.000105,
					"seconds":	0.99997097253799438,
					"bytes":	117751920,
					"bits_per_second":	942042705.10883021,
					"retransmits":	0,
					"snd_cwnd":	221920,
					"rtt":	1678,
					"rttvar":	159,
					"pmtu":	1500,
					"omitted":	false,
					"sender":	true
				}],
			"sum":	{
				"start":	38.000134,
				"end":	39.000105,
				"seconds":	0.99997097253799438,
				"bytes":	117751920,
				"bits_per_second":	942042705.10883021,
				"retransmits":	0,
				"omitted":	false,
				"sender":	true
			}
		}, {
			"streams":	[{
					"socket":	6,
					"start":	39.000105,
					"end":	40.000151,
					"seconds":	1.0000460147857666,
					"bytes":	117623440,
					"bits_per_second":	940944222.65317631,
					"retransmits":	0,
					"snd_cwnd":	221920,
					"rtt":	1614,
					"rttvar":	140,
					"pmtu":	1500,
					"omitted":	false,
					"sender":	true
				}],
			"sum":	{
				"start":	39.000105,
				"end":	40.000151,
				"seconds":	1.0000460147857666,
				"bytes":	117623440,
				"bits_per_second":	940944222.65317631,
				"retransmits":	0,
				"omitted":	false,
				"sender":	true
			}
		}],
	"end":	{
		"streams":	[{
				"sender":	{
					"socket":	6,
					"start":	0,
					"end":	40.000151,
					"seconds":	40.000151,
					"bytes":	4710843300,
					"bits_per_second":	942165103.3267349,
					"retransmits":	0,
					"max_snd_cwnd":	221920,
					"max_rtt":	1774,
					"min_rtt":	1540,
					"mean_rtt":	1681,
					"sender":	true
				},
				"receiver":	{
					"socket":	6,
					"start":	0,
					"end":	40.000151,
					"seconds":	40.000151,
					"bytes":	4710142500,
					"bits_per_second":	942024943.85583687,
					"sender":	true
				}
			}],
		"sum_sent":	{
			"start":	0,
			"end":	40.000151,
			"seconds":	40.000151,
			"bytes":	4710843300,
			"bits_per_second":	942165103.3267349,
			"retransmits":	0,
			"sender":	true
		},
		"sum_received":	{
			"start":	0,
			"end":	40.000151,
			"seconds":	40.000151,
			"bytes":	4710142500,
			"bits_per_second":	942024943.85583687,
			"sender":	true
		},
		"cpu_utilization_percent":	{
			"host_total":	4.7634069416382951,
			"host_user":	0.18194933561378362,
			"host_system":	4.5814576060245118,
			"remote_total":	9.272142,
			"remote_user":	1.89967,
			"remote_system":	7.372472
		},
		"sender_tcp_congestion":	"cubic"
	}
}
