{
	"start":	{
		"connected":	[{
				"socket":	6,
				"local_host":	"192.168.94.18",
				"local_port":	59002,
				"remote_host":	"192.168.94.100",
				"remote_port":	5201
			}],
		"version":	"iperf 3.7",
		"system_info":	"Linux lab4-nz18 5.11.0-25-generic #27~20.04.1-Ubuntu SMP Tue Jul 13 17:41:23 UTC 2021 x86_64",
		"timestamp":	{
			"time":	"Fri, 08 Oct 2021 20:57:53 GMT",
			"timesecs":	1633726673
		},
		"connecting_to":	{
			"host":	"192.168.94.100",
			"port":	5201
		},
		"cookie":	"v2a4ieekibccpkk2oa47uhpqcxrwsq6q3kpp",
		"tcp_mss_default":	1460,
		"sock_bufsize":	0,
		"sndbuf_actual":	16384,
		"rcvbuf_actual":	131072,
		"test_start":	{
			"protocol":	"TCP",
			"num_streams":	1,
			"blksize":	131072,
			"omit":	0,
			"duration":	40,
			"bytes":	0,
			"blocks":	0,
			"reverse":	0,
			"tos":	0
		}
	},
	"intervals":	[{
			"streams":	[{
					"socket":	6,
					"start":	0,
					"end":	1.000133,
					"seconds":	1.0001330375671387,
					"bytes":	117125580,
					"bits_per_second":	936879999.76413047,
					"retransmits":	0,
					"snd_cwnd":	217540,
					"rtt":	1683,
					"rttvar":	165,
					"pmtu":	1500,
					"omitted":	false,
					"sender":	true
				}],
			"sum":	{
				"start":	0,
				"end":	1.000133,
				"seconds":	1.0001330375671387,
				"bytes":	117125580,
				"bits_per_second":	936879999.76413047,
				"retransmits":	0,
				"omitted":	false,
				"sender":	true
			}
		}, {
			"streams":	[{
					"socket":	6,
					"start":	1.000133,
					"end":	2.000133,
					"seconds":	1,
					"bytes":	117687680,
					"bits_per_second":	941501440,
					"retransmits":	0,
					"snd_cwnd":	217540,
					"rtt":	1718,
					"rttvar":	230,
					"pmtu":	1500,
					"omitted":	false,
					"sender":	true
				}],
			"sum":	{
				"start":	1.000133,
				"end":	2.000133,
				"seconds":	1,
				"bytes":	117687680,
				"bits_per_second":	941501440,
				"retransmits":	0,
				"omitted":	false,
				"sender":	true
			}
		}, {
			"streams":	[{
					"socket":	6,
					"start":	2.000133,
					"end":	3.000285,
					"seconds":	1.0001519918441772,
					"bytes":	118008880,
					"bits_per_second":	943927570.70775843,
					"retransmits":	0,
					"snd_cwnd":	217540,
					"rtt":	1473,
					"rttvar":	136,
					"pmtu":	1500,
					"omitted":	false,
					"sender":	true
				}],
			"sum":	{
				"start":	2.000133,
				"end":	3.000285,
				"seconds":	1.0001519918441772,
				"bytes":	118008880,
				"bits_per_second":	943927570.70775843,
				"retransmits":	0,
				"omitted":	false,
				"sender":	true
			}
		}, {
			"streams":	[{
					"socket":	6,
					"start":	3.000285,
					"end":	4.000138,
					"seconds":	0.99985301494598389,
					"bytes":	117238000,
					"bits_per_second":	938041878.13612723,
					"retransmits":	0,
					"snd_cwnd":	217540,
					"rtt":	1694,
					"rttvar":	172,
					"pmtu":	1500,
					"omitted":	false,
					"sender":	true
				}],
			"sum":	{
				"start":	3.000285,
				"end":	4.000138,
				"seconds":	0.99985301494598389,
				"bytes":	117238000,
				"bits_per_second":	938041878.13612723,
				"retransmits":	0,
				"omitted":	false,
				"sender":	true
			}
		}, {
			"streams":	[{
					"socket":	6,
					"start":	4.000138,
					"end":	5.000072,
					"seconds":	0.99993401765823364,
					"bytes":	118265840,
					"bits_per_second":	946189151.7759881,
					"retransmits":	0,
					"snd_cwnd":	217540,
					"rtt":	1512,
					"rttvar":	182,
					"pmtu":	1500,
					"omitted":	false,
					"sender":	true
				}],
			"sum":	{
				"start":	4.000138,
				"end":	5.000072,
				"seconds":	0.99993401765823364,
				"bytes":	118265840,
				"bits_per_second":	946189151.7759881,
				"retransmits":	0,
				"omitted":	false,
				"sender":	true
			}
		}, {
			"streams":	[{
					"socket":	6,
					"start":	5.000072,
					"end":	6.000134,
					"seconds":	1.0000619888305664,
					"bytes":	117687680,
					"bits_per_second":	941443081.04436123,
					"retransmits":	0,
					"snd_cwnd":	217540,
					"rtt":	1692,
					"rttvar":	212,
					"pmtu":	1500,
					"omitted":	false,
					"sender":	true
				}],
			"sum":	{
				"start":	5.000072,
				"end":	6.000134,
				"seconds":	1.0000619888305664,
				"bytes":	117687680,
				"bits_per_second":	941443081.04436123,
				"retransmits":	0,
				"omitted":	false,
				"sender":	true
			}
		}, {
			"streams":	[{
					"socket":	6,
					"start":	6.000134,
					"end":	7.000059,
					"seconds":	0.99992501735687256,
					"bytes":	117816160,
					"bits_per_second":	942599958.63631034,
					"retransmits":	0,
					"snd_cwnd":	217540,
					"rtt":	1675,
					"rttvar":	255,
					"pmtu":	1500,
					"omitted":	false,
					"sender":	true
				}],
			"sum":	{
				"start":	6.000134,
				"end":	7.000059,
				"seconds":	0.99992501735687256,
				"bytes":	117816160,
				"bits_per_second":	942599958.63631034,
				"retransmits":	0,
				"omitted":	false,
				"sender":	true
			}
		}, {
			"streams":	[{
					"socket":	6,
					"start":	7.000059,
					"end":	8.00014,
					"seconds":	1.000080943107605,
					"bytes":	117623440,
					"bits_per_second":	940911359.71056426,
					"retransmits":	0,
					"snd_cwnd":	217540,
					"rtt":	1762,
					"rttvar":	242,
					"pmtu":	1500,
					"omitted":	false,
					"sender":	true
				}],
			"sum":	{
				"start":	7.000059,
				"end":	8.00014,
				"seconds":	1.000080943107605,
				"bytes":	117623440,
				"bits_per_second":	940911359.71056426,
				"retransmits":	0,
				"omitted":	false,
				"sender":	true
			}
		}, {
			"streams":	[{
					"socket":	6,
					"start":	8.00014,
					"end":	9.000133,
					"seconds":	0.99999302625656128,
					"bytes":	117751920,
					"bits_per_second":	942021929.41924942,
					"retransmits":	0,
					"snd_cwnd":	217540,
					"rtt":	1630,
					"rttvar":	125,
					"pmtu":	1500,
					"omitted":	false,
					"sender":	true
				}],
			"sum":	{
				"start":	8.00014,
				"end":	9.000133,
				"seconds":	0.99999302625656128,
				"bytes":	117751920,
				"bits_per_second":	942021929.41924942,
				"retransmits":	0,
				"omitted":	false,
				"sender":	true
			}
		}, {
			"streams":	[{
					"socket":	6,
					"start":	9.000133,
					"end":	10.000134,
					"seconds":	1.0000009536743164,
					"bytes":	117880400,
					"bits_per_second":	943042300.64477861,
					"retransmits":	0,
					"snd_cwnd":	217540,
					"rtt":	1758,
					"rttvar":	228,
					"pmtu":	1500,
					"omitted":	false,
					"sender":	true
				}],
			"sum":	{
				"start":	9.000133,
				"end":	10.000134,
				"seconds":	1.0000009536743164,
				"bytes":	117880400,
				"bits_per_second":	943042300.64477861,
				"retransmits":	0,
				"omitted":	false,
				"sender":	true
			}
		}, {
			"streams":	[{
					"socket":	6,
					"start":	10.000134,
					"end":	11.000134,
					"seconds":	1,
					"bytes":	117494960,
					"bits_per_second":	939959680,
					"retransmits":	0,
					"snd_cwnd":	217540,
					"rtt":	1664,
					"rttvar":	197,
					"pmtu":	1500,
					"omitted":	false,
					"sender":	true
				}],
			"sum":	{
				"start":	10.000134,
				"end":	11.000134,
				"seconds":	1,
				"bytes":	117494960,
				"bits_per_second":	939959680,
				"retransmits":	0,
				"omitted":	false,
				"sender":	true
			}
		}, {
			"streams":	[{
					"socket":	6,
					"start":	11.000134,
					"end":	12.000133,
					"seconds":	0.99999898672103882,
					"bytes":	117944640,
					"bits_per_second":	943558076.08754718,
					"retransmits":	0,
					"snd_cwnd":	217540,
					"rtt":	1652,
					"rttvar":	169,
					"pmtu":	1500,
					"omitted":	false,
					"sender":	true
				}],
			"sum":	{
				"start":	11.000134,
				"end":	12.000133,
				"seconds":	0.99999898672103882,
				"bytes":	117944640,
				"bits_per_second":	943558076.08754718,
				"retransmits":	0,
				"omitted":	false,
				"sender":	true
			}
		}, {
			"streams":	[{
					"socket":	6,
					"start":	12.000133,
					"end":	13.000125,
					"seconds":	0.9999920129776001,
					"bytes":	117623440,
					"bits_per_second":	940995035.7484287,
					"retransmits":	0,
					"snd_cwnd":	217540,
					"rtt":	1774,
					"rttvar":	207,
					"pmtu":	1500,
					"omitted":	false,
					"sender":	true
				}],
			"sum":	{
				"start":	12.000133,
				"end":	13.000125,
				"seconds":	0.9999920129776001,
				"bytes":	117623440,
				"bits_per_second":	940995035.7484287,
				"retransmits":	0,
				"omitted":	false,
				"sender":	true
			}
		}, {
			"streams":	[{
					"socket":	6,
					"start":	13.000125,
					"end":	14.000143,
					"seconds":	1.0000180006027222,
					"bytes":	117751920,
					"bits_per_second":	941998403.46097434,
					"retransmits":	0,
					"snd_cwnd":	217540,
					"rtt":	1705,
					"rttvar":	147,
					"pmtu":	1500,
					"omitted":	false,
					"sender":	true
				}],
			"sum":	{
				"start":	13.000125,
				"end":	14.000143,
				"seconds":	1.0000180006027222,
				"bytes":	117751920,
				"bits_per_second":	941998403.46097434,
				"retransmits":	0,
				"omitted":	false,
				"sender":	true
			}
		}, {
			"streams":	[{
					"socket":	6,
					"start":	14.000143,
					"end":	15.000135,
					"seconds":	0.9999920129776001,
					"bytes":	117751920,
					"bits_per_second":	942022883.95787537,
					"retransmits":	0,
					"snd_cwnd":	217540,
					"rtt":	1604,
					"rttvar":	151,
					"pmtu":	1500,
					"omitted":	false,
					"sender":	true
				}],
			"sum":	{
				"start":	14.000143,
				"end":	15.000135,
				"seconds":	0.9999920129776001,
				"bytes":	117751920,
				"bits_per_second":	942022883.95787537,
				"retransmits":	0,
				"omitted":	false,
				"sender":	true
			}
		}, {
			"streams":	[{
					"socket":	6,
					"start":	15.000135,
					"end":	16.00008,
					"seconds":	0.99994498491287231,
					"bytes":	118137360,
					"bits_per_second":	945150877.55787766,
					"retransmits":	0,
					"snd_cwnd":	217540,
					"rtt":	1683,
					"rttvar":	216,
					"pmtu":	1500,
					"omitted":	false,
					"sender":	true
				}],
			"sum":	{
				"start":	15.000135,
				"end":	16.00008,
				"seconds":	0.99994498491287231,
				"bytes":	118137360,
				"bits_per_second":	945150877.55787766,
				"retransmits":	0,
				"omitted":	false,
				"sender":	true
			}
		}, {
			"streams":	[{
					"socket":	6,
					"start":	16.00008,
					"end":	17.000136,
					"seconds":	1.0000560283660889,
					"bytes":	117559200,
					"bits_per_second":	940420909.75299072,
					"retransmits":	0,
					"snd_cwnd":	217540,
					"rtt":	1659,
					"rttvar":	128,
					"pmtu":	1500,
					"omitted":	false,
					"sender":	true
				}],
			"sum":	{
				"start":	16.00008,
				"end":	17.000136,
				"seconds":	1.0000560283660889,
				"bytes":	117559200,
				"bits_per_second":	940420909.75299072,
				"retransmits":	0,
				"omitted":	false,
				"sender":	true
			}
		}, {
			"streams":	[{
					"socket":	6,
					"start":	17.000136,
					"end":	18.000119,
					"seconds":	0.999983012676239,
					"bytes":	117944640,
					"bits_per_second":	943573148.7825706,
					"retransmits":	0,
					"snd_cwnd":	217540,
					"rtt":	1628,
					"rttvar":	208,
					"pmtu":	1500,
					"omitted":	false,
					"sender":	true
				}],
			"sum":	{
				"start":	17.000136,
				"end":	18.000119,
				"seconds":	0.999983012676239,
				"bytes":	117944640,
				"bits_per_second":	943573148.7825706,
				"retransmits":	0,
				"omitted":	false,
				"sender":	true
			}
		}, {
			"streams":	[{
					"socket":	6,
					"start":	18.000119,
					"end":	19.000137,
					"seconds":	1.0000180006027222,
					"bytes":	117430720,
					"bits_per_second":	939428849.71449053,
					"retransmits":	0,
					"snd_cwnd":	217540,
					"rtt":	1655,
					"rttvar":	161,
					"pmtu":	1500,
					"omitted":	false,
					"sender":	true
				}],
			"sum":	{
				"start":	18.000119,
				"end":	19.000137,
				"seconds":	1.0000180006027222,
				"bytes":	117430720,
				"bits_per_second":	939428849.71449053,
				"retransmits":	0,
				"omitted":	false,
				"sender":	true
			}
		}, {
			"streams":	[{
					"socket":	6,
					"start":	19.000137,
					"end":	20.000135,
					"seconds":	0.99999797344207764,
					"bytes":	118008880,
					"bits_per_second":	944072953.21852267,
					"retransmits":	0,
					"snd_cwnd":	217540,
					"rtt":	1744,
					"rttvar":	258,
					"pmtu":	1500,
					"omitted":	false,
					"sender":	true
				}],
			"sum":	{
				"start":	19.000137,
				"end":	20.000135,
				"seconds":	0.99999797344207764,
				"bytes":	118008880,
				"bits_per_second":	944072953.21852267,
				"retransmits":	0,
				"omitted":	false,
				"sender":	true
			}
		}, {
			"streams":	[{
					"socket":	6,
					"start":	20.000135,
					"end":	21.000116,
					"seconds":	0.99998098611831665,
					"bytes":	117880400,
					"bits_per_second":	943061131.25276983,
					"retransmits":	0,
					"snd_cwnd":	217540,
					"rtt":	1574,
					"rttvar":	179,
					"pmtu":	1500,
					"omitted":	false,
					"sender":	true
				}],
			"sum":	{
				"start":	20.000135,
				"end":	21.000116,
				"seconds":	0.99998098611831665,
				"bytes":	117880400,
				"bits_per_second":	943061131.25276983,
				"retransmits":	0,
				"omitted":	false,
				"sender":	true
			}
		}, {
			"streams":	[{
					"socket":	6,
					"start":	21.000116,
					"end":	22.000145,
					"seconds":	1.0000289678573608,
					"bytes":	117494960,
					"bits_per_second":	939932452.17079663,
					"retransmits":	0,
					"snd_cwnd":	217540,
					"rtt":	1642,
					"rttvar":	153,
					"pmtu":	1500,
					"omitted":	false,
					"sender":	true
				}],
			"sum":	{
				"start":	21.000116,
				"end":	22.000145,
				"seconds":	1.0000289678573608,
				"bytes":	117494960,
				"bits_per_second":	939932452.17079663,
				"retransmits":	0,
				"omitted":	false,
				"sender":	true
			}
		}, {
			"streams":	[{
					"socket":	6,
					"start":	22.000145,
					"end":	23.000138,
					"seconds":	0.99999302625656128,
					"bytes":	117751920,
					"bits_per_second":	942021929.41924942,
					"retransmits":	0,
					"snd_cwnd":	217540,
					"rtt":	1667,
					"rttvar":	240,
					"pmtu":	1500,
					"omitted":	false,
					"sender":	true
				}],
			"sum":	{
				"start":	22.000145,
				"end":	23.000138,
				"seconds":	0.99999302625656128,
				"bytes":	117751920,
				"bits_per_second":	942021929.41924942,
				"retransmits":	0,
				"omitted":	false,
				"sender":	true
			}
		}, {
			"streams":	[{
					"socket":	6,
					"start":	23.000138,
					"end":	24.000139,
					"seconds":	1.0000009536743164,
					"bytes":	117880400,
					"bits_per_second":	943042300.64477861,
					"retransmits":	0,
					"snd_cwnd":	217540,
					"rtt":	1642,
					"rttvar":	168,
					"pmtu":	1500,
					"omitted":	false,
					"sender":	true
				}],
			"sum":	{
				"start":	23.000138,
				"end":	24.000139,
				"seconds":	1.0000009536743164,
				"bytes":	117880400,
				"bits_per_second":	943042300.64477861,
				"retransmits":	0,
				"omitted":	false,
				"sender":	true
			}
		}, {
			"streams":	[{
					"socket":	6,
					"start":	24.000139,
					"end":	25.000132,
					"seconds":	0.99999302625656128,
					"bytes":	117880400,
					"bits_per_second":	943049776.58719182,
					"retransmits":	0,
					"snd_cwnd":	217540,
					"rtt":	1716,
					"rttvar":	255,
					"pmtu":	1500,
					"omitted":	false,
					"sender":	true
				}],
			"sum":	{
				"start":	24.000139,
				"end":	25.000132,
				"seconds":	0.99999302625656128,
				"bytes":	117880400,
				"bits_per_second":	943049776.58719182,
				"retransmits":	0,
				"omitted":	false,
				"sender":	true
			}
		}, {
			"streams":	[{
					"socket":	6,
					"start":	25.000132,
					"end":	26.000135,
					"seconds":	1.0000029802322388,
					"bytes":	117494960,
					"bits_per_second":	939956878.710207,
					"retransmits":	0,
					"snd_cwnd":	217540,
					"rtt":	1719,
					"rttvar":	249,
					"pmtu":	1500,
					"omitted":	false,
					"sender":	true
				}],
			"sum":	{
				"start":	25.000132,
				"end":	26.000135,
				"seconds":	1.0000029802322388,
				"bytes":	117494960,
				"bits_per_second":	939956878.710207,
				"retransmits":	0,
				"omitted":	false,
				"sender":	true
			}
		}, {
			"streams":	[{
					"socket":	6,
					"start":	26.000135,
					"end":	27.000129,
					"seconds":	0.99999397993087769,
					"bytes":	118008880,
					"bits_per_second":	944076723.40713167,
					"retransmits":	0,
					"snd_cwnd":	217540,
					"rtt":	1652,
					"rttvar":	137,
					"pmtu":	1500,
					"omitted":	false,
					"sender":	true
				}],
			"sum":	{
				"start":	26.000135,
				"end":	27.000129,
				"seconds":	0.99999397993087769,
				"bytes":	118008880,
				"bits_per_second":	944076723.40713167,
				"retransmits":	0,
				"omitted":	false,
				"sender":	true
			}
		}, {
			"streams":	[{
					"socket":	6,
					"start":	27.000129,
					"end":	28.000143,
					"seconds":	1.0000139474868774,
					"bytes":	117751920,
					"bits_per_second":	942002221.436378,
					"retransmits":	0,
					"snd_cwnd":	217540,
					"rtt":	1653,
					"rttvar":	218,
					"pmtu":	1500,
					"omitted":	false,
					"sender":	true
				}],
			"sum":	{
				"start":	27.000129,
				"end":	28.000143,
				"seconds":	1.0000139474868774,
				"bytes":	117751920,
				"bits_per_second":	942002221.436378,
				"retransmits":	0,
				"omitted":	false,
				"sender":	true
			}
		}, {
			"streams":	[{
					"socket":	6,
					"start":	28.000143,
					"end":	29.000135,
					"seconds":	0.9999920129776001,
					"bytes":	117494960,
					"bits_per_second":	939967187.538982,
					"retransmits":	0,
					"snd_cwnd":	217540,
					"rtt":	1653,
					"rttvar":	258,
					"pmtu":	1500,
					"omitted":	false,
					"sender":	true
				}],
			"sum":	{
				"start":	28.000143,
				"end":	29.000135,
				"seconds":	0.9999920129776001,
				"bytes":	117494960,
				"bits_per_second":	939967187.538982,
				"retransmits":	0,
				"omitted":	false,
				"sender":	true
			}
		}, {
			"streams":	[{
					"socket":	6,
					"start":	29.000135,
					"end":	30.000141,
					"seconds":	1.0000059604644775,
					"bytes":	117880400,
					"bits_per_second":	943037579.058009,
					"retransmits":	0,
					"snd_cwnd":	217540,
					"rtt":	1702,
					"rttvar":	252,
					"pmtu":	1500,
					"omitted":	false,
					"sender":	true
				}],
			"sum":	{
				"start":	29.000135,
				"end":	30.000141,
				"seconds":	1.0000059604644775,
				"bytes":	117880400,
				"bits_per_second":	943037579.058009,
				"retransmits":	0,
				"omitted":	false,
				"sender":	true
			}
		}, {
			"streams":	[{
					"socket":	6,
					"start":	30.000141,
					"end":	31.000144,
					"seconds":	1.0000029802322388,
					"bytes":	117944640,
					"bits_per_second":	943554307.98903227,
					"retransmits":	0,
					"snd_cwnd":	217540,
					"rtt":	1625,
					"rttvar":	116,
					"pmtu":	1500,
					"omitted":	false,
					"sender":	true
				}],
			"sum":	{
				"start":	30.000141,
				"end":	31.000144,
				"seconds":	1.0000029802322388,
				"bytes":	117944640,
				"bits_per_second":	943554307.98903227,
				"retransmits":	0,
				"omitted":	false,
				"sender":	true
			}
		}, {
			"streams":	[{
					"socket":	6,
					"start":	31.000144,
					"end":	32.000131,
					"seconds":	0.999987006187439,
					"bytes":	117687680,
					"bits_per_second":	941513673.8522017,
					"retransmits":	0,
					"snd_cwnd":	217540,
					"rtt":	1698,
					"rttvar":	234,
					"pmtu":	1500,
					"omitted":	false,
					"sender":	true
				}],
			"sum":	{
				"start":	31.000144,
				"end":	32.000131,
				"seconds":	0.999987006187439,
				"bytes":	117687680,
				"bits_per_second":	941513673.8522017,
				"retransmits":	0,
				"omitted":	false,
				"sender":	true
			}
		}, {
			"streams":	[{
					"socket":	6,
					"start":	32.000131,
					"end":	33.000141,
					"seconds":	1.0000100135803223,
					"bytes":	117623440,
					"bits_per_second":	940978097.44023979,
					"retransmits":	0,
					"snd_cwnd":	217540,
					"rtt":	1626,
					"rttvar":	113,
					"pmtu":	1500,
					"omitted":	false,
					"sender":	true
				}],
			"sum":	{
				"start":	32.000131,
				"end":	33.000141,
				"seconds":	1.0000100135803223,
				"bytes":	117623440,
				"bits_per_second":	940978097.44023979,
				"retransmits":	0,
				"omitted":	false,
				"sender":	true
			}
		}, {
			"streams":	[{
					"socket":	6,
					"start":	33.000141,
					"end":	34.000134,
					"seconds":	0.99999302625656128,
					"bytes":	117687680,
					"bits_per_second":	941508005.83527815,
					"retransmits":	0,
					"snd_cwnd":	217540,
					"rtt":	1683,
					"rttvar":	243,
					"pmtu":	1500,
					"omitted":	false,
					"sender":	true
				}],
			"sum":	{
				"start":	33.000141,
				"end":	34.000134,
				"seconds":	0.99999302625656128,
				"bytes":	117687680,
				"bits_per_second":	941508005.83527815,
				"retransmits":	0,
				"omitted":	false,
				"sender":	true
			}
		}, {
			"streams":	[{
					"socket":	6,
					"start":	34.000134,
					"end":	35.000124,
					"seconds":	0.99998998641967773,
					"bytes":	118137360,
					"bits_per_second":	945108343.918315,
					"retransmits":	0,
					"snd_cwnd":	217540,
					"rtt":	1617,
					"rttvar":	231,
					"pmtu":	1500,
					"omitted":	false,
					"sender":	true
				}],
			"sum":	{
				"start":	34.000134,
				"end":	35.000124,
				"seconds":	0.99998998641967773,
				"bytes":	118137360,
				"bits_per_second":	945108343.918315,
				"retransmits":	0,
				"omitted":	false,
				"sender":	true
			}
		}, {
			"streams":	[{
					"socket":	6,
					"start":	35.000124,
					"end":	36.000103,
					"seconds":	0.99997901916503906,
					"bytes":	117751920,
					"bits_per_second":	942035124.68347836,
					"retransmits":	0,
					"snd_cwnd":	217540,
					"rtt":	1689,
					"rttvar":	248,
					"pmtu":	1500,
					"omitted":	false,
					"sender":	true
				}],
			"sum":	{
				"start":	35.000124,
				"end":	36.000103,
				"seconds":	0.99997901916503906,
				"bytes":	117751920,
				"bits_per_second":	942035124.68347836,
				"retransmits":	0,
				"omitted":	false,
				"sender":	true
			}
		}, {
			"streams":	[{
					"socket":	6,
					"start":	36.000103,
					"end":	37.00013,
					"seconds":	1.0000269412994385,
					"bytes":	117302240,
					"bits_per_second":	938392638.48293579,
					"retransmits":	0,
					"snd_cwnd":	217540,
					"rtt":	1658,
					"rttvar":	150,
					"pmtu":	1500,
					"omitted":	false,
					"sender":	true
				}],
			"sum":	{
				"start":	36.000103,
				"end":	37.00013,
				"seconds":	1.0000269412994385,
				"bytes":	117302240,
				"bits_per_second":	938392638.48293579,
				"retransmits":	0,
				"omitted":	false,
				"sender":	true
			}
		}, {
			"streams":	[{
					"socket":	6,
					"start":	37.00013,
					"end":	38.000136,
					"seconds":	1.0000059604644775,
					"bytes":	118137360,
					"bits_per_second":	945093246.80527449,
					"retransmits":	0,
					"snd_cwnd":	217540,
					"rtt":	1756,
					"rttvar":	266,
					"pmtu":	1500,
					"omitted":	false,
					"sender":	true
				}],
			"sum":	{
				"start":	37.00013,
				"end":	38.000136,
				"seconds":	1.0000059604644775,
				"bytes":	118137360,
				"bits_per_second":	945093246.80527449,
				"retransmits":	0,
				"omitted":	false,
				"sender":	true
			}
		}, {
			"streams":	[{
					"socket":	6,
					"start":	38.000136,
					"end":	39.000128,
					"seconds":	0.9999920129776001,
					"bytes":	117687680,
					"bits_per_second":	941508959.853152,
					"retransmits":	0,
					"snd_cwnd":	217540,
					"rtt":	1630,
					"rttvar":	190,
					"pmtu":	1500,
					"omitted":	false,
					"sender":	true
				}],
			"sum":	{
				"start":	38.000136,
				"end":	39.000128,
				"seconds":	0.9999920129776001,
				"bytes":	117687680,
				"bits_per_second":	941508959.853152,
				"retransmits":	0,
				"omitted":	false,
				"sender":	true
			}
		}, {
			"streams":	[{
					"socket":	6,
					"start":	39.000128,
					"end":	40.000147,
					"seconds":	1.0000189542770386,
					"bytes":	117559200,
					"bits_per_second":	940455774.34071064,
					"retransmits":	0,
					"snd_cwnd":	217540,
					"rtt":	1710,
					"rttvar":	279,
					"pmtu":	1500,
					"omitted":	false,
					"sender":	true
				}],
			"sum":	{
				"start":	39.000128,
				"end":	40.000147,
				"seconds":	1.0000189542770386,
				"bytes":	117559200,
				"bits_per_second":	940455774.34071064,
				"retransmits":	0,
				"omitted":	false,
				"sender":	true
			}
		}],
	"end":	{
		"streams":	[{
				"sender":	{
					"socket":	6,
					"start":	0,
					"end":	40.000147,
					"seconds":	40.000147,
					"bytes":	4709771660,
					"bits_per_second":	941950870.33055162,
					"retransmits":	0,
					"max_snd_cwnd":	217540,
					"max_rtt":	1774,
					"min_rtt":	1473,
					"mean_rtt":	1666,
					"sender":	true
				},
				"receiver":	{
					"socket":	6,
					"start":	0,
					"end":	40.000147,
					"seconds":	40.000147,
					"bytes":	4709119040,
					"bits_per_second":	941820346.81022549,
					"sender":	true
				}
			}],
		"sum_sent":	{
			"start":	0,
			"end":	40.000147,
			"seconds":	40.000147,
			"bytes":	4709771660,
			"bits_per_second":	941950870.33055162,
			"retransmits":	0,
			"sender":	true
		},
		"sum_received":	{
			"start":	0,
			"end":	40.000147,
			"seconds":	40.000147,
			"bytes":	4709119040,
			"bits_per_second":	941820346.81022549,
			"sender":	true
		},
		"cpu_utilization_percent":	{
			"host_total":	5.433655662378273,
			"host_user":	0.3071622641972977,
			"host_system":	5.126495894907392,
			"remote_total":	9.372183,
			"remote_user":	2.882814,
			"remote_system":	6.489368
		},
		"sender_tcp_congestion":	"cubic"
	}
}
