{
	"start":	{
		"connected":	[{
				"socket":	6,
				"local_host":	"192.168.94.4",
				"local_port":	36310,
				"remote_host":	"192.168.94.100",
				"remote_port":	5201
			}],
		"version":	"iperf 3.7",
		"system_info":	"Linux lab4-nz04 5.11.0-25-generic #27~20.04.1-Ubuntu SMP Tue Jul 13 17:41:23 UTC 2021 x86_64",
		"timestamp":	{
			"time":	"Fri, 08 Oct 2021 20:48:16 GMT",
			"timesecs":	1633726096
		},
		"connecting_to":	{
			"host":	"192.168.94.100",
			"port":	5201
		},
		"cookie":	"smfvyzbyxjjbg7llhhjspbzgpttvtj6chq4a",
		"tcp_mss_default":	1460,
		"sock_bufsize":	0,
		"sndbuf_actual":	16384,
		"rcvbuf_actual":	131072,
		"test_start":	{
			"protocol":	"TCP",
			"num_streams":	1,
			"blksize":	131072,
			"omit":	0,
			"duration":	40,
			"bytes":	0,
			"blocks":	0,
			"reverse":	0,
			"tos":	0
		}
	},
	"intervals":	[{
			"streams":	[{
					"socket":	6,
					"start":	0,
					"end":	1.000108,
					"seconds":	1.000108003616333,
					"bytes":	118722820,
					"bits_per_second":	949679991.12659919,
					"retransmits":	0,
					"snd_cwnd":	213160,
					"rtt":	1719,
					"rttvar":	153,
					"pmtu":	1500,
					"omitted":	false,
					"sender":	true
				}],
			"sum":	{
				"start":	0,
				"end":	1.000108,
				"seconds":	1.000108003616333,
				"bytes":	118722820,
				"bits_per_second":	949679991.12659919,
				"retransmits":	0,
				"omitted":	false,
				"sender":	true
			}
		}, {
			"streams":	[{
					"socket":	6,
					"start":	1.000108,
					"end":	2.000123,
					"seconds":	1.0000150203704834,
					"bytes":	117494960,
					"bits_per_second":	939945561.66942954,
					"retransmits":	0,
					"snd_cwnd":	213160,
					"rtt":	1674,
					"rttvar":	190,
					"pmtu":	1500,
					"omitted":	false,
					"sender":	true
				}],
			"sum":	{
				"start":	1.000108,
				"end":	2.000123,
				"seconds":	1.0000150203704834,
				"bytes":	117494960,
				"bits_per_second":	939945561.66942954,
				"retransmits":	0,
				"omitted":	false,
				"sender":	true
			}
		}, {
			"streams":	[{
					"socket":	6,
					"start":	2.000123,
					"end":	3.000134,
					"seconds":	1.0000109672546387,
					"bytes":	118201600,
					"bits_per_second":	945602429.33737051,
					"retransmits":	0,
					"snd_cwnd":	213160,
					"rtt":	1646,
					"rttvar":	140,
					"pmtu":	1500,
					"omitted":	false,
					"sender":	true
				}],
			"sum":	{
				"start":	2.000123,
				"end":	3.000134,
				"seconds":	1.0000109672546387,
				"bytes":	118201600,
				"bits_per_second":	945602429.33737051,
				"retransmits":	0,
				"omitted":	false,
				"sender":	true
			}
		}, {
			"streams":	[{
					"socket":	6,
					"start":	3.000134,
					"end":	4.00014,
					"seconds":	1.0000059604644775,
					"bytes":	117623440,
					"bits_per_second":	940981911.31074357,
					"retransmits":	0,
					"snd_cwnd":	226300,
					"rtt":	1726,
					"rttvar":	257,
					"pmtu":	1500,
					"omitted":	false,
					"sender":	true
				}],
			"sum":	{
				"start":	3.000134,
				"end":	4.00014,
				"seconds":	1.0000059604644775,
				"bytes":	117623440,
				"bits_per_second":	940981911.31074357,
				"retransmits":	0,
				"omitted":	false,
				"sender":	true
			}
		}, {
			"streams":	[{
					"socket":	6,
					"start":	4.00014,
					"end":	5.000126,
					"seconds":	0.99998599290847778,
					"bytes":	117623440,
					"bits_per_second":	941000700.68293691,
					"retransmits":	0,
					"snd_cwnd":	226300,
					"rtt":	1625,
					"rttvar":	132,
					"pmtu":	1500,
					"omitted":	false,
					"sender":	true
				}],
			"sum":	{
				"start":	4.00014,
				"end":	5.000126,
				"seconds":	0.99998599290847778,
				"bytes":	117623440,
				"bits_per_second":	941000700.68293691,
				"retransmits":	0,
				"omitted":	false,
				"sender":	true
			}
		}, {
			"streams":	[{
					"socket":	6,
					"start":	5.000126,
					"end":	6.000135,
					"seconds":	1.0000089406967163,
					"bytes":	118073120,
					"bits_per_second":	944576514.82785559,
					"retransmits":	0,
					"snd_cwnd":	226300,
					"rtt":	1516,
					"rttvar":	124,
					"pmtu":	1500,
					"omitted":	false,
					"sender":	true
				}],
			"sum":	{
				"start":	5.000126,
				"end":	6.000135,
				"seconds":	1.0000089406967163,
				"bytes":	118073120,
				"bits_per_second":	944576514.82785559,
				"retransmits":	0,
				"omitted":	false,
				"sender":	true
			}
		}, {
			"streams":	[{
					"socket":	6,
					"start":	6.000135,
					"end":	7.000136,
					"seconds":	1.0000009536743164,
					"bytes":	117687680,
					"bits_per_second":	941500542.11511409,
					"retransmits":	0,
					"snd_cwnd":	226300,
					"rtt":	1684,
					"rttvar":	236,
					"pmtu":	1500,
					"omitted":	false,
					"sender":	true
				}],
			"sum":	{
				"start":	6.000135,
				"end":	7.000136,
				"seconds":	1.0000009536743164,
				"bytes":	117687680,
				"bits_per_second":	941500542.11511409,
				"retransmits":	0,
				"omitted":	false,
				"sender":	true
			}
		}, {
			"streams":	[{
					"socket":	6,
					"start":	7.000136,
					"end":	8.00013,
					"seconds":	0.99999397993087769,
					"bytes":	117623440,
					"bits_per_second":	940993184.84401643,
					"retransmits":	0,
					"snd_cwnd":	226300,
					"rtt":	1607,
					"rttvar":	176,
					"pmtu":	1500,
					"omitted":	false,
					"sender":	true
				}],
			"sum":	{
				"start":	7.000136,
				"end":	8.00013,
				"seconds":	0.99999397993087769,
				"bytes":	117623440,
				"bits_per_second":	940993184.84401643,
				"retransmits":	0,
				"omitted":	false,
				"sender":	true
			}
		}, {
			"streams":	[{
					"socket":	6,
					"start":	8.00013,
					"end":	9.000138,
					"seconds":	1.0000079870224,
					"bytes":	117880400,
					"bits_per_second":	943035667.95299613,
					"retransmits":	0,
					"snd_cwnd":	226300,
					"rtt":	1666,
					"rttvar":	159,
					"pmtu":	1500,
					"omitted":	false,
					"sender":	true
				}],
			"sum":	{
				"start":	8.00013,
				"end":	9.000138,
				"seconds":	1.0000079870224,
				"bytes":	117880400,
				"bits_per_second":	943035667.95299613,
				"retransmits":	0,
				"omitted":	false,
				"sender":	true
			}
		}, {
			"streams":	[{
					"socket":	6,
					"start":	9.000138,
					"end":	10.000134,
					"seconds":	0.9999960064888,
					"bytes":	118008880,
					"bits_per_second":	944074810.173328,
					"retransmits":	0,
					"snd_cwnd":	226300,
					"rtt":	1741,
					"rttvar":	274,
					"pmtu":	1500,
					"omitted":	false,
					"sender":	true
				}],
			"sum":	{
				"start":	9.000138,
				"end":	10.000134,
				"seconds":	0.9999960064888,
				"bytes":	118008880,
				"bits_per_second":	944074810.173328,
				"retransmits":	0,
				"omitted":	false,
				"sender":	true
			}
		}, {
			"streams":	[{
					"socket":	6,
					"start":	10.000134,
					"end":	11.000144,
					"seconds":	1.0000100135803223,
					"bytes":	117366480,
					"bits_per_second":	938922438.02475047,
					"retransmits":	0,
					"snd_cwnd":	226300,
					"rtt":	1708,
					"rttvar":	150,
					"pmtu":	1500,
					"omitted":	false,
					"sender":	true
				}],
			"sum":	{
				"start":	10.000134,
				"end":	11.000144,
				"seconds":	1.0000100135803223,
				"bytes":	117366480,
				"bits_per_second":	938922438.02475047,
				"retransmits":	0,
				"omitted":	false,
				"sender":	true
			}
		}, {
			"streams":	[{
					"socket":	6,
					"start":	11.000144,
					"end":	12.00014,
					"seconds":	0.9999960064888,
					"bytes":	117751920,
					"bits_per_second":	942019121.96391416,
					"retransmits":	0,
					"snd_cwnd":	226300,
					"rtt":	1644,
					"rttvar":	115,
					"pmtu":	1500,
					"omitted":	false,
					"sender":	true
				}],
			"sum":	{
				"start":	11.000144,
				"end":	12.00014,
				"seconds":	0.9999960064888,
				"bytes":	117751920,
				"bits_per_second":	942019121.96391416,
				"retransmits":	0,
				"omitted":	false,
				"sender":	true
			}
		}, {
			"streams":	[{
					"socket":	6,
					"start":	12.00014,
					"end":	13.000135,
					"seconds":	0.99999499320983887,
					"bytes":	118008880,
					"bits_per_second":	944075766.78926051,
					"retransmits":	0,
					"snd_cwnd":	226300,
					"rtt":	1643,
					"rttvar":	183,
					"pmtu":	1500,
					"omitted":	false,
					"sender":	true
				}],
			"sum":	{
				"start":	12.00014,
				"end":	13.000135,
				"seconds":	0.99999499320983887,
				"bytes":	118008880,
				"bits_per_second":	944075766.78926051,
				"retransmits":	0,
				"omitted":	false,
				"sender":	true
			}
		}, {
			"streams":	[{
					"socket":	6,
					"start":	13.000135,
					"end":	14.000037,
					"seconds":	0.99990200996398926,
					"bytes":	117944640,
					"bits_per_second":	943649588.2571348,
					"retransmits":	0,
					"snd_cwnd":	226300,
					"rtt":	1589,
					"rttvar":	199,
					"pmtu":	1500,
					"omitted":	false,
					"sender":	true
				}],
			"sum":	{
				"start":	13.000135,
				"end":	14.000037,
				"seconds":	0.99990200996398926,
				"bytes":	117944640,
				"bits_per_second":	943649588.2571348,
				"retransmits":	0,
				"omitted":	false,
				"sender":	true
			}
		}, {
			"streams":	[{
					"socket":	6,
					"start":	14.000037,
					"end":	15.000145,
					"seconds":	1.000108003616333,
					"bytes":	117623440,
					"bits_per_second":	940885900.92014384,
					"retransmits":	0,
					"snd_cwnd":	226300,
					"rtt":	1641,
					"rttvar":	130,
					"pmtu":	1500,
					"omitted":	false,
					"sender":	true
				}],
			"sum":	{
				"start":	14.000037,
				"end":	15.000145,
				"seconds":	1.000108003616333,
				"bytes":	117623440,
				"bits_per_second":	940885900.92014384,
				"retransmits":	0,
				"omitted":	false,
				"sender":	true
			}
		}, {
			"streams":	[{
					"socket":	6,
					"start":	15.000145,
					"end":	16.000152,
					"seconds":	1.0000070333480835,
					"bytes":	117559200,
					"bits_per_second":	940466985.36833084,
					"retransmits":	0,
					"snd_cwnd":	226300,
					"rtt":	1635,
					"rttvar":	117,
					"pmtu":	1500,
					"omitted":	false,
					"sender":	true
				}],
			"sum":	{
				"start":	15.000145,
				"end":	16.000152,
				"seconds":	1.0000070333480835,
				"bytes":	117559200,
				"bits_per_second":	940466985.36833084,
				"retransmits":	0,
				"omitted":	false,
				"sender":	true
			}
		}, {
			"streams":	[{
					"socket":	6,
					"start":	16.000152,
					"end":	17.000136,
					"seconds":	0.9999840259552002,
					"bytes":	117687680,
					"bits_per_second":	941516479.82642853,
					"retransmits":	0,
					"snd_cwnd":	226300,
					"rtt":	1714,
					"rttvar":	247,
					"pmtu":	1500,
					"omitted":	false,
					"sender":	true
				}],
			"sum":	{
				"start":	16.000152,
				"end":	17.000136,
				"seconds":	0.9999840259552002,
				"bytes":	117687680,
				"bits_per_second":	941516479.82642853,
				"retransmits":	0,
				"omitted":	false,
				"sender":	true
			}
		}, {
			"streams":	[{
					"socket":	6,
					"start":	17.000136,
					"end":	18.000141,
					"seconds":	1.0000050067901611,
					"bytes":	118008880,
					"bits_per_second":	944066313.2580713,
					"retransmits":	0,
					"snd_cwnd":	226300,
					"rtt":	1693,
					"rttvar":	147,
					"pmtu":	1500,
					"omitted":	false,
					"sender":	true
				}],
			"sum":	{
				"start":	17.000136,
				"end":	18.000141,
				"seconds":	1.0000050067901611,
				"bytes":	118008880,
				"bits_per_second":	944066313.2580713,
				"retransmits":	0,
				"omitted":	false,
				"sender":	true
			}
		}, {
			"streams":	[{
					"socket":	6,
					"start":	18.000141,
					"end":	19.000121,
					"seconds":	0.99997997283935547,
					"bytes":	117944640,
					"bits_per_second":	943576017.14847577,
					"retransmits":	0,
					"snd_cwnd":	226300,
					"rtt":	1547,
					"rttvar":	193,
					"pmtu":	1500,
					"omitted":	false,
					"sender":	true
				}],
			"sum":	{
				"start":	18.000141,
				"end":	19.000121,
				"seconds":	0.99997997283935547,
				"bytes":	117944640,
				"bits_per_second":	943576017.14847577,
				"retransmits":	0,
				"omitted":	false,
				"sender":	true
			}
		}, {
			"streams":	[{
					"socket":	6,
					"start":	19.000121,
					"end":	20.000245,
					"seconds":	1.0001239776611328,
					"bytes":	117751920,
					"bits_per_second":	941898585.616331,
					"retransmits":	0,
					"snd_cwnd":	226300,
					"rtt":	1669,
					"rttvar":	208,
					"pmtu":	1500,
					"omitted":	false,
					"sender":	true
				}],
			"sum":	{
				"start":	19.000121,
				"end":	20.000245,
				"seconds":	1.0001239776611328,
				"bytes":	117751920,
				"bits_per_second":	941898585.616331,
				"retransmits":	0,
				"omitted":	false,
				"sender":	true
			}
		}, {
			"streams":	[{
					"socket":	6,
					"start":	20.000245,
					"end":	21.000273,
					"seconds":	1.0000280141830444,
					"bytes":	117816160,
					"bits_per_second":	942502876.55189633,
					"retransmits":	0,
					"snd_cwnd":	226300,
					"rtt":	1649,
					"rttvar":	151,
					"pmtu":	1500,
					"omitted":	false,
					"sender":	true
				}],
			"sum":	{
				"start":	20.000245,
				"end":	21.000273,
				"seconds":	1.0000280141830444,
				"bytes":	117816160,
				"bits_per_second":	942502876.55189633,
				"retransmits":	0,
				"omitted":	false,
				"sender":	true
			}
		}, {
			"streams":	[{
					"socket":	6,
					"start":	21.000273,
					"end":	22.000133,
					"seconds":	0.99985998868942261,
					"bytes":	117494960,
					"bits_per_second":	940091303.41545355,
					"retransmits":	0,
					"snd_cwnd":	226300,
					"rtt":	1672,
					"rttvar":	208,
					"pmtu":	1500,
					"omitted":	false,
					"sender":	true
				}],
			"sum":	{
				"start":	21.000273,
				"end":	22.000133,
				"seconds":	0.99985998868942261,
				"bytes":	117494960,
				"bits_per_second":	940091303.41545355,
				"retransmits":	0,
				"omitted":	false,
				"sender":	true
			}
		}, {
			"streams":	[{
					"socket":	6,
					"start":	22.000133,
					"end":	23.000144,
					"seconds":	1.0000109672546387,
					"bytes":	117880400,
					"bits_per_second":	943032857.51851892,
					"retransmits":	0,
					"snd_cwnd":	226300,
					"rtt":	1677,
					"rttvar":	173,
					"pmtu":	1500,
					"omitted":	false,
					"sender":	true
				}],
			"sum":	{
				"start":	22.000133,
				"end":	23.000144,
				"seconds":	1.0000109672546387,
				"bytes":	117880400,
				"bits_per_second":	943032857.51851892,
				"retransmits":	0,
				"omitted":	false,
				"sender":	true
			}
		}, {
			"streams":	[{
					"socket":	6,
					"start":	23.000144,
					"end":	24.000126,
					"seconds":	0.99998199939727783,
					"bytes":	117623440,
					"bits_per_second":	941004458.64741993,
					"retransmits":	0,
					"snd_cwnd":	226300,
					"rtt":	1791,
					"rttvar":	207,
					"pmtu":	1500,
					"omitted":	false,
					"sender":	true
				}],
			"sum":	{
				"start":	23.000144,
				"end":	24.000126,
				"seconds":	0.99998199939727783,
				"bytes":	117623440,
				"bits_per_second":	941004458.64741993,
				"retransmits":	0,
				"omitted":	false,
				"sender":	true
			}
		}, {
			"streams":	[{
					"socket":	6,
					"start":	24.000126,
					"end":	25.000136,
					"seconds":	1.0000100135803223,
					"bytes":	117559200,
					"bits_per_second":	940464182.58636749,
					"retransmits":	0,
					"snd_cwnd":	226300,
					"rtt":	1611,
					"rttvar":	103,
					"pmtu":	1500,
					"omitted":	false,
					"sender":	true
				}],
			"sum":	{
				"start":	24.000126,
				"end":	25.000136,
				"seconds":	1.0000100135803223,
				"bytes":	117559200,
				"bits_per_second":	940464182.58636749,
				"retransmits":	0,
				"omitted":	false,
				"sender":	true
			}
		}, {
			"streams":	[{
					"socket":	6,
					"start":	25.000136,
					"end":	26.000137,
					"seconds":	1.0000009536743164,
					"bytes":	117816160,
					"bits_per_second":	942528381.13489044,
					"retransmits":	0,
					"snd_cwnd":	226300,
					"rtt":	1629,
					"rttvar":	141,
					"pmtu":	1500,
					"omitted":	false,
					"sender":	true
				}],
			"sum":	{
				"start":	25.000136,
				"end":	26.000137,
				"seconds":	1.0000009536743164,
				"bytes":	117816160,
				"bits_per_second":	942528381.13489044,
				"retransmits":	0,
				"omitted":	false,
				"sender":	true
			}
		}, {
			"streams":	[{
					"socket":	6,
					"start":	26.000137,
					"end":	27.000146,
					"seconds":	1.0000089406967163,
					"bytes":	117944640,
					"bits_per_second":	943548684.01737916,
					"retransmits":	0,
					"snd_cwnd":	226300,
					"rtt":	1736,
					"rttvar":	214,
					"pmtu":	1500,
					"omitted":	false,
					"sender":	true
				}],
			"sum":	{
				"start":	26.000137,
				"end":	27.000146,
				"seconds":	1.0000089406967163,
				"bytes":	117944640,
				"bits_per_second":	943548684.01737916,
				"retransmits":	0,
				"omitted":	false,
				"sender":	true
			}
		}, {
			"streams":	[{
					"socket":	6,
					"start":	27.000146,
					"end":	28.000124,
					"seconds":	0.99997800588607788,
					"bytes":	117687680,
					"bits_per_second":	941522147.94538212,
					"retransmits":	0,
					"snd_cwnd":	226300,
					"rtt":	1746,
					"rttvar":	216,
					"pmtu":	1500,
					"omitted":	false,
					"sender":	true
				}],
			"sum":	{
				"start":	27.000146,
				"end":	28.000124,
				"seconds":	0.99997800588607788,
				"bytes":	117687680,
				"bits_per_second":	941522147.94538212,
				"retransmits":	0,
				"omitted":	false,
				"sender":	true
			}
		}, {
			"streams":	[{
					"socket":	6,
					"start":	28.000124,
					"end":	29.000139,
					"seconds":	1.0000150203704834,
					"bytes":	117751920,
					"bits_per_second":	942001210.79281807,
					"retransmits":	0,
					"snd_cwnd":	226300,
					"rtt":	1636,
					"rttvar":	174,
					"pmtu":	1500,
					"omitted":	false,
					"sender":	true
				}],
			"sum":	{
				"start":	28.000124,
				"end":	29.000139,
				"seconds":	1.0000150203704834,
				"bytes":	117751920,
				"bits_per_second":	942001210.79281807,
				"retransmits":	0,
				"omitted":	false,
				"sender":	true
			}
		}, {
			"streams":	[{
					"socket":	6,
					"start":	29.000139,
					"end":	30.000025,
					"seconds":	0.99988597631454468,
					"bytes":	118073120,
					"bits_per_second":	944692677.340693,
					"retransmits":	0,
					"snd_cwnd":	226300,
					"rtt":	1734,
					"rttvar":	204,
					"pmtu":	1500,
					"omitted":	false,
					"sender":	true
				}],
			"sum":	{
				"start":	29.000139,
				"end":	30.000025,
				"seconds":	0.99988597631454468,
				"bytes":	118073120,
				"bits_per_second":	944692677.340693,
				"retransmits":	0,
				"omitted":	false,
				"sender":	true
			}
		}, {
			"streams":	[{
					"socket":	6,
					"start":	30.000025,
					"end":	31.000125,
					"seconds":	1.0001000165939331,
					"bytes":	117687680,
					"bits_per_second":	941407283.64998555,
					"retransmits":	0,
					"snd_cwnd":	226300,
					"rtt":	1662,
					"rttvar":	191,
					"pmtu":	1500,
					"omitted":	false,
					"sender":	true
				}],
			"sum":	{
				"start":	30.000025,
				"end":	31.000125,
				"seconds":	1.0001000165939331,
				"bytes":	117687680,
				"bits_per_second":	941407283.64998555,
				"retransmits":	0,
				"omitted":	false,
				"sender":	true
			}
		}, {
			"streams":	[{
					"socket":	6,
					"start":	31.000125,
					"end":	32.000127,
					"seconds":	1.0000020265579224,
					"bytes":	117494960,
					"bits_per_second":	939957775.12112415,
					"retransmits":	0,
					"snd_cwnd":	226300,
					"rtt":	1600,
					"rttvar":	139,
					"pmtu":	1500,
					"omitted":	false,
					"sender":	true
				}],
			"sum":	{
				"start":	31.000125,
				"end":	32.000127,
				"seconds":	1.0000020265579224,
				"bytes":	117494960,
				"bits_per_second":	939957775.12112415,
				"retransmits":	0,
				"omitted":	false,
				"sender":	true
			}
		}, {
			"streams":	[{
					"socket":	6,
					"start":	32.000127,
					"end":	33.000137,
					"seconds":	1.0000100135803223,
					"bytes":	118073120,
					"bits_per_second":	944575501.41734612,
					"retransmits":	0,
					"snd_cwnd":	226300,
					"rtt":	1710,
					"rttvar":	233,
					"pmtu":	1500,
					"omitted":	false,
					"sender":	true
				}],
			"sum":	{
				"start":	32.000127,
				"end":	33.000137,
				"seconds":	1.0000100135803223,
				"bytes":	118073120,
				"bits_per_second":	944575501.41734612,
				"retransmits":	0,
				"omitted":	false,
				"sender":	true
			}
		}, {
			"streams":	[{
					"socket":	6,
					"start":	33.000137,
					"end":	34.000136,
					"seconds":	0.99999898672103882,
					"bytes":	117751920,
					"bits_per_second":	942016314.52531254,
					"retransmits":	0,
					"snd_cwnd":	226300,
					"rtt":	1682,
					"rttvar":	122,
					"pmtu":	1500,
					"omitted":	false,
					"sender":	true
				}],
			"sum":	{
				"start":	33.000137,
				"end":	34.000136,
				"seconds":	0.99999898672103882,
				"bytes":	117751920,
				"bits_per_second":	942016314.52531254,
				"retransmits":	0,
				"omitted":	false,
				"sender":	true
			}
		}, {
			"streams":	[{
					"socket":	6,
					"start":	34.000136,
					"end":	35.000134,
					"seconds":	0.99999797344207764,
					"bytes":	117494960,
					"bits_per_second":	939961584.88659656,
					"retransmits":	0,
					"snd_cwnd":	226300,
					"rtt":	1675,
					"rttvar":	164,
					"pmtu":	1500,
					"omitted":	false,
					"sender":	true
				}],
			"sum":	{
				"start":	34.000136,
				"end":	35.000134,
				"seconds":	0.99999797344207764,
				"bytes":	117494960,
				"bits_per_second":	939961584.88659656,
				"retransmits":	0,
				"omitted":	false,
				"sender":	true
			}
		}, {
			"streams":	[{
					"socket":	6,
					"start":	35.000134,
					"end":	36.000128,
					"seconds":	0.99999397993087769,
					"bytes":	118008880,
					"bits_per_second":	944076723.40713167,
					"retransmits":	0,
					"snd_cwnd":	226300,
					"rtt":	1676,
					"rttvar":	236,
					"pmtu":	1500,
					"omitted":	false,
					"sender":	true
				}],
			"sum":	{
				"start":	35.000134,
				"end":	36.000128,
				"seconds":	0.99999397993087769,
				"bytes":	118008880,
				"bits_per_second":	944076723.40713167,
				"retransmits":	0,
				"omitted":	false,
				"sender":	true
			}
		}, {
			"streams":	[{
					"socket":	6,
					"start":	36.000128,
					"end":	37.000141,
					"seconds":	1.000012993812561,
					"bytes":	117751920,
					"bits_per_second":	942003119.78802955,
					"retransmits":	0,
					"snd_cwnd":	226300,
					"rtt":	1672,
					"rttvar":	252,
					"pmtu":	1500,
					"omitted":	false,
					"sender":	true
				}],
			"sum":	{
				"start":	36.000128,
				"end":	37.000141,
				"seconds":	1.000012993812561,
				"bytes":	117751920,
				"bits_per_second":	942003119.78802955,
				"retransmits":	0,
				"omitted":	false,
				"sender":	true
			}
		}, {
			"streams":	[{
					"socket":	6,
					"start":	37.000141,
					"end":	38.000286,
					"seconds":	1.0001449584960938,
					"bytes":	117944640,
					"bits_per_second":	943420363.20296586,
					"retransmits":	0,
					"snd_cwnd":	226300,
					"rtt":	1611,
					"rttvar":	176,
					"pmtu":	1500,
					"omitted":	false,
					"sender":	true
				}],
			"sum":	{
				"start":	37.000141,
				"end":	38.000286,
				"seconds":	1.0001449584960938,
				"bytes":	117944640,
				"bits_per_second":	943420363.20296586,
				"retransmits":	0,
				"omitted":	false,
				"sender":	true
			}
		}, {
			"streams":	[{
					"socket":	6,
					"start":	38.000286,
					"end":	39.000125,
					"seconds":	0.99983900785446167,
					"bytes":	117366480,
					"bits_per_second":	939083024.99103189,
					"retransmits":	0,
					"snd_cwnd":	226300,
					"rtt":	1668,
					"rttvar":	242,
					"pmtu":	1500,
					"omitted":	false,
					"sender":	true
				}],
			"sum":	{
				"start":	38.000286,
				"end":	39.000125,
				"seconds":	0.99983900785446167,
				"bytes":	117366480,
				"bits_per_second":	939083024.99103189,
				"retransmits":	0,
				"omitted":	false,
				"sender":	true
			}
		}, {
			"streams":	[{
					"socket":	6,
					"start":	39.000125,
					"end":	40.000146,
					"seconds":	1.0000209808349609,
					"bytes":	117944640,
					"bits_per_second":	943537323.79912984,
					"retransmits":	0,
					"snd_cwnd":	226300,
					"rtt":	1699,
					"rttvar":	176,
					"pmtu":	1500,
					"omitted":	false,
					"sender":	true
				}],
			"sum":	{
				"start":	39.000125,
				"end":	40.000146,
				"seconds":	1.0000209808349609,
				"bytes":	117944640,
				"bits_per_second":	943537323.79912984,
				"retransmits":	0,
				"omitted":	false,
				"sender":	true
			}
		}],
	"end":	{
		"streams":	[{
				"sender":	{
					"socket":	6,
					"start":	0,
					"end":	40.000146,
					"seconds":	40.000146,
					"bytes":	4711754340,
					"bits_per_second":	942347428.4318862,
					"retransmits":	0,
					"max_snd_cwnd":	226300,
					"max_rtt":	1791,
					"min_rtt":	1516,
					"mean_rtt":	1665,
					"sender":	true
				},
				"receiver":	{
					"socket":	6,
					"start":	0,
					"end":	40.000146,
					"seconds":	40.000146,
					"bytes":	4710834540,
					"bits_per_second":	942163469.10333776,
					"sender":	true
				}
			}],
		"sum_sent":	{
			"start":	0,
			"end":	40.000146,
			"seconds":	40.000146,
			"bytes":	4711754340,
			"bits_per_second":	942347428.4318862,
			"retransmits":	0,
			"sender":	true
		},
		"sum_received":	{
			"start":	0,
			"end":	40.000146,
			"seconds":	40.000146,
			"bytes":	4710834540,
			"bits_per_second":	942163469.10333776,
			"sender":	true
		},
		"cpu_utilization_percent":	{
			"host_total":	4.7284946720443086,
			"host_user":	0.29953202988699312,
			"host_system":	4.428965138756884,
			"remote_total":	31.356822,
			"remote_user":	9.136943,
			"remote_system":	22.21988
		},
		"sender_tcp_congestion":	"cubic"
	}
}
